[0.005s] Invoking command in '/home/shiven/colcon_ws/build/orbslam3': CMAKE_PREFIX_PATH=/opt/ros/foxy /usr/bin/cmake --build /home/shiven/colcon_ws/build/orbslam3 -- -j32 -l32
[0.017s] -- Found ament_cmake: 0.9.12 (/opt/ros/foxy/share/ament_cmake/cmake)
[0.028s] -- Using PYTHON_EXECUTABLE: /usr/bin/python3
[0.100s] -- Override CMake install command with custom implementation using symlinks instead of copying resources
[0.103s] -- Found rclcpp: 2.4.3 (/opt/ros/foxy/share/rclcpp/cmake)
[0.119s] -- Using all available rosidl_typesupport_c: rosidl_typesupport_fastrtps_c;rosidl_typesupport_introspection_c
[0.120s] -- Found rosidl_adapter: 1.3.1 (/opt/ros/foxy/share/rosidl_adapter/cmake)
[0.176s] -- Using all available rosidl_typesupport_cpp: rosidl_typesupport_fastrtps_cpp;rosidl_typesupport_introspection_cpp
[0.198s] -- Found rmw_implementation_cmake: 1.0.4 (/opt/ros/foxy/share/rmw_implementation_cmake/cmake)
[0.199s] -- Using RMW implementation 'rmw_fastrtps_cpp' as default
[0.265s] -- Found sensor_msgs: 2.0.5 (/opt/ros/foxy/share/sensor_msgs/cmake)
[0.317s] -- Found cv_bridge: 3.0.7 (/opt/ros/foxy/share/cv_bridge/cmake)
[0.328s] -- Found message_filters: 3.2.7 (/opt/ros/foxy/share/message_filters/cmake)
[0.333s] -- Found rclpy: 1.0.13 (/opt/ros/foxy/share/rclpy/cmake)
[0.362s] CMake Error at /opt/ros/foxy/share/ament_cmake_python/cmake/ament_python_install_package.cmake:46 (message):
[0.362s]   ament_python_install_package() the Python package folder
[0.362s]   '/home/shiven/colcon_ws/src/orbslam3_ros2/orbslam3' doesn't contain an
[0.362s]   '__init__.py' file
[0.362s] Call Stack (most recent call first):
[0.362s]   /opt/ros/foxy/share/ament_cmake_python/cmake/ament_python_install_package.cmake:28 (_ament_cmake_python_install_package)
[0.362s]   CMakeLists.txt:71 (ament_python_install_package)
[0.362s] 
[0.362s] 
[0.363s] -- Configuring incomplete, errors occurred!
[0.363s] See also "/home/shiven/colcon_ws/build/orbslam3/CMakeFiles/CMakeOutput.log".
[0.363s] See also "/home/shiven/colcon_ws/build/orbslam3/CMakeFiles/CMakeError.log".
[0.366s] make: *** [Makefile:518: cmake_check_build_system] Error 1
[0.367s] Invoked command in '/home/shiven/colcon_ws/build/orbslam3' returned '2': CMAKE_PREFIX_PATH=/opt/ros/foxy /usr/bin/cmake --build /home/shiven/colcon_ws/build/orbslam3 -- -j32 -l32
