[0.005s] Invoking command in '/home/shiven/colcon_ws/build/orbslam3': CMAKE_PREFIX_PATH=${CMAKE_PREFIX_PATH}:/opt/ros/foxy /usr/bin/cmake --build /home/shiven/colcon_ws/build/orbslam3 -- -j32 -l32
[0.026s] [35m[1mScanning dependencies of target mono[0m
[0.038s] [ 41%] Built target stereo
[0.038s] [ 50%] Built target rgbd
[0.038s] [ 75%] Built target stereo-inertial
[0.049s] [ 83%] [32mBuilding CXX object CMakeFiles/mono.dir/src/monocular/monocular-slam-node.cpp.o[0m
[1.792s] In file included from [01m[K/home/shiven/ORB_SLAM3/include/Frame.h:30[m[K,
[1.792s]                  from [01m[K/home/shiven/ORB_SLAM3/include/KeyFrame.h:28[m[K,
[1.792s]                  from [01m[K/home/shiven/ORB_SLAM3/include/MapPoint.h:23[m[K,
[1.792s]                  from [01m[K/home/shiven/ORB_SLAM3/include/FrameDrawer.h:24[m[K,
[1.792s]                  from [01m[K/home/shiven/ORB_SLAM3/include/Viewer.h:23[m[K,
[1.792s]                  from [01m[K/home/shiven/ORB_SLAM3/include/Tracking.h:26[m[K,
[1.792s]                  from [01m[K/home/shiven/ORB_SLAM3/include/System.h:31[m[K,
[1.792s]                  from [01m[K/home/shiven/colcon_ws/src/orbslam3_ros2/src/monocular/monocular-slam-node.hpp:9[m[K,
[1.792s]                  from [01m[K/home/shiven/colcon_ws/src/orbslam3_ros2/src/monocular/monocular-slam-node.cpp:1[m[K:
[1.792s] [01m[K/home/shiven/ORB_SLAM3/include/ImuTypes.h:[m[K In member function ‘[01m[Kvoid ORB_SLAM3::IMU::Preintegrated::printMeasurements() const[m[K’:
[1.792s] [01m[K/home/shiven/ORB_SLAM3/include/ImuTypes.h:204:23:[m[K [01;35m[Kwarning: [m[Kcomparison of integer expressions of different signedness: ‘[01m[Kint[m[K’ and ‘[01m[Kstd::vector<ORB_SLAM3::IMU::Preintegrated::integrable>::size_type[m[K’ {aka ‘[01m[Klong unsigned int[m[K’} [[01;35m[K-Wsign-compare[m[K]
[1.792s]   204 |         for(int i=0; [01;35m[Ki<mvMeasurements.size()[m[K; i++){
[1.792s]       |                      [01;35m[K~^~~~~~~~~~~~~~~~~~~~~~[m[K
[1.833s] In file included from [01m[K/home/shiven/ORB_SLAM3/Thirdparty/g2o/g2o/types/types_six_dof_expmap.h:37[m[K,
[1.833s]                  from [01m[K/home/shiven/ORB_SLAM3/include/Converter.h:26[m[K,
[1.834s]                  from [01m[K/home/shiven/ORB_SLAM3/include/Frame.h:33[m[K,
[1.834s]                  from [01m[K/home/shiven/ORB_SLAM3/include/KeyFrame.h:28[m[K,
[1.834s]                  from [01m[K/home/shiven/ORB_SLAM3/include/MapPoint.h:23[m[K,
[1.834s]                  from [01m[K/home/shiven/ORB_SLAM3/include/FrameDrawer.h:24[m[K,
[1.834s]                  from [01m[K/home/shiven/ORB_SLAM3/include/Viewer.h:23[m[K,
[1.834s]                  from [01m[K/home/shiven/ORB_SLAM3/include/Tracking.h:26[m[K,
[1.834s]                  from [01m[K/home/shiven/ORB_SLAM3/include/System.h:31[m[K,
[1.834s]                  from [01m[K/home/shiven/colcon_ws/src/orbslam3_ros2/src/monocular/monocular-slam-node.hpp:9[m[K,
[1.834s]                  from [01m[K/home/shiven/colcon_ws/src/orbslam3_ros2/src/monocular/monocular-slam-node.cpp:1[m[K:
[1.834s] [01m[K/home/shiven/ORB_SLAM3/Thirdparty/g2o/g2o/types/../core/base_vertex.h:[m[K At global scope:
[1.834s] [01m[K/home/shiven/ORB_SLAM3/Thirdparty/g2o/g2o/types/../core/base_vertex.h:62:74:[m[K [01;35m[Kwarning: [m[K‘[01m[KEigen::AlignedBit[m[K’ is deprecated [[01;35m[K-Wdeprecated-declarations[m[K]
[1.834s]    62 | Eigen::Map<Matrix<double, D, D>, Matrix<double,D,D>::Flags & [01;35m[KAlignedBit[m[K ? Aligned : Unaligned >  HessianBlockType;
[1.834s]       |                                                              [01;35m[K^~~~~~~~~~[m[K
[1.834s] 
[1.834s] In file included from [01m[K/usr/local/include/eigen3/Eigen/Core:161[m[K,
[1.834s]                  from [01m[K/usr/local/include/eigen3/Eigen/LU:11[m[K,
[1.834s]                  from [01m[K/home/shiven/ORB_SLAM3/Thirdparty/Sophus/sophus/so2.hpp:12[m[K,
[1.834s]                  from [01m[K/home/shiven/ORB_SLAM3/Thirdparty/Sophus/sophus/se2.hpp:7[m[K,
[1.834s]                  from [01m[K/home/shiven/ORB_SLAM3/Thirdparty/Sophus/sophus/geometry.hpp:7[m[K,
[1.834s]                  from [01m[K/home/shiven/ORB_SLAM3/include/Frame.h:28[m[K,
[1.834s]                  from [01m[K/home/shiven/ORB_SLAM3/include/KeyFrame.h:28[m[K,
[1.834s]                  from [01m[K/home/shiven/ORB_SLAM3/include/MapPoint.h:23[m[K,
[1.834s]                  from [01m[K/home/shiven/ORB_SLAM3/include/FrameDrawer.h:24[m[K,
[1.834s]                  from [01m[K/home/shiven/ORB_SLAM3/include/Viewer.h:23[m[K,
[1.834s]                  from [01m[K/home/shiven/ORB_SLAM3/include/Tracking.h:26[m[K,
[1.834s]                  from [01m[K/home/shiven/ORB_SLAM3/include/System.h:31[m[K,
[1.834s]                  from [01m[K/home/shiven/colcon_ws/src/orbslam3_ros2/src/monocular/monocular-slam-node.hpp:9[m[K,
[1.834s]                  from [01m[K/home/shiven/colcon_ws/src/orbslam3_ros2/src/monocular/monocular-slam-node.cpp:1[m[K:
[1.834s] [01m[K/usr/local/include/eigen3/Eigen/src/Core/util/Constants.h:167:37:[m[K [01;36m[Knote: [m[Kdeclared here
[1.834s]   167 | EIGEN_DEPRECATED const unsigned int [01;36m[KAlignedBit[m[K = 0x80;
[1.834s]       |                                     [01;36m[K^~~~~~~~~~[m[K
[1.844s] In file included from [01m[K/home/shiven/ORB_SLAM3/Thirdparty/g2o/g2o/types/types_six_dof_expmap.h:38[m[K,
[1.844s]                  from [01m[K/home/shiven/ORB_SLAM3/include/Converter.h:26[m[K,
[1.844s]                  from [01m[K/home/shiven/ORB_SLAM3/include/Frame.h:33[m[K,
[1.844s]                  from [01m[K/home/shiven/ORB_SLAM3/include/KeyFrame.h:28[m[K,
[1.844s]                  from [01m[K/home/shiven/ORB_SLAM3/include/MapPoint.h:23[m[K,
[1.844s]                  from [01m[K/home/shiven/ORB_SLAM3/include/FrameDrawer.h:24[m[K,
[1.844s]                  from [01m[K/home/shiven/ORB_SLAM3/include/Viewer.h:23[m[K,
[1.844s]                  from [01m[K/home/shiven/ORB_SLAM3/include/Tracking.h:26[m[K,
[1.844s]                  from [01m[K/home/shiven/ORB_SLAM3/include/System.h:31[m[K,
[1.844s]                  from [01m[K/home/shiven/colcon_ws/src/orbslam3_ros2/src/monocular/monocular-slam-node.hpp:9[m[K,
[1.844s]                  from [01m[K/home/shiven/colcon_ws/src/orbslam3_ros2/src/monocular/monocular-slam-node.cpp:1[m[K:
[1.844s] [01m[K/home/shiven/ORB_SLAM3/Thirdparty/g2o/g2o/types/../core/base_binary_edge.h:59:82:[m[K [01;35m[Kwarning: [m[K‘[01m[KEigen::AlignedBit[m[K’ is deprecated [[01;35m[K-Wdeprecated-declarations[m[K]
[1.844s]    59 | :Map<Matrix<double, Di, Dj>, Matrix<double, Di, Dj>::Flags & [01;35m[KAlignedBit[m[K ? Aligned : Unaligned > HessianBlockType;
[1.844s]       |                                                              [01;35m[K^~~~~~~~~~[m[K
[1.844s] 
[1.844s] In file included from [01m[K/usr/local/include/eigen3/Eigen/Core:161[m[K,
[1.844s]                  from [01m[K/usr/local/include/eigen3/Eigen/LU:11[m[K,
[1.844s]                  from [01m[K/home/shiven/ORB_SLAM3/Thirdparty/Sophus/sophus/so2.hpp:12[m[K,
[1.844s]                  from [01m[K/home/shiven/ORB_SLAM3/Thirdparty/Sophus/sophus/se2.hpp:7[m[K,
[1.844s]                  from [01m[K/home/shiven/ORB_SLAM3/Thirdparty/Sophus/sophus/geometry.hpp:7[m[K,
[1.844s]                  from [01m[K/home/shiven/ORB_SLAM3/include/Frame.h:28[m[K,
[1.844s]                  from [01m[K/home/shiven/ORB_SLAM3/include/KeyFrame.h:28[m[K,
[1.844s]                  from [01m[K/home/shiven/ORB_SLAM3/include/MapPoint.h:23[m[K,
[1.844s]                  from [01m[K/home/shiven/ORB_SLAM3/include/FrameDrawer.h:24[m[K,
[1.844s]                  from [01m[K/home/shiven/ORB_SLAM3/include/Viewer.h:23[m[K,
[1.845s]                  from [01m[K/home/shiven/ORB_SLAM3/include/Tracking.h:26[m[K,
[1.845s]                  from [01m[K/home/shiven/ORB_SLAM3/include/System.h:31[m[K,
[1.845s]                  from [01m[K/home/shiven/colcon_ws/src/orbslam3_ros2/src/monocular/monocular-slam-node.hpp:9[m[K,
[1.845s]                  from [01m[K/home/shiven/colcon_ws/src/orbslam3_ros2/src/monocular/monocular-slam-node.cpp:1[m[K:
[1.845s] [01m[K/usr/local/include/eigen3/Eigen/src/Core/util/Constants.h:167:37:[m[K [01;36m[Knote: [m[Kdeclared here
[1.845s]   167 | EIGEN_DEPRECATED const unsigned int [01;36m[KAlignedBit[m[K = 0x80;
[1.845s]       |                                     [01;36m[K^~~~~~~~~~[m[K
[1.845s] In file included from [01m[K/home/shiven/ORB_SLAM3/Thirdparty/g2o/g2o/types/types_six_dof_expmap.h:38[m[K,
[1.845s]                  from [01m[K/home/shiven/ORB_SLAM3/include/Converter.h:26[m[K,
[1.845s]                  from [01m[K/home/shiven/ORB_SLAM3/include/Frame.h:33[m[K,
[1.845s]                  from [01m[K/home/shiven/ORB_SLAM3/include/KeyFrame.h:28[m[K,
[1.845s]                  from [01m[K/home/shiven/ORB_SLAM3/include/MapPoint.h:23[m[K,
[1.845s]                  from [01m[K/home/shiven/ORB_SLAM3/include/FrameDrawer.h:24[m[K,
[1.845s]                  from [01m[K/home/shiven/ORB_SLAM3/include/Viewer.h:23[m[K,
[1.845s]                  from [01m[K/home/shiven/ORB_SLAM3/include/Tracking.h:26[m[K,
[1.845s]                  from [01m[K/home/shiven/ORB_SLAM3/include/System.h:31[m[K,
[1.845s]                  from [01m[K/home/shiven/colcon_ws/src/orbslam3_ros2/src/monocular/monocular-slam-node.hpp:9[m[K,
[1.845s]                  from [01m[K/home/shiven/colcon_ws/src/orbslam3_ros2/src/monocular/monocular-slam-node.cpp:1[m[K:
[1.845s] [01m[K/home/shiven/ORB_SLAM3/Thirdparty/g2o/g2o/types/../core/base_binary_edge.h:60:82:[m[K [01;35m[Kwarning: [m[K‘[01m[KEigen::AlignedBit[m[K’ is deprecated [[01;35m[K-Wdeprecated-declarations[m[K]
[1.845s]    60 | :Map<Matrix<double, Dj, Di>, Matrix<double, Dj, Di>::Flags & [01;35m[KAlignedBit[m[K ? Aligned : Unaligned > HessianBlockTransposedType;
[1.845s]       |                                                              [01;35m[K^~~~~~~~~~[m[K
[1.845s] 
[1.845s] In file included from [01m[K/usr/local/include/eigen3/Eigen/Core:161[m[K,
[1.845s]                  from [01m[K/usr/local/include/eigen3/Eigen/LU:11[m[K,
[1.845s]                  from [01m[K/home/shiven/ORB_SLAM3/Thirdparty/Sophus/sophus/so2.hpp:12[m[K,
[1.845s]                  from [01m[K/home/shiven/ORB_SLAM3/Thirdparty/Sophus/sophus/se2.hpp:7[m[K,
[1.845s]                  from [01m[K/home/shiven/ORB_SLAM3/Thirdparty/Sophus/sophus/geometry.hpp:7[m[K,
[1.845s]                  from [01m[K/home/shiven/ORB_SLAM3/include/Frame.h:28[m[K,
[1.845s]                  from [01m[K/home/shiven/ORB_SLAM3/include/KeyFrame.h:28[m[K,
[1.845s]                  from [01m[K/home/shiven/ORB_SLAM3/include/MapPoint.h:23[m[K,
[1.845s]                  from [01m[K/home/shiven/ORB_SLAM3/include/FrameDrawer.h:24[m[K,
[1.845s]                  from [01m[K/home/shiven/ORB_SLAM3/include/Viewer.h:23[m[K,
[1.845s]                  from [01m[K/home/shiven/ORB_SLAM3/include/Tracking.h:26[m[K,
[1.845s]                  from [01m[K/home/shiven/ORB_SLAM3/include/System.h:31[m[K,
[1.845s]                  from [01m[K/home/shiven/colcon_ws/src/orbslam3_ros2/src/monocular/monocular-slam-node.hpp:9[m[K,
[1.845s]                  from [01m[K/home/shiven/colcon_ws/src/orbslam3_ros2/src/monocular/monocular-slam-node.cpp:1[m[K:
[1.845s] [01m[K/usr/local/include/eigen3/Eigen/src/Core/util/Constants.h:167:37:[m[K [01;36m[Knote: [m[Kdeclared here
[1.845s]   167 | EIGEN_DEPRECATED const unsigned int [01;36m[KAlignedBit[m[K = 0x80;
[1.845s]       |                                     [01;36m[K^~~~~~~~~~[m[K
[1.865s] In file included from [01m[K/home/shiven/ORB_SLAM3/Thirdparty/g2o/g2o/types/types_six_dof_expmap.h:41[m[K,
[1.865s]                  from [01m[K/home/shiven/ORB_SLAM3/include/Converter.h:26[m[K,
[1.865s]                  from [01m[K/home/shiven/ORB_SLAM3/include/Frame.h:33[m[K,
[1.865s]                  from [01m[K/home/shiven/ORB_SLAM3/include/KeyFrame.h:28[m[K,
[1.865s]                  from [01m[K/home/shiven/ORB_SLAM3/include/MapPoint.h:23[m[K,
[1.865s]                  from [01m[K/home/shiven/ORB_SLAM3/include/FrameDrawer.h:24[m[K,
[1.865s]                  from [01m[K/home/shiven/ORB_SLAM3/include/Viewer.h:23[m[K,
[1.865s]                  from [01m[K/home/shiven/ORB_SLAM3/include/Tracking.h:26[m[K,
[1.865s]                  from [01m[K/home/shiven/ORB_SLAM3/include/System.h:31[m[K,
[1.865s]                  from [01m[K/home/shiven/colcon_ws/src/orbslam3_ros2/src/monocular/monocular-slam-node.hpp:9[m[K,
[1.865s]                  from [01m[K/home/shiven/colcon_ws/src/orbslam3_ros2/src/monocular/monocular-slam-node.cpp:1[m[K:
[1.865s] [01m[K/home/shiven/ORB_SLAM3/Thirdparty/g2o/g2o/types/se3quat.h:43:38:[m[K [01;35m[Kwarning: [m[Kextra ‘[01m[K;[m[K’ [[01;35m[K-Wpedantic[m[K]
[1.865s]    43 |       EIGEN_MAKE_ALIGNED_OPERATOR_NEW[01;35m[K;[m[K
[1.865s]       |                                      [01;35m[K^[m[K
[1.865s]       |                                      [31m[K-[m[K
[2.004s] In file included from [01m[K/home/shiven/ORB_SLAM3/Thirdparty/g2o/g2o/types/types_six_dof_expmap.h:37[m[K,
[2.004s]                  from [01m[K/home/shiven/ORB_SLAM3/include/Converter.h:26[m[K,
[2.004s]                  from [01m[K/home/shiven/ORB_SLAM3/include/Frame.h:33[m[K,
[2.004s]                  from [01m[K/home/shiven/ORB_SLAM3/include/KeyFrame.h:28[m[K,
[2.004s]                  from [01m[K/home/shiven/ORB_SLAM3/include/MapPoint.h:23[m[K,
[2.004s]                  from [01m[K/home/shiven/ORB_SLAM3/include/FrameDrawer.h:24[m[K,
[2.004s]                  from [01m[K/home/shiven/ORB_SLAM3/include/Viewer.h:23[m[K,
[2.004s]                  from [01m[K/home/shiven/ORB_SLAM3/include/Tracking.h:26[m[K,
[2.004s]                  from [01m[K/home/shiven/ORB_SLAM3/include/System.h:31[m[K,
[2.004s]                  from [01m[K/home/shiven/colcon_ws/src/orbslam3_ros2/src/monocular/monocular-slam-node.hpp:9[m[K,
[2.004s]                  from [01m[K/home/shiven/colcon_ws/src/orbslam3_ros2/src/monocular/monocular-slam-node.cpp:1[m[K:
[2.004s] /home/shiven/ORB_SLAM3/Thirdparty/g2o/g2o/types/../core/base_vertex.h: In instantiation of ‘[01m[Kclass g2o::BaseVertex<3, Eigen::Matrix<double, 3, 1> >[m[K’:
[2.004s] [01m[K/home/shiven/ORB_SLAM3/Thirdparty/g2o/g2o/types/types_sba.h:40:35:[m[K   required from here
[2.004s] [01m[K/home/shiven/ORB_SLAM3/Thirdparty/g2o/g2o/types/../core/base_vertex.h:62:72:[m[K [01;35m[Kwarning: [m[K‘[01m[KEigen::AlignedBit[m[K’ is deprecated [[01;35m[K-Wdeprecated-declarations[m[K]
[2.004s]    62 | f Eigen::Map<Matrix<double, D, D>, Matrix<double,D,D>::[01;35m[KFlags & AlignedBit[m[K ? Aligned : Unaligned >  HessianBlockType;
[2.004s]       |                                                        [01;35m[K~~~~~~^~~~~~~~~~~~[m[K
[2.004s] 
[2.004s] In file included from [01m[K/usr/local/include/eigen3/Eigen/Core:161[m[K,
[2.004s]                  from [01m[K/usr/local/include/eigen3/Eigen/LU:11[m[K,
[2.004s]                  from [01m[K/home/shiven/ORB_SLAM3/Thirdparty/Sophus/sophus/so2.hpp:12[m[K,
[2.004s]                  from [01m[K/home/shiven/ORB_SLAM3/Thirdparty/Sophus/sophus/se2.hpp:7[m[K,
[2.004s]                  from [01m[K/home/shiven/ORB_SLAM3/Thirdparty/Sophus/sophus/geometry.hpp:7[m[K,
[2.004s]                  from [01m[K/home/shiven/ORB_SLAM3/include/Frame.h:28[m[K,
[2.004s]                  from [01m[K/home/shiven/ORB_SLAM3/include/KeyFrame.h:28[m[K,
[2.005s]                  from [01m[K/home/shiven/ORB_SLAM3/include/MapPoint.h:23[m[K,
[2.005s]                  from [01m[K/home/shiven/ORB_SLAM3/include/FrameDrawer.h:24[m[K,
[2.005s]                  from [01m[K/home/shiven/ORB_SLAM3/include/Viewer.h:23[m[K,
[2.005s]                  from [01m[K/home/shiven/ORB_SLAM3/include/Tracking.h:26[m[K,
[2.005s]                  from [01m[K/home/shiven/ORB_SLAM3/include/System.h:31[m[K,
[2.005s]                  from [01m[K/home/shiven/colcon_ws/src/orbslam3_ros2/src/monocular/monocular-slam-node.hpp:9[m[K,
[2.005s]                  from [01m[K/home/shiven/colcon_ws/src/orbslam3_ros2/src/monocular/monocular-slam-node.cpp:1[m[K:
[2.005s] [01m[K/usr/local/include/eigen3/Eigen/src/Core/util/Constants.h:167:37:[m[K [01;36m[Knote: [m[Kdeclared here
[2.005s]   167 | EIGEN_DEPRECATED const unsigned int [01;36m[KAlignedBit[m[K = 0x80;
[2.005s]       |                                     [01;36m[K^~~~~~~~~~[m[K
[2.017s] In file included from [01m[K/home/shiven/ORB_SLAM3/Thirdparty/g2o/g2o/types/types_six_dof_expmap.h:37[m[K,
[2.017s]                  from [01m[K/home/shiven/ORB_SLAM3/include/Converter.h:26[m[K,
[2.017s]                  from [01m[K/home/shiven/ORB_SLAM3/include/Frame.h:33[m[K,
[2.017s]                  from [01m[K/home/shiven/ORB_SLAM3/include/KeyFrame.h:28[m[K,
[2.017s]                  from [01m[K/home/shiven/ORB_SLAM3/include/MapPoint.h:23[m[K,
[2.017s]                  from [01m[K/home/shiven/ORB_SLAM3/include/FrameDrawer.h:24[m[K,
[2.017s]                  from [01m[K/home/shiven/ORB_SLAM3/include/Viewer.h:23[m[K,
[2.017s]                  from [01m[K/home/shiven/ORB_SLAM3/include/Tracking.h:26[m[K,
[2.017s]                  from [01m[K/home/shiven/ORB_SLAM3/include/System.h:31[m[K,
[2.017s]                  from [01m[K/home/shiven/colcon_ws/src/orbslam3_ros2/src/monocular/monocular-slam-node.hpp:9[m[K,
[2.017s]                  from [01m[K/home/shiven/colcon_ws/src/orbslam3_ros2/src/monocular/monocular-slam-node.cpp:1[m[K:
[2.017s] /home/shiven/ORB_SLAM3/Thirdparty/g2o/g2o/types/../core/base_vertex.h: In instantiation of ‘[01m[Kclass g2o::BaseVertex<6, g2o::SE3Quat>[m[K’:
[2.017s] [01m[K/home/shiven/ORB_SLAM3/Thirdparty/g2o/g2o/types/types_six_dof_expmap.h:59:33:[m[K   required from here
[2.018s] [01m[K/home/shiven/ORB_SLAM3/Thirdparty/g2o/g2o/types/../core/base_vertex.h:62:72:[m[K [01;35m[Kwarning: [m[K‘[01m[KEigen::AlignedBit[m[K’ is deprecated [[01;35m[K-Wdeprecated-declarations[m[K]
[2.018s]    62 | f Eigen::Map<Matrix<double, D, D>, Matrix<double,D,D>::[01;35m[KFlags & AlignedBit[m[K ? Aligned : Unaligned >  HessianBlockType;
[2.018s]       |                                                        [01;35m[K~~~~~~^~~~~~~~~~~~[m[K
[2.018s] 
[2.018s] In file included from [01m[K/usr/local/include/eigen3/Eigen/Core:161[m[K,
[2.018s]                  from [01m[K/usr/local/include/eigen3/Eigen/LU:11[m[K,
[2.018s]                  from [01m[K/home/shiven/ORB_SLAM3/Thirdparty/Sophus/sophus/so2.hpp:12[m[K,
[2.018s]                  from [01m[K/home/shiven/ORB_SLAM3/Thirdparty/Sophus/sophus/se2.hpp:7[m[K,
[2.018s]                  from [01m[K/home/shiven/ORB_SLAM3/Thirdparty/Sophus/sophus/geometry.hpp:7[m[K,
[2.018s]                  from [01m[K/home/shiven/ORB_SLAM3/include/Frame.h:28[m[K,
[2.018s]                  from [01m[K/home/shiven/ORB_SLAM3/include/KeyFrame.h:28[m[K,
[2.018s]                  from [01m[K/home/shiven/ORB_SLAM3/include/MapPoint.h:23[m[K,
[2.018s]                  from [01m[K/home/shiven/ORB_SLAM3/include/FrameDrawer.h:24[m[K,
[2.018s]                  from [01m[K/home/shiven/ORB_SLAM3/include/Viewer.h:23[m[K,
[2.018s]                  from [01m[K/home/shiven/ORB_SLAM3/include/Tracking.h:26[m[K,
[2.018s]                  from [01m[K/home/shiven/ORB_SLAM3/include/System.h:31[m[K,
[2.018s]                  from [01m[K/home/shiven/colcon_ws/src/orbslam3_ros2/src/monocular/monocular-slam-node.hpp:9[m[K,
[2.018s]                  from [01m[K/home/shiven/colcon_ws/src/orbslam3_ros2/src/monocular/monocular-slam-node.cpp:1[m[K:
[2.018s] [01m[K/usr/local/include/eigen3/Eigen/src/Core/util/Constants.h:167:37:[m[K [01;36m[Knote: [m[Kdeclared here
[2.018s]   167 | EIGEN_DEPRECATED const unsigned int [01;36m[KAlignedBit[m[K = 0x80;
[2.018s]       |                                     [01;36m[K^~~~~~~~~~[m[K
[2.032s] In file included from [01m[K/home/shiven/ORB_SLAM3/Thirdparty/g2o/g2o/types/types_six_dof_expmap.h:38[m[K,
[2.032s]                  from [01m[K/home/shiven/ORB_SLAM3/include/Converter.h:26[m[K,
[2.032s]                  from [01m[K/home/shiven/ORB_SLAM3/include/Frame.h:33[m[K,
[2.032s]                  from [01m[K/home/shiven/ORB_SLAM3/include/KeyFrame.h:28[m[K,
[2.032s]                  from [01m[K/home/shiven/ORB_SLAM3/include/MapPoint.h:23[m[K,
[2.032s]                  from [01m[K/home/shiven/ORB_SLAM3/include/FrameDrawer.h:24[m[K,
[2.032s]                  from [01m[K/home/shiven/ORB_SLAM3/include/Viewer.h:23[m[K,
[2.032s]                  from [01m[K/home/shiven/ORB_SLAM3/include/Tracking.h:26[m[K,
[2.032s]                  from [01m[K/home/shiven/ORB_SLAM3/include/System.h:31[m[K,
[2.032s]                  from [01m[K/home/shiven/colcon_ws/src/orbslam3_ros2/src/monocular/monocular-slam-node.hpp:9[m[K,
[2.032s]                  from [01m[K/home/shiven/colcon_ws/src/orbslam3_ros2/src/monocular/monocular-slam-node.cpp:1[m[K:
[2.032s] /home/shiven/ORB_SLAM3/Thirdparty/g2o/g2o/types/../core/base_binary_edge.h: In instantiation of ‘[01m[Kclass g2o::BaseBinaryEdge<6, g2o::SE3Quat, g2o::VertexSE3Expmap, g2o::VertexSE3Expmap>[m[K’:
[2.032s] [01m[K/home/shiven/ORB_SLAM3/Thirdparty/g2o/g2o/types/types_six_dof_expmap.h:83:24:[m[K   required from here
[2.032s] [01m[K/home/shiven/ORB_SLAM3/Thirdparty/g2o/g2o/types/../core/base_binary_edge.h:59:80:[m[K [01;35m[Kwarning: [m[K‘[01m[KEigen::AlignedBit[m[K’ is deprecated [[01;35m[K-Wdeprecated-declarations[m[K]
[2.032s]    59 | n::Map<Matrix<double, Di, Dj>, Matrix<double, Di, Dj>::[01;35m[KFlags & AlignedBit[m[K ? Aligned : Unaligned > HessianBlockType;
[2.032s]       |                                                        [01;35m[K~~~~~~^~~~~~~~~~~~[m[K
[2.032s] 
[2.032s] In file included from [01m[K/usr/local/include/eigen3/Eigen/Core:161[m[K,
[2.032s]                  from [01m[K/usr/local/include/eigen3/Eigen/LU:11[m[K,
[2.032s]                  from [01m[K/home/shiven/ORB_SLAM3/Thirdparty/Sophus/sophus/so2.hpp:12[m[K,
[2.032s]                  from [01m[K/home/shiven/ORB_SLAM3/Thirdparty/Sophus/sophus/se2.hpp:7[m[K,
[2.032s]                  from [01m[K/home/shiven/ORB_SLAM3/Thirdparty/Sophus/sophus/geometry.hpp:7[m[K,
[2.032s]                  from [01m[K/home/shiven/ORB_SLAM3/include/Frame.h:28[m[K,
[2.032s]                  from [01m[K/home/shiven/ORB_SLAM3/include/KeyFrame.h:28[m[K,
[2.032s]                  from [01m[K/home/shiven/ORB_SLAM3/include/MapPoint.h:23[m[K,
[2.032s]                  from [01m[K/home/shiven/ORB_SLAM3/include/FrameDrawer.h:24[m[K,
[2.032s]                  from [01m[K/home/shiven/ORB_SLAM3/include/Viewer.h:23[m[K,
[2.032s]                  from [01m[K/home/shiven/ORB_SLAM3/include/Tracking.h:26[m[K,
[2.032s]                  from [01m[K/home/shiven/ORB_SLAM3/include/System.h:31[m[K,
[2.032s]                  from [01m[K/home/shiven/colcon_ws/src/orbslam3_ros2/src/monocular/monocular-slam-node.hpp:9[m[K,
[2.032s]                  from [01m[K/home/shiven/colcon_ws/src/orbslam3_ros2/src/monocular/monocular-slam-node.cpp:1[m[K:
[2.032s] [01m[K/usr/local/include/eigen3/Eigen/src/Core/util/Constants.h:167:37:[m[K [01;36m[Knote: [m[Kdeclared here
[2.032s]   167 | EIGEN_DEPRECATED const unsigned int [01;36m[KAlignedBit[m[K = 0x80;
[2.032s]       |                                     [01;36m[K^~~~~~~~~~[m[K
[2.032s] In file included from [01m[K/home/shiven/ORB_SLAM3/Thirdparty/g2o/g2o/types/types_six_dof_expmap.h:38[m[K,
[2.032s]                  from [01m[K/home/shiven/ORB_SLAM3/include/Converter.h:26[m[K,
[2.032s]                  from [01m[K/home/shiven/ORB_SLAM3/include/Frame.h:33[m[K,
[2.032s]                  from [01m[K/home/shiven/ORB_SLAM3/include/KeyFrame.h:28[m[K,
[2.032s]                  from [01m[K/home/shiven/ORB_SLAM3/include/MapPoint.h:23[m[K,
[2.032s]                  from [01m[K/home/shiven/ORB_SLAM3/include/FrameDrawer.h:24[m[K,
[2.032s]                  from [01m[K/home/shiven/ORB_SLAM3/include/Viewer.h:23[m[K,
[2.032s]                  from [01m[K/home/shiven/ORB_SLAM3/include/Tracking.h:26[m[K,
[2.032s]                  from [01m[K/home/shiven/ORB_SLAM3/include/System.h:31[m[K,
[2.032s]                  from [01m[K/home/shiven/colcon_ws/src/orbslam3_ros2/src/monocular/monocular-slam-node.hpp:9[m[K,
[2.032s]                  from [01m[K/home/shiven/colcon_ws/src/orbslam3_ros2/src/monocular/monocular-slam-node.cpp:1[m[K:
[2.033s] [01m[K/home/shiven/ORB_SLAM3/Thirdparty/g2o/g2o/types/../core/base_binary_edge.h:60:80:[m[K [01;35m[Kwarning: [m[K‘[01m[KEigen::AlignedBit[m[K’ is deprecated [[01;35m[K-Wdeprecated-declarations[m[K]
[2.033s]    60 | n::Map<Matrix<double, Dj, Di>, Matrix<double, Dj, Di>::[01;35m[KFlags & AlignedBit[m[K ? Aligned : Unaligned > HessianBlockTransposedType;
[2.033s]       |                                                        [01;35m[K~~~~~~^~~~~~~~~~~~[m[K
[2.033s] 
[2.033s] In file included from [01m[K/usr/local/include/eigen3/Eigen/Core:161[m[K,
[2.033s]                  from [01m[K/usr/local/include/eigen3/Eigen/LU:11[m[K,
[2.033s]                  from [01m[K/home/shiven/ORB_SLAM3/Thirdparty/Sophus/sophus/so2.hpp:12[m[K,
[2.033s]                  from [01m[K/home/shiven/ORB_SLAM3/Thirdparty/Sophus/sophus/se2.hpp:7[m[K,
[2.033s]                  from [01m[K/home/shiven/ORB_SLAM3/Thirdparty/Sophus/sophus/geometry.hpp:7[m[K,
[2.033s]                  from [01m[K/home/shiven/ORB_SLAM3/include/Frame.h:28[m[K,
[2.033s]                  from [01m[K/home/shiven/ORB_SLAM3/include/KeyFrame.h:28[m[K,
[2.033s]                  from [01m[K/home/shiven/ORB_SLAM3/include/MapPoint.h:23[m[K,
[2.033s]                  from [01m[K/home/shiven/ORB_SLAM3/include/FrameDrawer.h:24[m[K,
[2.033s]                  from [01m[K/home/shiven/ORB_SLAM3/include/Viewer.h:23[m[K,
[2.033s]                  from [01m[K/home/shiven/ORB_SLAM3/include/Tracking.h:26[m[K,
[2.033s]                  from [01m[K/home/shiven/ORB_SLAM3/include/System.h:31[m[K,
[2.033s]                  from [01m[K/home/shiven/colcon_ws/src/orbslam3_ros2/src/monocular/monocular-slam-node.hpp:9[m[K,
[2.033s]                  from [01m[K/home/shiven/colcon_ws/src/orbslam3_ros2/src/monocular/monocular-slam-node.cpp:1[m[K:
[2.033s] [01m[K/usr/local/include/eigen3/Eigen/src/Core/util/Constants.h:167:37:[m[K [01;36m[Knote: [m[Kdeclared here
[2.033s]   167 | EIGEN_DEPRECATED const unsigned int [01;36m[KAlignedBit[m[K = 0x80;
[2.033s]       |                                     [01;36m[K^~~~~~~~~~[m[K
[2.064s] In file included from [01m[K/home/shiven/ORB_SLAM3/Thirdparty/g2o/g2o/types/types_six_dof_expmap.h:38[m[K,
[2.064s]                  from [01m[K/home/shiven/ORB_SLAM3/include/Converter.h:26[m[K,
[2.064s]                  from [01m[K/home/shiven/ORB_SLAM3/include/Frame.h:33[m[K,
[2.064s]                  from [01m[K/home/shiven/ORB_SLAM3/include/KeyFrame.h:28[m[K,
[2.064s]                  from [01m[K/home/shiven/ORB_SLAM3/include/MapPoint.h:23[m[K,
[2.064s]                  from [01m[K/home/shiven/ORB_SLAM3/include/FrameDrawer.h:24[m[K,
[2.064s]                  from [01m[K/home/shiven/ORB_SLAM3/include/Viewer.h:23[m[K,
[2.064s]                  from [01m[K/home/shiven/ORB_SLAM3/include/Tracking.h:26[m[K,
[2.064s]                  from [01m[K/home/shiven/ORB_SLAM3/include/System.h:31[m[K,
[2.064s]                  from [01m[K/home/shiven/colcon_ws/src/orbslam3_ros2/src/monocular/monocular-slam-node.hpp:9[m[K,
[2.064s]                  from [01m[K/home/shiven/colcon_ws/src/orbslam3_ros2/src/monocular/monocular-slam-node.cpp:1[m[K:
[2.064s] /home/shiven/ORB_SLAM3/Thirdparty/g2o/g2o/types/../core/base_binary_edge.h: In instantiation of ‘[01m[Kclass g2o::BaseBinaryEdge<2, Eigen::Matrix<double, 2, 1>, g2o::VertexSBAPointXYZ, g2o::VertexSE3Expmap>[m[K’:
[2.064s] [01m[K/home/shiven/ORB_SLAM3/Thirdparty/g2o/g2o/types/types_six_dof_expmap.h:114:35:[m[K   required from here
[2.064s] [01m[K/home/shiven/ORB_SLAM3/Thirdparty/g2o/g2o/types/../core/base_binary_edge.h:59:80:[m[K [01;35m[Kwarning: [m[K‘[01m[KEigen::AlignedBit[m[K’ is deprecated [[01;35m[K-Wdeprecated-declarations[m[K]
[2.064s]    59 | n::Map<Matrix<double, Di, Dj>, Matrix<double, Di, Dj>::[01;35m[KFlags & AlignedBit[m[K ? Aligned : Unaligned > HessianBlockType;
[2.064s]       |                                                        [01;35m[K~~~~~~^~~~~~~~~~~~[m[K
[2.064s] 
[2.064s] In file included from [01m[K/usr/local/include/eigen3/Eigen/Core:161[m[K,
[2.064s]                  from [01m[K/usr/local/include/eigen3/Eigen/LU:11[m[K,
[2.064s]                  from [01m[K/home/shiven/ORB_SLAM3/Thirdparty/Sophus/sophus/so2.hpp:12[m[K,
[2.064s]                  from [01m[K/home/shiven/ORB_SLAM3/Thirdparty/Sophus/sophus/se2.hpp:7[m[K,
[2.064s]                  from [01m[K/home/shiven/ORB_SLAM3/Thirdparty/Sophus/sophus/geometry.hpp:7[m[K,
[2.064s]                  from [01m[K/home/shiven/ORB_SLAM3/include/Frame.h:28[m[K,
[2.064s]                  from [01m[K/home/shiven/ORB_SLAM3/include/KeyFrame.h:28[m[K,
[2.064s]                  from [01m[K/home/shiven/ORB_SLAM3/include/MapPoint.h:23[m[K,
[2.064s]                  from [01m[K/home/shiven/ORB_SLAM3/include/FrameDrawer.h:24[m[K,
[2.064s]                  from [01m[K/home/shiven/ORB_SLAM3/include/Viewer.h:23[m[K,
[2.064s]                  from [01m[K/home/shiven/ORB_SLAM3/include/Tracking.h:26[m[K,
[2.064s]                  from [01m[K/home/shiven/ORB_SLAM3/include/System.h:31[m[K,
[2.065s]                  from [01m[K/home/shiven/colcon_ws/src/orbslam3_ros2/src/monocular/monocular-slam-node.hpp:9[m[K,
[2.065s]                  from [01m[K/home/shiven/colcon_ws/src/orbslam3_ros2/src/monocular/monocular-slam-node.cpp:1[m[K:
[2.065s] [01m[K/usr/local/include/eigen3/Eigen/src/Core/util/Constants.h:167:37:[m[K [01;36m[Knote: [m[Kdeclared here
[2.065s]   167 | EIGEN_DEPRECATED const unsigned int [01;36m[KAlignedBit[m[K = 0x80;
[2.065s]       |                                     [01;36m[K^~~~~~~~~~[m[K
[2.070s] In file included from [01m[K/home/shiven/ORB_SLAM3/Thirdparty/g2o/g2o/types/types_six_dof_expmap.h:38[m[K,
[2.070s]                  from [01m[K/home/shiven/ORB_SLAM3/include/Converter.h:26[m[K,
[2.070s]                  from [01m[K/home/shiven/ORB_SLAM3/include/Frame.h:33[m[K,
[2.070s]                  from [01m[K/home/shiven/ORB_SLAM3/include/KeyFrame.h:28[m[K,
[2.070s]                  from [01m[K/home/shiven/ORB_SLAM3/include/MapPoint.h:23[m[K,
[2.070s]                  from [01m[K/home/shiven/ORB_SLAM3/include/FrameDrawer.h:24[m[K,
[2.070s]                  from [01m[K/home/shiven/ORB_SLAM3/include/Viewer.h:23[m[K,
[2.070s]                  from [01m[K/home/shiven/ORB_SLAM3/include/Tracking.h:26[m[K,
[2.070s]                  from [01m[K/home/shiven/ORB_SLAM3/include/System.h:31[m[K,
[2.070s]                  from [01m[K/home/shiven/colcon_ws/src/orbslam3_ros2/src/monocular/monocular-slam-node.hpp:9[m[K,
[2.070s]                  from [01m[K/home/shiven/colcon_ws/src/orbslam3_ros2/src/monocular/monocular-slam-node.cpp:1[m[K:
[2.070s] [01m[K/home/shiven/ORB_SLAM3/Thirdparty/g2o/g2o/types/../core/base_binary_edge.h:60:80:[m[K [01;35m[Kwarning: [m[K‘[01m[KEigen::AlignedBit[m[K’ is deprecated [[01;35m[K-Wdeprecated-declarations[m[K]
[2.070s]    60 | n::Map<Matrix<double, Dj, Di>, Matrix<double, Dj, Di>::[01;35m[KFlags & AlignedBit[m[K ? Aligned : Unaligned > HessianBlockTransposedType;
[2.071s]       |                                                        [01;35m[K~~~~~~^~~~~~~~~~~~[m[K
[2.071s] 
[2.071s] In file included from [01m[K/usr/local/include/eigen3/Eigen/Core:161[m[K,
[2.071s]                  from [01m[K/usr/local/include/eigen3/Eigen/LU:11[m[K,
[2.071s]                  from [01m[K/home/shiven/ORB_SLAM3/Thirdparty/Sophus/sophus/so2.hpp:12[m[K,
[2.071s]                  from [01m[K/home/shiven/ORB_SLAM3/Thirdparty/Sophus/sophus/se2.hpp:7[m[K,
[2.071s]                  from [01m[K/home/shiven/ORB_SLAM3/Thirdparty/Sophus/sophus/geometry.hpp:7[m[K,
[2.071s]                  from [01m[K/home/shiven/ORB_SLAM3/include/Frame.h:28[m[K,
[2.071s]                  from [01m[K/home/shiven/ORB_SLAM3/include/KeyFrame.h:28[m[K,
[2.071s]                  from [01m[K/home/shiven/ORB_SLAM3/include/MapPoint.h:23[m[K,
[2.071s]                  from [01m[K/home/shiven/ORB_SLAM3/include/FrameDrawer.h:24[m[K,
[2.071s]                  from [01m[K/home/shiven/ORB_SLAM3/include/Viewer.h:23[m[K,
[2.071s]                  from [01m[K/home/shiven/ORB_SLAM3/include/Tracking.h:26[m[K,
[2.071s]                  from [01m[K/home/shiven/ORB_SLAM3/include/System.h:31[m[K,
[2.071s]                  from [01m[K/home/shiven/colcon_ws/src/orbslam3_ros2/src/monocular/monocular-slam-node.hpp:9[m[K,
[2.071s]                  from [01m[K/home/shiven/colcon_ws/src/orbslam3_ros2/src/monocular/monocular-slam-node.cpp:1[m[K:
[2.071s] [01m[K/usr/local/include/eigen3/Eigen/src/Core/util/Constants.h:167:37:[m[K [01;36m[Knote: [m[Kdeclared here
[2.071s]   167 | EIGEN_DEPRECATED const unsigned int [01;36m[KAlignedBit[m[K = 0x80;
[2.071s]       |                                     [01;36m[K^~~~~~~~~~[m[K
[2.115s] In file included from [01m[K/home/shiven/ORB_SLAM3/Thirdparty/g2o/g2o/types/types_six_dof_expmap.h:38[m[K,
[2.115s]                  from [01m[K/home/shiven/ORB_SLAM3/include/Converter.h:26[m[K,
[2.115s]                  from [01m[K/home/shiven/ORB_SLAM3/include/Frame.h:33[m[K,
[2.115s]                  from [01m[K/home/shiven/ORB_SLAM3/include/KeyFrame.h:28[m[K,
[2.115s]                  from [01m[K/home/shiven/ORB_SLAM3/include/MapPoint.h:23[m[K,
[2.115s]                  from [01m[K/home/shiven/ORB_SLAM3/include/FrameDrawer.h:24[m[K,
[2.115s]                  from [01m[K/home/shiven/ORB_SLAM3/include/Viewer.h:23[m[K,
[2.115s]                  from [01m[K/home/shiven/ORB_SLAM3/include/Tracking.h:26[m[K,
[2.115s]                  from [01m[K/home/shiven/ORB_SLAM3/include/System.h:31[m[K,
[2.115s]                  from [01m[K/home/shiven/colcon_ws/src/orbslam3_ros2/src/monocular/monocular-slam-node.hpp:9[m[K,
[2.115s]                  from [01m[K/home/shiven/colcon_ws/src/orbslam3_ros2/src/monocular/monocular-slam-node.cpp:1[m[K:
[2.115s] /home/shiven/ORB_SLAM3/Thirdparty/g2o/g2o/types/../core/base_binary_edge.h: In instantiation of ‘[01m[Kclass g2o::BaseBinaryEdge<3, Eigen::Matrix<double, 3, 1>, g2o::VertexSBAPointXYZ, g2o::VertexSE3Expmap>[m[K’:
[2.115s] [01m[K/home/shiven/ORB_SLAM3/Thirdparty/g2o/g2o/types/types_six_dof_expmap.h:146:41:[m[K   required from here
[2.115s] [01m[K/home/shiven/ORB_SLAM3/Thirdparty/g2o/g2o/types/../core/base_binary_edge.h:59:80:[m[K [01;35m[Kwarning: [m[K‘[01m[KEigen::AlignedBit[m[K’ is deprecated [[01;35m[K-Wdeprecated-declarations[m[K]
[2.115s]    59 | n::Map<Matrix<double, Di, Dj>, Matrix<double, Di, Dj>::[01;35m[KFlags & AlignedBit[m[K ? Aligned : Unaligned > HessianBlockType;
[2.115s]       |                                                        [01;35m[K~~~~~~^~~~~~~~~~~~[m[K
[2.115s] 
[2.115s] In file included from [01m[K/usr/local/include/eigen3/Eigen/Core:161[m[K,
[2.115s]                  from [01m[K/usr/local/include/eigen3/Eigen/LU:11[m[K,
[2.115s]                  from [01m[K/home/shiven/ORB_SLAM3/Thirdparty/Sophus/sophus/so2.hpp:12[m[K,
[2.115s]                  from [01m[K/home/shiven/ORB_SLAM3/Thirdparty/Sophus/sophus/se2.hpp:7[m[K,
[2.115s]                  from [01m[K/home/shiven/ORB_SLAM3/Thirdparty/Sophus/sophus/geometry.hpp:7[m[K,
[2.115s]                  from [01m[K/home/shiven/ORB_SLAM3/include/Frame.h:28[m[K,
[2.115s]                  from [01m[K/home/shiven/ORB_SLAM3/include/KeyFrame.h:28[m[K,
[2.115s]                  from [01m[K/home/shiven/ORB_SLAM3/include/MapPoint.h:23[m[K,
[2.115s]                  from [01m[K/home/shiven/ORB_SLAM3/include/FrameDrawer.h:24[m[K,
[2.115s]                  from [01m[K/home/shiven/ORB_SLAM3/include/Viewer.h:23[m[K,
[2.115s]                  from [01m[K/home/shiven/ORB_SLAM3/include/Tracking.h:26[m[K,
[2.115s]                  from [01m[K/home/shiven/ORB_SLAM3/include/System.h:31[m[K,
[2.115s]                  from [01m[K/home/shiven/colcon_ws/src/orbslam3_ros2/src/monocular/monocular-slam-node.hpp:9[m[K,
[2.115s]                  from [01m[K/home/shiven/colcon_ws/src/orbslam3_ros2/src/monocular/monocular-slam-node.cpp:1[m[K:
[2.115s] [01m[K/usr/local/include/eigen3/Eigen/src/Core/util/Constants.h:167:37:[m[K [01;36m[Knote: [m[Kdeclared here
[2.115s]   167 | EIGEN_DEPRECATED const unsigned int [01;36m[KAlignedBit[m[K = 0x80;
[2.115s]       |                                     [01;36m[K^~~~~~~~~~[m[K
[2.115s] In file included from [01m[K/home/shiven/ORB_SLAM3/Thirdparty/g2o/g2o/types/types_six_dof_expmap.h:38[m[K,
[2.115s]                  from [01m[K/home/shiven/ORB_SLAM3/include/Converter.h:26[m[K,
[2.115s]                  from [01m[K/home/shiven/ORB_SLAM3/include/Frame.h:33[m[K,
[2.115s]                  from [01m[K/home/shiven/ORB_SLAM3/include/KeyFrame.h:28[m[K,
[2.115s]                  from [01m[K/home/shiven/ORB_SLAM3/include/MapPoint.h:23[m[K,
[2.115s]                  from [01m[K/home/shiven/ORB_SLAM3/include/FrameDrawer.h:24[m[K,
[2.115s]                  from [01m[K/home/shiven/ORB_SLAM3/include/Viewer.h:23[m[K,
[2.115s]                  from [01m[K/home/shiven/ORB_SLAM3/include/Tracking.h:26[m[K,
[2.115s]                  from [01m[K/home/shiven/ORB_SLAM3/include/System.h:31[m[K,
[2.115s]                  from [01m[K/home/shiven/colcon_ws/src/orbslam3_ros2/src/monocular/monocular-slam-node.hpp:9[m[K,
[2.115s]                  from [01m[K/home/shiven/colcon_ws/src/orbslam3_ros2/src/monocular/monocular-slam-node.cpp:1[m[K:
[2.116s] [01m[K/home/shiven/ORB_SLAM3/Thirdparty/g2o/g2o/types/../core/base_binary_edge.h:60:80:[m[K [01;35m[Kwarning: [m[K‘[01m[KEigen::AlignedBit[m[K’ is deprecated [[01;35m[K-Wdeprecated-declarations[m[K]
[2.116s]    60 | n::Map<Matrix<double, Dj, Di>, Matrix<double, Dj, Di>::[01;35m[KFlags & AlignedBit[m[K ? Aligned : Unaligned > HessianBlockTransposedType;
[2.116s]       |                                                        [01;35m[K~~~~~~^~~~~~~~~~~~[m[K
[2.116s] 
[2.116s] In file included from [01m[K/usr/local/include/eigen3/Eigen/Core:161[m[K,
[2.116s]                  from [01m[K/usr/local/include/eigen3/Eigen/LU:11[m[K,
[2.116s]                  from [01m[K/home/shiven/ORB_SLAM3/Thirdparty/Sophus/sophus/so2.hpp:12[m[K,
[2.116s]                  from [01m[K/home/shiven/ORB_SLAM3/Thirdparty/Sophus/sophus/se2.hpp:7[m[K,
[2.116s]                  from [01m[K/home/shiven/ORB_SLAM3/Thirdparty/Sophus/sophus/geometry.hpp:7[m[K,
[2.116s]                  from [01m[K/home/shiven/ORB_SLAM3/include/Frame.h:28[m[K,
[2.116s]                  from [01m[K/home/shiven/ORB_SLAM3/include/KeyFrame.h:28[m[K,
[2.116s]                  from [01m[K/home/shiven/ORB_SLAM3/include/MapPoint.h:23[m[K,
[2.116s]                  from [01m[K/home/shiven/ORB_SLAM3/include/FrameDrawer.h:24[m[K,
[2.116s]                  from [01m[K/home/shiven/ORB_SLAM3/include/Viewer.h:23[m[K,
[2.116s]                  from [01m[K/home/shiven/ORB_SLAM3/include/Tracking.h:26[m[K,
[2.116s]                  from [01m[K/home/shiven/ORB_SLAM3/include/System.h:31[m[K,
[2.116s]                  from [01m[K/home/shiven/colcon_ws/src/orbslam3_ros2/src/monocular/monocular-slam-node.hpp:9[m[K,
[2.116s]                  from [01m[K/home/shiven/colcon_ws/src/orbslam3_ros2/src/monocular/monocular-slam-node.cpp:1[m[K:
[2.116s] [01m[K/usr/local/include/eigen3/Eigen/src/Core/util/Constants.h:167:37:[m[K [01;36m[Knote: [m[Kdeclared here
[2.116s]   167 | EIGEN_DEPRECATED const unsigned int [01;36m[KAlignedBit[m[K = 0x80;
[2.116s]       |                                     [01;36m[K^~~~~~~~~~[m[K
[2.214s] In file included from [01m[K/home/shiven/ORB_SLAM3/Thirdparty/g2o/g2o/types/types_six_dof_expmap.h:37[m[K,
[2.214s]                  from [01m[K/home/shiven/ORB_SLAM3/include/Converter.h:26[m[K,
[2.214s]                  from [01m[K/home/shiven/ORB_SLAM3/include/Frame.h:33[m[K,
[2.214s]                  from [01m[K/home/shiven/ORB_SLAM3/include/KeyFrame.h:28[m[K,
[2.214s]                  from [01m[K/home/shiven/ORB_SLAM3/include/MapPoint.h:23[m[K,
[2.214s]                  from [01m[K/home/shiven/ORB_SLAM3/include/FrameDrawer.h:24[m[K,
[2.214s]                  from [01m[K/home/shiven/ORB_SLAM3/include/Viewer.h:23[m[K,
[2.214s]                  from [01m[K/home/shiven/ORB_SLAM3/include/Tracking.h:26[m[K,
[2.214s]                  from [01m[K/home/shiven/ORB_SLAM3/include/System.h:31[m[K,
[2.214s]                  from [01m[K/home/shiven/colcon_ws/src/orbslam3_ros2/src/monocular/monocular-slam-node.hpp:9[m[K,
[2.214s]                  from [01m[K/home/shiven/colcon_ws/src/orbslam3_ros2/src/monocular/monocular-slam-node.cpp:1[m[K:
[2.215s] /home/shiven/ORB_SLAM3/Thirdparty/g2o/g2o/types/../core/base_vertex.h: In instantiation of ‘[01m[Kclass g2o::BaseVertex<7, g2o::Sim3>[m[K’:
[2.215s] [01m[K/home/shiven/ORB_SLAM3/Thirdparty/g2o/g2o/types/types_seven_dof_expmap.h:48:35:[m[K   required from here
[2.215s] [01m[K/home/shiven/ORB_SLAM3/Thirdparty/g2o/g2o/types/../core/base_vertex.h:62:72:[m[K [01;35m[Kwarning: [m[K‘[01m[KEigen::AlignedBit[m[K’ is deprecated [[01;35m[K-Wdeprecated-declarations[m[K]
[2.215s]    62 | f Eigen::Map<Matrix<double, D, D>, Matrix<double,D,D>::[01;35m[KFlags & AlignedBit[m[K ? Aligned : Unaligned >  HessianBlockType;
[2.215s]       |                                                        [01;35m[K~~~~~~^~~~~~~~~~~~[m[K
[2.215s] 
[2.215s] In file included from [01m[K/usr/local/include/eigen3/Eigen/Core:161[m[K,
[2.215s]                  from [01m[K/usr/local/include/eigen3/Eigen/LU:11[m[K,
[2.215s]                  from [01m[K/home/shiven/ORB_SLAM3/Thirdparty/Sophus/sophus/so2.hpp:12[m[K,
[2.215s]                  from [01m[K/home/shiven/ORB_SLAM3/Thirdparty/Sophus/sophus/se2.hpp:7[m[K,
[2.215s]                  from [01m[K/home/shiven/ORB_SLAM3/Thirdparty/Sophus/sophus/geometry.hpp:7[m[K,
[2.215s]                  from [01m[K/home/shiven/ORB_SLAM3/include/Frame.h:28[m[K,
[2.215s]                  from [01m[K/home/shiven/ORB_SLAM3/include/KeyFrame.h:28[m[K,
[2.215s]                  from [01m[K/home/shiven/ORB_SLAM3/include/MapPoint.h:23[m[K,
[2.215s]                  from [01m[K/home/shiven/ORB_SLAM3/include/FrameDrawer.h:24[m[K,
[2.215s]                  from [01m[K/home/shiven/ORB_SLAM3/include/Viewer.h:23[m[K,
[2.215s]                  from [01m[K/home/shiven/ORB_SLAM3/include/Tracking.h:26[m[K,
[2.215s]                  from [01m[K/home/shiven/ORB_SLAM3/include/System.h:31[m[K,
[2.215s]                  from [01m[K/home/shiven/colcon_ws/src/orbslam3_ros2/src/monocular/monocular-slam-node.hpp:9[m[K,
[2.215s]                  from [01m[K/home/shiven/colcon_ws/src/orbslam3_ros2/src/monocular/monocular-slam-node.cpp:1[m[K:
[2.215s] [01m[K/usr/local/include/eigen3/Eigen/src/Core/util/Constants.h:167:37:[m[K [01;36m[Knote: [m[Kdeclared here
[2.215s]   167 | EIGEN_DEPRECATED const unsigned int [01;36m[KAlignedBit[m[K = 0x80;
[2.215s]       |                                     [01;36m[K^~~~~~~~~~[m[K
[2.230s] In file included from [01m[K/home/shiven/ORB_SLAM3/Thirdparty/g2o/g2o/types/types_six_dof_expmap.h:38[m[K,
[2.230s]                  from [01m[K/home/shiven/ORB_SLAM3/include/Converter.h:26[m[K,
[2.230s]                  from [01m[K/home/shiven/ORB_SLAM3/include/Frame.h:33[m[K,
[2.230s]                  from [01m[K/home/shiven/ORB_SLAM3/include/KeyFrame.h:28[m[K,
[2.230s]                  from [01m[K/home/shiven/ORB_SLAM3/include/MapPoint.h:23[m[K,
[2.230s]                  from [01m[K/home/shiven/ORB_SLAM3/include/FrameDrawer.h:24[m[K,
[2.230s]                  from [01m[K/home/shiven/ORB_SLAM3/include/Viewer.h:23[m[K,
[2.230s]                  from [01m[K/home/shiven/ORB_SLAM3/include/Tracking.h:26[m[K,
[2.230s]                  from [01m[K/home/shiven/ORB_SLAM3/include/System.h:31[m[K,
[2.230s]                  from [01m[K/home/shiven/colcon_ws/src/orbslam3_ros2/src/monocular/monocular-slam-node.hpp:9[m[K,
[2.230s]                  from [01m[K/home/shiven/colcon_ws/src/orbslam3_ros2/src/monocular/monocular-slam-node.cpp:1[m[K:
[2.230s] /home/shiven/ORB_SLAM3/Thirdparty/g2o/g2o/types/../core/base_binary_edge.h: In instantiation of ‘[01m[Kclass g2o::BaseBinaryEdge<7, g2o::Sim3, g2o::VertexSim3Expmap, g2o::VertexSim3Expmap>[m[K’:
[2.230s] [01m[K/home/shiven/ORB_SLAM3/Thirdparty/g2o/g2o/types/types_seven_dof_expmap.h:99:27:[m[K   required from here
[2.230s] [01m[K/home/shiven/ORB_SLAM3/Thirdparty/g2o/g2o/types/../core/base_binary_edge.h:59:80:[m[K [01;35m[Kwarning: [m[K‘[01m[KEigen::AlignedBit[m[K’ is deprecated [[01;35m[K-Wdeprecated-declarations[m[K]
[2.230s]    59 | n::Map<Matrix<double, Di, Dj>, Matrix<double, Di, Dj>::[01;35m[KFlags & AlignedBit[m[K ? Aligned : Unaligned > HessianBlockType;
[2.230s]       |                                                        [01;35m[K~~~~~~^~~~~~~~~~~~[m[K
[2.230s] 
[2.230s] In file included from [01m[K/usr/local/include/eigen3/Eigen/Core:161[m[K,
[2.230s]                  from [01m[K/usr/local/include/eigen3/Eigen/LU:11[m[K,
[2.230s]                  from [01m[K/home/shiven/ORB_SLAM3/Thirdparty/Sophus/sophus/so2.hpp:12[m[K,
[2.230s]                  from [01m[K/home/shiven/ORB_SLAM3/Thirdparty/Sophus/sophus/se2.hpp:7[m[K,
[2.230s]                  from [01m[K/home/shiven/ORB_SLAM3/Thirdparty/Sophus/sophus/geometry.hpp:7[m[K,
[2.230s]                  from [01m[K/home/shiven/ORB_SLAM3/include/Frame.h:28[m[K,
[2.230s]                  from [01m[K/home/shiven/ORB_SLAM3/include/KeyFrame.h:28[m[K,
[2.230s]                  from [01m[K/home/shiven/ORB_SLAM3/include/MapPoint.h:23[m[K,
[2.230s]                  from [01m[K/home/shiven/ORB_SLAM3/include/FrameDrawer.h:24[m[K,
[2.230s]                  from [01m[K/home/shiven/ORB_SLAM3/include/Viewer.h:23[m[K,
[2.230s]                  from [01m[K/home/shiven/ORB_SLAM3/include/Tracking.h:26[m[K,
[2.230s]                  from [01m[K/home/shiven/ORB_SLAM3/include/System.h:31[m[K,
[2.230s]                  from [01m[K/home/shiven/colcon_ws/src/orbslam3_ros2/src/monocular/monocular-slam-node.hpp:9[m[K,
[2.230s]                  from [01m[K/home/shiven/colcon_ws/src/orbslam3_ros2/src/monocular/monocular-slam-node.cpp:1[m[K:
[2.230s] [01m[K/usr/local/include/eigen3/Eigen/src/Core/util/Constants.h:167:37:[m[K [01;36m[Knote: [m[Kdeclared here
[2.230s]   167 | EIGEN_DEPRECATED const unsigned int [01;36m[KAlignedBit[m[K = 0x80;
[2.230s]       |                                     [01;36m[K^~~~~~~~~~[m[K
[2.230s] In file included from [01m[K/home/shiven/ORB_SLAM3/Thirdparty/g2o/g2o/types/types_six_dof_expmap.h:38[m[K,
[2.230s]                  from [01m[K/home/shiven/ORB_SLAM3/include/Converter.h:26[m[K,
[2.230s]                  from [01m[K/home/shiven/ORB_SLAM3/include/Frame.h:33[m[K,
[2.230s]                  from [01m[K/home/shiven/ORB_SLAM3/include/KeyFrame.h:28[m[K,
[2.231s]                  from [01m[K/home/shiven/ORB_SLAM3/include/MapPoint.h:23[m[K,
[2.231s]                  from [01m[K/home/shiven/ORB_SLAM3/include/FrameDrawer.h:24[m[K,
[2.231s]                  from [01m[K/home/shiven/ORB_SLAM3/include/Viewer.h:23[m[K,
[2.231s]                  from [01m[K/home/shiven/ORB_SLAM3/include/Tracking.h:26[m[K,
[2.231s]                  from [01m[K/home/shiven/ORB_SLAM3/include/System.h:31[m[K,
[2.231s]                  from [01m[K/home/shiven/colcon_ws/src/orbslam3_ros2/src/monocular/monocular-slam-node.hpp:9[m[K,
[2.231s]                  from [01m[K/home/shiven/colcon_ws/src/orbslam3_ros2/src/monocular/monocular-slam-node.cpp:1[m[K:
[2.231s] [01m[K/home/shiven/ORB_SLAM3/Thirdparty/g2o/g2o/types/../core/base_binary_edge.h:60:80:[m[K [01;35m[Kwarning: [m[K‘[01m[KEigen::AlignedBit[m[K’ is deprecated [[01;35m[K-Wdeprecated-declarations[m[K]
[2.231s]    60 | n::Map<Matrix<double, Dj, Di>, Matrix<double, Dj, Di>::[01;35m[KFlags & AlignedBit[m[K ? Aligned : Unaligned > HessianBlockTransposedType;
[2.231s]       |                                                        [01;35m[K~~~~~~^~~~~~~~~~~~[m[K
[2.231s] 
[2.231s] In file included from [01m[K/usr/local/include/eigen3/Eigen/Core:161[m[K,
[2.231s]                  from [01m[K/usr/local/include/eigen3/Eigen/LU:11[m[K,
[2.231s]                  from [01m[K/home/shiven/ORB_SLAM3/Thirdparty/Sophus/sophus/so2.hpp:12[m[K,
[2.231s]                  from [01m[K/home/shiven/ORB_SLAM3/Thirdparty/Sophus/sophus/se2.hpp:7[m[K,
[2.231s]                  from [01m[K/home/shiven/ORB_SLAM3/Thirdparty/Sophus/sophus/geometry.hpp:7[m[K,
[2.231s]                  from [01m[K/home/shiven/ORB_SLAM3/include/Frame.h:28[m[K,
[2.231s]                  from [01m[K/home/shiven/ORB_SLAM3/include/KeyFrame.h:28[m[K,
[2.231s]                  from [01m[K/home/shiven/ORB_SLAM3/include/MapPoint.h:23[m[K,
[2.231s]                  from [01m[K/home/shiven/ORB_SLAM3/include/FrameDrawer.h:24[m[K,
[2.231s]                  from [01m[K/home/shiven/ORB_SLAM3/include/Viewer.h:23[m[K,
[2.231s]                  from [01m[K/home/shiven/ORB_SLAM3/include/Tracking.h:26[m[K,
[2.231s]                  from [01m[K/home/shiven/ORB_SLAM3/include/System.h:31[m[K,
[2.231s]                  from [01m[K/home/shiven/colcon_ws/src/orbslam3_ros2/src/monocular/monocular-slam-node.hpp:9[m[K,
[2.231s]                  from [01m[K/home/shiven/colcon_ws/src/orbslam3_ros2/src/monocular/monocular-slam-node.cpp:1[m[K:
[2.231s] [01m[K/usr/local/include/eigen3/Eigen/src/Core/util/Constants.h:167:37:[m[K [01;36m[Knote: [m[Kdeclared here
[2.231s]   167 | EIGEN_DEPRECATED const unsigned int [01;36m[KAlignedBit[m[K = 0x80;
[2.231s]       |                                     [01;36m[K^~~~~~~~~~[m[K
[2.251s] In file included from [01m[K/home/shiven/ORB_SLAM3/Thirdparty/g2o/g2o/types/types_six_dof_expmap.h:38[m[K,
[2.251s]                  from [01m[K/home/shiven/ORB_SLAM3/include/Converter.h:26[m[K,
[2.251s]                  from [01m[K/home/shiven/ORB_SLAM3/include/Frame.h:33[m[K,
[2.251s]                  from [01m[K/home/shiven/ORB_SLAM3/include/KeyFrame.h:28[m[K,
[2.251s]                  from [01m[K/home/shiven/ORB_SLAM3/include/MapPoint.h:23[m[K,
[2.251s]                  from [01m[K/home/shiven/ORB_SLAM3/include/FrameDrawer.h:24[m[K,
[2.251s]                  from [01m[K/home/shiven/ORB_SLAM3/include/Viewer.h:23[m[K,
[2.251s]                  from [01m[K/home/shiven/ORB_SLAM3/include/Tracking.h:26[m[K,
[2.251s]                  from [01m[K/home/shiven/ORB_SLAM3/include/System.h:31[m[K,
[2.251s]                  from [01m[K/home/shiven/colcon_ws/src/orbslam3_ros2/src/monocular/monocular-slam-node.hpp:9[m[K,
[2.251s]                  from [01m[K/home/shiven/colcon_ws/src/orbslam3_ros2/src/monocular/monocular-slam-node.cpp:1[m[K:
[2.251s] /home/shiven/ORB_SLAM3/Thirdparty/g2o/g2o/types/../core/base_binary_edge.h: In instantiation of ‘[01m[Kclass g2o::BaseBinaryEdge<2, Eigen::Matrix<double, 2, 1>, g2o::VertexSBAPointXYZ, g2o::VertexSim3Expmap>[m[K’:
[2.251s] [01m[K/home/shiven/ORB_SLAM3/Thirdparty/g2o/g2o/types/types_seven_dof_expmap.h:130:36:[m[K   required from here
[2.251s] [01m[K/home/shiven/ORB_SLAM3/Thirdparty/g2o/g2o/types/../core/base_binary_edge.h:59:80:[m[K [01;35m[Kwarning: [m[K‘[01m[KEigen::AlignedBit[m[K’ is deprecated [[01;35m[K-Wdeprecated-declarations[m[K]
[2.251s]    59 | n::Map<Matrix<double, Di, Dj>, Matrix<double, Di, Dj>::[01;35m[KFlags & AlignedBit[m[K ? Aligned : Unaligned > HessianBlockType;
[2.251s]       |                                                        [01;35m[K~~~~~~^~~~~~~~~~~~[m[K
[2.251s] 
[2.252s] In file included from [01m[K/usr/local/include/eigen3/Eigen/Core:161[m[K,
[2.252s]                  from [01m[K/usr/local/include/eigen3/Eigen/LU:11[m[K,
[2.252s]                  from [01m[K/home/shiven/ORB_SLAM3/Thirdparty/Sophus/sophus/so2.hpp:12[m[K,
[2.252s]                  from [01m[K/home/shiven/ORB_SLAM3/Thirdparty/Sophus/sophus/se2.hpp:7[m[K,
[2.252s]                  from [01m[K/home/shiven/ORB_SLAM3/Thirdparty/Sophus/sophus/geometry.hpp:7[m[K,
[2.252s]                  from [01m[K/home/shiven/ORB_SLAM3/include/Frame.h:28[m[K,
[2.252s]                  from [01m[K/home/shiven/ORB_SLAM3/include/KeyFrame.h:28[m[K,
[2.252s]                  from [01m[K/home/shiven/ORB_SLAM3/include/MapPoint.h:23[m[K,
[2.252s]                  from [01m[K/home/shiven/ORB_SLAM3/include/FrameDrawer.h:24[m[K,
[2.252s]                  from [01m[K/home/shiven/ORB_SLAM3/include/Viewer.h:23[m[K,
[2.252s]                  from [01m[K/home/shiven/ORB_SLAM3/include/Tracking.h:26[m[K,
[2.252s]                  from [01m[K/home/shiven/ORB_SLAM3/include/System.h:31[m[K,
[2.252s]                  from [01m[K/home/shiven/colcon_ws/src/orbslam3_ros2/src/monocular/monocular-slam-node.hpp:9[m[K,
[2.252s]                  from [01m[K/home/shiven/colcon_ws/src/orbslam3_ros2/src/monocular/monocular-slam-node.cpp:1[m[K:
[2.252s] [01m[K/usr/local/include/eigen3/Eigen/src/Core/util/Constants.h:167:37:[m[K [01;36m[Knote: [m[Kdeclared here
[2.252s]   167 | EIGEN_DEPRECATED const unsigned int [01;36m[KAlignedBit[m[K = 0x80;
[2.252s]       |                                     [01;36m[K^~~~~~~~~~[m[K
[2.258s] In file included from [01m[K/home/shiven/ORB_SLAM3/Thirdparty/g2o/g2o/types/types_six_dof_expmap.h:38[m[K,
[2.258s]                  from [01m[K/home/shiven/ORB_SLAM3/include/Converter.h:26[m[K,
[2.258s]                  from [01m[K/home/shiven/ORB_SLAM3/include/Frame.h:33[m[K,
[2.258s]                  from [01m[K/home/shiven/ORB_SLAM3/include/KeyFrame.h:28[m[K,
[2.258s]                  from [01m[K/home/shiven/ORB_SLAM3/include/MapPoint.h:23[m[K,
[2.258s]                  from [01m[K/home/shiven/ORB_SLAM3/include/FrameDrawer.h:24[m[K,
[2.258s]                  from [01m[K/home/shiven/ORB_SLAM3/include/Viewer.h:23[m[K,
[2.258s]                  from [01m[K/home/shiven/ORB_SLAM3/include/Tracking.h:26[m[K,
[2.258s]                  from [01m[K/home/shiven/ORB_SLAM3/include/System.h:31[m[K,
[2.258s]                  from [01m[K/home/shiven/colcon_ws/src/orbslam3_ros2/src/monocular/monocular-slam-node.hpp:9[m[K,
[2.258s]                  from [01m[K/home/shiven/colcon_ws/src/orbslam3_ros2/src/monocular/monocular-slam-node.cpp:1[m[K:
[2.258s] [01m[K/home/shiven/ORB_SLAM3/Thirdparty/g2o/g2o/types/../core/base_binary_edge.h:60:80:[m[K [01;35m[Kwarning: [m[K‘[01m[KEigen::AlignedBit[m[K’ is deprecated [[01;35m[K-Wdeprecated-declarations[m[K]
[2.258s]    60 | n::Map<Matrix<double, Dj, Di>, Matrix<double, Dj, Di>::[01;35m[KFlags & AlignedBit[m[K ? Aligned : Unaligned > HessianBlockTransposedType;
[2.258s]       |                                                        [01;35m[K~~~~~~^~~~~~~~~~~~[m[K
[2.258s] 
[2.258s] In file included from [01m[K/usr/local/include/eigen3/Eigen/Core:161[m[K,
[2.258s]                  from [01m[K/usr/local/include/eigen3/Eigen/LU:11[m[K,
[2.258s]                  from [01m[K/home/shiven/ORB_SLAM3/Thirdparty/Sophus/sophus/so2.hpp:12[m[K,
[2.258s]                  from [01m[K/home/shiven/ORB_SLAM3/Thirdparty/Sophus/sophus/se2.hpp:7[m[K,
[2.258s]                  from [01m[K/home/shiven/ORB_SLAM3/Thirdparty/Sophus/sophus/geometry.hpp:7[m[K,
[2.258s]                  from [01m[K/home/shiven/ORB_SLAM3/include/Frame.h:28[m[K,
[2.258s]                  from [01m[K/home/shiven/ORB_SLAM3/include/KeyFrame.h:28[m[K,
[2.258s]                  from [01m[K/home/shiven/ORB_SLAM3/include/MapPoint.h:23[m[K,
[2.258s]                  from [01m[K/home/shiven/ORB_SLAM3/include/FrameDrawer.h:24[m[K,
[2.258s]                  from [01m[K/home/shiven/ORB_SLAM3/include/Viewer.h:23[m[K,
[2.258s]                  from [01m[K/home/shiven/ORB_SLAM3/include/Tracking.h:26[m[K,
[2.258s]                  from [01m[K/home/shiven/ORB_SLAM3/include/System.h:31[m[K,
[2.259s]                  from [01m[K/home/shiven/colcon_ws/src/orbslam3_ros2/src/monocular/monocular-slam-node.hpp:9[m[K,
[2.259s]                  from [01m[K/home/shiven/colcon_ws/src/orbslam3_ros2/src/monocular/monocular-slam-node.cpp:1[m[K:
[2.259s] [01m[K/usr/local/include/eigen3/Eigen/src/Core/util/Constants.h:167:37:[m[K [01;36m[Knote: [m[Kdeclared here
[2.259s]   167 | EIGEN_DEPRECATED const unsigned int [01;36m[KAlignedBit[m[K = 0x80;
[2.259s]       |                                     [01;36m[K^~~~~~~~~~[m[K
[2.292s] In file included from [01m[K/home/shiven/ORB_SLAM3/include/Frame.h:34[m[K,
[2.292s]                  from [01m[K/home/shiven/ORB_SLAM3/include/KeyFrame.h:28[m[K,
[2.292s]                  from [01m[K/home/shiven/ORB_SLAM3/include/MapPoint.h:23[m[K,
[2.292s]                  from [01m[K/home/shiven/ORB_SLAM3/include/FrameDrawer.h:24[m[K,
[2.292s]                  from [01m[K/home/shiven/ORB_SLAM3/include/Viewer.h:23[m[K,
[2.292s]                  from [01m[K/home/shiven/ORB_SLAM3/include/Tracking.h:26[m[K,
[2.292s]                  from [01m[K/home/shiven/ORB_SLAM3/include/System.h:31[m[K,
[2.292s]                  from [01m[K/home/shiven/colcon_ws/src/orbslam3_ros2/src/monocular/monocular-slam-node.hpp:9[m[K,
[2.292s]                  from [01m[K/home/shiven/colcon_ws/src/orbslam3_ros2/src/monocular/monocular-slam-node.cpp:1[m[K:
[2.292s] [01m[K/home/shiven/ORB_SLAM3/include/Settings.h:232:2:[m[K [01;35m[Kwarning: [m[Kextra ‘[01m[K;[m[K’ [[01;35m[K-Wpedantic[m[K]
[2.292s]   232 | }[01;35m[K;[m[K
[2.292s]       |  [01;35m[K^[m[K
[2.563s] In file included from [01m[K/home/shiven/ORB_SLAM3/include/Atlas.h:26[m[K,
[2.563s]                  from [01m[K/home/shiven/ORB_SLAM3/include/FrameDrawer.h:25[m[K,
[2.563s]                  from [01m[K/home/shiven/ORB_SLAM3/include/Viewer.h:23[m[K,
[2.563s]                  from [01m[K/home/shiven/ORB_SLAM3/include/Tracking.h:26[m[K,
[2.563s]                  from [01m[K/home/shiven/ORB_SLAM3/include/System.h:31[m[K,
[2.563s]                  from [01m[K/home/shiven/colcon_ws/src/orbslam3_ros2/src/monocular/monocular-slam-node.hpp:9[m[K,
[2.563s]                  from [01m[K/home/shiven/colcon_ws/src/orbslam3_ros2/src/monocular/monocular-slam-node.cpp:1[m[K:
[2.563s] [01m[K/home/shiven/ORB_SLAM3/include/CameraModels/Pinhole.h:[m[K In member function ‘[01m[Kvirtual bool ORB_SLAM3::Pinhole::matchAndtriangulate(const cv::KeyPoint&, const cv::KeyPoint&, ORB_SLAM3::GeometricCamera*, Sophus::SE3f&, Sophus::SE3f&, float, float, Eigen::Vector3f&)[m[K’:
[2.563s] [01m[K/home/shiven/ORB_SLAM3/include/CameraModels/Pinhole.h:83:54:[m[K [01;35m[Kwarning: [m[Kunused parameter ‘[01m[Kkp1[m[K’ [[01;35m[K-Wunused-parameter[m[K]
[2.563s]    83 |         bool matchAndtriangulate([01;35m[Kconst cv::KeyPoint& kp1[m[K, const cv::KeyPoint& kp2, GeometricCamera* pOther,
[2.563s]       |                                  [01;35m[K~~~~~~~~~~~~~~~~~~~~^~~[m[K
[2.563s] [01m[K/home/shiven/ORB_SLAM3/include/CameraModels/Pinhole.h:83:79:[m[K [01;35m[Kwarning: [m[Kunused parameter ‘[01m[Kkp2[m[K’ [[01;35m[K-Wunused-parameter[m[K]
[2.563s]    83 | hAndtriangulate(const cv::KeyPoint& kp1, [01;35m[Kconst cv::KeyPoint& kp2[m[K, GeometricCamera* pOther,
[2.563s]       |                                          [01;35m[K~~~~~~~~~~~~~~~~~~~~^~~[m[K
[2.563s] 
[2.563s] [01m[K/home/shiven/ORB_SLAM3/include/CameraModels/Pinhole.h:83:101:[m[K [01;35m[Kwarning: [m[Kunused parameter ‘[01m[KpOther[m[K’ [[01;35m[K-Wunused-parameter[m[K]
[2.564s]    83 | cv::KeyPoint& kp1, const cv::KeyPoint& kp2, [01;35m[KGeometricCamera* pOther[m[K,
[2.564s]       |                                             [01;35m[K~~~~~~~~~~~~~~~~~^~~~~~[m[K
[2.564s] 
[2.564s] [01m[K/home/shiven/ORB_SLAM3/include/CameraModels/Pinhole.h:84:48:[m[K [01;35m[Kwarning: [m[Kunused parameter ‘[01m[KTcw1[m[K’ [[01;35m[K-Wunused-parameter[m[K]
[2.564s]    84 |                                  [01;35m[KSophus::SE3f& Tcw1[m[K, Sophus::SE3f& Tcw2,
[2.564s]       |                                  [01;35m[K~~~~~~~~~~~~~~^~~~[m[K
[2.564s] [01m[K/home/shiven/ORB_SLAM3/include/CameraModels/Pinhole.h:84:68:[m[K [01;35m[Kwarning: [m[Kunused parameter ‘[01m[KTcw2[m[K’ [[01;35m[K-Wunused-parameter[m[K]
[2.564s]    84 |                                  Sophus::SE3f& Tcw1, [01;35m[KSophus::SE3f& Tcw2[m[K,
[2.564s]       |                                                      [01;35m[K~~~~~~~~~~~~~~^~~~[m[K
[2.564s] [01m[K/home/shiven/ORB_SLAM3/include/CameraModels/Pinhole.h:85:46:[m[K [01;35m[Kwarning: [m[Kunused parameter ‘[01m[KsigmaLevel1[m[K’ [[01;35m[K-Wunused-parameter[m[K]
[2.564s]    85 |                                  [01;35m[Kconst float sigmaLevel1[m[K, const float sigmaLevel2,
[2.564s]       |                                  [01;35m[K~~~~~~~~~~~~^~~~~~~~~~~[m[K
[2.564s] [01m[K/home/shiven/ORB_SLAM3/include/CameraModels/Pinhole.h:85:71:[m[K [01;35m[Kwarning: [m[Kunused parameter ‘[01m[KsigmaLevel2[m[K’ [[01;35m[K-Wunused-parameter[m[K]
[2.564s]    85 |                               const float sigmaLevel1, [01;35m[Kconst float sigmaLevel2[m[K,
[2.564s]       |                                                        [01;35m[K~~~~~~~~~~~~^~~~~~~~~~~[m[K
[2.564s] 
[2.564s] [01m[K/home/shiven/ORB_SLAM3/include/CameraModels/Pinhole.h:86:51:[m[K [01;35m[Kwarning: [m[Kunused parameter ‘[01m[Kx3Dtriangulated[m[K’ [[01;35m[K-Wunused-parameter[m[K]
[2.564s]    86 |                                  [01;35m[KEigen::Vector3f& x3Dtriangulated[m[K) { return false;}
[2.564s]       |                                  [01;35m[K~~~~~~~~~~~~~~~~~^~~~~~~~~~~~~~~[m[K
[2.564s] In file included from [01m[K/home/shiven/ORB_SLAM3/include/Atlas.h:27[m[K,
[2.564s]                  from [01m[K/home/shiven/ORB_SLAM3/include/FrameDrawer.h:25[m[K,
[2.564s]                  from [01m[K/home/shiven/ORB_SLAM3/include/Viewer.h:23[m[K,
[2.564s]                  from [01m[K/home/shiven/ORB_SLAM3/include/Tracking.h:26[m[K,
[2.564s]                  from [01m[K/home/shiven/ORB_SLAM3/include/System.h:31[m[K,
[2.564s]                  from [01m[K/home/shiven/colcon_ws/src/orbslam3_ros2/src/monocular/monocular-slam-node.hpp:9[m[K,
[2.564s]                  from [01m[K/home/shiven/colcon_ws/src/orbslam3_ros2/src/monocular/monocular-slam-node.cpp:1[m[K:
[2.564s] [01m[K/home/shiven/ORB_SLAM3/include/CameraModels/KannalaBrandt8.h:[m[K In constructor ‘[01m[KORB_SLAM3::KannalaBrandt8::KannalaBrandt8(std::vector<float>)[m[K’:
[2.564s] [01m[K/home/shiven/ORB_SLAM3/include/CameraModels/KannalaBrandt8.h:102:21:[m[K [01;35m[Kwarning: [m[K‘[01m[KORB_SLAM3::KannalaBrandt8::precision[m[K’ will be initialized after [[01;35m[K-Wreorder[m[K]
[2.564s]   102 |         const float [01;35m[Kprecision[m[K;
[2.564s]       |                     [01;35m[K^~~~~~~~~[m[K
[2.564s] [01m[K/home/shiven/ORB_SLAM3/include/CameraModels/KannalaBrandt8.h:88:26:[m[K [01;35m[Kwarning: [m[K  ‘[01m[Kstd::vector<int> ORB_SLAM3::KannalaBrandt8::mvLappingArea[m[K’ [[01;35m[K-Wreorder[m[K]
[2.564s]    88 |         std::vector<int> [01;35m[KmvLappingArea[m[K;
[2.564s]       |                          [01;35m[K^~~~~~~~~~~~~[m[K
[2.564s] In file included from [01m[K/home/shiven/ORB_SLAM3/include/Atlas.h:27[m[K,
[2.564s]                  from [01m[K/home/shiven/ORB_SLAM3/include/FrameDrawer.h:25[m[K,
[2.564s]                  from [01m[K/home/shiven/ORB_SLAM3/include/Viewer.h:23[m[K,
[2.564s]                  from [01m[K/home/shiven/ORB_SLAM3/include/Tracking.h:26[m[K,
[2.564s]                  from [01m[K/home/shiven/ORB_SLAM3/include/System.h:31[m[K,
[2.564s]                  from [01m[K/home/shiven/colcon_ws/src/orbslam3_ros2/src/monocular/monocular-slam-node.hpp:9[m[K,
[2.564s]                  from [01m[K/home/shiven/colcon_ws/src/orbslam3_ros2/src/monocular/monocular-slam-node.cpp:1[m[K:
[2.564s] [01m[K/home/shiven/ORB_SLAM3/include/CameraModels/KannalaBrandt8.h:47:9:[m[K [01;35m[Kwarning: [m[K  when initialized here [[01;35m[K-Wreorder[m[K]
[2.564s]    47 |         [01;35m[KKannalaBrandt8[m[K(const std::vector<float> _vParameters) : GeometricCamera(_vParameters), precision(1e-6), mvLappingArea(2,0) ,tvr(nullptr) {
[2.564s]       |         [01;35m[K^~~~~~~~~~~~~~[m[K
[2.564s] In file included from [01m[K/home/shiven/ORB_SLAM3/include/Atlas.h:27[m[K,
[2.564s]                  from [01m[K/home/shiven/ORB_SLAM3/include/FrameDrawer.h:25[m[K,
[2.564s]                  from [01m[K/home/shiven/ORB_SLAM3/include/Viewer.h:23[m[K,
[2.565s]                  from [01m[K/home/shiven/ORB_SLAM3/include/Tracking.h:26[m[K,
[2.565s]                  from [01m[K/home/shiven/ORB_SLAM3/include/System.h:31[m[K,
[2.565s]                  from [01m[K/home/shiven/colcon_ws/src/orbslam3_ros2/src/monocular/monocular-slam-node.hpp:9[m[K,
[2.565s]                  from [01m[K/home/shiven/colcon_ws/src/orbslam3_ros2/src/monocular/monocular-slam-node.cpp:1[m[K:
[2.565s] [01m[K/home/shiven/ORB_SLAM3/include/CameraModels/KannalaBrandt8.h:[m[K In constructor ‘[01m[KORB_SLAM3::KannalaBrandt8::KannalaBrandt8(std::vector<float>, float)[m[K’:
[2.565s] [01m[K/home/shiven/ORB_SLAM3/include/CameraModels/KannalaBrandt8.h:102:21:[m[K [01;35m[Kwarning: [m[K‘[01m[KORB_SLAM3::KannalaBrandt8::precision[m[K’ will be initialized after [[01;35m[K-Wreorder[m[K]
[2.565s]   102 |         const float [01;35m[Kprecision[m[K;
[2.565s]       |                     [01;35m[K^~~~~~~~~[m[K
[2.565s] [01m[K/home/shiven/ORB_SLAM3/include/CameraModels/KannalaBrandt8.h:88:26:[m[K [01;35m[Kwarning: [m[K  ‘[01m[Kstd::vector<int> ORB_SLAM3::KannalaBrandt8::mvLappingArea[m[K’ [[01;35m[K-Wreorder[m[K]
[2.565s]    88 |         std::vector<int> [01;35m[KmvLappingArea[m[K;
[2.565s]       |                          [01;35m[K^~~~~~~~~~~~~[m[K
[2.565s] [01m[K/home/shiven/ORB_SLAM3/include/CameraModels/KannalaBrandt8.h:53:9:[m[K [01;35m[Kwarning: [m[K  when initialized here [[01;35m[K-Wreorder[m[K]
[2.565s]    53 |         [01;35m[KKannalaBrandt8[m[K(const std::vector<float> _vParameters, const float _precision) : GeometricCamera(_vParameters),
[2.565s]       |         [01;35m[K^~~~~~~~~~~~~~[m[K
[2.565s] [01m[K/home/shiven/ORB_SLAM3/include/CameraModels/KannalaBrandt8.h:[m[K In constructor ‘[01m[KORB_SLAM3::KannalaBrandt8::KannalaBrandt8(ORB_SLAM3::KannalaBrandt8*)[m[K’:
[2.565s] [01m[K/home/shiven/ORB_SLAM3/include/CameraModels/KannalaBrandt8.h:102:21:[m[K [01;35m[Kwarning: [m[K‘[01m[KORB_SLAM3::KannalaBrandt8::precision[m[K’ will be initialized after [[01;35m[K-Wreorder[m[K]
[2.565s]   102 |         const float [01;35m[Kprecision[m[K;
[2.565s]       |                     [01;35m[K^~~~~~~~~[m[K
[2.565s] [01m[K/home/shiven/ORB_SLAM3/include/CameraModels/KannalaBrandt8.h:88:26:[m[K [01;35m[Kwarning: [m[K  ‘[01m[Kstd::vector<int> ORB_SLAM3::KannalaBrandt8::mvLappingArea[m[K’ [[01;35m[K-Wreorder[m[K]
[2.565s]    88 |         std::vector<int> [01;35m[KmvLappingArea[m[K;
[2.565s]       |                          [01;35m[K^~~~~~~~~~~~~[m[K
[2.565s] [01m[K/home/shiven/ORB_SLAM3/include/CameraModels/KannalaBrandt8.h:59:9:[m[K [01;35m[Kwarning: [m[K  when initialized here [[01;35m[K-Wreorder[m[K]
[2.565s]    59 |         [01;35m[KKannalaBrandt8[m[K(KannalaBrandt8* pKannala) : GeometricCamera(pKannala->mvParameters), precision(pKannala->precision), mvLappingArea(2,0) ,tvr(nullptr) {
[2.565s]       |         [01;35m[K^~~~~~~~~~~~~~[m[K
[6.619s] [ 91%] [32m[1mLinking CXX executable mono[0m
[6.841s] [100%] Built target mono
[6.851s] Invoked command in '/home/shiven/colcon_ws/build/orbslam3' returned '0': CMAKE_PREFIX_PATH=${CMAKE_PREFIX_PATH}:/opt/ros/foxy /usr/bin/cmake --build /home/shiven/colcon_ws/build/orbslam3 -- -j32 -l32
[6.872s] Invoking command in '/home/shiven/colcon_ws/build/orbslam3': CMAKE_PREFIX_PATH=${CMAKE_PREFIX_PATH}:/opt/ros/foxy /usr/bin/cmake --install /home/shiven/colcon_ws/build/orbslam3
[6.877s] -- Install configuration: ""
[6.878s] -- Execute custom install script
[6.878s] -- Up-to-date symlink: /home/shiven/colcon_ws/install/orbslam3/lib/orbslam3/mono
[6.878s] -- Up-to-date symlink: /home/shiven/colcon_ws/install/orbslam3/lib/orbslam3/rgbd
[6.878s] -- Up-to-date symlink: /home/shiven/colcon_ws/install/orbslam3/lib/orbslam3/stereo
[6.878s] -- Up-to-date symlink: /home/shiven/colcon_ws/install/orbslam3/lib/orbslam3/stereo-inertial
[6.879s] -- Up-to-date symlink: /home/shiven/colcon_ws/install/orbslam3/share/orbslam3/environment/pythonpath.sh
[6.879s] -- Up-to-date symlink: /home/shiven/colcon_ws/install/orbslam3/share/orbslam3/environment/pythonpath.dsv
[6.879s] -- Up-to-date symlink: /home/shiven/colcon_ws/install/orbslam3/lib/python3.8/site-packages/orbslam3/__init__.py
[6.879s] -- Up-to-date symlink: /home/shiven/colcon_ws/install/orbslam3/lib/orbslam3/camera_publisher.py
[6.879s] -- Up-to-date symlink: /home/shiven/colcon_ws/install/orbslam3/lib/orbslam3/url_camera_publisher.py
[6.879s] -- Up-to-date symlink: /home/shiven/colcon_ws/install/orbslam3/share/ament_index/resource_index/package_run_dependencies/orbslam3
[6.880s] -- Up-to-date symlink: /home/shiven/colcon_ws/install/orbslam3/share/ament_index/resource_index/parent_prefix_path/orbslam3
[6.880s] -- Up-to-date symlink: /home/shiven/colcon_ws/install/orbslam3/share/orbslam3/environment/ament_prefix_path.sh
[6.880s] -- Up-to-date symlink: /home/shiven/colcon_ws/install/orbslam3/share/orbslam3/environment/ament_prefix_path.dsv
[6.880s] -- Up-to-date symlink: /home/shiven/colcon_ws/install/orbslam3/share/orbslam3/environment/path.sh
[6.880s] -- Up-to-date symlink: /home/shiven/colcon_ws/install/orbslam3/share/orbslam3/environment/path.dsv
[6.880s] -- Up-to-date symlink: /home/shiven/colcon_ws/install/orbslam3/share/orbslam3/local_setup.bash
[6.880s] -- Up-to-date symlink: /home/shiven/colcon_ws/install/orbslam3/share/orbslam3/local_setup.sh
[6.880s] -- Up-to-date symlink: /home/shiven/colcon_ws/install/orbslam3/share/orbslam3/local_setup.zsh
[6.880s] -- Up-to-date symlink: /home/shiven/colcon_ws/install/orbslam3/share/orbslam3/local_setup.dsv
[6.880s] -- Symlinking: /home/shiven/colcon_ws/install/orbslam3/share/orbslam3/package.dsv
[6.885s] -- Up-to-date symlink: /home/shiven/colcon_ws/install/orbslam3/share/ament_index/resource_index/packages/orbslam3
[6.885s] -- Up-to-date symlink: /home/shiven/colcon_ws/install/orbslam3/share/orbslam3/cmake/orbslam3Config.cmake
[6.885s] -- Up-to-date symlink: /home/shiven/colcon_ws/install/orbslam3/share/orbslam3/cmake/orbslam3Config-version.cmake
[6.885s] -- Up-to-date symlink: /home/shiven/colcon_ws/install/orbslam3/share/orbslam3/package.xml
[6.899s] Listing '/home/shiven/colcon_ws/install/orbslam3/lib/python3.8/site-packages/orbslam3'...
[6.902s] Invoked command in '/home/shiven/colcon_ws/build/orbslam3' returned '0': CMAKE_PREFIX_PATH=${CMAKE_PREFIX_PATH}:/opt/ros/foxy /usr/bin/cmake --install /home/shiven/colcon_ws/build/orbslam3
