[0.005s] Invoking command in '/home/shiven/colcon_ws/build/orbslam3': CMAKE_PREFIX_PATH=/opt/ros/foxy /usr/bin/cmake --build /home/shiven/colcon_ws/build/orbslam3 -- -j32 -l32
[0.017s] -- Found ament_cmake: 0.9.12 (/opt/ros/foxy/share/ament_cmake/cmake)
[0.027s] -- Using PYTHON_EXECUTABLE: /usr/bin/python3
[0.100s] -- Override CMake install command with custom implementation using symlinks instead of copying resources
[0.104s] -- Found rclcpp: 2.4.3 (/opt/ros/foxy/share/rclcpp/cmake)
[0.119s] -- Using all available rosidl_typesupport_c: rosidl_typesupport_fastrtps_c;rosidl_typesupport_introspection_c
[0.120s] -- Found rosidl_adapter: 1.3.1 (/opt/ros/foxy/share/rosidl_adapter/cmake)
[0.178s] -- Using all available rosidl_typesupport_cpp: rosidl_typesupport_fastrtps_cpp;rosidl_typesupport_introspection_cpp
[0.200s] -- Found rmw_implementation_cmake: 1.0.4 (/opt/ros/foxy/share/rmw_implementation_cmake/cmake)
[0.200s] -- Using RMW implementation 'rmw_fastrtps_cpp' as default
[0.266s] -- Found sensor_msgs: 2.0.5 (/opt/ros/foxy/share/sensor_msgs/cmake)
[0.318s] -- Found cv_bridge: 3.0.7 (/opt/ros/foxy/share/cv_bridge/cmake)
[0.330s] -- Found message_filters: 3.2.7 (/opt/ros/foxy/share/message_filters/cmake)
[0.335s] -- Found rclpy: 1.0.13 (/opt/ros/foxy/share/rclpy/cmake)
[0.381s] -- Configuring done
[0.408s] -- Generating done
[0.409s] -- Build files have been written to: /home/shiven/colcon_ws/build/orbslam3
[0.437s] [ 25%] [32m[1mLinking CXX executable rgbd[0m
[0.437s] [ 25%] [32m[1mLinking CXX executable stereo-inertial[0m
[0.437s] [ 25%] [32m[1mLinking CXX executable mono[0m
[0.438s] [ 33%] [32m[1mLinking CXX executable stereo[0m
[0.692s] [ 50%] Built target mono
[0.728s] [ 66%] Built target rgbd
[0.743s] [ 83%] Built target stereo
[0.748s] [100%] Built target stereo-inertial
[0.753s] Invoked command in '/home/shiven/colcon_ws/build/orbslam3' returned '0': CMAKE_PREFIX_PATH=/opt/ros/foxy /usr/bin/cmake --build /home/shiven/colcon_ws/build/orbslam3 -- -j32 -l32
[0.770s] Invoking command in '/home/shiven/colcon_ws/build/orbslam3': CMAKE_PREFIX_PATH=/opt/ros/foxy /usr/bin/cmake --install /home/shiven/colcon_ws/build/orbslam3
[0.773s] -- Install configuration: ""
[0.774s] -- Execute custom install script
[0.774s] -- Up-to-date symlink: /home/shiven/colcon_ws/install/orbslam3/lib/orbslam3/mono
[0.774s] -- Up-to-date symlink: /home/shiven/colcon_ws/install/orbslam3/lib/orbslam3/rgbd
[0.774s] -- Up-to-date symlink: /home/shiven/colcon_ws/install/orbslam3/lib/orbslam3/stereo
[0.774s] -- Up-to-date symlink: /home/shiven/colcon_ws/install/orbslam3/lib/orbslam3/stereo-inertial
[0.774s] -- Symlinking: /home/shiven/colcon_ws/install/orbslam3/share/orbslam3/environment/pythonpath.sh
[0.777s] -- Symlinking: /home/shiven/colcon_ws/install/orbslam3/share/orbslam3/environment/pythonpath.dsv
[0.781s] -- Symlinking: /home/shiven/colcon_ws/install/orbslam3/lib/python3.8/site-packages/orbslam3/__init__.py
[0.785s] -- Symlinking: /home/shiven/colcon_ws/install/orbslam3/lib/orbslam3/camera_publisher.py
[0.790s] -- Symlinking: /home/shiven/colcon_ws/install/orbslam3/lib/orbslam3/url_camera_publisher.py
[0.794s] -- Up-to-date symlink: /home/shiven/colcon_ws/install/orbslam3/share/ament_index/resource_index/package_run_dependencies/orbslam3
[0.795s] -- Up-to-date symlink: /home/shiven/colcon_ws/install/orbslam3/share/ament_index/resource_index/parent_prefix_path/orbslam3
[0.795s] -- Up-to-date symlink: /home/shiven/colcon_ws/install/orbslam3/share/orbslam3/environment/ament_prefix_path.sh
[0.795s] -- Up-to-date symlink: /home/shiven/colcon_ws/install/orbslam3/share/orbslam3/environment/ament_prefix_path.dsv
[0.795s] -- Up-to-date symlink: /home/shiven/colcon_ws/install/orbslam3/share/orbslam3/environment/path.sh
[0.795s] -- Up-to-date symlink: /home/shiven/colcon_ws/install/orbslam3/share/orbslam3/environment/path.dsv
[0.795s] -- Up-to-date symlink: /home/shiven/colcon_ws/install/orbslam3/share/orbslam3/local_setup.bash
[0.795s] -- Up-to-date symlink: /home/shiven/colcon_ws/install/orbslam3/share/orbslam3/local_setup.sh
[0.795s] -- Up-to-date symlink: /home/shiven/colcon_ws/install/orbslam3/share/orbslam3/local_setup.zsh
[0.795s] -- Up-to-date symlink: /home/shiven/colcon_ws/install/orbslam3/share/orbslam3/local_setup.dsv
[0.795s] -- Symlinking: /home/shiven/colcon_ws/install/orbslam3/share/orbslam3/package.dsv
[0.799s] -- Up-to-date symlink: /home/shiven/colcon_ws/install/orbslam3/share/ament_index/resource_index/packages/orbslam3
[0.799s] -- Up-to-date symlink: /home/shiven/colcon_ws/install/orbslam3/share/orbslam3/cmake/orbslam3Config.cmake
[0.799s] -- Up-to-date symlink: /home/shiven/colcon_ws/install/orbslam3/share/orbslam3/cmake/orbslam3Config-version.cmake
[0.799s] -- Up-to-date symlink: /home/shiven/colcon_ws/install/orbslam3/share/orbslam3/package.xml
[0.812s] Listing '/home/shiven/colcon_ws/install/orbslam3/lib/python3.8/site-packages/orbslam3'...
[0.812s] Compiling '/home/shiven/colcon_ws/install/orbslam3/lib/python3.8/site-packages/orbslam3/__init__.py'...
[0.815s] Invoked command in '/home/shiven/colcon_ws/build/orbslam3' returned '0': CMAKE_PREFIX_PATH=/opt/ros/foxy /usr/bin/cmake --install /home/shiven/colcon_ws/build/orbslam3
