-- MOBILE_BUILD=OFF
-- Eigen found (include: /usr/include/eigen3, version: 3.3.7)
-- OpenNI found (include: /usr/include/ni, lib: /usr/lib/libOpenNI.so)
-- The imported target "vtkParseOGLExt" references the file
   "/usr/bin/vtkParseOGLExt-7.1"
but this file does not exist.  Possible reasons include:
* The file was deleted, renamed, or moved to another location.
* An install or uninstall procedure did not complete successfully.
* The installation package was faulty and contained
   "/usr/lib/cmake/vtk-7.1/VTKTargets.cmake"
but not all the files it references.

-- The imported target "vtkRenderingPythonTkWidgets" references the file
   "/usr/lib/x86_64-linux-gnu/libvtkRenderingPythonTkWidgets.so"
but this file does not exist.  Possible reasons include:
* The file was deleted, renamed, or moved to another location.
* An install or uninstall procedure did not complete successfully.
* The installation package was faulty and contained
   "/usr/lib/cmake/vtk-7.1/VTKTargets.cmake"
but not all the files it references.

-- The imported target "vtk" references the file
   "/usr/bin/vtk"
but this file does not exist.  Possible reasons include:
* The file was deleted, renamed, or moved to another location.
* An install or uninstall procedure did not complete successfully.
* The installation package was faulty and contained
   "/usr/lib/cmake/vtk-7.1/VTKTargets.cmake"
but not all the files it references.

-- The imported target "pvtk" references the file
   "/usr/bin/pvtk"
but this file does not exist.  Possible reasons include:
* The file was deleted, renamed, or moved to another location.
* An install or uninstall procedure did not complete successfully.
* The installation package was faulty and contained
   "/usr/lib/cmake/vtk-7.1/VTKTargets.cmake"
but not all the files it references.

-- QHULL found (include: /usr/include, lib: optimized;/usr/lib/x86_64-linux-gnu/libqhull.so;debug;/usr/lib/x86_64-linux-gnu/libqhull.so)
-- OpenNI found (include: /usr/include/ni, lib: /usr/lib/libOpenNI.so)
-- PCL definitions don't contain "-march=native", make sure all libraries using Eigen are also compiled without that flag to avoid some segmentation faults (with gdb referring to some Eigen functions).
-- Found SQLite3: /usr/include /usr/lib/x86_64-linux-gnu/libsqlite3.so
-- Found OpenMP_C: -fopenmp  
-- Found OpenMP_CXX: -fopenmp  
-- Found OpenMP: TRUE  found components: C CXX 
-- Found OpenMP: /usr/lib/gcc/x86_64-linux-gnu/9/libgomp.so;/usr/lib/x86_64-linux-gnu/libpthread.so
-- Add PCL_OMP to definitions
-- Found OpenCV: /usr/local/include/opencv4
-- Found PCL: /usr/include/pcl-1.10;/usr/include/eigen3;/usr/include;/usr/include/ni;/usr/include/vtk-7.1;/usr/include/freetype2;/usr/include/x86_64-linux-gnu
-- Found ZLIB: /usr/include
-- VTK_RENDERING_BACKEND=OpenGL2
-- Found OpenNI2: /usr/include/openni2
-- Found DC1394: /usr/include/dc1394
-- Could NOT find g2o (missing: g2o_DIR)
-- RTAB-Map's cmake g2o find module used for convenience (for older g2o versions)
-- Could NOT find CSPARSE (missing: CSPARSE_INCLUDE_DIR CSPARSE_LIBRARY) 
-- FlyCapture2_INCLUDE_DIR=FlyCapture2_INCLUDE_DIR-NOTFOUND
-- FlyCapture2_LIBRARY=FlyCapture2_LIBRARY-NOTFOUND
-- Triclops_INCLUDE_DIR=Triclops_INCLUDE_DIR-NOTFOUND
-- Triclops_LIBRARY=Triclops_LIBRARY-NOTFOUND
-- FlyCaptureBridge_LIBRARY=FlyCaptureBridge_LIBRARY-NOTFOUND
-- Found RealSense2: 
-- Found octomap 1.9.3: /usr/include
-- Architecture: x86_64
-- Found Pthreads
-- --------------------------------------------
-- Info :
--   RTAB-Map Version =     0.21.9
--   CMAKE_VERSION =        3.16.3
--   CMAKE_INSTALL_PREFIX = /home/shiven/colcon_ws/install/rtabmap
--   CMAKE_BUILD_TYPE =     Release
--   CMAKE_INSTALL_LIBDIR = lib
--   BUILD_APP =            ON
--   BUILD_TOOLS =          ON
--   BUILD_EXAMPLES =       ON
--   BUILD_SHARED_LIBS =    ON
--   CMAKE_CXX_FLAGS =  -fmessage-length=0  -fopenmp -std=c++14
--   FLANN_KDTREE_MEM_OPT = OFF
--   PCL_DEFINITIONS = -DDISABLE_OPENNI2;-DDISABLE_PCAP;-DDISABLE_PNG;-DDISABLE_LIBUSB_1_0
--   PCL_VERSION = 1.10.0
-- 
-- Optional dependencies ('*' affects some default parameters) :
--  *With OpenCV 4.2.0 xfeatures2d = YES, nonfree = NO (License: BSD)
--   With Qt 5.12.8            = YES (License: Open Source or Commercial)
--   With VTK 7.1              = YES (License: BSD)
--   With external SQLite3     = YES (License: Public Domain)
--   With ORB OcTree           = YES (License: GPLv3)
--   With SupertPoint          = NO (WITH_TORCH=OFF)
--   With Python3              = NO (WITH_PYTHON=OFF)
--   With Madgwick             = YES (License: GPL)
--   With FastCV               = NO (FastCV not found)
--   With PDAL                 = NO (PDAL not found)
--   With libLAS               = NO (WITH_LIBLAS=OFF)
--   With CudaSift             = NO (WITH_CUDASIFT=OFF)
-- 
--  Solvers:
--   With TORO                 = YES (License: Creative Commons [Attribution-NonCommercial-ShareAlike])
--  *With g2o                  = NO (g2o not found)
--  *With GTSAM                = NO (GTSAM not found)
--  *With Ceres                = NO (WITH_CERES=OFF)
--   With MRPT                 = NO (MRPT not found)
--   With VERTIGO              = NO (GTSAM or g2o required)
--   With cvsba                = NO (WITH_CVSBA=OFF)
--  *With libpointmatcher      = NO (libpointmatcher not found)
--   With CCCoreLib            = NO (WITH_CCCORELIB=OFF)
--   With Open3D               = NO (WITH_OPEN3D=OFF)
--   With OpenGV               = NO (OpenGV not found)
-- 
--  Reconstruction Approaches:
--   With OctoMap 1.9.3        = YES (License: BSD)
--   With GridMap              = NO (grid_map_core not found)
--   With CPUTSDF              = NO (WITH_CPUTSDF=OFF)
--   With OpenChisel           = NO (WITH_OPENCHISEL=OFF)
--   With AliceVision          = NO (WITH_ALICE_VISION=OFF)
-- 
--  Camera Drivers:
--   With Freenect             = NO (libfreenect not found)
--   With OpenNI               = YES (License: Apache v2)
--   With OpenNI2              = YES (License: Apache v2)
--   With Freenect2            = NO (libfreenect2 not found)
--   With Kinect for Windows 2 = NO (Kinect for Windows 2 SDK not found)
--   With Kinect for Azure     = NO (Kinect for Azure SDK not found)
--   With dc1394               = YES (License: LGPL)
--   With FlyCapture2/Triclops = NO (Point Grey SDK not found)
--   With ZED                  = NO (ZED sdk and/or cuda not found)
--   With ZEDOC                = NO (ZED Open Capture not found)
--   With RealSense            = NO (librealsense not found)
--   With RealSense2 2.55.1    = YES (License: Apache-2)
--   With MyntEyeS             = NO (mynteye s sdk not found)
--   With DepthAI              = NO (WITH_DEPTHAI=OFF)
--   With XVisio SDK           = NO (WITH_XVSDK=OFF)
-- 
--  Odometry Approaches:
--   With loam_velodyne        = NO (WITH_LOAM=OFF)
--   With floam                = NO (WITH_FLOAM=OFF)
--   With libfovis             = NO (WITH_FOVIS=OFF)
--   With libviso2             = NO (WITH_VISO2=OFF)
--   With dvo_core             = NO (WITH_DVO=OFF)
--   With okvis                = NO (WITH_OKVIS=OFF)
--   With msckf_vio            = NO (WITH_MSCKF_VIO=OFF)
--   With VINS-Fusion          = NO (WITH_VINS=OFF)
--   With OpenVINS             = NO (WITH_OPENVINS=OFF)
--   With ORB_SLAM             = NO (WITH_ORB_SLAM=OFF)
-- Show all options with: cmake -LA | grep WITH_
-- --------------------------------------------
-- Configuring done
-- Generating done
-- Build files have been written to: /home/shiven/colcon_ws/build/rtabmap
[  5%] Built target rtabmap_utilite
[  6%] Built target res_tool
[ 55%] Built target rtabmap_core
[ 55%] [34m[1mAutomatic MOC and UIC for target rtabmap_gui[0m
[ 56%] Built target imagesJoiner
[ 58%] Built target camera
[ 58%] Built target consoleApp
[ 59%] Built target extractObject
[ 60%] Built target stereoEval
[ 60%] Built target rtabmap_gui_autogen
[ 61%] Built target recovery
[ 62%] Built target kitti_dataset
[ 63%] Built target euroc_dataset
[ 65%] Built target rgbd_dataset
[ 65%] Built target reprocess
[ 66%] Built target detectMoreLoopClosures
[ 67%] Built target info
[ 67%] Built target export
[ 68%] Built target cleanupLocalGrids
[ 69%] Built target globalBundleAdjustment
[ 70%] Built target lidar_viewer
[ 87%] Built target rtabmap_gui
[ 88%] Built target report
[ 89%] Built target epipolar_geometry
[ 90%] Built target odometryViewer
[ 91%] Built target databaseViewer
[ 92%] Built target rtabmap_app
[ 92%] Built target rgbd_camera
[ 94%] [34m[1mAutomatic MOC and UIC for target rgbd_mapping[0m
[ 94%] [34m[1mAutomatic MOC and UIC for target wifi_mapping[0m
[ 94%] Built target bow_mapping
[ 94%] Built target dataRecorder
[ 95%] Built target calibration
[ 95%] Built target wifi_mapping_autogen
[ 95%] Built target rgbd_mapping_autogen
[ 96%] Built target matcher
[ 96%] [34m[1mAutomatic MOC and UIC for target noEventsExample[0m
[ 96%] [34m[1mAutomatic MOC and UIC for target lidar_mapping[0m
[ 96%] Built target noEventsExample_autogen
[ 96%] Built target lidar_mapping_autogen
[ 97%] Built target wifi_mapping
[ 98%] Built target rgbd_mapping
[ 99%] Built target noEventsExample
[100%] Built target lidar_mapping
-- Install configuration: "Release"
-- Up-to-date: /home/shiven/colcon_ws/install/rtabmap/lib/librtabmap_utilite.so.0.21.9
-- Up-to-date: /home/shiven/colcon_ws/install/rtabmap/lib/librtabmap_utilite.so.0.21
-- Up-to-date: /home/shiven/colcon_ws/install/rtabmap/lib/librtabmap_utilite.so
-- Up-to-date: /home/shiven/colcon_ws/install/rtabmap/include/rtabmap-0.21/rtabmap
-- Up-to-date: /home/shiven/colcon_ws/install/rtabmap/include/rtabmap-0.21/rtabmap/utilite
-- Up-to-date: /home/shiven/colcon_ws/install/rtabmap/include/rtabmap-0.21/rtabmap/utilite/UTimer.h
-- Up-to-date: /home/shiven/colcon_ws/install/rtabmap/include/rtabmap-0.21/rtabmap/utilite/UMutex.h
-- Up-to-date: /home/shiven/colcon_ws/install/rtabmap/include/rtabmap-0.21/rtabmap/utilite/UEvent.h
-- Up-to-date: /home/shiven/colcon_ws/install/rtabmap/include/rtabmap-0.21/rtabmap/utilite/Posix
-- Up-to-date: /home/shiven/colcon_ws/install/rtabmap/include/rtabmap-0.21/rtabmap/utilite/Posix/UThreadC.h
-- Up-to-date: /home/shiven/colcon_ws/install/rtabmap/include/rtabmap-0.21/rtabmap/utilite/UEventsManager.h
-- Up-to-date: /home/shiven/colcon_ws/install/rtabmap/include/rtabmap-0.21/rtabmap/utilite/UStl.h
-- Up-to-date: /home/shiven/colcon_ws/install/rtabmap/include/rtabmap-0.21/rtabmap/utilite/UtiLite.h
-- Up-to-date: /home/shiven/colcon_ws/install/rtabmap/include/rtabmap-0.21/rtabmap/utilite/USemaphore.h
-- Up-to-date: /home/shiven/colcon_ws/install/rtabmap/include/rtabmap-0.21/rtabmap/utilite/UDestroyer.h
-- Up-to-date: /home/shiven/colcon_ws/install/rtabmap/include/rtabmap-0.21/rtabmap/utilite/ULogger.h
-- Up-to-date: /home/shiven/colcon_ws/install/rtabmap/include/rtabmap-0.21/rtabmap/utilite/UThreadC.h
-- Up-to-date: /home/shiven/colcon_ws/install/rtabmap/include/rtabmap-0.21/rtabmap/utilite/UObjDeletionThread.h
-- Up-to-date: /home/shiven/colcon_ws/install/rtabmap/include/rtabmap-0.21/rtabmap/utilite/UException.h
-- Up-to-date: /home/shiven/colcon_ws/install/rtabmap/include/rtabmap-0.21/rtabmap/utilite/UMath.h
-- Up-to-date: /home/shiven/colcon_ws/install/rtabmap/include/rtabmap-0.21/rtabmap/utilite/UProcessInfo.h
-- Up-to-date: /home/shiven/colcon_ws/install/rtabmap/include/rtabmap-0.21/rtabmap/utilite/UVariant.h
-- Up-to-date: /home/shiven/colcon_ws/install/rtabmap/include/rtabmap-0.21/rtabmap/utilite/UConversion.h
-- Up-to-date: /home/shiven/colcon_ws/install/rtabmap/include/rtabmap-0.21/rtabmap/utilite/UEventsSender.h
-- Up-to-date: /home/shiven/colcon_ws/install/rtabmap/include/rtabmap-0.21/rtabmap/utilite/Win32
-- Up-to-date: /home/shiven/colcon_ws/install/rtabmap/include/rtabmap-0.21/rtabmap/utilite/Win32/UThreadC.h
-- Up-to-date: /home/shiven/colcon_ws/install/rtabmap/include/rtabmap-0.21/rtabmap/utilite/Win32/UWin32.h
-- Up-to-date: /home/shiven/colcon_ws/install/rtabmap/include/rtabmap-0.21/rtabmap/utilite/UFile.h
-- Up-to-date: /home/shiven/colcon_ws/install/rtabmap/include/rtabmap-0.21/rtabmap/utilite/UDirectory.h
-- Up-to-date: /home/shiven/colcon_ws/install/rtabmap/include/rtabmap-0.21/rtabmap/utilite/UEventsHandler.h
-- Up-to-date: /home/shiven/colcon_ws/install/rtabmap/include/rtabmap-0.21/rtabmap/utilite/UThreadNode.h
-- Up-to-date: /home/shiven/colcon_ws/install/rtabmap/include/rtabmap-0.21/rtabmap/utilite/UThread.h
-- Up-to-date: /home/shiven/colcon_ws/install/rtabmap/include/rtabmap-0.21/rtabmap
-- Up-to-date: /home/shiven/colcon_ws/install/rtabmap/include/rtabmap-0.21/rtabmap/utilite
-- Up-to-date: /home/shiven/colcon_ws/install/rtabmap/include/rtabmap-0.21/rtabmap/utilite/utilite_export.h
-- Up-to-date: /home/shiven/colcon_ws/install/rtabmap/lib/rtabmap-0.21/RTABMap_utiliteTargets.cmake
-- Installing: /home/shiven/colcon_ws/install/rtabmap/lib/rtabmap-0.21/RTABMap_utiliteTargets-release.cmake
-- Up-to-date: /home/shiven/colcon_ws/install/rtabmap/bin/rtabmap-res_tool-0.3.0
-- Up-to-date: /home/shiven/colcon_ws/install/rtabmap/bin/rtabmap-res_tool
-- Up-to-date: /home/shiven/colcon_ws/install/rtabmap/lib/librtabmap_core.so.0.21.9
-- Up-to-date: /home/shiven/colcon_ws/install/rtabmap/lib/librtabmap_core.so.0.21
-- Up-to-date: /home/shiven/colcon_ws/install/rtabmap/lib/librtabmap_core.so
-- Up-to-date: /home/shiven/colcon_ws/install/rtabmap/include/rtabmap-0.21/rtabmap
-- Up-to-date: /home/shiven/colcon_ws/install/rtabmap/include/rtabmap-0.21/rtabmap/core
-- Up-to-date: /home/shiven/colcon_ws/install/rtabmap/include/rtabmap-0.21/rtabmap/core/GeodeticCoords.h
-- Up-to-date: /home/shiven/colcon_ws/install/rtabmap/include/rtabmap-0.21/rtabmap/core/SensorData.h
-- Up-to-date: /home/shiven/colcon_ws/install/rtabmap/include/rtabmap-0.21/rtabmap/core/Camera.h
-- Up-to-date: /home/shiven/colcon_ws/install/rtabmap/include/rtabmap-0.21/rtabmap/core/Image.h
-- Up-to-date: /home/shiven/colcon_ws/install/rtabmap/include/rtabmap-0.21/rtabmap/core/VWDictionary.h
-- Up-to-date: /home/shiven/colcon_ws/install/rtabmap/include/rtabmap-0.21/rtabmap/core/GlobalDescriptor.h
-- Up-to-date: /home/shiven/colcon_ws/install/rtabmap/include/rtabmap-0.21/rtabmap/core/Statistics.h
-- Up-to-date: /home/shiven/colcon_ws/install/rtabmap/include/rtabmap-0.21/rtabmap/core/StereoDense.h
-- Up-to-date: /home/shiven/colcon_ws/install/rtabmap/include/rtabmap-0.21/rtabmap/core/Registration.h
-- Up-to-date: /home/shiven/colcon_ws/install/rtabmap/include/rtabmap-0.21/rtabmap/core/SensorCaptureInfo.h
-- Up-to-date: /home/shiven/colcon_ws/install/rtabmap/include/rtabmap-0.21/rtabmap/core/RtabmapEvent.h
-- Up-to-date: /home/shiven/colcon_ws/install/rtabmap/include/rtabmap-0.21/rtabmap/core/global_map
-- Up-to-date: /home/shiven/colcon_ws/install/rtabmap/include/rtabmap-0.21/rtabmap/core/global_map/GridMap.h
-- Up-to-date: /home/shiven/colcon_ws/install/rtabmap/include/rtabmap-0.21/rtabmap/core/global_map/OctoMap.h
-- Up-to-date: /home/shiven/colcon_ws/install/rtabmap/include/rtabmap-0.21/rtabmap/core/global_map/OccupancyGrid.h
-- Up-to-date: /home/shiven/colcon_ws/install/rtabmap/include/rtabmap-0.21/rtabmap/core/global_map/CloudMap.h
-- Up-to-date: /home/shiven/colcon_ws/install/rtabmap/include/rtabmap-0.21/rtabmap/core/util3d_correspondences.h
-- Up-to-date: /home/shiven/colcon_ws/install/rtabmap/include/rtabmap-0.21/rtabmap/core/lidar
-- Up-to-date: /home/shiven/colcon_ws/install/rtabmap/include/rtabmap-0.21/rtabmap/core/lidar/LidarVLP16.h
-- Up-to-date: /home/shiven/colcon_ws/install/rtabmap/include/rtabmap-0.21/rtabmap/core/util3d.h
-- Up-to-date: /home/shiven/colcon_ws/install/rtabmap/include/rtabmap-0.21/rtabmap/core/LocalGrid.h
-- Up-to-date: /home/shiven/colcon_ws/install/rtabmap/include/rtabmap-0.21/rtabmap/core/CameraRGB.h
-- Up-to-date: /home/shiven/colcon_ws/install/rtabmap/include/rtabmap-0.21/rtabmap/core/optimizer
-- Up-to-date: /home/shiven/colcon_ws/install/rtabmap/include/rtabmap-0.21/rtabmap/core/optimizer/OptimizerGTSAM.h
-- Up-to-date: /home/shiven/colcon_ws/install/rtabmap/include/rtabmap-0.21/rtabmap/core/optimizer/OptimizerCeres.h
-- Up-to-date: /home/shiven/colcon_ws/install/rtabmap/include/rtabmap-0.21/rtabmap/core/optimizer/OptimizerG2O.h
-- Up-to-date: /home/shiven/colcon_ws/install/rtabmap/include/rtabmap-0.21/rtabmap/core/optimizer/OptimizerCVSBA.h
-- Up-to-date: /home/shiven/colcon_ws/install/rtabmap/include/rtabmap-0.21/rtabmap/core/optimizer/OptimizerTORO.h
-- Up-to-date: /home/shiven/colcon_ws/install/rtabmap/include/rtabmap-0.21/rtabmap/core/Signature.h
-- Up-to-date: /home/shiven/colcon_ws/install/rtabmap/include/rtabmap-0.21/rtabmap/core/Parameters.h
-- Up-to-date: /home/shiven/colcon_ws/install/rtabmap/include/rtabmap-0.21/rtabmap/core/camera
-- Up-to-date: /home/shiven/colcon_ws/install/rtabmap/include/rtabmap-0.21/rtabmap/core/camera/CameraFreenect2.h
-- Up-to-date: /home/shiven/colcon_ws/install/rtabmap/include/rtabmap-0.21/rtabmap/core/camera/CameraStereoImages.h
-- Up-to-date: /home/shiven/colcon_ws/install/rtabmap/include/rtabmap-0.21/rtabmap/core/camera/CameraDepthAI.h
-- Up-to-date: /home/shiven/colcon_ws/install/rtabmap/include/rtabmap-0.21/rtabmap/core/camera/CameraOpenNI2.h
-- Up-to-date: /home/shiven/colcon_ws/install/rtabmap/include/rtabmap-0.21/rtabmap/core/camera/CameraK4W2.h
-- Up-to-date: /home/shiven/colcon_ws/install/rtabmap/include/rtabmap-0.21/rtabmap/core/camera/CameraRealSense2.h
-- Up-to-date: /home/shiven/colcon_ws/install/rtabmap/include/rtabmap-0.21/rtabmap/core/camera/CameraK4A.h
-- Up-to-date: /home/shiven/colcon_ws/install/rtabmap/include/rtabmap-0.21/rtabmap/core/camera/CameraOpenni.h
-- Up-to-date: /home/shiven/colcon_ws/install/rtabmap/include/rtabmap-0.21/rtabmap/core/camera/CameraRealSense.h
-- Up-to-date: /home/shiven/colcon_ws/install/rtabmap/include/rtabmap-0.21/rtabmap/core/camera/CameraImages.h
-- Up-to-date: /home/shiven/colcon_ws/install/rtabmap/include/rtabmap-0.21/rtabmap/core/camera/CameraStereoZed.h
-- Up-to-date: /home/shiven/colcon_ws/install/rtabmap/include/rtabmap-0.21/rtabmap/core/camera/CameraStereoVideo.h
-- Up-to-date: /home/shiven/colcon_ws/install/rtabmap/include/rtabmap-0.21/rtabmap/core/camera/CameraRGBDImages.h
-- Up-to-date: /home/shiven/colcon_ws/install/rtabmap/include/rtabmap-0.21/rtabmap/core/camera/CameraStereoTara.h
-- Up-to-date: /home/shiven/colcon_ws/install/rtabmap/include/rtabmap-0.21/rtabmap/core/camera/CameraOpenNICV.h
-- Up-to-date: /home/shiven/colcon_ws/install/rtabmap/include/rtabmap-0.21/rtabmap/core/camera/CameraStereoDC1394.h
-- Up-to-date: /home/shiven/colcon_ws/install/rtabmap/include/rtabmap-0.21/rtabmap/core/camera/CameraStereoZedOC.h
-- Up-to-date: /home/shiven/colcon_ws/install/rtabmap/include/rtabmap-0.21/rtabmap/core/camera/CameraVideo.h
-- Up-to-date: /home/shiven/colcon_ws/install/rtabmap/include/rtabmap-0.21/rtabmap/core/camera/CameraMyntEye.h
-- Up-to-date: /home/shiven/colcon_ws/install/rtabmap/include/rtabmap-0.21/rtabmap/core/camera/CameraStereoFlyCapture2.h
-- Up-to-date: /home/shiven/colcon_ws/install/rtabmap/include/rtabmap-0.21/rtabmap/core/camera/CameraFreenect.h
-- Up-to-date: /home/shiven/colcon_ws/install/rtabmap/include/rtabmap-0.21/rtabmap/core/camera/CameraSeerSense.h
-- Up-to-date: /home/shiven/colcon_ws/install/rtabmap/include/rtabmap-0.21/rtabmap/core/RegistrationVis.h
-- Up-to-date: /home/shiven/colcon_ws/install/rtabmap/include/rtabmap-0.21/rtabmap/core/Link.h
-- Up-to-date: /home/shiven/colcon_ws/install/rtabmap/include/rtabmap-0.21/rtabmap/core/OctoMap.h
-- Up-to-date: /home/shiven/colcon_ws/install/rtabmap/include/rtabmap-0.21/rtabmap/core/Compression.h
-- Up-to-date: /home/shiven/colcon_ws/install/rtabmap/include/rtabmap-0.21/rtabmap/core/SensorCaptureThread.h
-- Up-to-date: /home/shiven/colcon_ws/install/rtabmap/include/rtabmap-0.21/rtabmap/core/SensorCapture.h
-- Up-to-date: /home/shiven/colcon_ws/install/rtabmap/include/rtabmap-0.21/rtabmap/core/OccupancyGrid.h
-- Up-to-date: /home/shiven/colcon_ws/install/rtabmap/include/rtabmap-0.21/rtabmap/core/PythonInterface.h
-- Up-to-date: /home/shiven/colcon_ws/install/rtabmap/include/rtabmap-0.21/rtabmap/core/StereoCameraModel.h
-- Up-to-date: /home/shiven/colcon_ws/install/rtabmap/include/rtabmap-0.21/rtabmap/core/RegistrationInfo.h
-- Up-to-date: /home/shiven/colcon_ws/install/rtabmap/include/rtabmap-0.21/rtabmap/core/GainCompensator.h
-- Up-to-date: /home/shiven/colcon_ws/install/rtabmap/include/rtabmap-0.21/rtabmap/core/OdometryInfo.h
-- Up-to-date: /home/shiven/colcon_ws/install/rtabmap/include/rtabmap-0.21/rtabmap/core/OdometryEvent.h
-- Up-to-date: /home/shiven/colcon_ws/install/rtabmap/include/rtabmap-0.21/rtabmap/core/Graph.h
-- Up-to-date: /home/shiven/colcon_ws/install/rtabmap/include/rtabmap-0.21/rtabmap/core/ProgressState.h
-- Up-to-date: /home/shiven/colcon_ws/install/rtabmap/include/rtabmap-0.21/rtabmap/core/VisualWord.h
-- Up-to-date: /home/shiven/colcon_ws/install/rtabmap/include/rtabmap-0.21/rtabmap/core/LASWriter.h
-- Up-to-date: /home/shiven/colcon_ws/install/rtabmap/include/rtabmap-0.21/rtabmap/core/odometry
-- Up-to-date: /home/shiven/colcon_ws/install/rtabmap/include/rtabmap-0.21/rtabmap/core/odometry/OdometryFovis.h
-- Up-to-date: /home/shiven/colcon_ws/install/rtabmap/include/rtabmap-0.21/rtabmap/core/odometry/OdometryMono.h
-- Up-to-date: /home/shiven/colcon_ws/install/rtabmap/include/rtabmap-0.21/rtabmap/core/odometry/OdometryORBSLAM3.h
-- Up-to-date: /home/shiven/colcon_ws/install/rtabmap/include/rtabmap-0.21/rtabmap/core/odometry/OdometryOkvis.h
-- Up-to-date: /home/shiven/colcon_ws/install/rtabmap/include/rtabmap-0.21/rtabmap/core/odometry/OdometryORBSLAM2.h
-- Up-to-date: /home/shiven/colcon_ws/install/rtabmap/include/rtabmap-0.21/rtabmap/core/odometry/OdometryDVO.h
-- Up-to-date: /home/shiven/colcon_ws/install/rtabmap/include/rtabmap-0.21/rtabmap/core/odometry/OdometryOpen3D.h
-- Up-to-date: /home/shiven/colcon_ws/install/rtabmap/include/rtabmap-0.21/rtabmap/core/odometry/OdometryMSCKF.h
-- Up-to-date: /home/shiven/colcon_ws/install/rtabmap/include/rtabmap-0.21/rtabmap/core/odometry/OdometryLOAM.h
-- Up-to-date: /home/shiven/colcon_ws/install/rtabmap/include/rtabmap-0.21/rtabmap/core/odometry/OdometryF2M.h
-- Up-to-date: /home/shiven/colcon_ws/install/rtabmap/include/rtabmap-0.21/rtabmap/core/odometry/OdometryFLOAM.h
-- Up-to-date: /home/shiven/colcon_ws/install/rtabmap/include/rtabmap-0.21/rtabmap/core/odometry/OdometryVINS.h
-- Up-to-date: /home/shiven/colcon_ws/install/rtabmap/include/rtabmap-0.21/rtabmap/core/odometry/OdometryF2F.h
-- Up-to-date: /home/shiven/colcon_ws/install/rtabmap/include/rtabmap-0.21/rtabmap/core/odometry/OdometryViso2.h
-- Up-to-date: /home/shiven/colcon_ws/install/rtabmap/include/rtabmap-0.21/rtabmap/core/odometry/OdometryOpenVINS.h
-- Up-to-date: /home/shiven/colcon_ws/install/rtabmap/include/rtabmap-0.21/rtabmap/core/OdometryThread.h
-- Up-to-date: /home/shiven/colcon_ws/install/rtabmap/include/rtabmap-0.21/rtabmap/core/CameraEvent.h
-- Up-to-date: /home/shiven/colcon_ws/install/rtabmap/include/rtabmap-0.21/rtabmap/core/ParticleFilter.h
-- Up-to-date: /home/shiven/colcon_ws/install/rtabmap/include/rtabmap-0.21/rtabmap/core/Lidar.h
-- Up-to-date: /home/shiven/colcon_ws/install/rtabmap/include/rtabmap-0.21/rtabmap/core/util3d_transforms.h
-- Up-to-date: /home/shiven/colcon_ws/install/rtabmap/include/rtabmap-0.21/rtabmap/core/util3d_registration.h
-- Up-to-date: /home/shiven/colcon_ws/install/rtabmap/include/rtabmap-0.21/rtabmap/core/CameraRGBD.h
-- Up-to-date: /home/shiven/colcon_ws/install/rtabmap/include/rtabmap-0.21/rtabmap/core/util3d_filtering.h
-- Up-to-date: /home/shiven/colcon_ws/install/rtabmap/include/rtabmap-0.21/rtabmap/core/util2d.h
-- Up-to-date: /home/shiven/colcon_ws/install/rtabmap/include/rtabmap-0.21/rtabmap/core/SensorEvent.h
-- Up-to-date: /home/shiven/colcon_ws/install/rtabmap/include/rtabmap-0.21/rtabmap/core/MarkerDetector.h
-- Up-to-date: /home/shiven/colcon_ws/install/rtabmap/include/rtabmap-0.21/rtabmap/core/Recovery.h
-- Up-to-date: /home/shiven/colcon_ws/install/rtabmap/include/rtabmap-0.21/rtabmap/core/BayesFilter.h
-- Up-to-date: /home/shiven/colcon_ws/install/rtabmap/include/rtabmap-0.21/rtabmap/core/GPS.h
-- Up-to-date: /home/shiven/colcon_ws/install/rtabmap/include/rtabmap-0.21/rtabmap/core/util3d_features.h
-- Up-to-date: /home/shiven/colcon_ws/install/rtabmap/include/rtabmap-0.21/rtabmap/core/EnvSensor.h
-- Up-to-date: /home/shiven/colcon_ws/install/rtabmap/include/rtabmap-0.21/rtabmap/core/FlannIndex.h
-- Up-to-date: /home/shiven/colcon_ws/install/rtabmap/include/rtabmap-0.21/rtabmap/core/Rtabmap.h
-- Up-to-date: /home/shiven/colcon_ws/install/rtabmap/include/rtabmap-0.21/rtabmap/core/RtabmapThread.h
-- Up-to-date: /home/shiven/colcon_ws/install/rtabmap/include/rtabmap-0.21/rtabmap/core/LaserScan.h
-- Up-to-date: /home/shiven/colcon_ws/install/rtabmap/include/rtabmap-0.21/rtabmap/core/DBReader.h
-- Up-to-date: /home/shiven/colcon_ws/install/rtabmap/include/rtabmap-0.21/rtabmap/core/Optimizer.h
-- Up-to-date: /home/shiven/colcon_ws/install/rtabmap/include/rtabmap-0.21/rtabmap/core/Features2d.h
-- Up-to-date: /home/shiven/colcon_ws/install/rtabmap/include/rtabmap-0.21/rtabmap/core/Transform.h
-- Up-to-date: /home/shiven/colcon_ws/install/rtabmap/include/rtabmap-0.21/rtabmap/core/Stereo.h
-- Up-to-date: /home/shiven/colcon_ws/install/rtabmap/include/rtabmap-0.21/rtabmap/core/impl
-- Up-to-date: /home/shiven/colcon_ws/install/rtabmap/include/rtabmap-0.21/rtabmap/core/impl/util3d.hpp
-- Up-to-date: /home/shiven/colcon_ws/install/rtabmap/include/rtabmap-0.21/rtabmap/core/impl/util3d_surface.hpp
-- Up-to-date: /home/shiven/colcon_ws/install/rtabmap/include/rtabmap-0.21/rtabmap/core/impl/util3d_mapping.hpp
-- Up-to-date: /home/shiven/colcon_ws/install/rtabmap/include/rtabmap-0.21/rtabmap/core/impl/LocalMapMaker.hpp
-- Up-to-date: /home/shiven/colcon_ws/install/rtabmap/include/rtabmap-0.21/rtabmap/core/GlobalDescriptorExtractor.h
-- Up-to-date: /home/shiven/colcon_ws/install/rtabmap/include/rtabmap-0.21/rtabmap/core/EpipolarGeometry.h
-- Up-to-date: /home/shiven/colcon_ws/install/rtabmap/include/rtabmap-0.21/rtabmap/core/Landmark.h
-- Up-to-date: /home/shiven/colcon_ws/install/rtabmap/include/rtabmap-0.21/rtabmap/core/CameraModel.h
-- Up-to-date: /home/shiven/colcon_ws/install/rtabmap/include/rtabmap-0.21/rtabmap/core/Odometry.h
-- Up-to-date: /home/shiven/colcon_ws/install/rtabmap/include/rtabmap-0.21/rtabmap/core/stereo
-- Up-to-date: /home/shiven/colcon_ws/install/rtabmap/include/rtabmap-0.21/rtabmap/core/stereo/StereoBM.h
-- Up-to-date: /home/shiven/colcon_ws/install/rtabmap/include/rtabmap-0.21/rtabmap/core/stereo/stereoRectifyFisheye.h
-- Up-to-date: /home/shiven/colcon_ws/install/rtabmap/include/rtabmap-0.21/rtabmap/core/stereo/StereoSGBM.h
-- Up-to-date: /home/shiven/colcon_ws/install/rtabmap/include/rtabmap-0.21/rtabmap/core/UserDataEvent.h
-- Up-to-date: /home/shiven/colcon_ws/install/rtabmap/include/rtabmap-0.21/rtabmap/core/LocalGridMaker.h
-- Up-to-date: /home/shiven/colcon_ws/install/rtabmap/include/rtabmap-0.21/rtabmap/core/CameraInfo.h
-- Up-to-date: /home/shiven/colcon_ws/install/rtabmap/include/rtabmap-0.21/rtabmap/core/util3d_motion_estimation.h
-- Up-to-date: /home/shiven/colcon_ws/install/rtabmap/include/rtabmap-0.21/rtabmap/core/GlobalMap.h
-- Up-to-date: /home/shiven/colcon_ws/install/rtabmap/include/rtabmap-0.21/rtabmap/core/PDALWriter.h
-- Up-to-date: /home/shiven/colcon_ws/install/rtabmap/include/rtabmap-0.21/rtabmap/core/DBDriver.h
-- Up-to-date: /home/shiven/colcon_ws/install/rtabmap/include/rtabmap-0.21/rtabmap/core/IMUFilter.h
-- Up-to-date: /home/shiven/colcon_ws/install/rtabmap/include/rtabmap-0.21/rtabmap/core/CameraThread.h
-- Up-to-date: /home/shiven/colcon_ws/install/rtabmap/include/rtabmap-0.21/rtabmap/core/RegistrationIcp.h
-- Up-to-date: /home/shiven/colcon_ws/install/rtabmap/include/rtabmap-0.21/rtabmap/core/DBDriverSqlite3.h
-- Up-to-date: /home/shiven/colcon_ws/install/rtabmap/include/rtabmap-0.21/rtabmap/core/IMUThread.h
-- Up-to-date: /home/shiven/colcon_ws/install/rtabmap/include/rtabmap-0.21/rtabmap/core/util3d_surface.h
-- Up-to-date: /home/shiven/colcon_ws/install/rtabmap/include/rtabmap-0.21/rtabmap/core/util3d_mapping.h
-- Up-to-date: /home/shiven/colcon_ws/install/rtabmap/include/rtabmap-0.21/rtabmap/core/CameraStereo.h
-- Up-to-date: /home/shiven/colcon_ws/install/rtabmap/include/rtabmap-0.21/rtabmap/core/ParamEvent.h
-- Up-to-date: /home/shiven/colcon_ws/install/rtabmap/include/rtabmap-0.21/rtabmap/core/IMU.h
-- Up-to-date: /home/shiven/colcon_ws/install/rtabmap/include/rtabmap-0.21/rtabmap/core/Memory.h
-- Up-to-date: /home/shiven/colcon_ws/install/rtabmap/include/rtabmap-0.21/rtabmap/core/clams
-- Up-to-date: /home/shiven/colcon_ws/install/rtabmap/include/rtabmap-0.21/rtabmap/core/clams/discrete_depth_distortion_model.h
-- Up-to-date: /home/shiven/colcon_ws/install/rtabmap/include/rtabmap-0.21/rtabmap/core/clams/slam_calibrator.h
-- Up-to-date: /home/shiven/colcon_ws/install/rtabmap/include/rtabmap-0.21/rtabmap/core/clams/frame_projector.h
-- Up-to-date: /home/shiven/colcon_ws/install/rtabmap/include/rtabmap-0.21/rtabmap
-- Up-to-date: /home/shiven/colcon_ws/install/rtabmap/include/rtabmap-0.21/rtabmap/core
-- Up-to-date: /home/shiven/colcon_ws/install/rtabmap/include/rtabmap-0.21/rtabmap/core/Version.h
-- Up-to-date: /home/shiven/colcon_ws/install/rtabmap/include/rtabmap-0.21/rtabmap/core/rtabmap_core_export.h
-- Up-to-date: /home/shiven/colcon_ws/install/rtabmap/lib/rtabmap-0.21/RTABMap_coreTargets.cmake
-- Installing: /home/shiven/colcon_ws/install/rtabmap/lib/rtabmap-0.21/RTABMap_coreTargets-release.cmake
-- Up-to-date: /home/shiven/colcon_ws/install/rtabmap/lib/librtabmap_gui.so.0.21.9
-- Up-to-date: /home/shiven/colcon_ws/install/rtabmap/lib/librtabmap_gui.so.0.21
-- Up-to-date: /home/shiven/colcon_ws/install/rtabmap/lib/librtabmap_gui.so
-- Up-to-date: /home/shiven/colcon_ws/install/rtabmap/include/rtabmap-0.21/rtabmap
-- Up-to-date: /home/shiven/colcon_ws/install/rtabmap/include/rtabmap-0.21/rtabmap/gui
-- Up-to-date: /home/shiven/colcon_ws/install/rtabmap/include/rtabmap-0.21/rtabmap/gui/CloudViewerInteractorStyle.h
-- Up-to-date: /home/shiven/colcon_ws/install/rtabmap/include/rtabmap-0.21/rtabmap/gui/DataRecorder.h
-- Up-to-date: /home/shiven/colcon_ws/install/rtabmap/include/rtabmap-0.21/rtabmap/gui/GraphViewer.h
-- Up-to-date: /home/shiven/colcon_ws/install/rtabmap/include/rtabmap-0.21/rtabmap/gui/AboutDialog.h
-- Up-to-date: /home/shiven/colcon_ws/install/rtabmap/include/rtabmap-0.21/rtabmap/gui/EditDepthArea.h
-- Up-to-date: /home/shiven/colcon_ws/install/rtabmap/include/rtabmap-0.21/rtabmap/gui/CameraViewer.h
-- Up-to-date: /home/shiven/colcon_ws/install/rtabmap/include/rtabmap-0.21/rtabmap/gui/RecoveryState.h
-- Up-to-date: /home/shiven/colcon_ws/install/rtabmap/include/rtabmap-0.21/rtabmap/gui/CreateSimpleCalibrationDialog.h
-- Up-to-date: /home/shiven/colcon_ws/install/rtabmap/include/rtabmap-0.21/rtabmap/gui/ImageView.h
-- Up-to-date: /home/shiven/colcon_ws/install/rtabmap/include/rtabmap-0.21/rtabmap/gui/PdfPlot.h
-- Up-to-date: /home/shiven/colcon_ws/install/rtabmap/include/rtabmap-0.21/rtabmap/gui/ConsoleWidget.h
-- Up-to-date: /home/shiven/colcon_ws/install/rtabmap/include/rtabmap-0.21/rtabmap/gui/MultiSessionLocWidget.h
-- Up-to-date: /home/shiven/colcon_ws/install/rtabmap/include/rtabmap-0.21/rtabmap/gui/DepthCalibrationDialog.h
-- Up-to-date: /home/shiven/colcon_ws/install/rtabmap/include/rtabmap-0.21/rtabmap/gui/PreferencesDialog.h
-- Up-to-date: /home/shiven/colcon_ws/install/rtabmap/include/rtabmap-0.21/rtabmap/gui/ExportBundlerDialog.h
-- Up-to-date: /home/shiven/colcon_ws/install/rtabmap/include/rtabmap-0.21/rtabmap/gui/MapVisibilityWidget.h
-- Up-to-date: /home/shiven/colcon_ws/install/rtabmap/include/rtabmap-0.21/rtabmap/gui/CloudViewerCellPicker.h
-- Up-to-date: /home/shiven/colcon_ws/install/rtabmap/include/rtabmap-0.21/rtabmap/gui/TexturingState.h
-- Up-to-date: /home/shiven/colcon_ws/install/rtabmap/include/rtabmap-0.21/rtabmap/gui/ExportDialog.h
-- Up-to-date: /home/shiven/colcon_ws/install/rtabmap/include/rtabmap-0.21/rtabmap/gui/MultiSessionLocSubView.h
-- Up-to-date: /home/shiven/colcon_ws/install/rtabmap/include/rtabmap-0.21/rtabmap/gui/EditConstraintDialog.h
-- Up-to-date: /home/shiven/colcon_ws/install/rtabmap/include/rtabmap-0.21/rtabmap/gui/MainWindow.h
-- Up-to-date: /home/shiven/colcon_ws/install/rtabmap/include/rtabmap-0.21/rtabmap/gui/ProgressDialog.h
-- Up-to-date: /home/shiven/colcon_ws/install/rtabmap/include/rtabmap-0.21/rtabmap/gui/CalibrationDialog.h
-- Up-to-date: /home/shiven/colcon_ws/install/rtabmap/include/rtabmap-0.21/rtabmap/gui/ExportCloudsDialog.h
-- Up-to-date: /home/shiven/colcon_ws/install/rtabmap/include/rtabmap-0.21/rtabmap/gui/OdometryViewer.h
-- Up-to-date: /home/shiven/colcon_ws/install/rtabmap/include/rtabmap-0.21/rtabmap/gui/StatsToolBox.h
-- Up-to-date: /home/shiven/colcon_ws/install/rtabmap/include/rtabmap-0.21/rtabmap/gui/CloudViewer.h
-- Up-to-date: /home/shiven/colcon_ws/install/rtabmap/include/rtabmap-0.21/rtabmap/gui/LoopClosureViewer.h
-- Up-to-date: /home/shiven/colcon_ws/install/rtabmap/include/rtabmap-0.21/rtabmap/gui/ParametersToolBox.h
-- Up-to-date: /home/shiven/colcon_ws/install/rtabmap/include/rtabmap-0.21/rtabmap/gui/PostProcessingDialog.h
-- Up-to-date: /home/shiven/colcon_ws/install/rtabmap/include/rtabmap-0.21/rtabmap/gui/EditMapArea.h
-- Up-to-date: /home/shiven/colcon_ws/install/rtabmap/include/rtabmap-0.21/rtabmap/gui/LinkRefiningDialog.h
-- Up-to-date: /home/shiven/colcon_ws/install/rtabmap/include/rtabmap-0.21/rtabmap/gui/DatabaseViewer.h
-- Up-to-date: /home/shiven/colcon_ws/install/rtabmap/include/rtabmap-0.21/rtabmap/gui/KeypointItem.h
-- Up-to-date: /home/shiven/colcon_ws/install/rtabmap/include/rtabmap-0.21/rtabmap/utilite
-- Up-to-date: /home/shiven/colcon_ws/install/rtabmap/include/rtabmap-0.21/rtabmap/utilite/UImageView.h
-- Up-to-date: /home/shiven/colcon_ws/install/rtabmap/include/rtabmap-0.21/rtabmap/utilite/UCv2Qt.h
-- Up-to-date: /home/shiven/colcon_ws/install/rtabmap/include/rtabmap-0.21/rtabmap/utilite/UPlot.h
-- Up-to-date: /home/shiven/colcon_ws/install/rtabmap/include/rtabmap-0.21/rtabmap
-- Up-to-date: /home/shiven/colcon_ws/install/rtabmap/include/rtabmap-0.21/rtabmap/gui
-- Up-to-date: /home/shiven/colcon_ws/install/rtabmap/include/rtabmap-0.21/rtabmap/gui/rtabmap_gui_export.h
-- Up-to-date: /home/shiven/colcon_ws/install/rtabmap/lib/rtabmap-0.21/RTABMap_guiTargets.cmake
-- Installing: /home/shiven/colcon_ws/install/rtabmap/lib/rtabmap-0.21/RTABMap_guiTargets-release.cmake
-- Up-to-date: /home/shiven/colcon_ws/install/rtabmap/bin/rtabmap
-- Up-to-date: /home/shiven/colcon_ws/install/rtabmap/bin/rtabmap-console
-- Up-to-date: /home/shiven/colcon_ws/install/rtabmap/bin/rtabmap-extractObject
-- Up-to-date: /home/shiven/colcon_ws/install/rtabmap/bin/rtabmap-camera
-- Up-to-date: /home/shiven/colcon_ws/install/rtabmap/bin/rtabmap-kitti_dataset
-- Up-to-date: /home/shiven/colcon_ws/install/rtabmap/bin/rtabmap-rgbd_dataset
-- Up-to-date: /home/shiven/colcon_ws/install/rtabmap/bin/rtabmap-euroc_dataset
-- Up-to-date: /home/shiven/colcon_ws/install/rtabmap/bin/rtabmap-recovery
-- Up-to-date: /home/shiven/colcon_ws/install/rtabmap/bin/rtabmap-reprocess
-- Up-to-date: /home/shiven/colcon_ws/install/rtabmap/bin/rtabmap-detectMoreLoopClosures
-- Up-to-date: /home/shiven/colcon_ws/install/rtabmap/bin/rtabmap-export
-- Up-to-date: /home/shiven/colcon_ws/install/rtabmap/bin/rtabmap-report
-- Up-to-date: /home/shiven/colcon_ws/install/rtabmap/bin/rtabmap-info
-- Up-to-date: /home/shiven/colcon_ws/install/rtabmap/bin/rtabmap-cleanupLocalGrids
-- Up-to-date: /home/shiven/colcon_ws/install/rtabmap/bin/rtabmap-globalBundleAdjustment
-- Up-to-date: /home/shiven/colcon_ws/install/rtabmap/bin/rtabmap-rgbd_camera
-- Up-to-date: /home/shiven/colcon_ws/install/rtabmap/bin/rtabmap-lidar_viewer
-- Up-to-date: /home/shiven/colcon_ws/install/rtabmap/bin/rtabmap-databaseViewer
-- Up-to-date: /home/shiven/colcon_ws/install/rtabmap/bin/rtabmap-odometryViewer
-- Up-to-date: /home/shiven/colcon_ws/install/rtabmap/bin/rtabmap-dataRecorder
-- Up-to-date: /home/shiven/colcon_ws/install/rtabmap/bin/rtabmap-calibration
-- Up-to-date: /home/shiven/colcon_ws/install/rtabmap/lib/rtabmap-0.21/RTABMapTargets.cmake
-- Up-to-date: /home/shiven/colcon_ws/install/rtabmap/lib/rtabmap-0.21/RTABMapConfig.cmake
-- Up-to-date: /home/shiven/colcon_ws/install/rtabmap/lib/rtabmap-0.21/RTABMapConfigVersion.cmake
-- Up-to-date: /home/shiven/colcon_ws/install/rtabmap/share/rtabmap/package.xml
