[0.012s] Invoking command in '/home/shiven/colcon_ws/build/rtabmap': CMAKE_PREFIX_PATH=/opt/ros/foxy /usr/bin/cmake --build /home/shiven/colcon_ws/build/rtabmap
[0.108s] -- MOBILE_BUILD=OFF
[0.108s] -- Eigen found (include: /usr/include/eigen3, version: 3.3.7)
[0.108s] -- OpenNI found (include: /usr/include/ni, lib: /usr/lib/libOpenNI.so)
[0.108s] -- The imported target "vtkParseOGLExt" references the file
[0.108s]    "/usr/bin/vtkParseOGLExt-7.1"
[0.108s] but this file does not exist.  Possible reasons include:
[0.108s] * The file was deleted, renamed, or moved to another location.
[0.108s] * An install or uninstall procedure did not complete successfully.
[0.108s] * The installation package was faulty and contained
[0.108s]    "/usr/lib/cmake/vtk-7.1/VTKTargets.cmake"
[0.108s] but not all the files it references.
[0.108s] 
[0.108s] -- The imported target "vtkRenderingPythonTkWidgets" references the file
[0.108s]    "/usr/lib/x86_64-linux-gnu/libvtkRenderingPythonTkWidgets.so"
[0.108s] but this file does not exist.  Possible reasons include:
[0.108s] * The file was deleted, renamed, or moved to another location.
[0.108s] * An install or uninstall procedure did not complete successfully.
[0.108s] * The installation package was faulty and contained
[0.108s]    "/usr/lib/cmake/vtk-7.1/VTKTargets.cmake"
[0.108s] but not all the files it references.
[0.108s] 
[0.108s] -- The imported target "vtk" references the file
[0.108s]    "/usr/bin/vtk"
[0.108s] but this file does not exist.  Possible reasons include:
[0.108s] * The file was deleted, renamed, or moved to another location.
[0.108s] * An install or uninstall procedure did not complete successfully.
[0.108s] * The installation package was faulty and contained
[0.108s]    "/usr/lib/cmake/vtk-7.1/VTKTargets.cmake"
[0.108s] but not all the files it references.
[0.108s] 
[0.108s] -- The imported target "pvtk" references the file
[0.108s]    "/usr/bin/pvtk"
[0.109s] but this file does not exist.  Possible reasons include:
[0.109s] * The file was deleted, renamed, or moved to another location.
[0.109s] * An install or uninstall procedure did not complete successfully.
[0.109s] * The installation package was faulty and contained
[0.109s]    "/usr/lib/cmake/vtk-7.1/VTKTargets.cmake"
[0.109s] but not all the files it references.
[0.109s] 
[0.109s] -- QHULL found (include: /usr/include, lib: optimized;/usr/lib/x86_64-linux-gnu/libqhull.so;debug;/usr/lib/x86_64-linux-gnu/libqhull.so)
[0.109s] -- OpenNI found (include: /usr/include/ni, lib: /usr/lib/libOpenNI.so)
[0.115s] -- PCL definitions don't contain "-march=native", make sure all libraries using Eigen are also compiled without that flag to avoid some segmentation faults (with gdb referring to some Eigen functions).
[0.121s] -- Found SQLite3: /usr/include /usr/lib/x86_64-linux-gnu/libsqlite3.so
[0.122s] -- Found OpenMP_C: -fopenmp  
[0.122s] -- Found OpenMP_CXX: -fopenmp  
[0.122s] -- Found OpenMP: TRUE  found components: C CXX 
[0.122s] -- Found OpenMP: /usr/lib/gcc/x86_64-linux-gnu/9/libgomp.so;/usr/lib/x86_64-linux-gnu/libpthread.so
[0.122s] -- Add PCL_OMP to definitions
[0.122s] -- Found OpenCV: /usr/local/include/opencv4
[0.122s] -- Found PCL: /usr/include/pcl-1.10;/usr/include/eigen3;/usr/include;/usr/include/ni;/usr/include/vtk-7.1;/usr/include/freetype2;/usr/include/x86_64-linux-gnu
[0.122s] -- Found ZLIB: /usr/include
[0.143s] -- VTK_RENDERING_BACKEND=OpenGL2
[0.164s] -- Found OpenNI2: /usr/include/openni2
[0.164s] -- Found DC1394: /usr/include/dc1394
[0.168s] -- Could NOT find g2o (missing: g2o_DIR)
[0.168s] -- RTAB-Map's cmake g2o find module used for convenience (for older g2o versions)
[0.170s] -- Could NOT find CSPARSE (missing: CSPARSE_INCLUDE_DIR CSPARSE_LIBRARY) 
[0.198s] -- FlyCapture2_INCLUDE_DIR=FlyCapture2_INCLUDE_DIR-NOTFOUND
[0.198s] -- FlyCapture2_LIBRARY=FlyCapture2_LIBRARY-NOTFOUND
[0.198s] -- Triclops_INCLUDE_DIR=Triclops_INCLUDE_DIR-NOTFOUND
[0.198s] -- Triclops_LIBRARY=Triclops_LIBRARY-NOTFOUND
[0.198s] -- FlyCaptureBridge_LIBRARY=FlyCaptureBridge_LIBRARY-NOTFOUND
[0.212s] -- Found RealSense2: 
[0.217s] -- Found octomap 1.9.3: /usr/include
[0.223s] -- Architecture: x86_64
[0.229s] -- Found Pthreads
[0.266s] -- --------------------------------------------
[0.266s] -- Info :
[0.266s] --   RTAB-Map Version =     0.21.9
[0.266s] --   CMAKE_VERSION =        3.16.3
[0.266s] --   CMAKE_INSTALL_PREFIX = /home/shiven/colcon_ws/install/rtabmap
[0.266s] --   CMAKE_BUILD_TYPE =     Release
[0.266s] --   CMAKE_INSTALL_LIBDIR = lib
[0.266s] --   BUILD_APP =            ON
[0.266s] --   BUILD_TOOLS =          ON
[0.266s] --   BUILD_EXAMPLES =       ON
[0.266s] --   BUILD_SHARED_LIBS =    ON
[0.266s] --   CMAKE_CXX_FLAGS =  -fmessage-length=0  -fopenmp -std=c++14
[0.266s] --   FLANN_KDTREE_MEM_OPT = OFF
[0.266s] --   PCL_DEFINITIONS = -DDISABLE_OPENNI2;-DDISABLE_PCAP;-DDISABLE_PNG;-DDISABLE_LIBUSB_1_0
[0.266s] --   PCL_VERSION = 1.10.0
[0.266s] -- 
[0.266s] -- Optional dependencies ('*' affects some default parameters) :
[0.266s] --  *With OpenCV 4.2.0 xfeatures2d = YES, nonfree = NO (License: BSD)
[0.267s] --   With Qt 5.12.8            = YES (License: Open Source or Commercial)
[0.267s] --   With VTK 7.1              = YES (License: BSD)
[0.267s] --   With external SQLite3     = YES (License: Public Domain)
[0.267s] --   With ORB OcTree           = YES (License: GPLv3)
[0.267s] --   With SupertPoint          = NO (WITH_TORCH=OFF)
[0.267s] --   With Python3              = NO (WITH_PYTHON=OFF)
[0.267s] --   With Madgwick             = YES (License: GPL)
[0.267s] --   With FastCV               = NO (FastCV not found)
[0.267s] --   With PDAL                 = NO (PDAL not found)
[0.267s] --   With libLAS               = NO (WITH_LIBLAS=OFF)
[0.267s] --   With CudaSift             = NO (WITH_CUDASIFT=OFF)
[0.267s] -- 
[0.267s] --  Solvers:
[0.267s] --   With TORO                 = YES (License: Creative Commons [Attribution-NonCommercial-ShareAlike])
[0.267s] --  *With g2o                  = NO (g2o not found)
[0.267s] --  *With GTSAM                = NO (GTSAM not found)
[0.267s] --  *With Ceres                = NO (WITH_CERES=OFF)
[0.267s] --   With MRPT                 = NO (MRPT not found)
[0.267s] --   With VERTIGO              = NO (GTSAM or g2o required)
[0.267s] --   With cvsba                = NO (WITH_CVSBA=OFF)
[0.267s] --  *With libpointmatcher      = NO (libpointmatcher not found)
[0.267s] --   With CCCoreLib            = NO (WITH_CCCORELIB=OFF)
[0.267s] --   With Open3D               = NO (WITH_OPEN3D=OFF)
[0.267s] --   With OpenGV               = NO (OpenGV not found)
[0.267s] -- 
[0.267s] --  Reconstruction Approaches:
[0.267s] --   With OctoMap 1.9.3        = YES (License: BSD)
[0.267s] --   With GridMap              = NO (grid_map_core not found)
[0.267s] --   With CPUTSDF              = NO (WITH_CPUTSDF=OFF)
[0.267s] --   With OpenChisel           = NO (WITH_OPENCHISEL=OFF)
[0.267s] --   With AliceVision          = NO (WITH_ALICE_VISION=OFF)
[0.267s] -- 
[0.267s] --  Camera Drivers:
[0.267s] --   With Freenect             = NO (libfreenect not found)
[0.267s] --   With OpenNI               = YES (License: Apache v2)
[0.267s] --   With OpenNI2              = YES (License: Apache v2)
[0.267s] --   With Freenect2            = NO (libfreenect2 not found)
[0.267s] --   With Kinect for Windows 2 = NO (Kinect for Windows 2 SDK not found)
[0.267s] --   With Kinect for Azure     = NO (Kinect for Azure SDK not found)
[0.267s] --   With dc1394               = YES (License: LGPL)
[0.267s] --   With FlyCapture2/Triclops = NO (Point Grey SDK not found)
[0.267s] --   With ZED                  = NO (ZED sdk and/or cuda not found)
[0.267s] --   With ZEDOC                = NO (ZED Open Capture not found)
[0.268s] --   With RealSense            = NO (librealsense not found)
[0.268s] --   With RealSense2 2.55.1    = YES (License: Apache-2)
[0.268s] --   With MyntEyeS             = NO (mynteye s sdk not found)
[0.268s] --   With DepthAI              = NO (WITH_DEPTHAI=OFF)
[0.268s] --   With XVisio SDK           = NO (WITH_XVSDK=OFF)
[0.268s] -- 
[0.268s] --  Odometry Approaches:
[0.268s] --   With loam_velodyne        = NO (WITH_LOAM=OFF)
[0.268s] --   With floam                = NO (WITH_FLOAM=OFF)
[0.268s] --   With libfovis             = NO (WITH_FOVIS=OFF)
[0.268s] --   With libviso2             = NO (WITH_VISO2=OFF)
[0.268s] --   With dvo_core             = NO (WITH_DVO=OFF)
[0.268s] --   With okvis                = NO (WITH_OKVIS=OFF)
[0.268s] --   With msckf_vio            = NO (WITH_MSCKF_VIO=OFF)
[0.268s] --   With VINS-Fusion          = NO (WITH_VINS=OFF)
[0.268s] --   With OpenVINS             = NO (WITH_OPENVINS=OFF)
[0.268s] --   With ORB_SLAM             = NO (WITH_ORB_SLAM=OFF)
[0.268s] -- Show all options with: cmake -LA | grep WITH_
[0.268s] -- --------------------------------------------
[0.272s] -- Configuring done
[0.467s] -- Generating done
[0.470s] -- Build files have been written to: /home/shiven/colcon_ws/build/rtabmap
[0.501s] [  5%] Built target rtabmap_utilite
[0.509s] [  6%] Built target res_tool
[0.628s] [ 55%] Built target rtabmap_core
[0.636s] [ 55%] [34m[1mAutomatic MOC and UIC for target rtabmap_gui[0m
[0.639s] [ 56%] Built target imagesJoiner
[0.641s] [ 58%] Built target camera
[0.641s] [ 58%] Built target consoleApp
[0.641s] [ 59%] Built target extractObject
[0.641s] [ 60%] Built target stereoEval
[0.644s] [ 60%] Built target rtabmap_gui_autogen
[0.651s] [ 61%] Built target recovery
[0.652s] [ 62%] Built target kitti_dataset
[0.654s] [ 63%] Built target euroc_dataset
[0.654s] [ 65%] Built target rgbd_dataset
[0.654s] [ 65%] Built target reprocess
[0.658s] [ 66%] Built target detectMoreLoopClosures
[0.664s] [ 67%] Built target info
[0.664s] [ 67%] Built target export
[0.666s] [ 68%] Built target cleanupLocalGrids
[0.666s] [ 69%] Built target globalBundleAdjustment
[0.669s] [ 70%] Built target lidar_viewer
[0.725s] [ 87%] Built target rtabmap_gui
[0.739s] [ 88%] Built target report
[0.739s] [ 89%] Built target epipolar_geometry
[0.740s] [ 90%] Built target odometryViewer
[0.740s] [ 91%] Built target databaseViewer
[0.740s] [ 92%] Built target rtabmap_app
[0.740s] [ 92%] Built target rgbd_camera
[0.748s] [ 94%] [34m[1mAutomatic MOC and UIC for target rgbd_mapping[0m
[0.748s] [ 94%] [34m[1mAutomatic MOC and UIC for target wifi_mapping[0m
[0.753s] [ 94%] Built target bow_mapping
[0.754s] [ 94%] Built target dataRecorder
[0.754s] [ 95%] Built target calibration
[0.755s] [ 95%] Built target wifi_mapping_autogen
[0.755s] [ 95%] Built target rgbd_mapping_autogen
[0.756s] [ 96%] Built target matcher
[0.760s] [ 96%] [34m[1mAutomatic MOC and UIC for target noEventsExample[0m
[0.761s] [ 96%] [34m[1mAutomatic MOC and UIC for target lidar_mapping[0m
[0.767s] [ 96%] Built target noEventsExample_autogen
[0.768s] [ 96%] Built target lidar_mapping_autogen
[0.774s] [ 97%] Built target wifi_mapping
[0.775s] [ 98%] Built target rgbd_mapping
[0.787s] [ 99%] Built target noEventsExample
[0.787s] [100%] Built target lidar_mapping
[0.793s] Invoked command in '/home/shiven/colcon_ws/build/rtabmap' returned '0': CMAKE_PREFIX_PATH=/opt/ros/foxy /usr/bin/cmake --build /home/shiven/colcon_ws/build/rtabmap
[0.809s] Invoking command in '/home/shiven/colcon_ws/build/rtabmap': CMAKE_PREFIX_PATH=/opt/ros/foxy /usr/bin/cmake --install /home/shiven/colcon_ws/build/rtabmap
[0.812s] -- Install configuration: "Release"
[0.812s] -- Up-to-date: /home/shiven/colcon_ws/install/rtabmap/lib/librtabmap_utilite.so.0.21.9
[0.813s] -- Up-to-date: /home/shiven/colcon_ws/install/rtabmap/lib/librtabmap_utilite.so.0.21
[0.813s] -- Up-to-date: /home/shiven/colcon_ws/install/rtabmap/lib/librtabmap_utilite.so
[0.813s] -- Up-to-date: /home/shiven/colcon_ws/install/rtabmap/include/rtabmap-0.21/rtabmap
[0.813s] -- Up-to-date: /home/shiven/colcon_ws/install/rtabmap/include/rtabmap-0.21/rtabmap/utilite
[0.813s] -- Up-to-date: /home/shiven/colcon_ws/install/rtabmap/include/rtabmap-0.21/rtabmap/utilite/UTimer.h
[0.813s] -- Up-to-date: /home/shiven/colcon_ws/install/rtabmap/include/rtabmap-0.21/rtabmap/utilite/UMutex.h
[0.813s] -- Up-to-date: /home/shiven/colcon_ws/install/rtabmap/include/rtabmap-0.21/rtabmap/utilite/UEvent.h
[0.813s] -- Up-to-date: /home/shiven/colcon_ws/install/rtabmap/include/rtabmap-0.21/rtabmap/utilite/Posix
[0.813s] -- Up-to-date: /home/shiven/colcon_ws/install/rtabmap/include/rtabmap-0.21/rtabmap/utilite/Posix/UThreadC.h
[0.813s] -- Up-to-date: /home/shiven/colcon_ws/install/rtabmap/include/rtabmap-0.21/rtabmap/utilite/UEventsManager.h
[0.813s] -- Up-to-date: /home/shiven/colcon_ws/install/rtabmap/include/rtabmap-0.21/rtabmap/utilite/UStl.h
[0.814s] -- Up-to-date: /home/shiven/colcon_ws/install/rtabmap/include/rtabmap-0.21/rtabmap/utilite/UtiLite.h
[0.814s] -- Up-to-date: /home/shiven/colcon_ws/install/rtabmap/include/rtabmap-0.21/rtabmap/utilite/USemaphore.h
[0.814s] -- Up-to-date: /home/shiven/colcon_ws/install/rtabmap/include/rtabmap-0.21/rtabmap/utilite/UDestroyer.h
[0.815s] -- Up-to-date: /home/shiven/colcon_ws/install/rtabmap/include/rtabmap-0.21/rtabmap/utilite/ULogger.h
[0.815s] -- Up-to-date: /home/shiven/colcon_ws/install/rtabmap/include/rtabmap-0.21/rtabmap/utilite/UThreadC.h
[0.815s] -- Up-to-date: /home/shiven/colcon_ws/install/rtabmap/include/rtabmap-0.21/rtabmap/utilite/UObjDeletionThread.h
[0.815s] -- Up-to-date: /home/shiven/colcon_ws/install/rtabmap/include/rtabmap-0.21/rtabmap/utilite/UException.h
[0.815s] -- Up-to-date: /home/shiven/colcon_ws/install/rtabmap/include/rtabmap-0.21/rtabmap/utilite/UMath.h
[0.815s] -- Up-to-date: /home/shiven/colcon_ws/install/rtabmap/include/rtabmap-0.21/rtabmap/utilite/UProcessInfo.h
[0.815s] -- Up-to-date: /home/shiven/colcon_ws/install/rtabmap/include/rtabmap-0.21/rtabmap/utilite/UVariant.h
[0.816s] -- Up-to-date: /home/shiven/colcon_ws/install/rtabmap/include/rtabmap-0.21/rtabmap/utilite/UConversion.h
[0.816s] -- Up-to-date: /home/shiven/colcon_ws/install/rtabmap/include/rtabmap-0.21/rtabmap/utilite/UEventsSender.h
[0.816s] -- Up-to-date: /home/shiven/colcon_ws/install/rtabmap/include/rtabmap-0.21/rtabmap/utilite/Win32
[0.816s] -- Up-to-date: /home/shiven/colcon_ws/install/rtabmap/include/rtabmap-0.21/rtabmap/utilite/Win32/UThreadC.h
[0.816s] -- Up-to-date: /home/shiven/colcon_ws/install/rtabmap/include/rtabmap-0.21/rtabmap/utilite/Win32/UWin32.h
[0.816s] -- Up-to-date: /home/shiven/colcon_ws/install/rtabmap/include/rtabmap-0.21/rtabmap/utilite/UFile.h
[0.816s] -- Up-to-date: /home/shiven/colcon_ws/install/rtabmap/include/rtabmap-0.21/rtabmap/utilite/UDirectory.h
[0.816s] -- Up-to-date: /home/shiven/colcon_ws/install/rtabmap/include/rtabmap-0.21/rtabmap/utilite/UEventsHandler.h
[0.816s] -- Up-to-date: /home/shiven/colcon_ws/install/rtabmap/include/rtabmap-0.21/rtabmap/utilite/UThreadNode.h
[0.816s] -- Up-to-date: /home/shiven/colcon_ws/install/rtabmap/include/rtabmap-0.21/rtabmap/utilite/UThread.h
[0.816s] -- Up-to-date: /home/shiven/colcon_ws/install/rtabmap/include/rtabmap-0.21/rtabmap
[0.816s] -- Up-to-date: /home/shiven/colcon_ws/install/rtabmap/include/rtabmap-0.21/rtabmap/utilite
[0.816s] -- Up-to-date: /home/shiven/colcon_ws/install/rtabmap/include/rtabmap-0.21/rtabmap/utilite/utilite_export.h
[0.816s] -- Up-to-date: /home/shiven/colcon_ws/install/rtabmap/lib/rtabmap-0.21/RTABMap_utiliteTargets.cmake
[0.816s] -- Installing: /home/shiven/colcon_ws/install/rtabmap/lib/rtabmap-0.21/RTABMap_utiliteTargets-release.cmake
[0.816s] -- Up-to-date: /home/shiven/colcon_ws/install/rtabmap/bin/rtabmap-res_tool-0.3.0
[0.817s] -- Up-to-date: /home/shiven/colcon_ws/install/rtabmap/bin/rtabmap-res_tool
[0.817s] -- Up-to-date: /home/shiven/colcon_ws/install/rtabmap/lib/librtabmap_core.so.0.21.9
[0.817s] -- Up-to-date: /home/shiven/colcon_ws/install/rtabmap/lib/librtabmap_core.so.0.21
[0.817s] -- Up-to-date: /home/shiven/colcon_ws/install/rtabmap/lib/librtabmap_core.so
[0.817s] -- Up-to-date: /home/shiven/colcon_ws/install/rtabmap/include/rtabmap-0.21/rtabmap
[0.817s] -- Up-to-date: /home/shiven/colcon_ws/install/rtabmap/include/rtabmap-0.21/rtabmap/core
[0.817s] -- Up-to-date: /home/shiven/colcon_ws/install/rtabmap/include/rtabmap-0.21/rtabmap/core/GeodeticCoords.h
[0.817s] -- Up-to-date: /home/shiven/colcon_ws/install/rtabmap/include/rtabmap-0.21/rtabmap/core/SensorData.h
[0.817s] -- Up-to-date: /home/shiven/colcon_ws/install/rtabmap/include/rtabmap-0.21/rtabmap/core/Camera.h
[0.817s] -- Up-to-date: /home/shiven/colcon_ws/install/rtabmap/include/rtabmap-0.21/rtabmap/core/Image.h
[0.817s] -- Up-to-date: /home/shiven/colcon_ws/install/rtabmap/include/rtabmap-0.21/rtabmap/core/VWDictionary.h
[0.817s] -- Up-to-date: /home/shiven/colcon_ws/install/rtabmap/include/rtabmap-0.21/rtabmap/core/GlobalDescriptor.h
[0.817s] -- Up-to-date: /home/shiven/colcon_ws/install/rtabmap/include/rtabmap-0.21/rtabmap/core/Statistics.h
[0.817s] -- Up-to-date: /home/shiven/colcon_ws/install/rtabmap/include/rtabmap-0.21/rtabmap/core/StereoDense.h
[0.817s] -- Up-to-date: /home/shiven/colcon_ws/install/rtabmap/include/rtabmap-0.21/rtabmap/core/Registration.h
[0.817s] -- Up-to-date: /home/shiven/colcon_ws/install/rtabmap/include/rtabmap-0.21/rtabmap/core/SensorCaptureInfo.h
[0.817s] -- Up-to-date: /home/shiven/colcon_ws/install/rtabmap/include/rtabmap-0.21/rtabmap/core/RtabmapEvent.h
[0.817s] -- Up-to-date: /home/shiven/colcon_ws/install/rtabmap/include/rtabmap-0.21/rtabmap/core/global_map
[0.818s] -- Up-to-date: /home/shiven/colcon_ws/install/rtabmap/include/rtabmap-0.21/rtabmap/core/global_map/GridMap.h
[0.818s] -- Up-to-date: /home/shiven/colcon_ws/install/rtabmap/include/rtabmap-0.21/rtabmap/core/global_map/OctoMap.h
[0.818s] -- Up-to-date: /home/shiven/colcon_ws/install/rtabmap/include/rtabmap-0.21/rtabmap/core/global_map/OccupancyGrid.h
[0.818s] -- Up-to-date: /home/shiven/colcon_ws/install/rtabmap/include/rtabmap-0.21/rtabmap/core/global_map/CloudMap.h
[0.818s] -- Up-to-date: /home/shiven/colcon_ws/install/rtabmap/include/rtabmap-0.21/rtabmap/core/util3d_correspondences.h
[0.818s] -- Up-to-date: /home/shiven/colcon_ws/install/rtabmap/include/rtabmap-0.21/rtabmap/core/lidar
[0.818s] -- Up-to-date: /home/shiven/colcon_ws/install/rtabmap/include/rtabmap-0.21/rtabmap/core/lidar/LidarVLP16.h
[0.818s] -- Up-to-date: /home/shiven/colcon_ws/install/rtabmap/include/rtabmap-0.21/rtabmap/core/util3d.h
[0.818s] -- Up-to-date: /home/shiven/colcon_ws/install/rtabmap/include/rtabmap-0.21/rtabmap/core/LocalGrid.h
[0.818s] -- Up-to-date: /home/shiven/colcon_ws/install/rtabmap/include/rtabmap-0.21/rtabmap/core/CameraRGB.h
[0.818s] -- Up-to-date: /home/shiven/colcon_ws/install/rtabmap/include/rtabmap-0.21/rtabmap/core/optimizer
[0.818s] -- Up-to-date: /home/shiven/colcon_ws/install/rtabmap/include/rtabmap-0.21/rtabmap/core/optimizer/OptimizerGTSAM.h
[0.818s] -- Up-to-date: /home/shiven/colcon_ws/install/rtabmap/include/rtabmap-0.21/rtabmap/core/optimizer/OptimizerCeres.h
[0.818s] -- Up-to-date: /home/shiven/colcon_ws/install/rtabmap/include/rtabmap-0.21/rtabmap/core/optimizer/OptimizerG2O.h
[0.818s] -- Up-to-date: /home/shiven/colcon_ws/install/rtabmap/include/rtabmap-0.21/rtabmap/core/optimizer/OptimizerCVSBA.h
[0.818s] -- Up-to-date: /home/shiven/colcon_ws/install/rtabmap/include/rtabmap-0.21/rtabmap/core/optimizer/OptimizerTORO.h
[0.818s] -- Up-to-date: /home/shiven/colcon_ws/install/rtabmap/include/rtabmap-0.21/rtabmap/core/Signature.h
[0.818s] -- Up-to-date: /home/shiven/colcon_ws/install/rtabmap/include/rtabmap-0.21/rtabmap/core/Parameters.h
[0.819s] -- Up-to-date: /home/shiven/colcon_ws/install/rtabmap/include/rtabmap-0.21/rtabmap/core/camera
[0.819s] -- Up-to-date: /home/shiven/colcon_ws/install/rtabmap/include/rtabmap-0.21/rtabmap/core/camera/CameraFreenect2.h
[0.819s] -- Up-to-date: /home/shiven/colcon_ws/install/rtabmap/include/rtabmap-0.21/rtabmap/core/camera/CameraStereoImages.h
[0.819s] -- Up-to-date: /home/shiven/colcon_ws/install/rtabmap/include/rtabmap-0.21/rtabmap/core/camera/CameraDepthAI.h
[0.819s] -- Up-to-date: /home/shiven/colcon_ws/install/rtabmap/include/rtabmap-0.21/rtabmap/core/camera/CameraOpenNI2.h
[0.819s] -- Up-to-date: /home/shiven/colcon_ws/install/rtabmap/include/rtabmap-0.21/rtabmap/core/camera/CameraK4W2.h
[0.819s] -- Up-to-date: /home/shiven/colcon_ws/install/rtabmap/include/rtabmap-0.21/rtabmap/core/camera/CameraRealSense2.h
[0.819s] -- Up-to-date: /home/shiven/colcon_ws/install/rtabmap/include/rtabmap-0.21/rtabmap/core/camera/CameraK4A.h
[0.819s] -- Up-to-date: /home/shiven/colcon_ws/install/rtabmap/include/rtabmap-0.21/rtabmap/core/camera/CameraOpenni.h
[0.819s] -- Up-to-date: /home/shiven/colcon_ws/install/rtabmap/include/rtabmap-0.21/rtabmap/core/camera/CameraRealSense.h
[0.819s] -- Up-to-date: /home/shiven/colcon_ws/install/rtabmap/include/rtabmap-0.21/rtabmap/core/camera/CameraImages.h
[0.819s] -- Up-to-date: /home/shiven/colcon_ws/install/rtabmap/include/rtabmap-0.21/rtabmap/core/camera/CameraStereoZed.h
[0.819s] -- Up-to-date: /home/shiven/colcon_ws/install/rtabmap/include/rtabmap-0.21/rtabmap/core/camera/CameraStereoVideo.h
[0.819s] -- Up-to-date: /home/shiven/colcon_ws/install/rtabmap/include/rtabmap-0.21/rtabmap/core/camera/CameraRGBDImages.h
[0.819s] -- Up-to-date: /home/shiven/colcon_ws/install/rtabmap/include/rtabmap-0.21/rtabmap/core/camera/CameraStereoTara.h
[0.819s] -- Up-to-date: /home/shiven/colcon_ws/install/rtabmap/include/rtabmap-0.21/rtabmap/core/camera/CameraOpenNICV.h
[0.819s] -- Up-to-date: /home/shiven/colcon_ws/install/rtabmap/include/rtabmap-0.21/rtabmap/core/camera/CameraStereoDC1394.h
[0.819s] -- Up-to-date: /home/shiven/colcon_ws/install/rtabmap/include/rtabmap-0.21/rtabmap/core/camera/CameraStereoZedOC.h
[0.820s] -- Up-to-date: /home/shiven/colcon_ws/install/rtabmap/include/rtabmap-0.21/rtabmap/core/camera/CameraVideo.h
[0.820s] -- Up-to-date: /home/shiven/colcon_ws/install/rtabmap/include/rtabmap-0.21/rtabmap/core/camera/CameraMyntEye.h
[0.820s] -- Up-to-date: /home/shiven/colcon_ws/install/rtabmap/include/rtabmap-0.21/rtabmap/core/camera/CameraStereoFlyCapture2.h
[0.820s] -- Up-to-date: /home/shiven/colcon_ws/install/rtabmap/include/rtabmap-0.21/rtabmap/core/camera/CameraFreenect.h
[0.820s] -- Up-to-date: /home/shiven/colcon_ws/install/rtabmap/include/rtabmap-0.21/rtabmap/core/camera/CameraSeerSense.h
[0.820s] -- Up-to-date: /home/shiven/colcon_ws/install/rtabmap/include/rtabmap-0.21/rtabmap/core/RegistrationVis.h
[0.820s] -- Up-to-date: /home/shiven/colcon_ws/install/rtabmap/include/rtabmap-0.21/rtabmap/core/Link.h
[0.820s] -- Up-to-date: /home/shiven/colcon_ws/install/rtabmap/include/rtabmap-0.21/rtabmap/core/OctoMap.h
[0.820s] -- Up-to-date: /home/shiven/colcon_ws/install/rtabmap/include/rtabmap-0.21/rtabmap/core/Compression.h
[0.820s] -- Up-to-date: /home/shiven/colcon_ws/install/rtabmap/include/rtabmap-0.21/rtabmap/core/SensorCaptureThread.h
[0.820s] -- Up-to-date: /home/shiven/colcon_ws/install/rtabmap/include/rtabmap-0.21/rtabmap/core/SensorCapture.h
[0.820s] -- Up-to-date: /home/shiven/colcon_ws/install/rtabmap/include/rtabmap-0.21/rtabmap/core/OccupancyGrid.h
[0.821s] -- Up-to-date: /home/shiven/colcon_ws/install/rtabmap/include/rtabmap-0.21/rtabmap/core/PythonInterface.h
[0.822s] -- Up-to-date: /home/shiven/colcon_ws/install/rtabmap/include/rtabmap-0.21/rtabmap/core/StereoCameraModel.h
[0.822s] -- Up-to-date: /home/shiven/colcon_ws/install/rtabmap/include/rtabmap-0.21/rtabmap/core/RegistrationInfo.h
[0.822s] -- Up-to-date: /home/shiven/colcon_ws/install/rtabmap/include/rtabmap-0.21/rtabmap/core/GainCompensator.h
[0.822s] -- Up-to-date: /home/shiven/colcon_ws/install/rtabmap/include/rtabmap-0.21/rtabmap/core/OdometryInfo.h
[0.822s] -- Up-to-date: /home/shiven/colcon_ws/install/rtabmap/include/rtabmap-0.21/rtabmap/core/OdometryEvent.h
[0.822s] -- Up-to-date: /home/shiven/colcon_ws/install/rtabmap/include/rtabmap-0.21/rtabmap/core/Graph.h
[0.822s] -- Up-to-date: /home/shiven/colcon_ws/install/rtabmap/include/rtabmap-0.21/rtabmap/core/ProgressState.h
[0.822s] -- Up-to-date: /home/shiven/colcon_ws/install/rtabmap/include/rtabmap-0.21/rtabmap/core/VisualWord.h
[0.822s] -- Up-to-date: /home/shiven/colcon_ws/install/rtabmap/include/rtabmap-0.21/rtabmap/core/LASWriter.h
[0.822s] -- Up-to-date: /home/shiven/colcon_ws/install/rtabmap/include/rtabmap-0.21/rtabmap/core/odometry
[0.822s] -- Up-to-date: /home/shiven/colcon_ws/install/rtabmap/include/rtabmap-0.21/rtabmap/core/odometry/OdometryFovis.h
[0.822s] -- Up-to-date: /home/shiven/colcon_ws/install/rtabmap/include/rtabmap-0.21/rtabmap/core/odometry/OdometryMono.h
[0.822s] -- Up-to-date: /home/shiven/colcon_ws/install/rtabmap/include/rtabmap-0.21/rtabmap/core/odometry/OdometryORBSLAM3.h
[0.822s] -- Up-to-date: /home/shiven/colcon_ws/install/rtabmap/include/rtabmap-0.21/rtabmap/core/odometry/OdometryOkvis.h
[0.822s] -- Up-to-date: /home/shiven/colcon_ws/install/rtabmap/include/rtabmap-0.21/rtabmap/core/odometry/OdometryORBSLAM2.h
[0.822s] -- Up-to-date: /home/shiven/colcon_ws/install/rtabmap/include/rtabmap-0.21/rtabmap/core/odometry/OdometryDVO.h
[0.822s] -- Up-to-date: /home/shiven/colcon_ws/install/rtabmap/include/rtabmap-0.21/rtabmap/core/odometry/OdometryOpen3D.h
[0.822s] -- Up-to-date: /home/shiven/colcon_ws/install/rtabmap/include/rtabmap-0.21/rtabmap/core/odometry/OdometryMSCKF.h
[0.822s] -- Up-to-date: /home/shiven/colcon_ws/install/rtabmap/include/rtabmap-0.21/rtabmap/core/odometry/OdometryLOAM.h
[0.823s] -- Up-to-date: /home/shiven/colcon_ws/install/rtabmap/include/rtabmap-0.21/rtabmap/core/odometry/OdometryF2M.h
[0.823s] -- Up-to-date: /home/shiven/colcon_ws/install/rtabmap/include/rtabmap-0.21/rtabmap/core/odometry/OdometryFLOAM.h
[0.823s] -- Up-to-date: /home/shiven/colcon_ws/install/rtabmap/include/rtabmap-0.21/rtabmap/core/odometry/OdometryVINS.h
[0.823s] -- Up-to-date: /home/shiven/colcon_ws/install/rtabmap/include/rtabmap-0.21/rtabmap/core/odometry/OdometryF2F.h
[0.823s] -- Up-to-date: /home/shiven/colcon_ws/install/rtabmap/include/rtabmap-0.21/rtabmap/core/odometry/OdometryViso2.h
[0.823s] -- Up-to-date: /home/shiven/colcon_ws/install/rtabmap/include/rtabmap-0.21/rtabmap/core/odometry/OdometryOpenVINS.h
[0.823s] -- Up-to-date: /home/shiven/colcon_ws/install/rtabmap/include/rtabmap-0.21/rtabmap/core/OdometryThread.h
[0.823s] -- Up-to-date: /home/shiven/colcon_ws/install/rtabmap/include/rtabmap-0.21/rtabmap/core/CameraEvent.h
[0.823s] -- Up-to-date: /home/shiven/colcon_ws/install/rtabmap/include/rtabmap-0.21/rtabmap/core/ParticleFilter.h
[0.823s] -- Up-to-date: /home/shiven/colcon_ws/install/rtabmap/include/rtabmap-0.21/rtabmap/core/Lidar.h
[0.823s] -- Up-to-date: /home/shiven/colcon_ws/install/rtabmap/include/rtabmap-0.21/rtabmap/core/util3d_transforms.h
[0.823s] -- Up-to-date: /home/shiven/colcon_ws/install/rtabmap/include/rtabmap-0.21/rtabmap/core/util3d_registration.h
[0.823s] -- Up-to-date: /home/shiven/colcon_ws/install/rtabmap/include/rtabmap-0.21/rtabmap/core/CameraRGBD.h
[0.823s] -- Up-to-date: /home/shiven/colcon_ws/install/rtabmap/include/rtabmap-0.21/rtabmap/core/util3d_filtering.h
[0.823s] -- Up-to-date: /home/shiven/colcon_ws/install/rtabmap/include/rtabmap-0.21/rtabmap/core/util2d.h
[0.823s] -- Up-to-date: /home/shiven/colcon_ws/install/rtabmap/include/rtabmap-0.21/rtabmap/core/SensorEvent.h
[0.823s] -- Up-to-date: /home/shiven/colcon_ws/install/rtabmap/include/rtabmap-0.21/rtabmap/core/MarkerDetector.h
[0.823s] -- Up-to-date: /home/shiven/colcon_ws/install/rtabmap/include/rtabmap-0.21/rtabmap/core/Recovery.h
[0.823s] -- Up-to-date: /home/shiven/colcon_ws/install/rtabmap/include/rtabmap-0.21/rtabmap/core/BayesFilter.h
[0.823s] -- Up-to-date: /home/shiven/colcon_ws/install/rtabmap/include/rtabmap-0.21/rtabmap/core/GPS.h
[0.823s] -- Up-to-date: /home/shiven/colcon_ws/install/rtabmap/include/rtabmap-0.21/rtabmap/core/util3d_features.h
[0.823s] -- Up-to-date: /home/shiven/colcon_ws/install/rtabmap/include/rtabmap-0.21/rtabmap/core/EnvSensor.h
[0.823s] -- Up-to-date: /home/shiven/colcon_ws/install/rtabmap/include/rtabmap-0.21/rtabmap/core/FlannIndex.h
[0.823s] -- Up-to-date: /home/shiven/colcon_ws/install/rtabmap/include/rtabmap-0.21/rtabmap/core/Rtabmap.h
[0.823s] -- Up-to-date: /home/shiven/colcon_ws/install/rtabmap/include/rtabmap-0.21/rtabmap/core/RtabmapThread.h
[0.823s] -- Up-to-date: /home/shiven/colcon_ws/install/rtabmap/include/rtabmap-0.21/rtabmap/core/LaserScan.h
[0.823s] -- Up-to-date: /home/shiven/colcon_ws/install/rtabmap/include/rtabmap-0.21/rtabmap/core/DBReader.h
[0.823s] -- Up-to-date: /home/shiven/colcon_ws/install/rtabmap/include/rtabmap-0.21/rtabmap/core/Optimizer.h
[0.823s] -- Up-to-date: /home/shiven/colcon_ws/install/rtabmap/include/rtabmap-0.21/rtabmap/core/Features2d.h
[0.823s] -- Up-to-date: /home/shiven/colcon_ws/install/rtabmap/include/rtabmap-0.21/rtabmap/core/Transform.h
[0.823s] -- Up-to-date: /home/shiven/colcon_ws/install/rtabmap/include/rtabmap-0.21/rtabmap/core/Stereo.h
[0.823s] -- Up-to-date: /home/shiven/colcon_ws/install/rtabmap/include/rtabmap-0.21/rtabmap/core/impl
[0.823s] -- Up-to-date: /home/shiven/colcon_ws/install/rtabmap/include/rtabmap-0.21/rtabmap/core/impl/util3d.hpp
[0.823s] -- Up-to-date: /home/shiven/colcon_ws/install/rtabmap/include/rtabmap-0.21/rtabmap/core/impl/util3d_surface.hpp
[0.823s] -- Up-to-date: /home/shiven/colcon_ws/install/rtabmap/include/rtabmap-0.21/rtabmap/core/impl/util3d_mapping.hpp
[0.823s] -- Up-to-date: /home/shiven/colcon_ws/install/rtabmap/include/rtabmap-0.21/rtabmap/core/impl/LocalMapMaker.hpp
[0.823s] -- Up-to-date: /home/shiven/colcon_ws/install/rtabmap/include/rtabmap-0.21/rtabmap/core/GlobalDescriptorExtractor.h
[0.823s] -- Up-to-date: /home/shiven/colcon_ws/install/rtabmap/include/rtabmap-0.21/rtabmap/core/EpipolarGeometry.h
[0.823s] -- Up-to-date: /home/shiven/colcon_ws/install/rtabmap/include/rtabmap-0.21/rtabmap/core/Landmark.h
[0.823s] -- Up-to-date: /home/shiven/colcon_ws/install/rtabmap/include/rtabmap-0.21/rtabmap/core/CameraModel.h
[0.823s] -- Up-to-date: /home/shiven/colcon_ws/install/rtabmap/include/rtabmap-0.21/rtabmap/core/Odometry.h
[0.823s] -- Up-to-date: /home/shiven/colcon_ws/install/rtabmap/include/rtabmap-0.21/rtabmap/core/stereo
[0.823s] -- Up-to-date: /home/shiven/colcon_ws/install/rtabmap/include/rtabmap-0.21/rtabmap/core/stereo/StereoBM.h
[0.823s] -- Up-to-date: /home/shiven/colcon_ws/install/rtabmap/include/rtabmap-0.21/rtabmap/core/stereo/stereoRectifyFisheye.h
[0.823s] -- Up-to-date: /home/shiven/colcon_ws/install/rtabmap/include/rtabmap-0.21/rtabmap/core/stereo/StereoSGBM.h
[0.823s] -- Up-to-date: /home/shiven/colcon_ws/install/rtabmap/include/rtabmap-0.21/rtabmap/core/UserDataEvent.h
[0.823s] -- Up-to-date: /home/shiven/colcon_ws/install/rtabmap/include/rtabmap-0.21/rtabmap/core/LocalGridMaker.h
[0.823s] -- Up-to-date: /home/shiven/colcon_ws/install/rtabmap/include/rtabmap-0.21/rtabmap/core/CameraInfo.h
[0.823s] -- Up-to-date: /home/shiven/colcon_ws/install/rtabmap/include/rtabmap-0.21/rtabmap/core/util3d_motion_estimation.h
[0.823s] -- Up-to-date: /home/shiven/colcon_ws/install/rtabmap/include/rtabmap-0.21/rtabmap/core/GlobalMap.h
[0.823s] -- Up-to-date: /home/shiven/colcon_ws/install/rtabmap/include/rtabmap-0.21/rtabmap/core/PDALWriter.h
[0.824s] -- Up-to-date: /home/shiven/colcon_ws/install/rtabmap/include/rtabmap-0.21/rtabmap/core/DBDriver.h
[0.824s] -- Up-to-date: /home/shiven/colcon_ws/install/rtabmap/include/rtabmap-0.21/rtabmap/core/IMUFilter.h
[0.824s] -- Up-to-date: /home/shiven/colcon_ws/install/rtabmap/include/rtabmap-0.21/rtabmap/core/CameraThread.h
[0.824s] -- Up-to-date: /home/shiven/colcon_ws/install/rtabmap/include/rtabmap-0.21/rtabmap/core/RegistrationIcp.h
[0.824s] -- Up-to-date: /home/shiven/colcon_ws/install/rtabmap/include/rtabmap-0.21/rtabmap/core/DBDriverSqlite3.h
[0.824s] -- Up-to-date: /home/shiven/colcon_ws/install/rtabmap/include/rtabmap-0.21/rtabmap/core/IMUThread.h
[0.824s] -- Up-to-date: /home/shiven/colcon_ws/install/rtabmap/include/rtabmap-0.21/rtabmap/core/util3d_surface.h
[0.824s] -- Up-to-date: /home/shiven/colcon_ws/install/rtabmap/include/rtabmap-0.21/rtabmap/core/util3d_mapping.h
[0.824s] -- Up-to-date: /home/shiven/colcon_ws/install/rtabmap/include/rtabmap-0.21/rtabmap/core/CameraStereo.h
[0.824s] -- Up-to-date: /home/shiven/colcon_ws/install/rtabmap/include/rtabmap-0.21/rtabmap/core/ParamEvent.h
[0.824s] -- Up-to-date: /home/shiven/colcon_ws/install/rtabmap/include/rtabmap-0.21/rtabmap/core/IMU.h
[0.824s] -- Up-to-date: /home/shiven/colcon_ws/install/rtabmap/include/rtabmap-0.21/rtabmap/core/Memory.h
[0.824s] -- Up-to-date: /home/shiven/colcon_ws/install/rtabmap/include/rtabmap-0.21/rtabmap/core/clams
[0.824s] -- Up-to-date: /home/shiven/colcon_ws/install/rtabmap/include/rtabmap-0.21/rtabmap/core/clams/discrete_depth_distortion_model.h
[0.824s] -- Up-to-date: /home/shiven/colcon_ws/install/rtabmap/include/rtabmap-0.21/rtabmap/core/clams/slam_calibrator.h
[0.824s] -- Up-to-date: /home/shiven/colcon_ws/install/rtabmap/include/rtabmap-0.21/rtabmap/core/clams/frame_projector.h
[0.824s] -- Up-to-date: /home/shiven/colcon_ws/install/rtabmap/include/rtabmap-0.21/rtabmap
[0.824s] -- Up-to-date: /home/shiven/colcon_ws/install/rtabmap/include/rtabmap-0.21/rtabmap/core
[0.824s] -- Up-to-date: /home/shiven/colcon_ws/install/rtabmap/include/rtabmap-0.21/rtabmap/core/Version.h
[0.824s] -- Up-to-date: /home/shiven/colcon_ws/install/rtabmap/include/rtabmap-0.21/rtabmap/core/rtabmap_core_export.h
[0.824s] -- Up-to-date: /home/shiven/colcon_ws/install/rtabmap/lib/rtabmap-0.21/RTABMap_coreTargets.cmake
[0.824s] -- Installing: /home/shiven/colcon_ws/install/rtabmap/lib/rtabmap-0.21/RTABMap_coreTargets-release.cmake
[0.824s] -- Up-to-date: /home/shiven/colcon_ws/install/rtabmap/lib/librtabmap_gui.so.0.21.9
[0.824s] -- Up-to-date: /home/shiven/colcon_ws/install/rtabmap/lib/librtabmap_gui.so.0.21
[0.824s] -- Up-to-date: /home/shiven/colcon_ws/install/rtabmap/lib/librtabmap_gui.so
[0.824s] -- Up-to-date: /home/shiven/colcon_ws/install/rtabmap/include/rtabmap-0.21/rtabmap
[0.824s] -- Up-to-date: /home/shiven/colcon_ws/install/rtabmap/include/rtabmap-0.21/rtabmap/gui
[0.824s] -- Up-to-date: /home/shiven/colcon_ws/install/rtabmap/include/rtabmap-0.21/rtabmap/gui/CloudViewerInteractorStyle.h
[0.824s] -- Up-to-date: /home/shiven/colcon_ws/install/rtabmap/include/rtabmap-0.21/rtabmap/gui/DataRecorder.h
[0.824s] -- Up-to-date: /home/shiven/colcon_ws/install/rtabmap/include/rtabmap-0.21/rtabmap/gui/GraphViewer.h
[0.824s] -- Up-to-date: /home/shiven/colcon_ws/install/rtabmap/include/rtabmap-0.21/rtabmap/gui/AboutDialog.h
[0.824s] -- Up-to-date: /home/shiven/colcon_ws/install/rtabmap/include/rtabmap-0.21/rtabmap/gui/EditDepthArea.h
[0.824s] -- Up-to-date: /home/shiven/colcon_ws/install/rtabmap/include/rtabmap-0.21/rtabmap/gui/CameraViewer.h
[0.824s] -- Up-to-date: /home/shiven/colcon_ws/install/rtabmap/include/rtabmap-0.21/rtabmap/gui/RecoveryState.h
[0.824s] -- Up-to-date: /home/shiven/colcon_ws/install/rtabmap/include/rtabmap-0.21/rtabmap/gui/CreateSimpleCalibrationDialog.h
[0.824s] -- Up-to-date: /home/shiven/colcon_ws/install/rtabmap/include/rtabmap-0.21/rtabmap/gui/ImageView.h
[0.824s] -- Up-to-date: /home/shiven/colcon_ws/install/rtabmap/include/rtabmap-0.21/rtabmap/gui/PdfPlot.h
[0.824s] -- Up-to-date: /home/shiven/colcon_ws/install/rtabmap/include/rtabmap-0.21/rtabmap/gui/ConsoleWidget.h
[0.824s] -- Up-to-date: /home/shiven/colcon_ws/install/rtabmap/include/rtabmap-0.21/rtabmap/gui/MultiSessionLocWidget.h
[0.824s] -- Up-to-date: /home/shiven/colcon_ws/install/rtabmap/include/rtabmap-0.21/rtabmap/gui/DepthCalibrationDialog.h
[0.824s] -- Up-to-date: /home/shiven/colcon_ws/install/rtabmap/include/rtabmap-0.21/rtabmap/gui/PreferencesDialog.h
[0.824s] -- Up-to-date: /home/shiven/colcon_ws/install/rtabmap/include/rtabmap-0.21/rtabmap/gui/ExportBundlerDialog.h
[0.824s] -- Up-to-date: /home/shiven/colcon_ws/install/rtabmap/include/rtabmap-0.21/rtabmap/gui/MapVisibilityWidget.h
[0.824s] -- Up-to-date: /home/shiven/colcon_ws/install/rtabmap/include/rtabmap-0.21/rtabmap/gui/CloudViewerCellPicker.h
[0.824s] -- Up-to-date: /home/shiven/colcon_ws/install/rtabmap/include/rtabmap-0.21/rtabmap/gui/TexturingState.h
[0.824s] -- Up-to-date: /home/shiven/colcon_ws/install/rtabmap/include/rtabmap-0.21/rtabmap/gui/ExportDialog.h
[0.824s] -- Up-to-date: /home/shiven/colcon_ws/install/rtabmap/include/rtabmap-0.21/rtabmap/gui/MultiSessionLocSubView.h
[0.824s] -- Up-to-date: /home/shiven/colcon_ws/install/rtabmap/include/rtabmap-0.21/rtabmap/gui/EditConstraintDialog.h
[0.824s] -- Up-to-date: /home/shiven/colcon_ws/install/rtabmap/include/rtabmap-0.21/rtabmap/gui/MainWindow.h
[0.824s] -- Up-to-date: /home/shiven/colcon_ws/install/rtabmap/include/rtabmap-0.21/rtabmap/gui/ProgressDialog.h
[0.824s] -- Up-to-date: /home/shiven/colcon_ws/install/rtabmap/include/rtabmap-0.21/rtabmap/gui/CalibrationDialog.h
[0.825s] -- Up-to-date: /home/shiven/colcon_ws/install/rtabmap/include/rtabmap-0.21/rtabmap/gui/ExportCloudsDialog.h
[0.825s] -- Up-to-date: /home/shiven/colcon_ws/install/rtabmap/include/rtabmap-0.21/rtabmap/gui/OdometryViewer.h
[0.825s] -- Up-to-date: /home/shiven/colcon_ws/install/rtabmap/include/rtabmap-0.21/rtabmap/gui/StatsToolBox.h
[0.825s] -- Up-to-date: /home/shiven/colcon_ws/install/rtabmap/include/rtabmap-0.21/rtabmap/gui/CloudViewer.h
[0.825s] -- Up-to-date: /home/shiven/colcon_ws/install/rtabmap/include/rtabmap-0.21/rtabmap/gui/LoopClosureViewer.h
[0.825s] -- Up-to-date: /home/shiven/colcon_ws/install/rtabmap/include/rtabmap-0.21/rtabmap/gui/ParametersToolBox.h
[0.825s] -- Up-to-date: /home/shiven/colcon_ws/install/rtabmap/include/rtabmap-0.21/rtabmap/gui/PostProcessingDialog.h
[0.825s] -- Up-to-date: /home/shiven/colcon_ws/install/rtabmap/include/rtabmap-0.21/rtabmap/gui/EditMapArea.h
[0.825s] -- Up-to-date: /home/shiven/colcon_ws/install/rtabmap/include/rtabmap-0.21/rtabmap/gui/LinkRefiningDialog.h
[0.825s] -- Up-to-date: /home/shiven/colcon_ws/install/rtabmap/include/rtabmap-0.21/rtabmap/gui/DatabaseViewer.h
[0.825s] -- Up-to-date: /home/shiven/colcon_ws/install/rtabmap/include/rtabmap-0.21/rtabmap/gui/KeypointItem.h
[0.825s] -- Up-to-date: /home/shiven/colcon_ws/install/rtabmap/include/rtabmap-0.21/rtabmap/utilite
[0.825s] -- Up-to-date: /home/shiven/colcon_ws/install/rtabmap/include/rtabmap-0.21/rtabmap/utilite/UImageView.h
[0.825s] -- Up-to-date: /home/shiven/colcon_ws/install/rtabmap/include/rtabmap-0.21/rtabmap/utilite/UCv2Qt.h
[0.825s] -- Up-to-date: /home/shiven/colcon_ws/install/rtabmap/include/rtabmap-0.21/rtabmap/utilite/UPlot.h
[0.825s] -- Up-to-date: /home/shiven/colcon_ws/install/rtabmap/include/rtabmap-0.21/rtabmap
[0.825s] -- Up-to-date: /home/shiven/colcon_ws/install/rtabmap/include/rtabmap-0.21/rtabmap/gui
[0.825s] -- Up-to-date: /home/shiven/colcon_ws/install/rtabmap/include/rtabmap-0.21/rtabmap/gui/rtabmap_gui_export.h
[0.825s] -- Up-to-date: /home/shiven/colcon_ws/install/rtabmap/lib/rtabmap-0.21/RTABMap_guiTargets.cmake
[0.825s] -- Installing: /home/shiven/colcon_ws/install/rtabmap/lib/rtabmap-0.21/RTABMap_guiTargets-release.cmake
[0.825s] -- Up-to-date: /home/shiven/colcon_ws/install/rtabmap/bin/rtabmap
[0.825s] -- Up-to-date: /home/shiven/colcon_ws/install/rtabmap/bin/rtabmap-console
[0.825s] -- Up-to-date: /home/shiven/colcon_ws/install/rtabmap/bin/rtabmap-extractObject
[0.825s] -- Up-to-date: /home/shiven/colcon_ws/install/rtabmap/bin/rtabmap-camera
[0.825s] -- Up-to-date: /home/shiven/colcon_ws/install/rtabmap/bin/rtabmap-kitti_dataset
[0.825s] -- Up-to-date: /home/shiven/colcon_ws/install/rtabmap/bin/rtabmap-rgbd_dataset
[0.825s] -- Up-to-date: /home/shiven/colcon_ws/install/rtabmap/bin/rtabmap-euroc_dataset
[0.825s] -- Up-to-date: /home/shiven/colcon_ws/install/rtabmap/bin/rtabmap-recovery
[0.825s] -- Up-to-date: /home/shiven/colcon_ws/install/rtabmap/bin/rtabmap-reprocess
[0.825s] -- Up-to-date: /home/shiven/colcon_ws/install/rtabmap/bin/rtabmap-detectMoreLoopClosures
[0.825s] -- Up-to-date: /home/shiven/colcon_ws/install/rtabmap/bin/rtabmap-export
[0.825s] -- Up-to-date: /home/shiven/colcon_ws/install/rtabmap/bin/rtabmap-report
[0.825s] -- Up-to-date: /home/shiven/colcon_ws/install/rtabmap/bin/rtabmap-info
[0.825s] -- Up-to-date: /home/shiven/colcon_ws/install/rtabmap/bin/rtabmap-cleanupLocalGrids
[0.825s] -- Up-to-date: /home/shiven/colcon_ws/install/rtabmap/bin/rtabmap-globalBundleAdjustment
[0.825s] -- Up-to-date: /home/shiven/colcon_ws/install/rtabmap/bin/rtabmap-rgbd_camera
[0.825s] -- Up-to-date: /home/shiven/colcon_ws/install/rtabmap/bin/rtabmap-lidar_viewer
[0.825s] -- Up-to-date: /home/shiven/colcon_ws/install/rtabmap/bin/rtabmap-databaseViewer
[0.825s] -- Up-to-date: /home/shiven/colcon_ws/install/rtabmap/bin/rtabmap-odometryViewer
[0.825s] -- Up-to-date: /home/shiven/colcon_ws/install/rtabmap/bin/rtabmap-dataRecorder
[0.825s] -- Up-to-date: /home/shiven/colcon_ws/install/rtabmap/bin/rtabmap-calibration
[0.825s] -- Up-to-date: /home/shiven/colcon_ws/install/rtabmap/lib/rtabmap-0.21/RTABMapTargets.cmake
[0.825s] -- Up-to-date: /home/shiven/colcon_ws/install/rtabmap/lib/rtabmap-0.21/RTABMapConfig.cmake
[0.825s] -- Up-to-date: /home/shiven/colcon_ws/install/rtabmap/lib/rtabmap-0.21/RTABMapConfigVersion.cmake
[0.825s] -- Up-to-date: /home/shiven/colcon_ws/install/rtabmap/share/rtabmap/package.xml
[0.825s] Invoked command in '/home/shiven/colcon_ws/build/rtabmap' returned '0': CMAKE_PREFIX_PATH=/opt/ros/foxy /usr/bin/cmake --install /home/shiven/colcon_ws/build/rtabmap
