[0.005s] Invoking command in '/home/shiven/colcon_ws/build/orbslam3': CMAKE_PREFIX_PATH=/opt/ros/foxy /usr/bin/cmake /home/shiven/colcon_ws/src/orbslam3_ros2 -DAMENT_CMAKE_SYMLINK_INSTALL=1 -DCMAKE_INSTALL_PREFIX=/home/shiven/colcon_ws/install/orbslam3
[0.011s] -- Found ament_cmake: 0.9.12 (/opt/ros/foxy/share/ament_cmake/cmake)
[0.021s] -- Using PYTHON_EXECUTABLE: /usr/bin/python3
[0.095s] -- Override CMake install command with custom implementation using symlinks instead of copying resources
[0.098s] -- Found rclcpp: 2.4.3 (/opt/ros/foxy/share/rclcpp/cmake)
[0.113s] -- Using all available rosidl_typesupport_c: rosidl_typesupport_fastrtps_c;rosidl_typesupport_introspection_c
[0.115s] -- Found rosidl_adapter: 1.3.1 (/opt/ros/foxy/share/rosidl_adapter/cmake)
[0.170s] -- Using all available rosidl_typesupport_cpp: rosidl_typesupport_fastrtps_cpp;rosidl_typesupport_introspection_cpp
[0.192s] -- Found rmw_implementation_cmake: 1.0.4 (/opt/ros/foxy/share/rmw_implementation_cmake/cmake)
[0.193s] -- Using RMW implementation 'rmw_fastrtps_cpp' as default
[0.259s] -- Found sensor_msgs: 2.0.5 (/opt/ros/foxy/share/sensor_msgs/cmake)
[0.312s] -- Found cv_bridge: 3.0.7 (/opt/ros/foxy/share/cv_bridge/cmake)
[0.323s] -- Found message_filters: 3.2.7 (/opt/ros/foxy/share/message_filters/cmake)
[0.331s] CMake Error at /usr/share/cmake-3.16/Modules/FindPackageHandleStandardArgs.cmake:146 (message):
[0.331s]   Could NOT find ORB_SLAM3 (missing: ORB_SLAM3_LIBRARY ORB_SLAM3_INCLUDE_DIR
[0.331s]   DBoW2_INCLUDE_DIR DBoW2_LIBRARY g2o_LIBRARY)
[0.331s] Call Stack (most recent call first):
[0.331s]   /usr/share/cmake-3.16/Modules/FindPackageHandleStandardArgs.cmake:393 (_FPHSA_FAILURE_MESSAGE)
[0.331s]   CMakeModules/FindORB_SLAM3.cmake:37 (find_package_handle_standard_args)
[0.331s]   CMakeLists.txt:25 (find_package)
[0.331s] 
[0.331s] 
[0.331s] -- Configuring incomplete, errors occurred!
[0.331s] See also "/home/shiven/colcon_ws/build/orbslam3/CMakeFiles/CMakeOutput.log".
[0.331s] See also "/home/shiven/colcon_ws/build/orbslam3/CMakeFiles/CMakeError.log".
[0.335s] Invoked command in '/home/shiven/colcon_ws/build/orbslam3' returned '1': CMAKE_PREFIX_PATH=/opt/ros/foxy /usr/bin/cmake /home/shiven/colcon_ws/src/orbslam3_ros2 -DAMENT_CMAKE_SYMLINK_INSTALL=1 -DCMAKE_INSTALL_PREFIX=/home/shiven/colcon_ws/install/orbslam3
