-- The C compiler identification is GNU 9.4.0
-- The CXX compiler identification is GNU 9.4.0
-- Check for working C compiler: /usr/bin/cc
-- Check for working C compiler: /usr/bin/cc -- works
-- Detecting C compiler ABI info
-- Detecting C compiler ABI info - done
-- Detecting C compile features
-- Detecting C compile features - done
-- Check for working CXX compiler: /usr/bin/c++
-- Check for working CXX compiler: /usr/bin/c++ -- works
-- Detecting CXX compiler ABI info
-- Detecting CXX compiler ABI info - done
-- Detecting CXX compile features
-- Detecting CXX compile features - done
-- MOBILE_BUILD=OFF
-- Checking for module 'eigen3'
--   Found eigen3, version 3.4.0
-- Found Eigen: /usr/include/eigen3 (Required is at least version "3.1") 
-- Eigen found (include: /usr/include/eigen3, version: 3.3.7)
-- Checking for module 'libusb-1.0'
--   Found libusb-1.0, version 1.0.23
-- Found USB_10: /usr/lib/x86_64-linux-gnu/libusb-1.0.so  
-- OpenNI found (include: /usr/include/ni, lib: /usr/lib/libOpenNI.so)
-- The imported target "vtkParseOGLExt" references the file
   "/usr/bin/vtkParseOGLExt-7.1"
but this file does not exist.  Possible reasons include:
* The file was deleted, renamed, or moved to another location.
* An install or uninstall procedure did not complete successfully.
* The installation package was faulty and contained
   "/usr/lib/cmake/vtk-7.1/VTKTargets.cmake"
but not all the files it references.

-- The imported target "vtkRenderingPythonTkWidgets" references the file
   "/usr/lib/x86_64-linux-gnu/libvtkRenderingPythonTkWidgets.so"
but this file does not exist.  Possible reasons include:
* The file was deleted, renamed, or moved to another location.
* An install or uninstall procedure did not complete successfully.
* The installation package was faulty and contained
   "/usr/lib/cmake/vtk-7.1/VTKTargets.cmake"
but not all the files it references.

-- The imported target "vtk" references the file
   "/usr/bin/vtk"
but this file does not exist.  Possible reasons include:
* The file was deleted, renamed, or moved to another location.
* An install or uninstall procedure did not complete successfully.
* The installation package was faulty and contained
   "/usr/lib/cmake/vtk-7.1/VTKTargets.cmake"
but not all the files it references.

-- The imported target "pvtk" references the file
   "/usr/bin/pvtk"
but this file does not exist.  Possible reasons include:
* The file was deleted, renamed, or moved to another location.
* An install or uninstall procedure did not complete successfully.
* The installation package was faulty and contained
   "/usr/lib/cmake/vtk-7.1/VTKTargets.cmake"
but not all the files it references.

-- Found libusb-1.0: /usr/include  
-- Checking for module 'flann'
--   Found flann, version 1.9.1
-- Found FLANN: /usr/lib/x86_64-linux-gnu/libflann_cpp.so  
-- Found Qhull: optimized;/usr/lib/x86_64-linux-gnu/libqhull.so;debug;/usr/lib/x86_64-linux-gnu/libqhull.so  
-- QHULL found (include: /usr/include, lib: optimized;/usr/lib/x86_64-linux-gnu/libqhull.so;debug;/usr/lib/x86_64-linux-gnu/libqhull.so)
-- OpenNI found (include: /usr/include/ni, lib: /usr/lib/libOpenNI.so)
-- Found PCL_COMMON: /usr/lib/x86_64-linux-gnu/libpcl_common.so  
-- Found PCL_OCTREE: /usr/lib/x86_64-linux-gnu/libpcl_octree.so  
-- Found PCL_IO: /usr/lib/x86_64-linux-gnu/libpcl_io.so  
-- Found PCL_KDTREE: /usr/lib/x86_64-linux-gnu/libpcl_kdtree.so  
-- Found PCL_SEARCH: /usr/lib/x86_64-linux-gnu/libpcl_search.so  
-- Found PCL_SURFACE: /usr/lib/x86_64-linux-gnu/libpcl_surface.so  
-- Found PCL_FILTERS: /usr/lib/x86_64-linux-gnu/libpcl_filters.so  
-- Found PCL_2D: /usr/include/pcl-1.10  
-- Found PCL_FEATURES: /usr/lib/x86_64-linux-gnu/libpcl_features.so  
-- Found PCL_REGISTRATION: /usr/lib/x86_64-linux-gnu/libpcl_registration.so  
-- Found PCL_SAMPLE_CONSENSUS: /usr/lib/x86_64-linux-gnu/libpcl_sample_consensus.so  
-- Found PCL_GEOMETRY: /usr/include/pcl-1.10  
-- Found PCL_ML: /usr/lib/x86_64-linux-gnu/libpcl_ml.so  
-- Found PCL_SEGMENTATION: /usr/lib/x86_64-linux-gnu/libpcl_segmentation.so  
-- Found PCL_VISUALIZATION: /usr/lib/x86_64-linux-gnu/libpcl_visualization.so  
-- PCL definitions don't contain "-march=native", make sure all libraries using Eigen are also compiled without that flag to avoid some segmentation faults (with gdb referring to some Eigen functions).
-- Found SQLite3: /usr/include /usr/lib/x86_64-linux-gnu/libsqlite3.so
-- Found OpenMP_C: -fopenmp (found version "4.5") 
-- Found OpenMP_CXX: -fopenmp (found version "4.5") 
-- Found OpenMP: TRUE (found version "4.5") found components: C CXX 
-- Found OpenMP: /usr/lib/gcc/x86_64-linux-gnu/9/libgomp.so;/usr/lib/x86_64-linux-gnu/libpthread.so
-- Add PCL_OMP to definitions
-- Found OpenCV: /usr/local/include/opencv4
-- Found PCL: /usr/include/pcl-1.10;/usr/include/eigen3;/usr/include;/usr/include/ni;/usr/include/vtk-7.1;/usr/include/freetype2;/usr/include/x86_64-linux-gnu
-- Found ZLIB: /usr/include
-- VTK_RENDERING_BACKEND=OpenGL2
-- Found OpenNI2: /usr/include/openni2
-- Found DC1394: /usr/include/dc1394
-- Could NOT find g2o (missing: g2o_DIR)
-- RTAB-Map's cmake g2o find module used for convenience (for older g2o versions)
-- Could NOT find CSPARSE (missing: CSPARSE_INCLUDE_DIR CSPARSE_LIBRARY) 
-- FlyCapture2_INCLUDE_DIR=FlyCapture2_INCLUDE_DIR-NOTFOUND
-- FlyCapture2_LIBRARY=FlyCapture2_LIBRARY-NOTFOUND
-- Triclops_INCLUDE_DIR=Triclops_INCLUDE_DIR-NOTFOUND
-- Triclops_LIBRARY=Triclops_LIBRARY-NOTFOUND
-- FlyCaptureBridge_LIBRARY=FlyCaptureBridge_LIBRARY-NOTFOUND
-- Found RealSense2: 
-- Found octomap 1.9.3: /usr/include
-- Architecture: x86_64
-- Performing Test COMPILER_SUPPORTS_CXX14
-- Performing Test COMPILER_SUPPORTS_CXX14 - Success
-- Found Pthreads
-- Performing Test COMPILER_HAS_HIDDEN_VISIBILITY
-- Performing Test COMPILER_HAS_HIDDEN_VISIBILITY - Success
-- Performing Test COMPILER_HAS_HIDDEN_INLINE_VISIBILITY
-- Performing Test COMPILER_HAS_HIDDEN_INLINE_VISIBILITY - Success
-- Performing Test COMPILER_HAS_DEPRECATED_ATTR
-- Performing Test COMPILER_HAS_DEPRECATED_ATTR - Success
-- --------------------------------------------
-- Info :
--   RTAB-Map Version =     0.21.9
--   CMAKE_VERSION =        3.16.3
--   CMAKE_INSTALL_PREFIX = /home/shiven/colcon_ws/install/rtabmap
--   CMAKE_BUILD_TYPE =     Release
--   CMAKE_INSTALL_LIBDIR = lib
--   BUILD_APP =            ON
--   BUILD_TOOLS =          ON
--   BUILD_EXAMPLES =       ON
--   BUILD_SHARED_LIBS =    ON
--   CMAKE_CXX_FLAGS =  -fmessage-length=0  -fopenmp -std=c++14
--   FLANN_KDTREE_MEM_OPT = OFF
--   PCL_DEFINITIONS = -DDISABLE_OPENNI2;-DDISABLE_PCAP;-DDISABLE_PNG;-DDISABLE_LIBUSB_1_0
--   PCL_VERSION = 1.10.0
-- 
-- Optional dependencies ('*' affects some default parameters) :
--  *With OpenCV 4.2.0 xfeatures2d = YES, nonfree = NO (License: BSD)
--   With Qt 5.12.8            = YES (License: Open Source or Commercial)
--   With VTK 7.1              = YES (License: BSD)
--   With external SQLite3     = YES (License: Public Domain)
--   With ORB OcTree           = YES (License: GPLv3)
--   With SupertPoint          = NO (WITH_TORCH=OFF)
--   With Python3              = NO (WITH_PYTHON=OFF)
--   With Madgwick             = YES (License: GPL)
--   With FastCV               = NO (FastCV not found)
--   With PDAL                 = NO (PDAL not found)
--   With libLAS               = NO (WITH_LIBLAS=OFF)
--   With CudaSift             = NO (WITH_CUDASIFT=OFF)
-- 
--  Solvers:
--   With TORO                 = YES (License: Creative Commons [Attribution-NonCommercial-ShareAlike])
--  *With g2o                  = NO (g2o not found)
--  *With GTSAM                = NO (GTSAM not found)
--  *With Ceres                = NO (WITH_CERES=OFF)
--   With MRPT                 = NO (MRPT not found)
--   With VERTIGO              = NO (GTSAM or g2o required)
--   With cvsba                = NO (WITH_CVSBA=OFF)
--  *With libpointmatcher      = NO (libpointmatcher not found)
--   With CCCoreLib            = NO (WITH_CCCORELIB=OFF)
--   With Open3D               = NO (WITH_OPEN3D=OFF)
--   With OpenGV               = NO (OpenGV not found)
-- 
--  Reconstruction Approaches:
--   With OctoMap 1.9.3        = YES (License: BSD)
--   With GridMap              = NO (grid_map_core not found)
--   With CPUTSDF              = NO (WITH_CPUTSDF=OFF)
--   With OpenChisel           = NO (WITH_OPENCHISEL=OFF)
--   With AliceVision          = NO (WITH_ALICE_VISION=OFF)
-- 
--  Camera Drivers:
--   With Freenect             = NO (libfreenect not found)
--   With OpenNI               = YES (License: Apache v2)
--   With OpenNI2              = YES (License: Apache v2)
--   With Freenect2            = NO (libfreenect2 not found)
--   With Kinect for Windows 2 = NO (Kinect for Windows 2 SDK not found)
--   With Kinect for Azure     = NO (Kinect for Azure SDK not found)
--   With dc1394               = YES (License: LGPL)
--   With FlyCapture2/Triclops = NO (Point Grey SDK not found)
--   With ZED                  = NO (ZED sdk and/or cuda not found)
--   With ZEDOC                = NO (ZED Open Capture not found)
--   With RealSense            = NO (librealsense not found)
--   With RealSense2 2.55.1    = YES (License: Apache-2)
--   With MyntEyeS             = NO (mynteye s sdk not found)
--   With DepthAI              = NO (WITH_DEPTHAI=OFF)
--   With XVisio SDK           = NO (WITH_XVSDK=OFF)
-- 
--  Odometry Approaches:
--   With loam_velodyne        = NO (WITH_LOAM=OFF)
--   With floam                = NO (WITH_FLOAM=OFF)
--   With libfovis             = NO (WITH_FOVIS=OFF)
--   With libviso2             = NO (WITH_VISO2=OFF)
--   With dvo_core             = NO (WITH_DVO=OFF)
--   With okvis                = NO (WITH_OKVIS=OFF)
--   With msckf_vio            = NO (WITH_MSCKF_VIO=OFF)
--   With VINS-Fusion          = NO (WITH_VINS=OFF)
--   With OpenVINS             = NO (WITH_OPENVINS=OFF)
--   With ORB_SLAM             = NO (WITH_ORB_SLAM=OFF)
-- Show all options with: cmake -LA | grep WITH_
-- --------------------------------------------
-- Configuring done
-- Generating done
-- Build files have been written to: /home/shiven/colcon_ws/build/rtabmap
[35m[1mScanning dependencies of target rtabmap_utilite[0m
[  0%] [32mBuilding CXX object utilite/src/CMakeFiles/rtabmap_utilite.dir/UDirectory.cpp.o[0m
[  1%] [32mBuilding CXX object utilite/src/CMakeFiles/rtabmap_utilite.dir/UEventsManager.cpp.o[0m
[  1%] [32mBuilding CXX object utilite/src/CMakeFiles/rtabmap_utilite.dir/UEventsHandler.cpp.o[0m
[  2%] [32mBuilding CXX object utilite/src/CMakeFiles/rtabmap_utilite.dir/UEventsSender.cpp.o[0m
[  2%] [32mBuilding CXX object utilite/src/CMakeFiles/rtabmap_utilite.dir/UFile.cpp.o[0m
[  3%] [32mBuilding CXX object utilite/src/CMakeFiles/rtabmap_utilite.dir/UConversion.cpp.o[0m
[  3%] [32mBuilding CXX object utilite/src/CMakeFiles/rtabmap_utilite.dir/ULogger.cpp.o[0m
[  3%] [32mBuilding CXX object utilite/src/CMakeFiles/rtabmap_utilite.dir/UThread.cpp.o[0m
[  4%] [32mBuilding CXX object utilite/src/CMakeFiles/rtabmap_utilite.dir/UTimer.cpp.o[0m
[  4%] [32mBuilding CXX object utilite/src/CMakeFiles/rtabmap_utilite.dir/UProcessInfo.cpp.o[0m
[  5%] [32mBuilding CXX object utilite/src/CMakeFiles/rtabmap_utilite.dir/UVariant.cpp.o[0m
[  5%] [32m[1mLinking CXX shared library ../../bin/librtabmap_utilite.so[0m
[  5%] Built target rtabmap_utilite
[35m[1mScanning dependencies of target res_tool[0m
[  5%] [32mBuilding CXX object utilite/resource_generator/CMakeFiles/res_tool.dir/main.cpp.o[0m
[  6%] [32m[1mLinking CXX executable ../../bin/rtabmap-res_tool[0m
[  6%] Built target res_tool
[  6%] [34m[1m[Creating resources][0m
 Using namespace=rtabmap
 Using target directory=/home/shiven/colcon_ws/build/rtabmap/corelib/src
Input file "/home/shiven/colcon_ws/src/rtabmap/corelib/src/resources/DatabaseSchema.sql" size = 5900 bytes
Output file "/home/shiven/colcon_ws/build/rtabmap/corelib/src/DatabaseSchema_sql.h" size = 12027 bytes
Input file "/home/shiven/colcon_ws/src/rtabmap/corelib/src/resources/backward_compatibility/DatabaseSchema_0_18_3.sql" size = 5749 bytes
Output file "/home/shiven/colcon_ws/build/rtabmap/corelib/src/DatabaseSchema_0_18_3_sql.h" size = 11753 bytes
Input file "/home/shiven/colcon_ws/src/rtabmap/corelib/src/resources/backward_compatibility/DatabaseSchema_0_18_0.sql" size = 5749 bytes
Output file "/home/shiven/colcon_ws/build/rtabmap/corelib/src/DatabaseSchema_0_18_0_sql.h" size = 11753 bytes
Input file "/home/shiven/colcon_ws/src/rtabmap/corelib/src/resources/backward_compatibility/DatabaseSchema_0_17_0.sql" size = 5432 bytes
Output file "/home/shiven/colcon_ws/build/rtabmap/corelib/src/DatabaseSchema_0_17_0_sql.h" size = 11119 bytes
Input file "/home/shiven/colcon_ws/src/rtabmap/corelib/src/resources/backward_compatibility/DatabaseSchema_0_16_2.sql" size = 5362 bytes
Output file "/home/shiven/colcon_ws/build/rtabmap/corelib/src/DatabaseSchema_0_16_2_sql.h" size = 10979 bytes
Input file "/home/shiven/colcon_ws/src/rtabmap/corelib/src/resources/backward_compatibility/DatabaseSchema_0_16_1.sql" size = 5286 bytes
Output file "/home/shiven/colcon_ws/build/rtabmap/corelib/src/DatabaseSchema_0_16_1_sql.h" size = 10827 bytes
Input file "/home/shiven/colcon_ws/src/rtabmap/corelib/src/resources/backward_compatibility/DatabaseSchema_0_16_0.sql" size = 5273 bytes
Output file "/home/shiven/colcon_ws/build/rtabmap/corelib/src/DatabaseSchema_0_16_0_sql.h" size = 10801 bytes
[35m[1mScanning dependencies of target rtabmap_core[0m
[  8%] [32mBuilding CXX object corelib/src/CMakeFiles/rtabmap_core.dir/RtabmapThread.cpp.o[0m
[  8%] [32mBuilding CXX object corelib/src/CMakeFiles/rtabmap_core.dir/Memory.cpp.o[0m
[  8%] [32mBuilding CXX object corelib/src/CMakeFiles/rtabmap_core.dir/DBDriver.cpp.o[0m
[  8%] [32mBuilding CXX object corelib/src/CMakeFiles/rtabmap_core.dir/Statistics.cpp.o[0m
[  8%] [32mBuilding CXX object corelib/src/CMakeFiles/rtabmap_core.dir/Rtabmap.cpp.o[0m
[  8%] [32mBuilding CXX object corelib/src/CMakeFiles/rtabmap_core.dir/DBDriverSqlite3.cpp.o[0m
[  9%] [32mBuilding CXX object corelib/src/CMakeFiles/rtabmap_core.dir/DBReader.cpp.o[0m
[  9%] [32mBuilding CXX object corelib/src/CMakeFiles/rtabmap_core.dir/Recovery.cpp.o[0m
[ 10%] [32mBuilding CXX object corelib/src/CMakeFiles/rtabmap_core.dir/SensorCapture.cpp.o[0m
[ 10%] [32mBuilding CXX object corelib/src/CMakeFiles/rtabmap_core.dir/SensorCaptureThread.cpp.o[0m
[ 11%] [32mBuilding CXX object corelib/src/CMakeFiles/rtabmap_core.dir/Camera.cpp.o[0m
[ 11%] [32mBuilding CXX object corelib/src/CMakeFiles/rtabmap_core.dir/CameraModel.cpp.o[0m
[ 11%] [32mBuilding CXX object corelib/src/CMakeFiles/rtabmap_core.dir/camera/CameraFreenect.cpp.o[0m
[ 12%] [32mBuilding CXX object corelib/src/CMakeFiles/rtabmap_core.dir/camera/CameraFreenect2.cpp.o[0m
[ 12%] [32mBuilding CXX object corelib/src/CMakeFiles/rtabmap_core.dir/camera/CameraImages.cpp.o[0m
[ 13%] [32mBuilding CXX object corelib/src/CMakeFiles/rtabmap_core.dir/camera/CameraK4W2.cpp.o[0m
[ 13%] [32mBuilding CXX object corelib/src/CMakeFiles/rtabmap_core.dir/camera/CameraK4A.cpp.o[0m
[ 13%] [32mBuilding CXX object corelib/src/CMakeFiles/rtabmap_core.dir/camera/CameraOpenni.cpp.o[0m
[ 14%] [32mBuilding CXX object corelib/src/CMakeFiles/rtabmap_core.dir/camera/CameraOpenNI2.cpp.o[0m
[ 14%] [32mBuilding CXX object corelib/src/CMakeFiles/rtabmap_core.dir/camera/CameraOpenNICV.cpp.o[0m
[ 15%] [32mBuilding CXX object corelib/src/CMakeFiles/rtabmap_core.dir/camera/CameraRealSense.cpp.o[0m
[ 15%] [32mBuilding CXX object corelib/src/CMakeFiles/rtabmap_core.dir/camera/CameraRealSense2.cpp.o[0m
[ 15%] [32mBuilding CXX object corelib/src/CMakeFiles/rtabmap_core.dir/camera/CameraRGBDImages.cpp.o[0m
[ 16%] [32mBuilding CXX object corelib/src/CMakeFiles/rtabmap_core.dir/camera/CameraStereoDC1394.cpp.o[0m
[ 16%] [32mBuilding CXX object corelib/src/CMakeFiles/rtabmap_core.dir/camera/CameraStereoFlyCapture2.cpp.o[0m
[ 17%] [32mBuilding CXX object corelib/src/CMakeFiles/rtabmap_core.dir/camera/CameraStereoImages.cpp.o[0m
[ 17%] [32mBuilding CXX object corelib/src/CMakeFiles/rtabmap_core.dir/camera/CameraStereoVideo.cpp.o[0m
[ 17%] [32mBuilding CXX object corelib/src/CMakeFiles/rtabmap_core.dir/camera/CameraStereoZed.cpp.o[0m
[ 18%] [32mBuilding CXX object corelib/src/CMakeFiles/rtabmap_core.dir/camera/CameraStereoZedOC.cpp.o[0m
[ 18%] [32mBuilding CXX object corelib/src/CMakeFiles/rtabmap_core.dir/camera/CameraStereoTara.cpp.o[0m
[ 19%] [32mBuilding CXX object corelib/src/CMakeFiles/rtabmap_core.dir/camera/CameraVideo.cpp.o[0m
[ 19%] [32mBuilding CXX object corelib/src/CMakeFiles/rtabmap_core.dir/camera/CameraMyntEye.cpp.o[0m
[ 20%] [32mBuilding CXX object corelib/src/CMakeFiles/rtabmap_core.dir/camera/CameraDepthAI.cpp.o[0m
[ 20%] [32mBuilding CXX object corelib/src/CMakeFiles/rtabmap_core.dir/camera/CameraSeerSense.cpp.o[0m
[ 20%] [32mBuilding CXX object corelib/src/CMakeFiles/rtabmap_core.dir/EpipolarGeometry.cpp.o[0m
[ 21%] [32mBuilding CXX object corelib/src/CMakeFiles/rtabmap_core.dir/VisualWord.cpp.o[0m
[ 21%] [32mBuilding CXX object corelib/src/CMakeFiles/rtabmap_core.dir/VWDictionary.cpp.o[0m
[ 22%] [32mBuilding CXX object corelib/src/CMakeFiles/rtabmap_core.dir/BayesFilter.cpp.o[0m
[ 22%] [32mBuilding CXX object corelib/src/CMakeFiles/rtabmap_core.dir/Parameters.cpp.o[0m
[ 22%] [32mBuilding CXX object corelib/src/CMakeFiles/rtabmap_core.dir/Signature.cpp.o[0m
[ 23%] [32mBuilding CXX object corelib/src/CMakeFiles/rtabmap_core.dir/Features2d.cpp.o[0m
[ 23%] [32mBuilding CXX object corelib/src/CMakeFiles/rtabmap_core.dir/Transform.cpp.o[0m
[ 24%] [32mBuilding CXX object corelib/src/CMakeFiles/rtabmap_core.dir/GeodeticCoords.cpp.o[0m
[ 24%] [32mBuilding CXX object corelib/src/CMakeFiles/rtabmap_core.dir/util2d.cpp.o[0m
[ 24%] [32mBuilding CXX object corelib/src/CMakeFiles/rtabmap_core.dir/util3d.cpp.o[0m
[ 25%] [32mBuilding CXX object corelib/src/CMakeFiles/rtabmap_core.dir/util3d_filtering.cpp.o[0m
[ 25%] [32mBuilding CXX object corelib/src/CMakeFiles/rtabmap_core.dir/util3d_mapping.cpp.o[0m
[ 26%] [32mBuilding CXX object corelib/src/CMakeFiles/rtabmap_core.dir/util3d_transforms.cpp.o[0m
[ 26%] [32mBuilding CXX object corelib/src/CMakeFiles/rtabmap_core.dir/util3d_registration.cpp.o[0m
[ 26%] [32mBuilding CXX object corelib/src/CMakeFiles/rtabmap_core.dir/util3d_surface.cpp.o[0m
[ 27%] [32mBuilding CXX object corelib/src/CMakeFiles/rtabmap_core.dir/util3d_features.cpp.o[0m
[ 27%] [32mBuilding CXX object corelib/src/CMakeFiles/rtabmap_core.dir/util3d_correspondences.cpp.o[0m
[ 28%] [32mBuilding CXX object corelib/src/CMakeFiles/rtabmap_core.dir/util3d_motion_estimation.cpp.o[0m
[ 28%] [32mBuilding CXX object corelib/src/CMakeFiles/rtabmap_core.dir/SensorData.cpp.o[0m
[ 28%] [32mBuilding CXX object corelib/src/CMakeFiles/rtabmap_core.dir/Graph.cpp.o[0m
[ 29%] [32mBuilding CXX object corelib/src/CMakeFiles/rtabmap_core.dir/Compression.cpp.o[0m
[ 29%] [32mBuilding CXX object corelib/src/CMakeFiles/rtabmap_core.dir/Link.cpp.o[0m
[ 30%] [32mBuilding CXX object corelib/src/CMakeFiles/rtabmap_core.dir/LaserScan.cpp.o[0m
[ 30%] [32mBuilding CXX object corelib/src/CMakeFiles/rtabmap_core.dir/Optimizer.cpp.o[0m
[ 31%] [32mBuilding CXX object corelib/src/CMakeFiles/rtabmap_core.dir/optimizer/OptimizerTORO.cpp.o[0m
[ 31%] [32mBuilding CXX object corelib/src/CMakeFiles/rtabmap_core.dir/optimizer/OptimizerG2O.cpp.o[0m
[ 31%] [32mBuilding CXX object corelib/src/CMakeFiles/rtabmap_core.dir/optimizer/OptimizerGTSAM.cpp.o[0m
[ 32%] [32mBuilding CXX object corelib/src/CMakeFiles/rtabmap_core.dir/optimizer/OptimizerCVSBA.cpp.o[0m
[ 32%] [32mBuilding CXX object corelib/src/CMakeFiles/rtabmap_core.dir/optimizer/OptimizerCeres.cpp.o[0m
[ 33%] [32mBuilding CXX object corelib/src/CMakeFiles/rtabmap_core.dir/Registration.cpp.o[0m
[ 33%] [32mBuilding CXX object corelib/src/CMakeFiles/rtabmap_core.dir/RegistrationIcp.cpp.o[0m
[ 33%] [32mBuilding CXX object corelib/src/CMakeFiles/rtabmap_core.dir/RegistrationVis.cpp.o[0m
[ 34%] [32mBuilding CXX object corelib/src/CMakeFiles/rtabmap_core.dir/Odometry.cpp.o[0m
[ 34%] [32mBuilding CXX object corelib/src/CMakeFiles/rtabmap_core.dir/OdometryThread.cpp.o[0m
[ 35%] [32mBuilding CXX object corelib/src/CMakeFiles/rtabmap_core.dir/odometry/OdometryF2M.cpp.o[0m
[ 35%] [32mBuilding CXX object corelib/src/CMakeFiles/rtabmap_core.dir/odometry/OdometryMono.cpp.o[0m
[ 35%] [32mBuilding CXX object corelib/src/CMakeFiles/rtabmap_core.dir/odometry/OdometryF2F.cpp.o[0m
[ 36%] [32mBuilding CXX object corelib/src/CMakeFiles/rtabmap_core.dir/odometry/OdometryFovis.cpp.o[0m
[ 36%] [32mBuilding CXX object corelib/src/CMakeFiles/rtabmap_core.dir/odometry/OdometryViso2.cpp.o[0m
[ 37%] [32mBuilding CXX object corelib/src/CMakeFiles/rtabmap_core.dir/odometry/OdometryDVO.cpp.o[0m
[ 37%] [32mBuilding CXX object corelib/src/CMakeFiles/rtabmap_core.dir/odometry/OdometryOkvis.cpp.o[0m
[ 37%] [32mBuilding CXX object corelib/src/CMakeFiles/rtabmap_core.dir/odometry/OdometryORBSLAM2.cpp.o[0m
[ 38%] [32mBuilding CXX object corelib/src/CMakeFiles/rtabmap_core.dir/odometry/OdometryORBSLAM3.cpp.o[0m
[ 38%] [32mBuilding CXX object corelib/src/CMakeFiles/rtabmap_core.dir/odometry/OdometryLOAM.cpp.o[0m
[ 39%] [32mBuilding CXX object corelib/src/CMakeFiles/rtabmap_core.dir/odometry/OdometryFLOAM.cpp.o[0m
[ 39%] [32mBuilding CXX object corelib/src/CMakeFiles/rtabmap_core.dir/odometry/OdometryMSCKF.cpp.o[0m
[ 40%] [32mBuilding CXX object corelib/src/CMakeFiles/rtabmap_core.dir/odometry/OdometryVINS.cpp.o[0m
[ 40%] [32mBuilding CXX object corelib/src/CMakeFiles/rtabmap_core.dir/odometry/OdometryOpenVINS.cpp.o[0m
[ 40%] [32mBuilding CXX object corelib/src/CMakeFiles/rtabmap_core.dir/odometry/OdometryOpen3D.cpp.o[0m
[ 41%] [32mBuilding CXX object corelib/src/CMakeFiles/rtabmap_core.dir/IMU.cpp.o[0m
[ 41%] [32mBuilding CXX object corelib/src/CMakeFiles/rtabmap_core.dir/IMUThread.cpp.o[0m
[ 42%] [32mBuilding CXX object corelib/src/CMakeFiles/rtabmap_core.dir/IMUFilter.cpp.o[0m
[ 42%] [32mBuilding CXX object corelib/src/CMakeFiles/rtabmap_core.dir/imufilter/ComplementaryFilter.cpp.o[0m
[ 42%] [32mBuilding CXX object corelib/src/CMakeFiles/rtabmap_core.dir/Stereo.cpp.o[0m
[ 43%] [32mBuilding CXX object corelib/src/CMakeFiles/rtabmap_core.dir/StereoDense.cpp.o[0m
[ 43%] [32mBuilding CXX object corelib/src/CMakeFiles/rtabmap_core.dir/StereoCameraModel.cpp.o[0m
[ 44%] [32mBuilding CXX object corelib/src/CMakeFiles/rtabmap_core.dir/stereo/StereoBM.cpp.o[0m
[ 44%] [32mBuilding CXX object corelib/src/CMakeFiles/rtabmap_core.dir/stereo/StereoSGBM.cpp.o[0m
[ 44%] [32mBuilding CXX object corelib/src/CMakeFiles/rtabmap_core.dir/GlobalMap.cpp.o[0m
[ 45%] [32mBuilding CXX object corelib/src/CMakeFiles/rtabmap_core.dir/LocalGridMaker.cpp.o[0m
[ 45%] [32mBuilding CXX object corelib/src/CMakeFiles/rtabmap_core.dir/LocalGrid.cpp.o[0m
[ 46%] [32mBuilding CXX object corelib/src/CMakeFiles/rtabmap_core.dir/global_map/OccupancyGrid.cpp.o[0m
[ 46%] [32mBuilding CXX object corelib/src/CMakeFiles/rtabmap_core.dir/global_map/CloudMap.cpp.o[0m
[ 46%] [32mBuilding CXX object corelib/src/CMakeFiles/rtabmap_core.dir/MarkerDetector.cpp.o[0m
[ 47%] [32mBuilding CXX object corelib/src/CMakeFiles/rtabmap_core.dir/GlobalDescriptorExtractor.cpp.o[0m
[ 47%] [32mBuilding CXX object corelib/src/CMakeFiles/rtabmap_core.dir/GainCompensator.cpp.o[0m
[ 48%] [32mBuilding C object corelib/src/CMakeFiles/rtabmap_core.dir/rtflann/ext/lz4.c.o[0m
[ 48%] [32mBuilding C object corelib/src/CMakeFiles/rtabmap_core.dir/rtflann/ext/lz4hc.c.o[0m
[ 48%] [32mBuilding CXX object corelib/src/CMakeFiles/rtabmap_core.dir/FlannIndex.cpp.o[0m
[ 49%] [32mBuilding CXX object corelib/src/CMakeFiles/rtabmap_core.dir/clams/discrete_depth_distortion_model_helpers.cpp.o[0m
[ 49%] [32mBuilding CXX object corelib/src/CMakeFiles/rtabmap_core.dir/clams/discrete_depth_distortion_model.cpp.o[0m
[ 50%] [32mBuilding CXX object corelib/src/CMakeFiles/rtabmap_core.dir/clams/frame_projector.cpp.o[0m
[ 50%] [32mBuilding CXX object corelib/src/CMakeFiles/rtabmap_core.dir/clams/slam_calibrator.cpp.o[0m
[ 51%] [32mBuilding CXX object corelib/src/CMakeFiles/rtabmap_core.dir/opencv/ORBextractor.cc.o[0m
[ 51%] [32mBuilding CXX object corelib/src/CMakeFiles/rtabmap_core.dir/opencv/solvepnp.cpp.o[0m
[ 51%] [32mBuilding CXX object corelib/src/CMakeFiles/rtabmap_core.dir/opencv/five-point.cpp.o[0m
[ 52%] [32mBuilding CXX object corelib/src/CMakeFiles/rtabmap_core.dir/lidar/LidarVLP16.cpp.o[0m
[ 52%] [32mBuilding CXX object corelib/src/CMakeFiles/rtabmap_core.dir/optimizer/toro3d/posegraph3.cpp.o[0m
[ 53%] [32mBuilding CXX object corelib/src/CMakeFiles/rtabmap_core.dir/optimizer/toro3d/treeoptimizer3_iteration.cpp.o[0m
[ 53%] [32mBuilding CXX object corelib/src/CMakeFiles/rtabmap_core.dir/optimizer/toro3d/treeoptimizer3.cpp.o[0m
[ 53%] [32mBuilding CXX object corelib/src/CMakeFiles/rtabmap_core.dir/optimizer/toro3d/posegraph2.cpp.o[0m
[ 54%] [32mBuilding CXX object corelib/src/CMakeFiles/rtabmap_core.dir/optimizer/toro3d/treeoptimizer2.cpp.o[0m
[ 54%] [32mBuilding CXX object corelib/src/CMakeFiles/rtabmap_core.dir/global_map/OctoMap.cpp.o[0m
[ 55%] [32mBuilding CXX object corelib/src/CMakeFiles/rtabmap_core.dir/imufilter/MadgwickFilter.cpp.o[0m
[ 55%] [32m[1mLinking CXX shared library ../../bin/librtabmap_core.so[0m
[ 55%] Built target rtabmap_core
[35m[1mScanning dependencies of target rtabmap_gui_autogen[0m
[35m[1mScanning dependencies of target consoleApp[0m
[35m[1mScanning dependencies of target imagesJoiner[0m
[35m[1mScanning dependencies of target extractObject[0m
[35m[1mScanning dependencies of target camera[0m
[35m[1mScanning dependencies of target stereoEval[0m
[ 55%] [34m[1mAutomatic MOC and UIC for target rtabmap_gui[0m
[ 56%] [32mBuilding CXX object tools/ImagesJoiner/CMakeFiles/imagesJoiner.dir/main.cpp.o[0m
[ 58%] [32mBuilding CXX object tools/Camera/CMakeFiles/camera.dir/main.cpp.o[0m
[ 58%] [32mBuilding CXX object tools/ConsoleApp/CMakeFiles/consoleApp.dir/main.cpp.o[0m
[ 58%] [32mBuilding CXX object tools/ExtractObject/CMakeFiles/extractObject.dir/main.cpp.o[0m
[ 58%] [32mBuilding CXX object tools/StereoEval/CMakeFiles/stereoEval.dir/main.cpp.o[0m
[ 58%] [32m[1mLinking CXX executable ../../bin/rtabmap-imagesJoiner[0m
[ 58%] Built target imagesJoiner
[35m[1mScanning dependencies of target kitti_dataset[0m
[ 58%] [32mBuilding CXX object tools/KittiDataset/CMakeFiles/kitti_dataset.dir/main.cpp.o[0m
[ 58%] [32m[1mLinking CXX executable ../../bin/rtabmap-camera[0m
[ 58%] Built target camera
[35m[1mScanning dependencies of target rgbd_dataset[0m
[ 59%] [32mBuilding CXX object tools/RgbdDataset/CMakeFiles/rgbd_dataset.dir/main.cpp.o[0m
[ 59%] Built target rtabmap_gui_autogen
[35m[1mScanning dependencies of target euroc_dataset[0m
[ 59%] [32mBuilding CXX object tools/EurocDataset/CMakeFiles/euroc_dataset.dir/main.cpp.o[0m
[ 60%] [32m[1mLinking CXX executable ../../bin/rtabmap-stereoEval[0m
[ 60%] Built target stereoEval
[35m[1mScanning dependencies of target recovery[0m
[ 61%] [32mBuilding CXX object tools/Recovery/CMakeFiles/recovery.dir/main.cpp.o[0m
[ 62%] [32m[1mLinking CXX executable ../../bin/rtabmap-console[0m
[ 62%] [32m[1mLinking CXX executable ../../bin/rtabmap-recovery[0m
[ 62%] Built target consoleApp
[35m[1mScanning dependencies of target reprocess[0m
[ 62%] Built target recovery
[35m[1mScanning dependencies of target detectMoreLoopClosures[0m
[ 62%] [32mBuilding CXX object tools/Reprocess/CMakeFiles/reprocess.dir/main.cpp.o[0m
[ 63%] [32mBuilding CXX object tools/DetectMoreLoopClosures/CMakeFiles/detectMoreLoopClosures.dir/main.cpp.o[0m
[ 64%] [32m[1mLinking CXX executable ../../bin/rtabmap-kitti_dataset[0m
[ 64%] Built target kitti_dataset
[35m[1mScanning dependencies of target export[0m
[ 64%] [32mBuilding CXX object tools/Export/CMakeFiles/export.dir/main.cpp.o[0m
[ 65%] [32m[1mLinking CXX executable ../../bin/rtabmap-euroc_dataset[0m
[ 65%] [32m[1mLinking CXX executable ../../bin/rtabmap-rgbd_dataset[0m
[ 65%] Built target euroc_dataset
[35m[1mScanning dependencies of target info[0m
[ 65%] [32mBuilding CXX object tools/Info/CMakeFiles/info.dir/main.cpp.o[0m
[ 65%] Built target rgbd_dataset
[35m[1mScanning dependencies of target cleanupLocalGrids[0m
[ 65%] [32mBuilding CXX object tools/CleanupLocalGrids/CMakeFiles/cleanupLocalGrids.dir/main.cpp.o[0m
[ 65%] [32m[1mLinking CXX executable ../../bin/rtabmap-extractObject[0m
[ 65%] Built target extractObject
[35m[1mScanning dependencies of target globalBundleAdjustment[0m
[ 66%] [32mBuilding CXX object tools/GlobalBundleAdjustment/CMakeFiles/globalBundleAdjustment.dir/main.cpp.o[0m
[ 67%] [32m[1mLinking CXX executable ../../bin/rtabmap-reprocess[0m
[ 67%] [32m[1mLinking CXX executable ../../bin/rtabmap-detectMoreLoopClosures[0m
[ 67%] Built target reprocess
[35m[1mScanning dependencies of target lidar_viewer[0m
[ 68%] [32mBuilding CXX object tools/LidarViewer/CMakeFiles/lidar_viewer.dir/main.cpp.o[0m
[ 68%] Built target detectMoreLoopClosures
[ 69%] [34m[1mAutomatic RCC for GuiLib.qrc[0m
[ 69%] [34m[1m[Creating resources][0m
 Using namespace=rtabmap
 Using target directory=/home/shiven/colcon_ws/build/rtabmap/guilib/src
Input file "/home/shiven/colcon_ws/src/rtabmap/data/presets/camera_tof_icp.ini" size = 687 bytes
Output file "/home/shiven/colcon_ws/build/rtabmap/guilib/src/camera_tof_icp_ini.h" size = 1571 bytes
Input file "/home/shiven/colcon_ws/src/rtabmap/data/presets/lidar3d_icp.ini" size = 1137 bytes
Output file "/home/shiven/colcon_ws/build/rtabmap/guilib/src/lidar3d_icp_ini.h" size = 2465 bytes
[35m[1mScanning dependencies of target rtabmap_gui[0m
[ 70%] [32m[1mLinking CXX executable ../../bin/rtabmap-cleanupLocalGrids[0m
[ 70%] [32mBuilding CXX object guilib/src/CMakeFiles/rtabmap_gui.dir/rtabmap_gui_autogen/mocs_compilation.cpp.o[0m
[ 71%] [32m[1mLinking CXX executable ../../bin/rtabmap-info[0m
[ 71%] Built target cleanupLocalGrids
[ 72%] [32mBuilding CXX object guilib/src/CMakeFiles/rtabmap_gui.dir/MainWindow.cpp.o[0m
[ 72%] Built target info
[ 72%] [32mBuilding CXX object guilib/src/CMakeFiles/rtabmap_gui.dir/PreferencesDialog.cpp.o[0m
[ 72%] [32m[1mLinking CXX executable ../../bin/rtabmap-globalBundleAdjustment[0m
[ 72%] Built target globalBundleAdjustment
[ 72%] [32mBuilding CXX object guilib/src/CMakeFiles/rtabmap_gui.dir/KeypointItem.cpp.o[0m
[ 73%] [32mBuilding CXX object guilib/src/CMakeFiles/rtabmap_gui.dir/ImageView.cpp.o[0m
[ 73%] [32m[1mLinking CXX executable ../../bin/rtabmap-export[0m
[ 73%] Built target export
[ 73%] [32mBuilding CXX object guilib/src/CMakeFiles/rtabmap_gui.dir/PdfPlot.cpp.o[0m
[ 74%] [32mBuilding CXX object guilib/src/CMakeFiles/rtabmap_gui.dir/StatsToolBox.cpp.o[0m
[ 74%] [32mBuilding CXX object guilib/src/CMakeFiles/rtabmap_gui.dir/ProgressDialog.cpp.o[0m
[ 75%] [32mBuilding CXX object guilib/src/CMakeFiles/rtabmap_gui.dir/AboutDialog.cpp.o[0m
[ 75%] [32mBuilding CXX object guilib/src/CMakeFiles/rtabmap_gui.dir/ConsoleWidget.cpp.o[0m
[ 75%] [32m[1mLinking CXX executable ../../bin/rtabmap-lidar_viewer[0m
[ 75%] [32mBuilding CXX object guilib/src/CMakeFiles/rtabmap_gui.dir/DatabaseViewer.cpp.o[0m
[ 75%] Built target lidar_viewer
[ 76%] [32mBuilding CXX object guilib/src/CMakeFiles/rtabmap_gui.dir/utilite/UPlot.cpp.o[0m
[ 76%] [32mBuilding CXX object guilib/src/CMakeFiles/rtabmap_gui.dir/CloudViewer.cpp.o[0m
[ 77%] [32mBuilding CXX object guilib/src/CMakeFiles/rtabmap_gui.dir/CloudViewerCellPicker.cpp.o[0m
[ 77%] [32mBuilding CXX object guilib/src/CMakeFiles/rtabmap_gui.dir/CloudViewerInteractorStyle.cpp.o[0m
[ 77%] [32mBuilding CXX object guilib/src/CMakeFiles/rtabmap_gui.dir/OdometryViewer.cpp.o[0m
[ 78%] [32mBuilding CXX object guilib/src/CMakeFiles/rtabmap_gui.dir/LoopClosureViewer.cpp.o[0m
[ 78%] [32mBuilding CXX object guilib/src/CMakeFiles/rtabmap_gui.dir/DataRecorder.cpp.o[0m
[ 79%] [32mBuilding CXX object guilib/src/CMakeFiles/rtabmap_gui.dir/CameraViewer.cpp.o[0m
[ 79%] [32mBuilding CXX object guilib/src/CMakeFiles/rtabmap_gui.dir/CalibrationDialog.cpp.o[0m
[ 79%] [32mBuilding CXX object guilib/src/CMakeFiles/rtabmap_gui.dir/ExportDialog.cpp.o[0m
[ 80%] [32mBuilding CXX object guilib/src/CMakeFiles/rtabmap_gui.dir/ExportBundlerDialog.cpp.o[0m
[ 80%] [32mBuilding CXX object guilib/src/CMakeFiles/rtabmap_gui.dir/PostProcessingDialog.cpp.o[0m
[ 81%] [32mBuilding CXX object guilib/src/CMakeFiles/rtabmap_gui.dir/ExportCloudsDialog.cpp.o[0m
[ 81%] [32mBuilding CXX object guilib/src/CMakeFiles/rtabmap_gui.dir/EditConstraintDialog.cpp.o[0m
[ 81%] [32mBuilding CXX object guilib/src/CMakeFiles/rtabmap_gui.dir/MapVisibilityWidget.cpp.o[0m
[ 82%] [32mBuilding CXX object guilib/src/CMakeFiles/rtabmap_gui.dir/GraphViewer.cpp.o[0m
[ 82%] [32mBuilding CXX object guilib/src/CMakeFiles/rtabmap_gui.dir/EditDepthArea.cpp.o[0m
[ 83%] [32mBuilding CXX object guilib/src/CMakeFiles/rtabmap_gui.dir/EditMapArea.cpp.o[0m
[ 83%] [32mBuilding CXX object guilib/src/CMakeFiles/rtabmap_gui.dir/MultiSessionLocWidget.cpp.o[0m
[ 83%] [32mBuilding CXX object guilib/src/CMakeFiles/rtabmap_gui.dir/MultiSessionLocSubView.cpp.o[0m
[ 84%] [32mBuilding CXX object guilib/src/CMakeFiles/rtabmap_gui.dir/CreateSimpleCalibrationDialog.cpp.o[0m
[ 84%] [32mBuilding CXX object guilib/src/CMakeFiles/rtabmap_gui.dir/ParametersToolBox.cpp.o[0m
[ 85%] [32mBuilding CXX object guilib/src/CMakeFiles/rtabmap_gui.dir/DepthCalibrationDialog.cpp.o[0m
[ 85%] [32mBuilding CXX object guilib/src/CMakeFiles/rtabmap_gui.dir/LinkRefiningDialog.cpp.o[0m
[ 86%] [32mBuilding CXX object guilib/src/CMakeFiles/rtabmap_gui.dir/3rdParty/QMultiComboBox.cpp.o[0m
[ 86%] [32mBuilding CXX object guilib/src/CMakeFiles/rtabmap_gui.dir/opencv/vtkImageMatSource.cpp.o[0m
[ 86%] [32mBuilding CXX object guilib/src/CMakeFiles/rtabmap_gui.dir/rtabmap_gui_autogen/EWIEGA46WW/qrc_GuiLib.cpp.o[0m
[ 87%] [32m[1mLinking CXX shared library ../../bin/librtabmap_gui.so[0m
[ 87%] Built target rtabmap_gui
[35m[1mScanning dependencies of target rtabmap_app[0m
[35m[1mScanning dependencies of target rgbd_camera[0m
[35m[1mScanning dependencies of target report[0m
[35m[1mScanning dependencies of target databaseViewer[0m
[35m[1mScanning dependencies of target epipolar_geometry[0m
[35m[1mScanning dependencies of target odometryViewer[0m
[ 88%] [32mBuilding CXX object tools/Report/CMakeFiles/report.dir/main.cpp.o[0m
[ 89%] [32mBuilding CXX object tools/OdometryViewer/CMakeFiles/odometryViewer.dir/main.cpp.o[0m
[ 90%] [32mBuilding CXX object tools/DatabaseViewer/CMakeFiles/databaseViewer.dir/main.cpp.o[0m
[ 90%] [32mBuilding CXX object tools/EpipolarGeometry/CMakeFiles/epipolar_geometry.dir/main.cpp.o[0m
[ 90%] [32mBuilding CXX object app/src/CMakeFiles/rtabmap_app.dir/main.cpp.o[0m
[ 90%] [32mBuilding CXX object tools/CameraRGBD/CMakeFiles/rgbd_camera.dir/main.cpp.o[0m
[ 90%] [32m[1mLinking CXX executable ../../bin/rtabmap-databaseViewer[0m
[ 91%] [32m[1mLinking CXX executable ../../bin/rtabmap[0m
[ 92%] [32m[1mLinking CXX executable ../../bin/rtabmap-epipolar_geometry[0m
[ 92%] Built target databaseViewer
[35m[1mScanning dependencies of target dataRecorder[0m
[ 92%] [32mBuilding CXX object tools/DataRecorder/CMakeFiles/dataRecorder.dir/main.cpp.o[0m
[ 92%] [32m[1mLinking CXX executable ../../bin/rtabmap-odometryViewer[0m
[ 92%] Built target rtabmap_app
[35m[1mScanning dependencies of target calibration[0m
[ 93%] [32mBuilding CXX object tools/Calibration/CMakeFiles/calibration.dir/main.cpp.o[0m
[ 93%] Built target epipolar_geometry
[35m[1mScanning dependencies of target matcher[0m
[ 93%] [32mBuilding CXX object tools/Matcher/CMakeFiles/matcher.dir/main.cpp.o[0m
[ 93%] Built target odometryViewer
[35m[1mScanning dependencies of target bow_mapping[0m
[ 93%] [32mBuilding CXX object examples/BOWMapping/CMakeFiles/bow_mapping.dir/main.cpp.o[0m
[ 93%] [32m[1mLinking CXX executable ../../bin/rtabmap-report[0m
[ 93%] Built target report
[35m[1mScanning dependencies of target rgbd_mapping_autogen[0m
[ 94%] [34m[1mAutomatic MOC and UIC for target rgbd_mapping[0m
[ 94%] [32m[1mLinking CXX executable ../../bin/rtabmap-rgbd_camera[0m
[ 94%] Built target rgbd_mapping_autogen
[35m[1mScanning dependencies of target wifi_mapping_autogen[0m
[ 95%] [34m[1mAutomatic MOC and UIC for target wifi_mapping[0m
[ 95%] Built target rgbd_camera
[35m[1mScanning dependencies of target noEventsExample_autogen[0m
[ 95%] [34m[1mAutomatic MOC and UIC for target noEventsExample[0m
[ 95%] Built target noEventsExample_autogen
[35m[1mScanning dependencies of target lidar_mapping_autogen[0m
[ 95%] [34m[1mAutomatic MOC and UIC for target lidar_mapping[0m
[ 95%] [32m[1mLinking CXX executable ../../bin/rtabmap-dataRecorder[0m
[ 95%] Built target wifi_mapping_autogen
[35m[1mScanning dependencies of target rgbd_mapping[0m
[ 96%] [32mBuilding CXX object examples/RGBDMapping/CMakeFiles/rgbd_mapping.dir/rgbd_mapping_autogen/mocs_compilation.cpp.o[0m
[ 96%] [32m[1mLinking CXX executable ../../bin/rtabmap-calibration[0m
[ 96%] Built target lidar_mapping_autogen
[35m[1mScanning dependencies of target wifi_mapping[0m
[ 96%] [32mBuilding CXX object examples/WifiMapping/CMakeFiles/wifi_mapping.dir/wifi_mapping_autogen/mocs_compilation.cpp.o[0m
[ 96%] Built target dataRecorder
[35m[1mScanning dependencies of target noEventsExample[0m
[ 96%] [32mBuilding CXX object examples/NoEventsExample/CMakeFiles/noEventsExample.dir/noEventsExample_autogen/mocs_compilation.cpp.o[0m
[ 96%] [32m[1mLinking CXX executable ../../bin/rtabmap-bow_mapping[0m
[ 96%] Built target calibration
[35m[1mScanning dependencies of target lidar_mapping[0m
[ 96%] [32mBuilding CXX object examples/LidarMapping/CMakeFiles/lidar_mapping.dir/lidar_mapping_autogen/mocs_compilation.cpp.o[0m
[ 96%] Built target bow_mapping
[ 97%] [32mBuilding CXX object examples/WifiMapping/CMakeFiles/wifi_mapping.dir/main.cpp.o[0m
[ 98%] [32m[1mLinking CXX executable ../../bin/rtabmap-matcher[0m
[ 98%] Built target matcher
[ 98%] [32mBuilding CXX object examples/LidarMapping/CMakeFiles/lidar_mapping.dir/main.cpp.o[0m
[ 99%] [32mBuilding CXX object examples/NoEventsExample/CMakeFiles/noEventsExample.dir/main.cpp.o[0m
[ 99%] [32mBuilding CXX object examples/RGBDMapping/CMakeFiles/rgbd_mapping.dir/main.cpp.o[0m
In file included from [01m[K/usr/include/string.h:495[m[K,
                 from [01m[K/usr/include/c++/9/cstring:42[m[K,
                 from [01m[K/usr/include/eigen3/Eigen/Core:283[m[K,
                 from [01m[K/home/shiven/colcon_ws/src/rtabmap/corelib/src/../include/rtabmap/core/Transform.h:35[m[K,
                 from [01m[K/home/shiven/colcon_ws/src/rtabmap/corelib/src/../include/rtabmap/core/Odometry.h:33[m[K,
                 from [01m[K/home/shiven/colcon_ws/src/rtabmap/examples/WifiMapping/main.cpp:28[m[K:
In function ‘[01m[Kchar* strncpy(char*, const char*, size_t)[m[K’,
    inlined from ‘[01m[Kvirtual void WifiThread::mainLoop()[m[K’ at [01m[K/home/shiven/colcon_ws/src/rtabmap/examples/WifiMapping/WifiThread.h:180:11[m[K:
[01m[K/usr/include/x86_64-linux-gnu/bits/string_fortified.h:106:34:[m[K [01;35m[Kwarning: [m[K‘[01m[Kchar* __builtin_strncpy(char*, const char*, long unsigned int)[m[K’ specified bound 16 equals destination size [[01;35m[K-Wstringop-truncation[m[K]
  106 |   return [01;35m[K__builtin___strncpy_chk (__dest, __src, __len, __bos (__dest))[m[K;
      |          [01;35m[K~~~~~~~~~~~~~~~~~~~~~~~~^~~~~~~~~~~~~~~~~~~~~~~~~~~~~~~~~~~~~~[m[K
[ 99%] [32m[1mLinking CXX executable ../../bin/rtabmap-wifi_mapping[0m
[ 99%] Built target wifi_mapping
[100%] [32m[1mLinking CXX executable ../../bin/rtabmap-lidar_mapping[0m
[100%] Built target lidar_mapping
[100%] [32m[1mLinking CXX executable ../../bin/rtabmap-rgbd_mapping[0m
[100%] [32m[1mLinking CXX executable ../../bin/rtabmap-noEventsExample[0m
[100%] Built target rgbd_mapping
[100%] Built target noEventsExample
-- Install configuration: "Release"
-- Installing: /home/shiven/colcon_ws/install/rtabmap/lib/librtabmap_utilite.so.0.21.9
-- Installing: /home/shiven/colcon_ws/install/rtabmap/lib/librtabmap_utilite.so.0.21
-- Installing: /home/shiven/colcon_ws/install/rtabmap/lib/librtabmap_utilite.so
-- Installing: /home/shiven/colcon_ws/install/rtabmap/include/rtabmap-0.21/rtabmap
-- Installing: /home/shiven/colcon_ws/install/rtabmap/include/rtabmap-0.21/rtabmap/utilite
-- Installing: /home/shiven/colcon_ws/install/rtabmap/include/rtabmap-0.21/rtabmap/utilite/UTimer.h
-- Installing: /home/shiven/colcon_ws/install/rtabmap/include/rtabmap-0.21/rtabmap/utilite/UMutex.h
-- Installing: /home/shiven/colcon_ws/install/rtabmap/include/rtabmap-0.21/rtabmap/utilite/UEvent.h
-- Installing: /home/shiven/colcon_ws/install/rtabmap/include/rtabmap-0.21/rtabmap/utilite/Posix
-- Installing: /home/shiven/colcon_ws/install/rtabmap/include/rtabmap-0.21/rtabmap/utilite/Posix/UThreadC.h
-- Installing: /home/shiven/colcon_ws/install/rtabmap/include/rtabmap-0.21/rtabmap/utilite/UEventsManager.h
-- Installing: /home/shiven/colcon_ws/install/rtabmap/include/rtabmap-0.21/rtabmap/utilite/UStl.h
-- Installing: /home/shiven/colcon_ws/install/rtabmap/include/rtabmap-0.21/rtabmap/utilite/UtiLite.h
-- Installing: /home/shiven/colcon_ws/install/rtabmap/include/rtabmap-0.21/rtabmap/utilite/USemaphore.h
-- Installing: /home/shiven/colcon_ws/install/rtabmap/include/rtabmap-0.21/rtabmap/utilite/UDestroyer.h
-- Installing: /home/shiven/colcon_ws/install/rtabmap/include/rtabmap-0.21/rtabmap/utilite/ULogger.h
-- Installing: /home/shiven/colcon_ws/install/rtabmap/include/rtabmap-0.21/rtabmap/utilite/UThreadC.h
-- Installing: /home/shiven/colcon_ws/install/rtabmap/include/rtabmap-0.21/rtabmap/utilite/UObjDeletionThread.h
-- Installing: /home/shiven/colcon_ws/install/rtabmap/include/rtabmap-0.21/rtabmap/utilite/UException.h
-- Installing: /home/shiven/colcon_ws/install/rtabmap/include/rtabmap-0.21/rtabmap/utilite/UMath.h
-- Installing: /home/shiven/colcon_ws/install/rtabmap/include/rtabmap-0.21/rtabmap/utilite/UProcessInfo.h
-- Installing: /home/shiven/colcon_ws/install/rtabmap/include/rtabmap-0.21/rtabmap/utilite/UVariant.h
-- Installing: /home/shiven/colcon_ws/install/rtabmap/include/rtabmap-0.21/rtabmap/utilite/UConversion.h
-- Installing: /home/shiven/colcon_ws/install/rtabmap/include/rtabmap-0.21/rtabmap/utilite/UEventsSender.h
-- Installing: /home/shiven/colcon_ws/install/rtabmap/include/rtabmap-0.21/rtabmap/utilite/Win32
-- Installing: /home/shiven/colcon_ws/install/rtabmap/include/rtabmap-0.21/rtabmap/utilite/Win32/UThreadC.h
-- Installing: /home/shiven/colcon_ws/install/rtabmap/include/rtabmap-0.21/rtabmap/utilite/Win32/UWin32.h
-- Installing: /home/shiven/colcon_ws/install/rtabmap/include/rtabmap-0.21/rtabmap/utilite/UFile.h
-- Installing: /home/shiven/colcon_ws/install/rtabmap/include/rtabmap-0.21/rtabmap/utilite/UDirectory.h
-- Installing: /home/shiven/colcon_ws/install/rtabmap/include/rtabmap-0.21/rtabmap/utilite/UEventsHandler.h
-- Installing: /home/shiven/colcon_ws/install/rtabmap/include/rtabmap-0.21/rtabmap/utilite/UThreadNode.h
-- Installing: /home/shiven/colcon_ws/install/rtabmap/include/rtabmap-0.21/rtabmap/utilite/UThread.h
-- Up-to-date: /home/shiven/colcon_ws/install/rtabmap/include/rtabmap-0.21/rtabmap
-- Up-to-date: /home/shiven/colcon_ws/install/rtabmap/include/rtabmap-0.21/rtabmap/utilite
-- Installing: /home/shiven/colcon_ws/install/rtabmap/include/rtabmap-0.21/rtabmap/utilite/utilite_export.h
-- Installing: /home/shiven/colcon_ws/install/rtabmap/lib/rtabmap-0.21/RTABMap_utiliteTargets.cmake
-- Installing: /home/shiven/colcon_ws/install/rtabmap/lib/rtabmap-0.21/RTABMap_utiliteTargets-release.cmake
-- Installing: /home/shiven/colcon_ws/install/rtabmap/bin/rtabmap-res_tool-0.3.0
-- Installing: /home/shiven/colcon_ws/install/rtabmap/bin/rtabmap-res_tool
-- Set runtime path of "/home/shiven/colcon_ws/install/rtabmap/bin/rtabmap-res_tool-0.3.0" to ""
-- Installing: /home/shiven/colcon_ws/install/rtabmap/lib/librtabmap_core.so.0.21.9
-- Installing: /home/shiven/colcon_ws/install/rtabmap/lib/librtabmap_core.so.0.21
-- Set runtime path of "/home/shiven/colcon_ws/install/rtabmap/lib/librtabmap_core.so.0.21.9" to ""
-- Installing: /home/shiven/colcon_ws/install/rtabmap/lib/librtabmap_core.so
-- Up-to-date: /home/shiven/colcon_ws/install/rtabmap/include/rtabmap-0.21/rtabmap
-- Installing: /home/shiven/colcon_ws/install/rtabmap/include/rtabmap-0.21/rtabmap/core
-- Installing: /home/shiven/colcon_ws/install/rtabmap/include/rtabmap-0.21/rtabmap/core/GeodeticCoords.h
-- Installing: /home/shiven/colcon_ws/install/rtabmap/include/rtabmap-0.21/rtabmap/core/SensorData.h
-- Installing: /home/shiven/colcon_ws/install/rtabmap/include/rtabmap-0.21/rtabmap/core/Camera.h
-- Installing: /home/shiven/colcon_ws/install/rtabmap/include/rtabmap-0.21/rtabmap/core/Image.h
-- Installing: /home/shiven/colcon_ws/install/rtabmap/include/rtabmap-0.21/rtabmap/core/VWDictionary.h
-- Installing: /home/shiven/colcon_ws/install/rtabmap/include/rtabmap-0.21/rtabmap/core/GlobalDescriptor.h
-- Installing: /home/shiven/colcon_ws/install/rtabmap/include/rtabmap-0.21/rtabmap/core/Statistics.h
-- Installing: /home/shiven/colcon_ws/install/rtabmap/include/rtabmap-0.21/rtabmap/core/StereoDense.h
-- Installing: /home/shiven/colcon_ws/install/rtabmap/include/rtabmap-0.21/rtabmap/core/Registration.h
-- Installing: /home/shiven/colcon_ws/install/rtabmap/include/rtabmap-0.21/rtabmap/core/SensorCaptureInfo.h
-- Installing: /home/shiven/colcon_ws/install/rtabmap/include/rtabmap-0.21/rtabmap/core/RtabmapEvent.h
-- Installing: /home/shiven/colcon_ws/install/rtabmap/include/rtabmap-0.21/rtabmap/core/global_map
-- Installing: /home/shiven/colcon_ws/install/rtabmap/include/rtabmap-0.21/rtabmap/core/global_map/GridMap.h
-- Installing: /home/shiven/colcon_ws/install/rtabmap/include/rtabmap-0.21/rtabmap/core/global_map/OctoMap.h
-- Installing: /home/shiven/colcon_ws/install/rtabmap/include/rtabmap-0.21/rtabmap/core/global_map/OccupancyGrid.h
-- Installing: /home/shiven/colcon_ws/install/rtabmap/include/rtabmap-0.21/rtabmap/core/global_map/CloudMap.h
-- Installing: /home/shiven/colcon_ws/install/rtabmap/include/rtabmap-0.21/rtabmap/core/util3d_correspondences.h
-- Installing: /home/shiven/colcon_ws/install/rtabmap/include/rtabmap-0.21/rtabmap/core/lidar
-- Installing: /home/shiven/colcon_ws/install/rtabmap/include/rtabmap-0.21/rtabmap/core/lidar/LidarVLP16.h
-- Installing: /home/shiven/colcon_ws/install/rtabmap/include/rtabmap-0.21/rtabmap/core/util3d.h
-- Installing: /home/shiven/colcon_ws/install/rtabmap/include/rtabmap-0.21/rtabmap/core/LocalGrid.h
-- Installing: /home/shiven/colcon_ws/install/rtabmap/include/rtabmap-0.21/rtabmap/core/CameraRGB.h
-- Installing: /home/shiven/colcon_ws/install/rtabmap/include/rtabmap-0.21/rtabmap/core/optimizer
-- Installing: /home/shiven/colcon_ws/install/rtabmap/include/rtabmap-0.21/rtabmap/core/optimizer/OptimizerGTSAM.h
-- Installing: /home/shiven/colcon_ws/install/rtabmap/include/rtabmap-0.21/rtabmap/core/optimizer/OptimizerCeres.h
-- Installing: /home/shiven/colcon_ws/install/rtabmap/include/rtabmap-0.21/rtabmap/core/optimizer/OptimizerG2O.h
-- Installing: /home/shiven/colcon_ws/install/rtabmap/include/rtabmap-0.21/rtabmap/core/optimizer/OptimizerCVSBA.h
-- Installing: /home/shiven/colcon_ws/install/rtabmap/include/rtabmap-0.21/rtabmap/core/optimizer/OptimizerTORO.h
-- Installing: /home/shiven/colcon_ws/install/rtabmap/include/rtabmap-0.21/rtabmap/core/Signature.h
-- Installing: /home/shiven/colcon_ws/install/rtabmap/include/rtabmap-0.21/rtabmap/core/Parameters.h
-- Installing: /home/shiven/colcon_ws/install/rtabmap/include/rtabmap-0.21/rtabmap/core/camera
-- Installing: /home/shiven/colcon_ws/install/rtabmap/include/rtabmap-0.21/rtabmap/core/camera/CameraFreenect2.h
-- Installing: /home/shiven/colcon_ws/install/rtabmap/include/rtabmap-0.21/rtabmap/core/camera/CameraStereoImages.h
-- Installing: /home/shiven/colcon_ws/install/rtabmap/include/rtabmap-0.21/rtabmap/core/camera/CameraDepthAI.h
-- Installing: /home/shiven/colcon_ws/install/rtabmap/include/rtabmap-0.21/rtabmap/core/camera/CameraOpenNI2.h
-- Installing: /home/shiven/colcon_ws/install/rtabmap/include/rtabmap-0.21/rtabmap/core/camera/CameraK4W2.h
-- Installing: /home/shiven/colcon_ws/install/rtabmap/include/rtabmap-0.21/rtabmap/core/camera/CameraRealSense2.h
-- Installing: /home/shiven/colcon_ws/install/rtabmap/include/rtabmap-0.21/rtabmap/core/camera/CameraK4A.h
-- Installing: /home/shiven/colcon_ws/install/rtabmap/include/rtabmap-0.21/rtabmap/core/camera/CameraOpenni.h
-- Installing: /home/shiven/colcon_ws/install/rtabmap/include/rtabmap-0.21/rtabmap/core/camera/CameraRealSense.h
-- Installing: /home/shiven/colcon_ws/install/rtabmap/include/rtabmap-0.21/rtabmap/core/camera/CameraImages.h
-- Installing: /home/shiven/colcon_ws/install/rtabmap/include/rtabmap-0.21/rtabmap/core/camera/CameraStereoZed.h
-- Installing: /home/shiven/colcon_ws/install/rtabmap/include/rtabmap-0.21/rtabmap/core/camera/CameraStereoVideo.h
-- Installing: /home/shiven/colcon_ws/install/rtabmap/include/rtabmap-0.21/rtabmap/core/camera/CameraRGBDImages.h
-- Installing: /home/shiven/colcon_ws/install/rtabmap/include/rtabmap-0.21/rtabmap/core/camera/CameraStereoTara.h
-- Installing: /home/shiven/colcon_ws/install/rtabmap/include/rtabmap-0.21/rtabmap/core/camera/CameraOpenNICV.h
-- Installing: /home/shiven/colcon_ws/install/rtabmap/include/rtabmap-0.21/rtabmap/core/camera/CameraStereoDC1394.h
-- Installing: /home/shiven/colcon_ws/install/rtabmap/include/rtabmap-0.21/rtabmap/core/camera/CameraStereoZedOC.h
-- Installing: /home/shiven/colcon_ws/install/rtabmap/include/rtabmap-0.21/rtabmap/core/camera/CameraVideo.h
-- Installing: /home/shiven/colcon_ws/install/rtabmap/include/rtabmap-0.21/rtabmap/core/camera/CameraMyntEye.h
-- Installing: /home/shiven/colcon_ws/install/rtabmap/include/rtabmap-0.21/rtabmap/core/camera/CameraStereoFlyCapture2.h
-- Installing: /home/shiven/colcon_ws/install/rtabmap/include/rtabmap-0.21/rtabmap/core/camera/CameraFreenect.h
-- Installing: /home/shiven/colcon_ws/install/rtabmap/include/rtabmap-0.21/rtabmap/core/camera/CameraSeerSense.h
-- Installing: /home/shiven/colcon_ws/install/rtabmap/include/rtabmap-0.21/rtabmap/core/RegistrationVis.h
-- Installing: /home/shiven/colcon_ws/install/rtabmap/include/rtabmap-0.21/rtabmap/core/Link.h
-- Installing: /home/shiven/colcon_ws/install/rtabmap/include/rtabmap-0.21/rtabmap/core/OctoMap.h
-- Installing: /home/shiven/colcon_ws/install/rtabmap/include/rtabmap-0.21/rtabmap/core/Compression.h
-- Installing: /home/shiven/colcon_ws/install/rtabmap/include/rtabmap-0.21/rtabmap/core/SensorCaptureThread.h
-- Installing: /home/shiven/colcon_ws/install/rtabmap/include/rtabmap-0.21/rtabmap/core/SensorCapture.h
-- Installing: /home/shiven/colcon_ws/install/rtabmap/include/rtabmap-0.21/rtabmap/core/OccupancyGrid.h
-- Installing: /home/shiven/colcon_ws/install/rtabmap/include/rtabmap-0.21/rtabmap/core/PythonInterface.h
-- Installing: /home/shiven/colcon_ws/install/rtabmap/include/rtabmap-0.21/rtabmap/core/StereoCameraModel.h
-- Installing: /home/shiven/colcon_ws/install/rtabmap/include/rtabmap-0.21/rtabmap/core/RegistrationInfo.h
-- Installing: /home/shiven/colcon_ws/install/rtabmap/include/rtabmap-0.21/rtabmap/core/GainCompensator.h
-- Installing: /home/shiven/colcon_ws/install/rtabmap/include/rtabmap-0.21/rtabmap/core/OdometryInfo.h
-- Installing: /home/shiven/colcon_ws/install/rtabmap/include/rtabmap-0.21/rtabmap/core/OdometryEvent.h
-- Installing: /home/shiven/colcon_ws/install/rtabmap/include/rtabmap-0.21/rtabmap/core/Graph.h
-- Installing: /home/shiven/colcon_ws/install/rtabmap/include/rtabmap-0.21/rtabmap/core/ProgressState.h
-- Installing: /home/shiven/colcon_ws/install/rtabmap/include/rtabmap-0.21/rtabmap/core/VisualWord.h
-- Installing: /home/shiven/colcon_ws/install/rtabmap/include/rtabmap-0.21/rtabmap/core/LASWriter.h
-- Installing: /home/shiven/colcon_ws/install/rtabmap/include/rtabmap-0.21/rtabmap/core/odometry
-- Installing: /home/shiven/colcon_ws/install/rtabmap/include/rtabmap-0.21/rtabmap/core/odometry/OdometryFovis.h
-- Installing: /home/shiven/colcon_ws/install/rtabmap/include/rtabmap-0.21/rtabmap/core/odometry/OdometryMono.h
-- Installing: /home/shiven/colcon_ws/install/rtabmap/include/rtabmap-0.21/rtabmap/core/odometry/OdometryORBSLAM3.h
-- Installing: /home/shiven/colcon_ws/install/rtabmap/include/rtabmap-0.21/rtabmap/core/odometry/OdometryOkvis.h
-- Installing: /home/shiven/colcon_ws/install/rtabmap/include/rtabmap-0.21/rtabmap/core/odometry/OdometryORBSLAM2.h
-- Installing: /home/shiven/colcon_ws/install/rtabmap/include/rtabmap-0.21/rtabmap/core/odometry/OdometryDVO.h
-- Installing: /home/shiven/colcon_ws/install/rtabmap/include/rtabmap-0.21/rtabmap/core/odometry/OdometryOpen3D.h
-- Installing: /home/shiven/colcon_ws/install/rtabmap/include/rtabmap-0.21/rtabmap/core/odometry/OdometryMSCKF.h
-- Installing: /home/shiven/colcon_ws/install/rtabmap/include/rtabmap-0.21/rtabmap/core/odometry/OdometryLOAM.h
-- Installing: /home/shiven/colcon_ws/install/rtabmap/include/rtabmap-0.21/rtabmap/core/odometry/OdometryF2M.h
-- Installing: /home/shiven/colcon_ws/install/rtabmap/include/rtabmap-0.21/rtabmap/core/odometry/OdometryFLOAM.h
-- Installing: /home/shiven/colcon_ws/install/rtabmap/include/rtabmap-0.21/rtabmap/core/odometry/OdometryVINS.h
-- Installing: /home/shiven/colcon_ws/install/rtabmap/include/rtabmap-0.21/rtabmap/core/odometry/OdometryF2F.h
-- Installing: /home/shiven/colcon_ws/install/rtabmap/include/rtabmap-0.21/rtabmap/core/odometry/OdometryViso2.h
-- Installing: /home/shiven/colcon_ws/install/rtabmap/include/rtabmap-0.21/rtabmap/core/odometry/OdometryOpenVINS.h
-- Installing: /home/shiven/colcon_ws/install/rtabmap/include/rtabmap-0.21/rtabmap/core/OdometryThread.h
-- Installing: /home/shiven/colcon_ws/install/rtabmap/include/rtabmap-0.21/rtabmap/core/CameraEvent.h
-- Installing: /home/shiven/colcon_ws/install/rtabmap/include/rtabmap-0.21/rtabmap/core/ParticleFilter.h
-- Installing: /home/shiven/colcon_ws/install/rtabmap/include/rtabmap-0.21/rtabmap/core/Lidar.h
-- Installing: /home/shiven/colcon_ws/install/rtabmap/include/rtabmap-0.21/rtabmap/core/util3d_transforms.h
-- Installing: /home/shiven/colcon_ws/install/rtabmap/include/rtabmap-0.21/rtabmap/core/util3d_registration.h
-- Installing: /home/shiven/colcon_ws/install/rtabmap/include/rtabmap-0.21/rtabmap/core/CameraRGBD.h
-- Installing: /home/shiven/colcon_ws/install/rtabmap/include/rtabmap-0.21/rtabmap/core/util3d_filtering.h
-- Installing: /home/shiven/colcon_ws/install/rtabmap/include/rtabmap-0.21/rtabmap/core/util2d.h
-- Installing: /home/shiven/colcon_ws/install/rtabmap/include/rtabmap-0.21/rtabmap/core/SensorEvent.h
-- Installing: /home/shiven/colcon_ws/install/rtabmap/include/rtabmap-0.21/rtabmap/core/MarkerDetector.h
-- Installing: /home/shiven/colcon_ws/install/rtabmap/include/rtabmap-0.21/rtabmap/core/Recovery.h
-- Installing: /home/shiven/colcon_ws/install/rtabmap/include/rtabmap-0.21/rtabmap/core/BayesFilter.h
-- Installing: /home/shiven/colcon_ws/install/rtabmap/include/rtabmap-0.21/rtabmap/core/GPS.h
-- Installing: /home/shiven/colcon_ws/install/rtabmap/include/rtabmap-0.21/rtabmap/core/util3d_features.h
-- Installing: /home/shiven/colcon_ws/install/rtabmap/include/rtabmap-0.21/rtabmap/core/EnvSensor.h
-- Installing: /home/shiven/colcon_ws/install/rtabmap/include/rtabmap-0.21/rtabmap/core/FlannIndex.h
-- Installing: /home/shiven/colcon_ws/install/rtabmap/include/rtabmap-0.21/rtabmap/core/Rtabmap.h
-- Installing: /home/shiven/colcon_ws/install/rtabmap/include/rtabmap-0.21/rtabmap/core/RtabmapThread.h
-- Installing: /home/shiven/colcon_ws/install/rtabmap/include/rtabmap-0.21/rtabmap/core/LaserScan.h
-- Installing: /home/shiven/colcon_ws/install/rtabmap/include/rtabmap-0.21/rtabmap/core/DBReader.h
-- Installing: /home/shiven/colcon_ws/install/rtabmap/include/rtabmap-0.21/rtabmap/core/Optimizer.h
-- Installing: /home/shiven/colcon_ws/install/rtabmap/include/rtabmap-0.21/rtabmap/core/Features2d.h
-- Installing: /home/shiven/colcon_ws/install/rtabmap/include/rtabmap-0.21/rtabmap/core/Transform.h
-- Installing: /home/shiven/colcon_ws/install/rtabmap/include/rtabmap-0.21/rtabmap/core/Stereo.h
-- Installing: /home/shiven/colcon_ws/install/rtabmap/include/rtabmap-0.21/rtabmap/core/impl
-- Installing: /home/shiven/colcon_ws/install/rtabmap/include/rtabmap-0.21/rtabmap/core/impl/util3d.hpp
-- Installing: /home/shiven/colcon_ws/install/rtabmap/include/rtabmap-0.21/rtabmap/core/impl/util3d_surface.hpp
-- Installing: /home/shiven/colcon_ws/install/rtabmap/include/rtabmap-0.21/rtabmap/core/impl/util3d_mapping.hpp
-- Installing: /home/shiven/colcon_ws/install/rtabmap/include/rtabmap-0.21/rtabmap/core/impl/LocalMapMaker.hpp
-- Installing: /home/shiven/colcon_ws/install/rtabmap/include/rtabmap-0.21/rtabmap/core/GlobalDescriptorExtractor.h
-- Installing: /home/shiven/colcon_ws/install/rtabmap/include/rtabmap-0.21/rtabmap/core/EpipolarGeometry.h
-- Installing: /home/shiven/colcon_ws/install/rtabmap/include/rtabmap-0.21/rtabmap/core/Landmark.h
-- Installing: /home/shiven/colcon_ws/install/rtabmap/include/rtabmap-0.21/rtabmap/core/CameraModel.h
-- Installing: /home/shiven/colcon_ws/install/rtabmap/include/rtabmap-0.21/rtabmap/core/Odometry.h
-- Installing: /home/shiven/colcon_ws/install/rtabmap/include/rtabmap-0.21/rtabmap/core/stereo
-- Installing: /home/shiven/colcon_ws/install/rtabmap/include/rtabmap-0.21/rtabmap/core/stereo/StereoBM.h
-- Installing: /home/shiven/colcon_ws/install/rtabmap/include/rtabmap-0.21/rtabmap/core/stereo/stereoRectifyFisheye.h
-- Installing: /home/shiven/colcon_ws/install/rtabmap/include/rtabmap-0.21/rtabmap/core/stereo/StereoSGBM.h
-- Installing: /home/shiven/colcon_ws/install/rtabmap/include/rtabmap-0.21/rtabmap/core/UserDataEvent.h
-- Installing: /home/shiven/colcon_ws/install/rtabmap/include/rtabmap-0.21/rtabmap/core/LocalGridMaker.h
-- Installing: /home/shiven/colcon_ws/install/rtabmap/include/rtabmap-0.21/rtabmap/core/CameraInfo.h
-- Installing: /home/shiven/colcon_ws/install/rtabmap/include/rtabmap-0.21/rtabmap/core/util3d_motion_estimation.h
-- Installing: /home/shiven/colcon_ws/install/rtabmap/include/rtabmap-0.21/rtabmap/core/GlobalMap.h
-- Installing: /home/shiven/colcon_ws/install/rtabmap/include/rtabmap-0.21/rtabmap/core/PDALWriter.h
-- Installing: /home/shiven/colcon_ws/install/rtabmap/include/rtabmap-0.21/rtabmap/core/DBDriver.h
-- Installing: /home/shiven/colcon_ws/install/rtabmap/include/rtabmap-0.21/rtabmap/core/IMUFilter.h
-- Installing: /home/shiven/colcon_ws/install/rtabmap/include/rtabmap-0.21/rtabmap/core/CameraThread.h
-- Installing: /home/shiven/colcon_ws/install/rtabmap/include/rtabmap-0.21/rtabmap/core/RegistrationIcp.h
-- Installing: /home/shiven/colcon_ws/install/rtabmap/include/rtabmap-0.21/rtabmap/core/DBDriverSqlite3.h
-- Installing: /home/shiven/colcon_ws/install/rtabmap/include/rtabmap-0.21/rtabmap/core/IMUThread.h
-- Installing: /home/shiven/colcon_ws/install/rtabmap/include/rtabmap-0.21/rtabmap/core/util3d_surface.h
-- Installing: /home/shiven/colcon_ws/install/rtabmap/include/rtabmap-0.21/rtabmap/core/util3d_mapping.h
-- Installing: /home/shiven/colcon_ws/install/rtabmap/include/rtabmap-0.21/rtabmap/core/CameraStereo.h
-- Installing: /home/shiven/colcon_ws/install/rtabmap/include/rtabmap-0.21/rtabmap/core/ParamEvent.h
-- Installing: /home/shiven/colcon_ws/install/rtabmap/include/rtabmap-0.21/rtabmap/core/IMU.h
-- Installing: /home/shiven/colcon_ws/install/rtabmap/include/rtabmap-0.21/rtabmap/core/Memory.h
-- Installing: /home/shiven/colcon_ws/install/rtabmap/include/rtabmap-0.21/rtabmap/core/clams
-- Installing: /home/shiven/colcon_ws/install/rtabmap/include/rtabmap-0.21/rtabmap/core/clams/discrete_depth_distortion_model.h
-- Installing: /home/shiven/colcon_ws/install/rtabmap/include/rtabmap-0.21/rtabmap/core/clams/slam_calibrator.h
-- Installing: /home/shiven/colcon_ws/install/rtabmap/include/rtabmap-0.21/rtabmap/core/clams/frame_projector.h
-- Up-to-date: /home/shiven/colcon_ws/install/rtabmap/include/rtabmap-0.21/rtabmap
-- Up-to-date: /home/shiven/colcon_ws/install/rtabmap/include/rtabmap-0.21/rtabmap/core
-- Installing: /home/shiven/colcon_ws/install/rtabmap/include/rtabmap-0.21/rtabmap/core/Version.h
-- Installing: /home/shiven/colcon_ws/install/rtabmap/include/rtabmap-0.21/rtabmap/core/rtabmap_core_export.h
-- Installing: /home/shiven/colcon_ws/install/rtabmap/lib/rtabmap-0.21/RTABMap_coreTargets.cmake
-- Installing: /home/shiven/colcon_ws/install/rtabmap/lib/rtabmap-0.21/RTABMap_coreTargets-release.cmake
-- Installing: /home/shiven/colcon_ws/install/rtabmap/lib/librtabmap_gui.so.0.21.9
-- Installing: /home/shiven/colcon_ws/install/rtabmap/lib/librtabmap_gui.so.0.21
-- Set runtime path of "/home/shiven/colcon_ws/install/rtabmap/lib/librtabmap_gui.so.0.21.9" to ""
-- Installing: /home/shiven/colcon_ws/install/rtabmap/lib/librtabmap_gui.so
-- Up-to-date: /home/shiven/colcon_ws/install/rtabmap/include/rtabmap-0.21/rtabmap
-- Installing: /home/shiven/colcon_ws/install/rtabmap/include/rtabmap-0.21/rtabmap/gui
-- Installing: /home/shiven/colcon_ws/install/rtabmap/include/rtabmap-0.21/rtabmap/gui/CloudViewerInteractorStyle.h
-- Installing: /home/shiven/colcon_ws/install/rtabmap/include/rtabmap-0.21/rtabmap/gui/DataRecorder.h
-- Installing: /home/shiven/colcon_ws/install/rtabmap/include/rtabmap-0.21/rtabmap/gui/GraphViewer.h
-- Installing: /home/shiven/colcon_ws/install/rtabmap/include/rtabmap-0.21/rtabmap/gui/AboutDialog.h
-- Installing: /home/shiven/colcon_ws/install/rtabmap/include/rtabmap-0.21/rtabmap/gui/EditDepthArea.h
-- Installing: /home/shiven/colcon_ws/install/rtabmap/include/rtabmap-0.21/rtabmap/gui/CameraViewer.h
-- Installing: /home/shiven/colcon_ws/install/rtabmap/include/rtabmap-0.21/rtabmap/gui/RecoveryState.h
-- Installing: /home/shiven/colcon_ws/install/rtabmap/include/rtabmap-0.21/rtabmap/gui/CreateSimpleCalibrationDialog.h
-- Installing: /home/shiven/colcon_ws/install/rtabmap/include/rtabmap-0.21/rtabmap/gui/ImageView.h
-- Installing: /home/shiven/colcon_ws/install/rtabmap/include/rtabmap-0.21/rtabmap/gui/PdfPlot.h
-- Installing: /home/shiven/colcon_ws/install/rtabmap/include/rtabmap-0.21/rtabmap/gui/ConsoleWidget.h
-- Installing: /home/shiven/colcon_ws/install/rtabmap/include/rtabmap-0.21/rtabmap/gui/MultiSessionLocWidget.h
-- Installing: /home/shiven/colcon_ws/install/rtabmap/include/rtabmap-0.21/rtabmap/gui/DepthCalibrationDialog.h
-- Installing: /home/shiven/colcon_ws/install/rtabmap/include/rtabmap-0.21/rtabmap/gui/PreferencesDialog.h
-- Installing: /home/shiven/colcon_ws/install/rtabmap/include/rtabmap-0.21/rtabmap/gui/ExportBundlerDialog.h
-- Installing: /home/shiven/colcon_ws/install/rtabmap/include/rtabmap-0.21/rtabmap/gui/MapVisibilityWidget.h
-- Installing: /home/shiven/colcon_ws/install/rtabmap/include/rtabmap-0.21/rtabmap/gui/CloudViewerCellPicker.h
-- Installing: /home/shiven/colcon_ws/install/rtabmap/include/rtabmap-0.21/rtabmap/gui/TexturingState.h
-- Installing: /home/shiven/colcon_ws/install/rtabmap/include/rtabmap-0.21/rtabmap/gui/ExportDialog.h
-- Installing: /home/shiven/colcon_ws/install/rtabmap/include/rtabmap-0.21/rtabmap/gui/MultiSessionLocSubView.h
-- Installing: /home/shiven/colcon_ws/install/rtabmap/include/rtabmap-0.21/rtabmap/gui/EditConstraintDialog.h
-- Installing: /home/shiven/colcon_ws/install/rtabmap/include/rtabmap-0.21/rtabmap/gui/MainWindow.h
-- Installing: /home/shiven/colcon_ws/install/rtabmap/include/rtabmap-0.21/rtabmap/gui/ProgressDialog.h
-- Installing: /home/shiven/colcon_ws/install/rtabmap/include/rtabmap-0.21/rtabmap/gui/CalibrationDialog.h
-- Installing: /home/shiven/colcon_ws/install/rtabmap/include/rtabmap-0.21/rtabmap/gui/ExportCloudsDialog.h
-- Installing: /home/shiven/colcon_ws/install/rtabmap/include/rtabmap-0.21/rtabmap/gui/OdometryViewer.h
-- Installing: /home/shiven/colcon_ws/install/rtabmap/include/rtabmap-0.21/rtabmap/gui/StatsToolBox.h
-- Installing: /home/shiven/colcon_ws/install/rtabmap/include/rtabmap-0.21/rtabmap/gui/CloudViewer.h
-- Installing: /home/shiven/colcon_ws/install/rtabmap/include/rtabmap-0.21/rtabmap/gui/LoopClosureViewer.h
-- Installing: /home/shiven/colcon_ws/install/rtabmap/include/rtabmap-0.21/rtabmap/gui/ParametersToolBox.h
-- Installing: /home/shiven/colcon_ws/install/rtabmap/include/rtabmap-0.21/rtabmap/gui/PostProcessingDialog.h
-- Installing: /home/shiven/colcon_ws/install/rtabmap/include/rtabmap-0.21/rtabmap/gui/EditMapArea.h
-- Installing: /home/shiven/colcon_ws/install/rtabmap/include/rtabmap-0.21/rtabmap/gui/LinkRefiningDialog.h
-- Installing: /home/shiven/colcon_ws/install/rtabmap/include/rtabmap-0.21/rtabmap/gui/DatabaseViewer.h
-- Installing: /home/shiven/colcon_ws/install/rtabmap/include/rtabmap-0.21/rtabmap/gui/KeypointItem.h
-- Up-to-date: /home/shiven/colcon_ws/install/rtabmap/include/rtabmap-0.21/rtabmap/utilite
-- Installing: /home/shiven/colcon_ws/install/rtabmap/include/rtabmap-0.21/rtabmap/utilite/UImageView.h
-- Installing: /home/shiven/colcon_ws/install/rtabmap/include/rtabmap-0.21/rtabmap/utilite/UCv2Qt.h
-- Installing: /home/shiven/colcon_ws/install/rtabmap/include/rtabmap-0.21/rtabmap/utilite/UPlot.h
-- Up-to-date: /home/shiven/colcon_ws/install/rtabmap/include/rtabmap-0.21/rtabmap
-- Up-to-date: /home/shiven/colcon_ws/install/rtabmap/include/rtabmap-0.21/rtabmap/gui
-- Installing: /home/shiven/colcon_ws/install/rtabmap/include/rtabmap-0.21/rtabmap/gui/rtabmap_gui_export.h
-- Installing: /home/shiven/colcon_ws/install/rtabmap/lib/rtabmap-0.21/RTABMap_guiTargets.cmake
-- Installing: /home/shiven/colcon_ws/install/rtabmap/lib/rtabmap-0.21/RTABMap_guiTargets-release.cmake
-- Installing: /home/shiven/colcon_ws/install/rtabmap/bin/rtabmap
-- Set runtime path of "/home/shiven/colcon_ws/install/rtabmap/bin/rtabmap" to ""
-- Installing: /home/shiven/colcon_ws/install/rtabmap/bin/rtabmap-console
-- Set runtime path of "/home/shiven/colcon_ws/install/rtabmap/bin/rtabmap-console" to ""
-- Installing: /home/shiven/colcon_ws/install/rtabmap/bin/rtabmap-extractObject
-- Set runtime path of "/home/shiven/colcon_ws/install/rtabmap/bin/rtabmap-extractObject" to ""
-- Installing: /home/shiven/colcon_ws/install/rtabmap/bin/rtabmap-camera
-- Set runtime path of "/home/shiven/colcon_ws/install/rtabmap/bin/rtabmap-camera" to ""
-- Installing: /home/shiven/colcon_ws/install/rtabmap/bin/rtabmap-kitti_dataset
-- Set runtime path of "/home/shiven/colcon_ws/install/rtabmap/bin/rtabmap-kitti_dataset" to ""
-- Installing: /home/shiven/colcon_ws/install/rtabmap/bin/rtabmap-rgbd_dataset
-- Set runtime path of "/home/shiven/colcon_ws/install/rtabmap/bin/rtabmap-rgbd_dataset" to ""
-- Installing: /home/shiven/colcon_ws/install/rtabmap/bin/rtabmap-euroc_dataset
-- Set runtime path of "/home/shiven/colcon_ws/install/rtabmap/bin/rtabmap-euroc_dataset" to ""
-- Installing: /home/shiven/colcon_ws/install/rtabmap/bin/rtabmap-recovery
-- Set runtime path of "/home/shiven/colcon_ws/install/rtabmap/bin/rtabmap-recovery" to ""
-- Installing: /home/shiven/colcon_ws/install/rtabmap/bin/rtabmap-reprocess
-- Set runtime path of "/home/shiven/colcon_ws/install/rtabmap/bin/rtabmap-reprocess" to ""
-- Installing: /home/shiven/colcon_ws/install/rtabmap/bin/rtabmap-detectMoreLoopClosures
-- Set runtime path of "/home/shiven/colcon_ws/install/rtabmap/bin/rtabmap-detectMoreLoopClosures" to ""
-- Installing: /home/shiven/colcon_ws/install/rtabmap/bin/rtabmap-export
-- Set runtime path of "/home/shiven/colcon_ws/install/rtabmap/bin/rtabmap-export" to ""
-- Installing: /home/shiven/colcon_ws/install/rtabmap/bin/rtabmap-report
-- Set runtime path of "/home/shiven/colcon_ws/install/rtabmap/bin/rtabmap-report" to ""
-- Installing: /home/shiven/colcon_ws/install/rtabmap/bin/rtabmap-info
-- Set runtime path of "/home/shiven/colcon_ws/install/rtabmap/bin/rtabmap-info" to ""
-- Installing: /home/shiven/colcon_ws/install/rtabmap/bin/rtabmap-cleanupLocalGrids
-- Set runtime path of "/home/shiven/colcon_ws/install/rtabmap/bin/rtabmap-cleanupLocalGrids" to ""
-- Installing: /home/shiven/colcon_ws/install/rtabmap/bin/rtabmap-globalBundleAdjustment
-- Set runtime path of "/home/shiven/colcon_ws/install/rtabmap/bin/rtabmap-globalBundleAdjustment" to ""
-- Installing: /home/shiven/colcon_ws/install/rtabmap/bin/rtabmap-rgbd_camera
-- Set runtime path of "/home/shiven/colcon_ws/install/rtabmap/bin/rtabmap-rgbd_camera" to ""
-- Installing: /home/shiven/colcon_ws/install/rtabmap/bin/rtabmap-lidar_viewer
-- Set runtime path of "/home/shiven/colcon_ws/install/rtabmap/bin/rtabmap-lidar_viewer" to ""
-- Installing: /home/shiven/colcon_ws/install/rtabmap/bin/rtabmap-databaseViewer
-- Set runtime path of "/home/shiven/colcon_ws/install/rtabmap/bin/rtabmap-databaseViewer" to ""
-- Installing: /home/shiven/colcon_ws/install/rtabmap/bin/rtabmap-odometryViewer
-- Set runtime path of "/home/shiven/colcon_ws/install/rtabmap/bin/rtabmap-odometryViewer" to ""
-- Installing: /home/shiven/colcon_ws/install/rtabmap/bin/rtabmap-dataRecorder
-- Set runtime path of "/home/shiven/colcon_ws/install/rtabmap/bin/rtabmap-dataRecorder" to ""
-- Installing: /home/shiven/colcon_ws/install/rtabmap/bin/rtabmap-calibration
-- Set runtime path of "/home/shiven/colcon_ws/install/rtabmap/bin/rtabmap-calibration" to ""
-- Installing: /home/shiven/colcon_ws/install/rtabmap/lib/rtabmap-0.21/RTABMapTargets.cmake
-- Installing: /home/shiven/colcon_ws/install/rtabmap/lib/rtabmap-0.21/RTABMapConfig.cmake
-- Installing: /home/shiven/colcon_ws/install/rtabmap/lib/rtabmap-0.21/RTABMapConfigVersion.cmake
-- Installing: /home/shiven/colcon_ws/install/rtabmap/share/rtabmap/package.xml
