[0.093s] DEBUG:colcon:Command line arguments: ['/usr/bin/colcon', 'build', '--symlink-install', '--packages-select', 'orbslam3']
[0.093s] DEBUG:colcon:Parsed command line arguments: Namespace(allow_overriding=[], ament_cmake_args=None, base_paths=['.'], build_base='build', catkin_cmake_args=None, catkin_skip_building_tests=False, cmake_args=None, cmake_clean_cache=False, cmake_clean_first=False, cmake_force_configure=False, cmake_target=None, cmake_target_skip_unavailable=False, continue_on_error=False, event_handlers=None, executor='parallel', ignore_user_meta=False, install_base='install', log_base=None, log_level=None, main=<bound method BuildVerb.main of <colcon_core.verb.build.BuildVerb object at 0x7f999689b9d0>>, merge_install=False, metas=['./colcon.meta'], mixin=None, mixin_files=None, mixin_verb=('build',), packages_above=None, packages_above_and_dependencies=None, packages_above_depth=None, packages_end=None, packages_ignore=None, packages_ignore_regex=None, packages_select=['orbslam3'], packages_select_build_failed=False, packages_select_by_dep=None, packages_select_regex=None, packages_select_test_failures=False, packages_skip=None, packages_skip_build_finished=False, packages_skip_by_dep=None, packages_skip_regex=None, packages_skip_test_passed=False, packages_skip_up_to=None, packages_start=None, packages_up_to=None, packages_up_to_regex=None, parallel_workers=32, paths=None, symlink_install=True, test_result_base=None, verb_extension=<colcon_core.verb.build.BuildVerb object at 0x7f999689b9d0>, verb_name='build', verb_parser=<colcon_mixin.mixin.mixin_argument.MixinArgumentDecorator object at 0x7f999689bf10>)
[0.156s] Level 1:colcon.colcon_core.package_discovery:discover_packages(colcon_meta) check parameters
[0.156s] Level 1:colcon.colcon_core.package_discovery:discover_packages(recursive) check parameters
[0.156s] Level 1:colcon.colcon_core.package_discovery:discover_packages(ignore) check parameters
[0.156s] Level 1:colcon.colcon_core.package_discovery:discover_packages(path) check parameters
[0.156s] Level 1:colcon.colcon_core.package_discovery:discover_packages(colcon_meta) discover
[0.156s] Level 1:colcon.colcon_core.package_discovery:discover_packages(recursive) discover
[0.156s] INFO:colcon.colcon_core.package_discovery:Crawling recursively for packages in '/home/shiven/colcon_ws'
[0.156s] Level 1:colcon.colcon_core.package_identification:_identify(.) by extensions ['ignore', 'ignore_ament_install']
[0.156s] Level 1:colcon.colcon_core.package_identification:_identify(.) by extension 'ignore'
[0.156s] Level 1:colcon.colcon_core.package_identification:_identify(.) by extension 'ignore_ament_install'
[0.157s] Level 1:colcon.colcon_core.package_identification:_identify(.) by extensions ['colcon_pkg']
[0.157s] Level 1:colcon.colcon_core.package_identification:_identify(.) by extension 'colcon_pkg'
[0.157s] Level 1:colcon.colcon_core.package_identification:_identify(.) by extensions ['colcon_meta']
[0.157s] Level 1:colcon.colcon_core.package_identification:_identify(.) by extension 'colcon_meta'
[0.157s] Level 1:colcon.colcon_core.package_identification:_identify(.) by extensions ['ros']
[0.157s] Level 1:colcon.colcon_core.package_identification:_identify(.) by extension 'ros'
[0.162s] Level 1:colcon.colcon_core.package_identification:_identify(.) by extensions ['cmake', 'python']
[0.162s] Level 1:colcon.colcon_core.package_identification:_identify(.) by extension 'cmake'
[0.162s] Level 1:colcon.colcon_core.package_identification:_identify(.) by extension 'python'
[0.162s] Level 1:colcon.colcon_core.package_identification:_identify(.) by extensions ['python_setup_py']
[0.162s] Level 1:colcon.colcon_core.package_identification:_identify(.) by extension 'python_setup_py'
[0.162s] Level 1:colcon.colcon_core.package_identification:_identify(build) by extensions ['ignore', 'ignore_ament_install']
[0.162s] Level 1:colcon.colcon_core.package_identification:_identify(build) by extension 'ignore'
[0.162s] Level 1:colcon.colcon_core.package_identification:_identify(build) ignored
[0.162s] Level 1:colcon.colcon_core.package_identification:_identify(install) by extensions ['ignore', 'ignore_ament_install']
[0.162s] Level 1:colcon.colcon_core.package_identification:_identify(install) by extension 'ignore'
[0.162s] Level 1:colcon.colcon_core.package_identification:_identify(install) ignored
[0.162s] Level 1:colcon.colcon_core.package_identification:_identify(log) by extensions ['ignore', 'ignore_ament_install']
[0.162s] Level 1:colcon.colcon_core.package_identification:_identify(log) by extension 'ignore'
[0.162s] Level 1:colcon.colcon_core.package_identification:_identify(log) ignored
[0.162s] Level 1:colcon.colcon_core.package_identification:_identify(src) by extensions ['ignore', 'ignore_ament_install']
[0.162s] Level 1:colcon.colcon_core.package_identification:_identify(src) by extension 'ignore'
[0.162s] Level 1:colcon.colcon_core.package_identification:_identify(src) by extension 'ignore_ament_install'
[0.162s] Level 1:colcon.colcon_core.package_identification:_identify(src) by extensions ['colcon_pkg']
[0.162s] Level 1:colcon.colcon_core.package_identification:_identify(src) by extension 'colcon_pkg'
[0.162s] Level 1:colcon.colcon_core.package_identification:_identify(src) by extensions ['colcon_meta']
[0.162s] Level 1:colcon.colcon_core.package_identification:_identify(src) by extension 'colcon_meta'
[0.162s] Level 1:colcon.colcon_core.package_identification:_identify(src) by extensions ['ros']
[0.162s] Level 1:colcon.colcon_core.package_identification:_identify(src) by extension 'ros'
[0.162s] Level 1:colcon.colcon_core.package_identification:_identify(src) by extensions ['cmake', 'python']
[0.162s] Level 1:colcon.colcon_core.package_identification:_identify(src) by extension 'cmake'
[0.162s] Level 1:colcon.colcon_core.package_identification:_identify(src) by extension 'python'
[0.162s] Level 1:colcon.colcon_core.package_identification:_identify(src) by extensions ['python_setup_py']
[0.162s] Level 1:colcon.colcon_core.package_identification:_identify(src) by extension 'python_setup_py'
[0.162s] Level 1:colcon.colcon_core.package_identification:_identify(src/orbslam3_ros2) by extensions ['ignore', 'ignore_ament_install']
[0.162s] Level 1:colcon.colcon_core.package_identification:_identify(src/orbslam3_ros2) by extension 'ignore'
[0.162s] Level 1:colcon.colcon_core.package_identification:_identify(src/orbslam3_ros2) by extension 'ignore_ament_install'
[0.162s] Level 1:colcon.colcon_core.package_identification:_identify(src/orbslam3_ros2) by extensions ['colcon_pkg']
[0.162s] Level 1:colcon.colcon_core.package_identification:_identify(src/orbslam3_ros2) by extension 'colcon_pkg'
[0.162s] Level 1:colcon.colcon_core.package_identification:_identify(src/orbslam3_ros2) by extensions ['colcon_meta']
[0.162s] Level 1:colcon.colcon_core.package_identification:_identify(src/orbslam3_ros2) by extension 'colcon_meta'
[0.162s] Level 1:colcon.colcon_core.package_identification:_identify(src/orbslam3_ros2) by extensions ['ros']
[0.162s] Level 1:colcon.colcon_core.package_identification:_identify(src/orbslam3_ros2) by extension 'ros'
[0.164s] DEBUG:colcon.colcon_core.package_identification:Package 'src/orbslam3_ros2' with type 'ros.ament_cmake' and name 'orbslam3'
[0.164s] Level 1:colcon.colcon_core.package_discovery:discover_packages(recursive) using defaults
[0.164s] Level 1:colcon.colcon_core.package_discovery:discover_packages(ignore) discover
[0.164s] Level 1:colcon.colcon_core.package_discovery:discover_packages(ignore) using defaults
[0.164s] Level 1:colcon.colcon_core.package_discovery:discover_packages(path) discover
[0.164s] Level 1:colcon.colcon_core.package_discovery:discover_packages(path) using defaults
[0.170s] Level 1:colcon.colcon_core.package_discovery:discover_packages(prefix_path) check parameters
[0.170s] Level 1:colcon.colcon_core.package_discovery:discover_packages(prefix_path) discover
[0.171s] DEBUG:colcon.colcon_installed_package_information.package_discovery:Found 264 installed packages in /opt/ros/foxy
[0.172s] Level 1:colcon.colcon_core.package_discovery:discover_packages(prefix_path) using defaults
[0.198s] Level 5:colcon.colcon_core.verb:set package 'orbslam3' build argument 'cmake_args' from command line to 'None'
[0.198s] Level 5:colcon.colcon_core.verb:set package 'orbslam3' build argument 'cmake_target' from command line to 'None'
[0.198s] Level 5:colcon.colcon_core.verb:set package 'orbslam3' build argument 'cmake_target_skip_unavailable' from command line to 'False'
[0.198s] Level 5:colcon.colcon_core.verb:set package 'orbslam3' build argument 'cmake_clean_cache' from command line to 'False'
[0.198s] Level 5:colcon.colcon_core.verb:set package 'orbslam3' build argument 'cmake_clean_first' from command line to 'False'
[0.198s] Level 5:colcon.colcon_core.verb:set package 'orbslam3' build argument 'cmake_force_configure' from command line to 'False'
[0.198s] Level 5:colcon.colcon_core.verb:set package 'orbslam3' build argument 'ament_cmake_args' from command line to 'None'
[0.198s] Level 5:colcon.colcon_core.verb:set package 'orbslam3' build argument 'catkin_cmake_args' from command line to 'None'
[0.198s] Level 5:colcon.colcon_core.verb:set package 'orbslam3' build argument 'catkin_skip_building_tests' from command line to 'False'
[0.198s] DEBUG:colcon.colcon_core.verb:Building package 'orbslam3' with the following arguments: {'ament_cmake_args': None, 'build_base': '/home/shiven/colcon_ws/build/orbslam3', 'catkin_cmake_args': None, 'catkin_skip_building_tests': False, 'cmake_args': None, 'cmake_clean_cache': False, 'cmake_clean_first': False, 'cmake_force_configure': False, 'cmake_target': None, 'cmake_target_skip_unavailable': False, 'install_base': '/home/shiven/colcon_ws/install/orbslam3', 'merge_install': False, 'path': '/home/shiven/colcon_ws/src/orbslam3_ros2', 'symlink_install': True, 'test_result_base': None}
[0.199s] INFO:colcon.colcon_core.executor:Executing jobs using 'parallel' executor
[0.199s] DEBUG:colcon.colcon_parallel_executor.executor.parallel:run_until_complete
[0.199s] INFO:colcon.colcon_ros.task.ament_cmake.build:Building ROS package in '/home/shiven/colcon_ws/src/orbslam3_ros2' with build type 'ament_cmake'
[0.199s] INFO:colcon.colcon_cmake.task.cmake.build:Building CMake package in '/home/shiven/colcon_ws/src/orbslam3_ros2'
[0.200s] INFO:colcon.colcon_core.plugin_system:Skipping extension 'colcon_core.shell.bat': Not used on non-Windows systems
[0.200s] INFO:colcon.colcon_core.shell:Skip shell extension 'powershell' for command environment: Not usable outside of PowerShell
[0.200s] DEBUG:colcon.colcon_core.shell:Skip shell extension 'dsv' for command environment
[0.205s] DEBUG:colcon.colcon_core.event_handler.log_command:Invoking command in '/home/shiven/colcon_ws/build/orbslam3': CMAKE_PREFIX_PATH=/opt/ros/foxy /usr/bin/cmake --build /home/shiven/colcon_ws/build/orbslam3 -- -j32 -l32
[9.119s] DEBUG:colcon.colcon_core.event_handler.log_command:Invoked command in '/home/shiven/colcon_ws/build/orbslam3' returned '0': CMAKE_PREFIX_PATH=/opt/ros/foxy /usr/bin/cmake --build /home/shiven/colcon_ws/build/orbslam3 -- -j32 -l32
[9.158s] DEBUG:colcon.colcon_core.event_handler.log_command:Invoking command in '/home/shiven/colcon_ws/build/orbslam3': CMAKE_PREFIX_PATH=/opt/ros/foxy /usr/bin/cmake --install /home/shiven/colcon_ws/build/orbslam3
[9.259s] Level 1:colcon.colcon_core.environment:create_environment_scripts_only(orbslam3)
[9.260s] DEBUG:colcon.colcon_core.event_handler.log_command:Invoked command in '/home/shiven/colcon_ws/build/orbslam3' returned '0': CMAKE_PREFIX_PATH=/opt/ros/foxy /usr/bin/cmake --install /home/shiven/colcon_ws/build/orbslam3
[9.261s] Level 1:colcon.colcon_core.environment:checking '/home/shiven/colcon_ws/install/orbslam3' for CMake module files
[9.261s] Level 1:colcon.colcon_core.environment:checking '/home/shiven/colcon_ws/install/orbslam3' for CMake config files
[9.261s] Level 1:colcon.colcon_core.shell:create_environment_hook('orbslam3', 'cmake_prefix_path')
[9.261s] INFO:colcon.colcon_core.shell:Creating environment hook '/home/shiven/colcon_ws/install/orbslam3/share/orbslam3/hook/cmake_prefix_path.ps1'
[9.261s] INFO:colcon.colcon_core.shell:Creating environment descriptor '/home/shiven/colcon_ws/install/orbslam3/share/orbslam3/hook/cmake_prefix_path.dsv'
[9.262s] INFO:colcon.colcon_core.shell:Creating environment hook '/home/shiven/colcon_ws/install/orbslam3/share/orbslam3/hook/cmake_prefix_path.sh'
[9.262s] Level 1:colcon.colcon_core.environment:checking '/home/shiven/colcon_ws/install/orbslam3/lib'
[9.262s] Level 1:colcon.colcon_core.environment:checking '/home/shiven/colcon_ws/install/orbslam3/bin'
[9.262s] Level 1:colcon.colcon_core.environment:checking '/home/shiven/colcon_ws/install/orbslam3/lib/pkgconfig/orbslam3.pc'
[9.262s] Level 1:colcon.colcon_core.environment:checking '/home/shiven/colcon_ws/install/orbslam3/lib/python3.8/site-packages'
[9.262s] Level 1:colcon.colcon_core.environment:checking '/home/shiven/colcon_ws/install/orbslam3/bin'
[9.262s] INFO:colcon.colcon_core.shell:Creating package script '/home/shiven/colcon_ws/install/orbslam3/share/orbslam3/package.ps1'
[9.263s] INFO:colcon.colcon_core.shell:Creating package descriptor '/home/shiven/colcon_ws/install/orbslam3/share/orbslam3/package.dsv'
[9.263s] INFO:colcon.colcon_core.shell:Creating package script '/home/shiven/colcon_ws/install/orbslam3/share/orbslam3/package.sh'
[9.263s] INFO:colcon.colcon_core.shell:Creating package script '/home/shiven/colcon_ws/install/orbslam3/share/orbslam3/package.bash'
[9.264s] INFO:colcon.colcon_core.shell:Creating package script '/home/shiven/colcon_ws/install/orbslam3/share/orbslam3/package.zsh'
[9.264s] Level 1:colcon.colcon_core.environment:create_file_with_runtime_dependencies(/home/shiven/colcon_ws/install/orbslam3/share/colcon-core/packages/orbslam3)
[9.286s] Level 1:colcon.colcon_core.environment:create_environment_scripts_only(orbslam3)
[9.286s] Level 1:colcon.colcon_core.environment:checking '/home/shiven/colcon_ws/install/orbslam3' for CMake module files
[9.288s] Level 1:colcon.colcon_core.environment:checking '/home/shiven/colcon_ws/install/orbslam3' for CMake config files
[9.288s] Level 1:colcon.colcon_core.shell:create_environment_hook('orbslam3', 'cmake_prefix_path')
[9.288s] INFO:colcon.colcon_core.shell:Creating environment hook '/home/shiven/colcon_ws/install/orbslam3/share/orbslam3/hook/cmake_prefix_path.ps1'
[9.289s] INFO:colcon.colcon_core.shell:Creating environment descriptor '/home/shiven/colcon_ws/install/orbslam3/share/orbslam3/hook/cmake_prefix_path.dsv'
[9.290s] INFO:colcon.colcon_core.shell:Creating environment hook '/home/shiven/colcon_ws/install/orbslam3/share/orbslam3/hook/cmake_prefix_path.sh'
[9.291s] Level 1:colcon.colcon_core.environment:checking '/home/shiven/colcon_ws/install/orbslam3/lib'
[9.291s] Level 1:colcon.colcon_core.environment:checking '/home/shiven/colcon_ws/install/orbslam3/bin'
[9.291s] Level 1:colcon.colcon_core.environment:checking '/home/shiven/colcon_ws/install/orbslam3/lib/pkgconfig/orbslam3.pc'
[9.292s] Level 1:colcon.colcon_core.environment:checking '/home/shiven/colcon_ws/install/orbslam3/lib/python3.8/site-packages'
[9.292s] Level 1:colcon.colcon_core.environment:checking '/home/shiven/colcon_ws/install/orbslam3/bin'
[9.293s] INFO:colcon.colcon_core.shell:Creating package script '/home/shiven/colcon_ws/install/orbslam3/share/orbslam3/package.ps1'
[9.293s] INFO:colcon.colcon_core.shell:Creating package descriptor '/home/shiven/colcon_ws/install/orbslam3/share/orbslam3/package.dsv'
[9.293s] INFO:colcon.colcon_core.shell:Creating package script '/home/shiven/colcon_ws/install/orbslam3/share/orbslam3/package.sh'
[9.293s] INFO:colcon.colcon_core.shell:Creating package script '/home/shiven/colcon_ws/install/orbslam3/share/orbslam3/package.bash'
[9.293s] INFO:colcon.colcon_core.shell:Creating package script '/home/shiven/colcon_ws/install/orbslam3/share/orbslam3/package.zsh'
[9.294s] Level 1:colcon.colcon_core.environment:create_file_with_runtime_dependencies(/home/shiven/colcon_ws/install/orbslam3/share/colcon-core/packages/orbslam3)
[9.294s] DEBUG:colcon.colcon_parallel_executor.executor.parallel:closing loop
[9.294s] DEBUG:colcon.colcon_parallel_executor.executor.parallel:loop closed
[9.295s] DEBUG:colcon.colcon_parallel_executor.executor.parallel:run_until_complete finished with '0'
[9.295s] DEBUG:colcon.colcon_core.event_reactor:joining thread
[9.342s] INFO:colcon.colcon_core.plugin_system:Skipping extension 'colcon_notification.desktop_notification.terminal_notifier': Not used on non-Darwin systems
[9.342s] INFO:colcon.colcon_core.plugin_system:Skipping extension 'colcon_notification.desktop_notification.win32': Not used on non-Windows systems
[9.342s] INFO:colcon.colcon_notification.desktop_notification:Sending desktop notification using 'notify2'
[9.353s] DEBUG:colcon.colcon_core.event_reactor:joined thread
[9.354s] INFO:colcon.colcon_core.shell:Creating prefix script '/home/shiven/colcon_ws/install/local_setup.ps1'
[9.355s] INFO:colcon.colcon_core.shell:Creating prefix util module '/home/shiven/colcon_ws/install/_local_setup_util_ps1.py'
[9.356s] INFO:colcon.colcon_core.shell:Creating prefix chain script '/home/shiven/colcon_ws/install/setup.ps1'
[9.357s] INFO:colcon.colcon_core.shell:Creating prefix script '/home/shiven/colcon_ws/install/local_setup.sh'
[9.357s] INFO:colcon.colcon_core.shell:Creating prefix util module '/home/shiven/colcon_ws/install/_local_setup_util_sh.py'
[9.358s] INFO:colcon.colcon_core.shell:Creating prefix chain script '/home/shiven/colcon_ws/install/setup.sh'
[9.359s] INFO:colcon.colcon_core.shell:Creating prefix script '/home/shiven/colcon_ws/install/local_setup.bash'
[9.360s] INFO:colcon.colcon_core.shell:Creating prefix chain script '/home/shiven/colcon_ws/install/setup.bash'
[9.361s] INFO:colcon.colcon_core.shell:Creating prefix script '/home/shiven/colcon_ws/install/local_setup.zsh'
[9.361s] INFO:colcon.colcon_core.shell:Creating prefix chain script '/home/shiven/colcon_ws/install/setup.zsh'
