[0.005s] Invoking command in '/home/shiven/colcon_ws/build/orbslam3': CMAKE_PREFIX_PATH=/opt/ros/foxy /usr/bin/cmake --build /home/shiven/colcon_ws/build/orbslam3 -- -j32 -l32
[0.016s] -- Found ament_cmake: 0.9.12 (/opt/ros/foxy/share/ament_cmake/cmake)
[0.027s] -- Using PYTHON_EXECUTABLE: /usr/bin/python3
[0.100s] -- Override CMake install command with custom implementation using symlinks instead of copying resources
[0.103s] -- Found rclcpp: 2.4.3 (/opt/ros/foxy/share/rclcpp/cmake)
[0.119s] -- Using all available rosidl_typesupport_c: rosidl_typesupport_fastrtps_c;rosidl_typesupport_introspection_c
[0.120s] -- Found rosidl_adapter: 1.3.1 (/opt/ros/foxy/share/rosidl_adapter/cmake)
[0.176s] -- Using all available rosidl_typesupport_cpp: rosidl_typesupport_fastrtps_cpp;rosidl_typesupport_introspection_cpp
[0.198s] -- Found rmw_implementation_cmake: 1.0.4 (/opt/ros/foxy/share/rmw_implementation_cmake/cmake)
[0.199s] -- Using RMW implementation 'rmw_fastrtps_cpp' as default
[0.264s] -- Found sensor_msgs: 2.0.5 (/opt/ros/foxy/share/sensor_msgs/cmake)
[0.316s] -- Found cv_bridge: 3.0.7 (/opt/ros/foxy/share/cv_bridge/cmake)
[0.328s] -- Found message_filters: 3.2.7 (/opt/ros/foxy/share/message_filters/cmake)
[0.342s] -- Found rclpy: 1.0.13 (/opt/ros/foxy/share/rclpy/cmake)
[0.393s] -- Configuring done
[0.420s] -- Generating done
[0.420s] -- Build files have been written to: /home/shiven/colcon_ws/build/orbslam3
[0.436s] [35m[1mScanning dependencies of target mono[0m
[0.448s] [ 25%] [32m[1mLinking CXX executable stereo-inertial[0m
[0.449s] [ 25%] [32m[1mLinking CXX executable rgbd[0m
[0.449s] [ 25%] [32m[1mLinking CXX executable stereo[0m
[0.459s] [ 33%] [32mBuilding CXX object CMakeFiles/mono.dir/src/monocular/monocular-slam-node.cpp.o[0m
[0.747s] [ 50%] Built target rgbd
[0.763s] [ 66%] Built target stereo
[0.770s] [ 83%] Built target stereo-inertial
[2.194s] In file included from [01m[K/home/shiven/ORB_SLAM3/include/Frame.h:30[m[K,
[2.194s]                  from [01m[K/home/shiven/ORB_SLAM3/include/KeyFrame.h:28[m[K,
[2.194s]                  from [01m[K/home/shiven/ORB_SLAM3/include/MapPoint.h:23[m[K,
[2.194s]                  from [01m[K/home/shiven/ORB_SLAM3/include/FrameDrawer.h:24[m[K,
[2.194s]                  from [01m[K/home/shiven/ORB_SLAM3/include/Viewer.h:23[m[K,
[2.194s]                  from [01m[K/home/shiven/ORB_SLAM3/include/Tracking.h:26[m[K,
[2.195s]                  from [01m[K/home/shiven/ORB_SLAM3/include/System.h:31[m[K,
[2.195s]                  from [01m[K/home/shiven/colcon_ws/src/orbslam3_ros2/src/monocular/monocular-slam-node.hpp:9[m[K,
[2.195s]                  from [01m[K/home/shiven/colcon_ws/src/orbslam3_ros2/src/monocular/monocular-slam-node.cpp:1[m[K:
[2.195s] [01m[K/home/shiven/ORB_SLAM3/include/ImuTypes.h:[m[K In member function ‘[01m[Kvoid ORB_SLAM3::IMU::Preintegrated::printMeasurements() const[m[K’:
[2.195s] [01m[K/home/shiven/ORB_SLAM3/include/ImuTypes.h:204:23:[m[K [01;35m[Kwarning: [m[Kcomparison of integer expressions of different signedness: ‘[01m[Kint[m[K’ and ‘[01m[Kstd::vector<ORB_SLAM3::IMU::Preintegrated::integrable>::size_type[m[K’ {aka ‘[01m[Klong unsigned int[m[K’} [[01;35m[K-Wsign-compare[m[K]
[2.195s]   204 |         for(int i=0; [01;35m[Ki<mvMeasurements.size()[m[K; i++){
[2.195s]       |                      [01;35m[K~^~~~~~~~~~~~~~~~~~~~~~[m[K
[2.234s] In file included from [01m[K/home/shiven/ORB_SLAM3/Thirdparty/g2o/g2o/types/types_six_dof_expmap.h:37[m[K,
[2.235s]                  from [01m[K/home/shiven/ORB_SLAM3/include/Converter.h:26[m[K,
[2.235s]                  from [01m[K/home/shiven/ORB_SLAM3/include/Frame.h:33[m[K,
[2.235s]                  from [01m[K/home/shiven/ORB_SLAM3/include/KeyFrame.h:28[m[K,
[2.235s]                  from [01m[K/home/shiven/ORB_SLAM3/include/MapPoint.h:23[m[K,
[2.235s]                  from [01m[K/home/shiven/ORB_SLAM3/include/FrameDrawer.h:24[m[K,
[2.235s]                  from [01m[K/home/shiven/ORB_SLAM3/include/Viewer.h:23[m[K,
[2.235s]                  from [01m[K/home/shiven/ORB_SLAM3/include/Tracking.h:26[m[K,
[2.235s]                  from [01m[K/home/shiven/ORB_SLAM3/include/System.h:31[m[K,
[2.235s]                  from [01m[K/home/shiven/colcon_ws/src/orbslam3_ros2/src/monocular/monocular-slam-node.hpp:9[m[K,
[2.235s]                  from [01m[K/home/shiven/colcon_ws/src/orbslam3_ros2/src/monocular/monocular-slam-node.cpp:1[m[K:
[2.235s] [01m[K/home/shiven/ORB_SLAM3/Thirdparty/g2o/g2o/types/../core/base_vertex.h:[m[K At global scope:
[2.235s] [01m[K/home/shiven/ORB_SLAM3/Thirdparty/g2o/g2o/types/../core/base_vertex.h:62:74:[m[K [01;35m[Kwarning: [m[K‘[01m[KEigen::AlignedBit[m[K’ is deprecated [[01;35m[K-Wdeprecated-declarations[m[K]
[2.235s]    62 |     typedef Eigen::Map<Matrix<double, D, D>, Matrix<double,D,D>::Flags & [01;35m[KAlignedBit[m[K ? Aligned : Unaligned >  HessianBlockType;
[2.235s]       |                                                                          [01;35m[K^~~~~~~~~~[m[K
[2.235s] In file included from [01m[K/usr/local/include/eigen3/Eigen/Core:161[m[K,
[2.235s]                  from [01m[K/usr/local/include/eigen3/Eigen/LU:11[m[K,
[2.235s]                  from [01m[K/home/shiven/ORB_SLAM3/Thirdparty/Sophus/sophus/so2.hpp:12[m[K,
[2.235s]                  from [01m[K/home/shiven/ORB_SLAM3/Thirdparty/Sophus/sophus/se2.hpp:7[m[K,
[2.236s]                  from [01m[K/home/shiven/ORB_SLAM3/Thirdparty/Sophus/sophus/geometry.hpp:7[m[K,
[2.236s]                  from [01m[K/home/shiven/ORB_SLAM3/include/Frame.h:28[m[K,
[2.236s]                  from [01m[K/home/shiven/ORB_SLAM3/include/KeyFrame.h:28[m[K,
[2.236s]                  from [01m[K/home/shiven/ORB_SLAM3/include/MapPoint.h:23[m[K,
[2.236s]                  from [01m[K/home/shiven/ORB_SLAM3/include/FrameDrawer.h:24[m[K,
[2.236s]                  from [01m[K/home/shiven/ORB_SLAM3/include/Viewer.h:23[m[K,
[2.236s]                  from [01m[K/home/shiven/ORB_SLAM3/include/Tracking.h:26[m[K,
[2.236s]                  from [01m[K/home/shiven/ORB_SLAM3/include/System.h:31[m[K,
[2.236s]                  from [01m[K/home/shiven/colcon_ws/src/orbslam3_ros2/src/monocular/monocular-slam-node.hpp:9[m[K,
[2.236s]                  from [01m[K/home/shiven/colcon_ws/src/orbslam3_ros2/src/monocular/monocular-slam-node.cpp:1[m[K:
[2.236s] [01m[K/usr/local/include/eigen3/Eigen/src/Core/util/Constants.h:167:37:[m[K [01;36m[Knote: [m[Kdeclared here
[2.236s]   167 | EIGEN_DEPRECATED const unsigned int [01;36m[KAlignedBit[m[K = 0x80;
[2.236s]       |                                     [01;36m[K^~~~~~~~~~[m[K
[2.245s] In file included from [01m[K/home/shiven/ORB_SLAM3/Thirdparty/g2o/g2o/types/types_six_dof_expmap.h:38[m[K,
[2.245s]                  from [01m[K/home/shiven/ORB_SLAM3/include/Converter.h:26[m[K,
[2.245s]                  from [01m[K/home/shiven/ORB_SLAM3/include/Frame.h:33[m[K,
[2.245s]                  from [01m[K/home/shiven/ORB_SLAM3/include/KeyFrame.h:28[m[K,
[2.245s]                  from [01m[K/home/shiven/ORB_SLAM3/include/MapPoint.h:23[m[K,
[2.245s]                  from [01m[K/home/shiven/ORB_SLAM3/include/FrameDrawer.h:24[m[K,
[2.245s]                  from [01m[K/home/shiven/ORB_SLAM3/include/Viewer.h:23[m[K,
[2.245s]                  from [01m[K/home/shiven/ORB_SLAM3/include/Tracking.h:26[m[K,
[2.245s]                  from [01m[K/home/shiven/ORB_SLAM3/include/System.h:31[m[K,
[2.245s]                  from [01m[K/home/shiven/colcon_ws/src/orbslam3_ros2/src/monocular/monocular-slam-node.hpp:9[m[K,
[2.246s]                  from [01m[K/home/shiven/colcon_ws/src/orbslam3_ros2/src/monocular/monocular-slam-node.cpp:1[m[K:
[2.246s] [01m[K/home/shiven/ORB_SLAM3/Thirdparty/g2o/g2o/types/../core/base_binary_edge.h:59:82:[m[K [01;35m[Kwarning: [m[K‘[01m[KEigen::AlignedBit[m[K’ is deprecated [[01;35m[K-Wdeprecated-declarations[m[K]
[2.246s]    59 |       typedef Eigen::Map<Matrix<double, Di, Dj>, Matrix<double, Di, Dj>::Flags & [01;35m[KAlignedBit[m[K ? Aligned : Unaligned > HessianBlockType;
[2.246s]       |                                                                                  [01;35m[K^~~~~~~~~~[m[K
[2.246s] In file included from [01m[K/usr/local/include/eigen3/Eigen/Core:161[m[K,
[2.246s]                  from [01m[K/usr/local/include/eigen3/Eigen/LU:11[m[K,
[2.246s]                  from [01m[K/home/shiven/ORB_SLAM3/Thirdparty/Sophus/sophus/so2.hpp:12[m[K,
[2.246s]                  from [01m[K/home/shiven/ORB_SLAM3/Thirdparty/Sophus/sophus/se2.hpp:7[m[K,
[2.246s]                  from [01m[K/home/shiven/ORB_SLAM3/Thirdparty/Sophus/sophus/geometry.hpp:7[m[K,
[2.246s]                  from [01m[K/home/shiven/ORB_SLAM3/include/Frame.h:28[m[K,
[2.246s]                  from [01m[K/home/shiven/ORB_SLAM3/include/KeyFrame.h:28[m[K,
[2.246s]                  from [01m[K/home/shiven/ORB_SLAM3/include/MapPoint.h:23[m[K,
[2.246s]                  from [01m[K/home/shiven/ORB_SLAM3/include/FrameDrawer.h:24[m[K,
[2.246s]                  from [01m[K/home/shiven/ORB_SLAM3/include/Viewer.h:23[m[K,
[2.246s]                  from [01m[K/home/shiven/ORB_SLAM3/include/Tracking.h:26[m[K,
[2.246s]                  from [01m[K/home/shiven/ORB_SLAM3/include/System.h:31[m[K,
[2.246s]                  from [01m[K/home/shiven/colcon_ws/src/orbslam3_ros2/src/monocular/monocular-slam-node.hpp:9[m[K,
[2.246s]                  from [01m[K/home/shiven/colcon_ws/src/orbslam3_ros2/src/monocular/monocular-slam-node.cpp:1[m[K:
[2.246s] [01m[K/usr/local/include/eigen3/Eigen/src/Core/util/Constants.h:167:37:[m[K [01;36m[Knote: [m[Kdeclared here
[2.246s]   167 | EIGEN_DEPRECATED const unsigned int [01;36m[KAlignedBit[m[K = 0x80;
[2.247s]       |                                     [01;36m[K^~~~~~~~~~[m[K
[2.247s] In file included from [01m[K/home/shiven/ORB_SLAM3/Thirdparty/g2o/g2o/types/types_six_dof_expmap.h:38[m[K,
[2.247s]                  from [01m[K/home/shiven/ORB_SLAM3/include/Converter.h:26[m[K,
[2.247s]                  from [01m[K/home/shiven/ORB_SLAM3/include/Frame.h:33[m[K,
[2.247s]                  from [01m[K/home/shiven/ORB_SLAM3/include/KeyFrame.h:28[m[K,
[2.247s]                  from [01m[K/home/shiven/ORB_SLAM3/include/MapPoint.h:23[m[K,
[2.247s]                  from [01m[K/home/shiven/ORB_SLAM3/include/FrameDrawer.h:24[m[K,
[2.247s]                  from [01m[K/home/shiven/ORB_SLAM3/include/Viewer.h:23[m[K,
[2.247s]                  from [01m[K/home/shiven/ORB_SLAM3/include/Tracking.h:26[m[K,
[2.247s]                  from [01m[K/home/shiven/ORB_SLAM3/include/System.h:31[m[K,
[2.247s]                  from [01m[K/home/shiven/colcon_ws/src/orbslam3_ros2/src/monocular/monocular-slam-node.hpp:9[m[K,
[2.247s]                  from [01m[K/home/shiven/colcon_ws/src/orbslam3_ros2/src/monocular/monocular-slam-node.cpp:1[m[K:
[2.247s] [01m[K/home/shiven/ORB_SLAM3/Thirdparty/g2o/g2o/types/../core/base_binary_edge.h:60:82:[m[K [01;35m[Kwarning: [m[K‘[01m[KEigen::AlignedBit[m[K’ is deprecated [[01;35m[K-Wdeprecated-declarations[m[K]
[2.247s]    60 |       typedef Eigen::Map<Matrix<double, Dj, Di>, Matrix<double, Dj, Di>::Flags & [01;35m[KAlignedBit[m[K ? Aligned : Unaligned > HessianBlockTransposedType;
[2.247s]       |                                                                                  [01;35m[K^~~~~~~~~~[m[K
[2.247s] In file included from [01m[K/usr/local/include/eigen3/Eigen/Core:161[m[K,
[2.247s]                  from [01m[K/usr/local/include/eigen3/Eigen/LU:11[m[K,
[2.247s]                  from [01m[K/home/shiven/ORB_SLAM3/Thirdparty/Sophus/sophus/so2.hpp:12[m[K,
[2.247s]                  from [01m[K/home/shiven/ORB_SLAM3/Thirdparty/Sophus/sophus/se2.hpp:7[m[K,
[2.247s]                  from [01m[K/home/shiven/ORB_SLAM3/Thirdparty/Sophus/sophus/geometry.hpp:7[m[K,
[2.247s]                  from [01m[K/home/shiven/ORB_SLAM3/include/Frame.h:28[m[K,
[2.248s]                  from [01m[K/home/shiven/ORB_SLAM3/include/KeyFrame.h:28[m[K,
[2.248s]                  from [01m[K/home/shiven/ORB_SLAM3/include/MapPoint.h:23[m[K,
[2.248s]                  from [01m[K/home/shiven/ORB_SLAM3/include/FrameDrawer.h:24[m[K,
[2.248s]                  from [01m[K/home/shiven/ORB_SLAM3/include/Viewer.h:23[m[K,
[2.248s]                  from [01m[K/home/shiven/ORB_SLAM3/include/Tracking.h:26[m[K,
[2.248s]                  from [01m[K/home/shiven/ORB_SLAM3/include/System.h:31[m[K,
[2.248s]                  from [01m[K/home/shiven/colcon_ws/src/orbslam3_ros2/src/monocular/monocular-slam-node.hpp:9[m[K,
[2.248s]                  from [01m[K/home/shiven/colcon_ws/src/orbslam3_ros2/src/monocular/monocular-slam-node.cpp:1[m[K:
[2.248s] [01m[K/usr/local/include/eigen3/Eigen/src/Core/util/Constants.h:167:37:[m[K [01;36m[Knote: [m[Kdeclared here
[2.248s]   167 | EIGEN_DEPRECATED const unsigned int [01;36m[KAlignedBit[m[K = 0x80;
[2.248s]       |                                     [01;36m[K^~~~~~~~~~[m[K
[2.266s] In file included from [01m[K/home/shiven/ORB_SLAM3/Thirdparty/g2o/g2o/types/types_six_dof_expmap.h:41[m[K,
[2.266s]                  from [01m[K/home/shiven/ORB_SLAM3/include/Converter.h:26[m[K,
[2.266s]                  from [01m[K/home/shiven/ORB_SLAM3/include/Frame.h:33[m[K,
[2.266s]                  from [01m[K/home/shiven/ORB_SLAM3/include/KeyFrame.h:28[m[K,
[2.266s]                  from [01m[K/home/shiven/ORB_SLAM3/include/MapPoint.h:23[m[K,
[2.266s]                  from [01m[K/home/shiven/ORB_SLAM3/include/FrameDrawer.h:24[m[K,
[2.266s]                  from [01m[K/home/shiven/ORB_SLAM3/include/Viewer.h:23[m[K,
[2.266s]                  from [01m[K/home/shiven/ORB_SLAM3/include/Tracking.h:26[m[K,
[2.266s]                  from [01m[K/home/shiven/ORB_SLAM3/include/System.h:31[m[K,
[2.266s]                  from [01m[K/home/shiven/colcon_ws/src/orbslam3_ros2/src/monocular/monocular-slam-node.hpp:9[m[K,
[2.266s]                  from [01m[K/home/shiven/colcon_ws/src/orbslam3_ros2/src/monocular/monocular-slam-node.cpp:1[m[K:
[2.266s] [01m[K/home/shiven/ORB_SLAM3/Thirdparty/g2o/g2o/types/se3quat.h:43:38:[m[K [01;35m[Kwarning: [m[Kextra ‘[01m[K;[m[K’ [[01;35m[K-Wpedantic[m[K]
[2.266s]    43 |       EIGEN_MAKE_ALIGNED_OPERATOR_NEW[01;35m[K;[m[K
[2.266s]       |                                      [01;35m[K^[m[K
[2.267s]       |                                      [31m[K-[m[K
[2.396s] In file included from [01m[K/home/shiven/ORB_SLAM3/Thirdparty/g2o/g2o/types/types_six_dof_expmap.h:37[m[K,
[2.396s]                  from [01m[K/home/shiven/ORB_SLAM3/include/Converter.h:26[m[K,
[2.397s]                  from [01m[K/home/shiven/ORB_SLAM3/include/Frame.h:33[m[K,
[2.397s]                  from [01m[K/home/shiven/ORB_SLAM3/include/KeyFrame.h:28[m[K,
[2.397s]                  from [01m[K/home/shiven/ORB_SLAM3/include/MapPoint.h:23[m[K,
[2.397s]                  from [01m[K/home/shiven/ORB_SLAM3/include/FrameDrawer.h:24[m[K,
[2.397s]                  from [01m[K/home/shiven/ORB_SLAM3/include/Viewer.h:23[m[K,
[2.397s]                  from [01m[K/home/shiven/ORB_SLAM3/include/Tracking.h:26[m[K,
[2.397s]                  from [01m[K/home/shiven/ORB_SLAM3/include/System.h:31[m[K,
[2.397s]                  from [01m[K/home/shiven/colcon_ws/src/orbslam3_ros2/src/monocular/monocular-slam-node.hpp:9[m[K,
[2.397s]                  from [01m[K/home/shiven/colcon_ws/src/orbslam3_ros2/src/monocular/monocular-slam-node.cpp:1[m[K:
[2.397s] /home/shiven/ORB_SLAM3/Thirdparty/g2o/g2o/types/../core/base_vertex.h: In instantiation of ‘[01m[Kclass g2o::BaseVertex<3, Eigen::Matrix<double, 3, 1> >[m[K’:
[2.397s] [01m[K/home/shiven/ORB_SLAM3/Thirdparty/g2o/g2o/types/types_sba.h:40:35:[m[K   required from here
[2.397s] [01m[K/home/shiven/ORB_SLAM3/Thirdparty/g2o/g2o/types/../core/base_vertex.h:62:72:[m[K [01;35m[Kwarning: [m[K‘[01m[KEigen::AlignedBit[m[K’ is deprecated [[01;35m[K-Wdeprecated-declarations[m[K]
[2.397s]    62 |     typedef Eigen::Map<Matrix<double, D, D>, Matrix<double,D,D>::[01;35m[KFlags & AlignedBit[m[K ? Aligned : Unaligned >  HessianBlockType;
[2.397s]       |                                                                  [01;35m[K~~~~~~^~~~~~~~~~~~[m[K
[2.397s] In file included from [01m[K/usr/local/include/eigen3/Eigen/Core:161[m[K,
[2.397s]                  from [01m[K/usr/local/include/eigen3/Eigen/LU:11[m[K,
[2.397s]                  from [01m[K/home/shiven/ORB_SLAM3/Thirdparty/Sophus/sophus/so2.hpp:12[m[K,
[2.397s]                  from [01m[K/home/shiven/ORB_SLAM3/Thirdparty/Sophus/sophus/se2.hpp:7[m[K,
[2.397s]                  from [01m[K/home/shiven/ORB_SLAM3/Thirdparty/Sophus/sophus/geometry.hpp:7[m[K,
[2.397s]                  from [01m[K/home/shiven/ORB_SLAM3/include/Frame.h:28[m[K,
[2.398s]                  from [01m[K/home/shiven/ORB_SLAM3/include/KeyFrame.h:28[m[K,
[2.398s]                  from [01m[K/home/shiven/ORB_SLAM3/include/MapPoint.h:23[m[K,
[2.398s]                  from [01m[K/home/shiven/ORB_SLAM3/include/FrameDrawer.h:24[m[K,
[2.398s]                  from [01m[K/home/shiven/ORB_SLAM3/include/Viewer.h:23[m[K,
[2.398s]                  from [01m[K/home/shiven/ORB_SLAM3/include/Tracking.h:26[m[K,
[2.398s]                  from [01m[K/home/shiven/ORB_SLAM3/include/System.h:31[m[K,
[2.398s]                  from [01m[K/home/shiven/colcon_ws/src/orbslam3_ros2/src/monocular/monocular-slam-node.hpp:9[m[K,
[2.398s]                  from [01m[K/home/shiven/colcon_ws/src/orbslam3_ros2/src/monocular/monocular-slam-node.cpp:1[m[K:
[2.398s] [01m[K/usr/local/include/eigen3/Eigen/src/Core/util/Constants.h:167:37:[m[K [01;36m[Knote: [m[Kdeclared here
[2.398s]   167 | EIGEN_DEPRECATED const unsigned int [01;36m[KAlignedBit[m[K = 0x80;
[2.398s]       |                                     [01;36m[K^~~~~~~~~~[m[K
[2.409s] In file included from [01m[K/home/shiven/ORB_SLAM3/Thirdparty/g2o/g2o/types/types_six_dof_expmap.h:37[m[K,
[2.409s]                  from [01m[K/home/shiven/ORB_SLAM3/include/Converter.h:26[m[K,
[2.409s]                  from [01m[K/home/shiven/ORB_SLAM3/include/Frame.h:33[m[K,
[2.409s]                  from [01m[K/home/shiven/ORB_SLAM3/include/KeyFrame.h:28[m[K,
[2.409s]                  from [01m[K/home/shiven/ORB_SLAM3/include/MapPoint.h:23[m[K,
[2.409s]                  from [01m[K/home/shiven/ORB_SLAM3/include/FrameDrawer.h:24[m[K,
[2.409s]                  from [01m[K/home/shiven/ORB_SLAM3/include/Viewer.h:23[m[K,
[2.409s]                  from [01m[K/home/shiven/ORB_SLAM3/include/Tracking.h:26[m[K,
[2.409s]                  from [01m[K/home/shiven/ORB_SLAM3/include/System.h:31[m[K,
[2.409s]                  from [01m[K/home/shiven/colcon_ws/src/orbslam3_ros2/src/monocular/monocular-slam-node.hpp:9[m[K,
[2.409s]                  from [01m[K/home/shiven/colcon_ws/src/orbslam3_ros2/src/monocular/monocular-slam-node.cpp:1[m[K:
[2.409s] /home/shiven/ORB_SLAM3/Thirdparty/g2o/g2o/types/../core/base_vertex.h: In instantiation of ‘[01m[Kclass g2o::BaseVertex<6, g2o::SE3Quat>[m[K’:
[2.409s] [01m[K/home/shiven/ORB_SLAM3/Thirdparty/g2o/g2o/types/types_six_dof_expmap.h:59:33:[m[K   required from here
[2.409s] [01m[K/home/shiven/ORB_SLAM3/Thirdparty/g2o/g2o/types/../core/base_vertex.h:62:72:[m[K [01;35m[Kwarning: [m[K‘[01m[KEigen::AlignedBit[m[K’ is deprecated [[01;35m[K-Wdeprecated-declarations[m[K]
[2.409s]    62 |     typedef Eigen::Map<Matrix<double, D, D>, Matrix<double,D,D>::[01;35m[KFlags & AlignedBit[m[K ? Aligned : Unaligned >  HessianBlockType;
[2.409s]       |                                                                  [01;35m[K~~~~~~^~~~~~~~~~~~[m[K
[2.409s] In file included from [01m[K/usr/local/include/eigen3/Eigen/Core:161[m[K,
[2.409s]                  from [01m[K/usr/local/include/eigen3/Eigen/LU:11[m[K,
[2.409s]                  from [01m[K/home/shiven/ORB_SLAM3/Thirdparty/Sophus/sophus/so2.hpp:12[m[K,
[2.410s]                  from [01m[K/home/shiven/ORB_SLAM3/Thirdparty/Sophus/sophus/se2.hpp:7[m[K,
[2.410s]                  from [01m[K/home/shiven/ORB_SLAM3/Thirdparty/Sophus/sophus/geometry.hpp:7[m[K,
[2.410s]                  from [01m[K/home/shiven/ORB_SLAM3/include/Frame.h:28[m[K,
[2.410s]                  from [01m[K/home/shiven/ORB_SLAM3/include/KeyFrame.h:28[m[K,
[2.410s]                  from [01m[K/home/shiven/ORB_SLAM3/include/MapPoint.h:23[m[K,
[2.410s]                  from [01m[K/home/shiven/ORB_SLAM3/include/FrameDrawer.h:24[m[K,
[2.410s]                  from [01m[K/home/shiven/ORB_SLAM3/include/Viewer.h:23[m[K,
[2.410s]                  from [01m[K/home/shiven/ORB_SLAM3/include/Tracking.h:26[m[K,
[2.410s]                  from [01m[K/home/shiven/ORB_SLAM3/include/System.h:31[m[K,
[2.410s]                  from [01m[K/home/shiven/colcon_ws/src/orbslam3_ros2/src/monocular/monocular-slam-node.hpp:9[m[K,
[2.410s]                  from [01m[K/home/shiven/colcon_ws/src/orbslam3_ros2/src/monocular/monocular-slam-node.cpp:1[m[K:
[2.410s] [01m[K/usr/local/include/eigen3/Eigen/src/Core/util/Constants.h:167:37:[m[K [01;36m[Knote: [m[Kdeclared here
[2.410s]   167 | EIGEN_DEPRECATED const unsigned int [01;36m[KAlignedBit[m[K = 0x80;
[2.410s]       |                                     [01;36m[K^~~~~~~~~~[m[K
[2.422s] In file included from [01m[K/home/shiven/ORB_SLAM3/Thirdparty/g2o/g2o/types/types_six_dof_expmap.h:38[m[K,
[2.422s]                  from [01m[K/home/shiven/ORB_SLAM3/include/Converter.h:26[m[K,
[2.422s]                  from [01m[K/home/shiven/ORB_SLAM3/include/Frame.h:33[m[K,
[2.422s]                  from [01m[K/home/shiven/ORB_SLAM3/include/KeyFrame.h:28[m[K,
[2.422s]                  from [01m[K/home/shiven/ORB_SLAM3/include/MapPoint.h:23[m[K,
[2.422s]                  from [01m[K/home/shiven/ORB_SLAM3/include/FrameDrawer.h:24[m[K,
[2.422s]                  from [01m[K/home/shiven/ORB_SLAM3/include/Viewer.h:23[m[K,
[2.422s]                  from [01m[K/home/shiven/ORB_SLAM3/include/Tracking.h:26[m[K,
[2.423s]                  from [01m[K/home/shiven/ORB_SLAM3/include/System.h:31[m[K,
[2.423s]                  from [01m[K/home/shiven/colcon_ws/src/orbslam3_ros2/src/monocular/monocular-slam-node.hpp:9[m[K,
[2.423s]                  from [01m[K/home/shiven/colcon_ws/src/orbslam3_ros2/src/monocular/monocular-slam-node.cpp:1[m[K:
[2.423s] /home/shiven/ORB_SLAM3/Thirdparty/g2o/g2o/types/../core/base_binary_edge.h: In instantiation of ‘[01m[Kclass g2o::BaseBinaryEdge<6, g2o::SE3Quat, g2o::VertexSE3Expmap, g2o::VertexSE3Expmap>[m[K’:
[2.423s] [01m[K/home/shiven/ORB_SLAM3/Thirdparty/g2o/g2o/types/types_six_dof_expmap.h:83:24:[m[K   required from here
[2.423s] [01m[K/home/shiven/ORB_SLAM3/Thirdparty/g2o/g2o/types/../core/base_binary_edge.h:59:80:[m[K [01;35m[Kwarning: [m[K‘[01m[KEigen::AlignedBit[m[K’ is deprecated [[01;35m[K-Wdeprecated-declarations[m[K]
[2.423s]    59 |       typedef Eigen::Map<Matrix<double, Di, Dj>, Matrix<double, Di, Dj>::[01;35m[KFlags & AlignedBit[m[K ? Aligned : Unaligned > HessianBlockType;
[2.423s]       |                                                                          [01;35m[K~~~~~~^~~~~~~~~~~~[m[K
[2.423s] In file included from [01m[K/usr/local/include/eigen3/Eigen/Core:161[m[K,
[2.423s]                  from [01m[K/usr/local/include/eigen3/Eigen/LU:11[m[K,
[2.423s]                  from [01m[K/home/shiven/ORB_SLAM3/Thirdparty/Sophus/sophus/so2.hpp:12[m[K,
[2.423s]                  from [01m[K/home/shiven/ORB_SLAM3/Thirdparty/Sophus/sophus/se2.hpp:7[m[K,
[2.423s]                  from [01m[K/home/shiven/ORB_SLAM3/Thirdparty/Sophus/sophus/geometry.hpp:7[m[K,
[2.423s]                  from [01m[K/home/shiven/ORB_SLAM3/include/Frame.h:28[m[K,
[2.423s]                  from [01m[K/home/shiven/ORB_SLAM3/include/KeyFrame.h:28[m[K,
[2.423s]                  from [01m[K/home/shiven/ORB_SLAM3/include/MapPoint.h:23[m[K,
[2.423s]                  from [01m[K/home/shiven/ORB_SLAM3/include/FrameDrawer.h:24[m[K,
[2.423s]                  from [01m[K/home/shiven/ORB_SLAM3/include/Viewer.h:23[m[K,
[2.423s]                  from [01m[K/home/shiven/ORB_SLAM3/include/Tracking.h:26[m[K,
[2.423s]                  from [01m[K/home/shiven/ORB_SLAM3/include/System.h:31[m[K,
[2.423s]                  from [01m[K/home/shiven/colcon_ws/src/orbslam3_ros2/src/monocular/monocular-slam-node.hpp:9[m[K,
[2.424s]                  from [01m[K/home/shiven/colcon_ws/src/orbslam3_ros2/src/monocular/monocular-slam-node.cpp:1[m[K:
[2.424s] [01m[K/usr/local/include/eigen3/Eigen/src/Core/util/Constants.h:167:37:[m[K [01;36m[Knote: [m[Kdeclared here
[2.424s]   167 | EIGEN_DEPRECATED const unsigned int [01;36m[KAlignedBit[m[K = 0x80;
[2.424s]       |                                     [01;36m[K^~~~~~~~~~[m[K
[2.424s] In file included from [01m[K/home/shiven/ORB_SLAM3/Thirdparty/g2o/g2o/types/types_six_dof_expmap.h:38[m[K,
[2.424s]                  from [01m[K/home/shiven/ORB_SLAM3/include/Converter.h:26[m[K,
[2.424s]                  from [01m[K/home/shiven/ORB_SLAM3/include/Frame.h:33[m[K,
[2.424s]                  from [01m[K/home/shiven/ORB_SLAM3/include/KeyFrame.h:28[m[K,
[2.424s]                  from [01m[K/home/shiven/ORB_SLAM3/include/MapPoint.h:23[m[K,
[2.424s]                  from [01m[K/home/shiven/ORB_SLAM3/include/FrameDrawer.h:24[m[K,
[2.424s]                  from [01m[K/home/shiven/ORB_SLAM3/include/Viewer.h:23[m[K,
[2.424s]                  from [01m[K/home/shiven/ORB_SLAM3/include/Tracking.h:26[m[K,
[2.424s]                  from [01m[K/home/shiven/ORB_SLAM3/include/System.h:31[m[K,
[2.424s]                  from [01m[K/home/shiven/colcon_ws/src/orbslam3_ros2/src/monocular/monocular-slam-node.hpp:9[m[K,
[2.424s]                  from [01m[K/home/shiven/colcon_ws/src/orbslam3_ros2/src/monocular/monocular-slam-node.cpp:1[m[K:
[2.424s] [01m[K/home/shiven/ORB_SLAM3/Thirdparty/g2o/g2o/types/../core/base_binary_edge.h:60:80:[m[K [01;35m[Kwarning: [m[K‘[01m[KEigen::AlignedBit[m[K’ is deprecated [[01;35m[K-Wdeprecated-declarations[m[K]
[2.424s]    60 |       typedef Eigen::Map<Matrix<double, Dj, Di>, Matrix<double, Dj, Di>::[01;35m[KFlags & AlignedBit[m[K ? Aligned : Unaligned > HessianBlockTransposedType;
[2.424s]       |                                                                          [01;35m[K~~~~~~^~~~~~~~~~~~[m[K
[2.424s] In file included from [01m[K/usr/local/include/eigen3/Eigen/Core:161[m[K,
[2.424s]                  from [01m[K/usr/local/include/eigen3/Eigen/LU:11[m[K,
[2.425s]                  from [01m[K/home/shiven/ORB_SLAM3/Thirdparty/Sophus/sophus/so2.hpp:12[m[K,
[2.425s]                  from [01m[K/home/shiven/ORB_SLAM3/Thirdparty/Sophus/sophus/se2.hpp:7[m[K,
[2.425s]                  from [01m[K/home/shiven/ORB_SLAM3/Thirdparty/Sophus/sophus/geometry.hpp:7[m[K,
[2.425s]                  from [01m[K/home/shiven/ORB_SLAM3/include/Frame.h:28[m[K,
[2.425s]                  from [01m[K/home/shiven/ORB_SLAM3/include/KeyFrame.h:28[m[K,
[2.425s]                  from [01m[K/home/shiven/ORB_SLAM3/include/MapPoint.h:23[m[K,
[2.425s]                  from [01m[K/home/shiven/ORB_SLAM3/include/FrameDrawer.h:24[m[K,
[2.425s]                  from [01m[K/home/shiven/ORB_SLAM3/include/Viewer.h:23[m[K,
[2.425s]                  from [01m[K/home/shiven/ORB_SLAM3/include/Tracking.h:26[m[K,
[2.425s]                  from [01m[K/home/shiven/ORB_SLAM3/include/System.h:31[m[K,
[2.425s]                  from [01m[K/home/shiven/colcon_ws/src/orbslam3_ros2/src/monocular/monocular-slam-node.hpp:9[m[K,
[2.425s]                  from [01m[K/home/shiven/colcon_ws/src/orbslam3_ros2/src/monocular/monocular-slam-node.cpp:1[m[K:
[2.425s] [01m[K/usr/local/include/eigen3/Eigen/src/Core/util/Constants.h:167:37:[m[K [01;36m[Knote: [m[Kdeclared here
[2.425s]   167 | EIGEN_DEPRECATED const unsigned int [01;36m[KAlignedBit[m[K = 0x80;
[2.425s]       |                                     [01;36m[K^~~~~~~~~~[m[K
[2.453s] In file included from [01m[K/home/shiven/ORB_SLAM3/Thirdparty/g2o/g2o/types/types_six_dof_expmap.h:38[m[K,
[2.454s]                  from [01m[K/home/shiven/ORB_SLAM3/include/Converter.h:26[m[K,
[2.454s]                  from [01m[K/home/shiven/ORB_SLAM3/include/Frame.h:33[m[K,
[2.454s]                  from [01m[K/home/shiven/ORB_SLAM3/include/KeyFrame.h:28[m[K,
[2.454s]                  from [01m[K/home/shiven/ORB_SLAM3/include/MapPoint.h:23[m[K,
[2.454s]                  from [01m[K/home/shiven/ORB_SLAM3/include/FrameDrawer.h:24[m[K,
[2.454s]                  from [01m[K/home/shiven/ORB_SLAM3/include/Viewer.h:23[m[K,
[2.454s]                  from [01m[K/home/shiven/ORB_SLAM3/include/Tracking.h:26[m[K,
[2.454s]                  from [01m[K/home/shiven/ORB_SLAM3/include/System.h:31[m[K,
[2.454s]                  from [01m[K/home/shiven/colcon_ws/src/orbslam3_ros2/src/monocular/monocular-slam-node.hpp:9[m[K,
[2.454s]                  from [01m[K/home/shiven/colcon_ws/src/orbslam3_ros2/src/monocular/monocular-slam-node.cpp:1[m[K:
[2.454s] /home/shiven/ORB_SLAM3/Thirdparty/g2o/g2o/types/../core/base_binary_edge.h: In instantiation of ‘[01m[Kclass g2o::BaseBinaryEdge<2, Eigen::Matrix<double, 2, 1>, g2o::VertexSBAPointXYZ, g2o::VertexSE3Expmap>[m[K’:
[2.454s] [01m[K/home/shiven/ORB_SLAM3/Thirdparty/g2o/g2o/types/types_six_dof_expmap.h:114:35:[m[K   required from here
[2.454s] [01m[K/home/shiven/ORB_SLAM3/Thirdparty/g2o/g2o/types/../core/base_binary_edge.h:59:80:[m[K [01;35m[Kwarning: [m[K‘[01m[KEigen::AlignedBit[m[K’ is deprecated [[01;35m[K-Wdeprecated-declarations[m[K]
[2.454s]    59 |       typedef Eigen::Map<Matrix<double, Di, Dj>, Matrix<double, Di, Dj>::[01;35m[KFlags & AlignedBit[m[K ? Aligned : Unaligned > HessianBlockType;
[2.454s]       |                                                                          [01;35m[K~~~~~~^~~~~~~~~~~~[m[K
[2.454s] In file included from [01m[K/usr/local/include/eigen3/Eigen/Core:161[m[K,
[2.454s]                  from [01m[K/usr/local/include/eigen3/Eigen/LU:11[m[K,
[2.454s]                  from [01m[K/home/shiven/ORB_SLAM3/Thirdparty/Sophus/sophus/so2.hpp:12[m[K,
[2.454s]                  from [01m[K/home/shiven/ORB_SLAM3/Thirdparty/Sophus/sophus/se2.hpp:7[m[K,
[2.454s]                  from [01m[K/home/shiven/ORB_SLAM3/Thirdparty/Sophus/sophus/geometry.hpp:7[m[K,
[2.455s]                  from [01m[K/home/shiven/ORB_SLAM3/include/Frame.h:28[m[K,
[2.455s]                  from [01m[K/home/shiven/ORB_SLAM3/include/KeyFrame.h:28[m[K,
[2.455s]                  from [01m[K/home/shiven/ORB_SLAM3/include/MapPoint.h:23[m[K,
[2.455s]                  from [01m[K/home/shiven/ORB_SLAM3/include/FrameDrawer.h:24[m[K,
[2.455s]                  from [01m[K/home/shiven/ORB_SLAM3/include/Viewer.h:23[m[K,
[2.455s]                  from [01m[K/home/shiven/ORB_SLAM3/include/Tracking.h:26[m[K,
[2.455s]                  from [01m[K/home/shiven/ORB_SLAM3/include/System.h:31[m[K,
[2.455s]                  from [01m[K/home/shiven/colcon_ws/src/orbslam3_ros2/src/monocular/monocular-slam-node.hpp:9[m[K,
[2.455s]                  from [01m[K/home/shiven/colcon_ws/src/orbslam3_ros2/src/monocular/monocular-slam-node.cpp:1[m[K:
[2.455s] [01m[K/usr/local/include/eigen3/Eigen/src/Core/util/Constants.h:167:37:[m[K [01;36m[Knote: [m[Kdeclared here
[2.455s]   167 | EIGEN_DEPRECATED const unsigned int [01;36m[KAlignedBit[m[K = 0x80;
[2.455s]       |                                     [01;36m[K^~~~~~~~~~[m[K
[2.460s] In file included from [01m[K/home/shiven/ORB_SLAM3/Thirdparty/g2o/g2o/types/types_six_dof_expmap.h:38[m[K,
[2.460s]                  from [01m[K/home/shiven/ORB_SLAM3/include/Converter.h:26[m[K,
[2.460s]                  from [01m[K/home/shiven/ORB_SLAM3/include/Frame.h:33[m[K,
[2.460s]                  from [01m[K/home/shiven/ORB_SLAM3/include/KeyFrame.h:28[m[K,
[2.460s]                  from [01m[K/home/shiven/ORB_SLAM3/include/MapPoint.h:23[m[K,
[2.460s]                  from [01m[K/home/shiven/ORB_SLAM3/include/FrameDrawer.h:24[m[K,
[2.460s]                  from [01m[K/home/shiven/ORB_SLAM3/include/Viewer.h:23[m[K,
[2.460s]                  from [01m[K/home/shiven/ORB_SLAM3/include/Tracking.h:26[m[K,
[2.460s]                  from [01m[K/home/shiven/ORB_SLAM3/include/System.h:31[m[K,
[2.460s]                  from [01m[K/home/shiven/colcon_ws/src/orbslam3_ros2/src/monocular/monocular-slam-node.hpp:9[m[K,
[2.460s]                  from [01m[K/home/shiven/colcon_ws/src/orbslam3_ros2/src/monocular/monocular-slam-node.cpp:1[m[K:
[2.460s] [01m[K/home/shiven/ORB_SLAM3/Thirdparty/g2o/g2o/types/../core/base_binary_edge.h:60:80:[m[K [01;35m[Kwarning: [m[K‘[01m[KEigen::AlignedBit[m[K’ is deprecated [[01;35m[K-Wdeprecated-declarations[m[K]
[2.460s]    60 |       typedef Eigen::Map<Matrix<double, Dj, Di>, Matrix<double, Dj, Di>::[01;35m[KFlags & AlignedBit[m[K ? Aligned : Unaligned > HessianBlockTransposedType;
[2.460s]       |                                                                          [01;35m[K~~~~~~^~~~~~~~~~~~[m[K
[2.460s] In file included from [01m[K/usr/local/include/eigen3/Eigen/Core:161[m[K,
[2.460s]                  from [01m[K/usr/local/include/eigen3/Eigen/LU:11[m[K,
[2.460s]                  from [01m[K/home/shiven/ORB_SLAM3/Thirdparty/Sophus/sophus/so2.hpp:12[m[K,
[2.461s]                  from [01m[K/home/shiven/ORB_SLAM3/Thirdparty/Sophus/sophus/se2.hpp:7[m[K,
[2.461s]                  from [01m[K/home/shiven/ORB_SLAM3/Thirdparty/Sophus/sophus/geometry.hpp:7[m[K,
[2.461s]                  from [01m[K/home/shiven/ORB_SLAM3/include/Frame.h:28[m[K,
[2.461s]                  from [01m[K/home/shiven/ORB_SLAM3/include/KeyFrame.h:28[m[K,
[2.461s]                  from [01m[K/home/shiven/ORB_SLAM3/include/MapPoint.h:23[m[K,
[2.461s]                  from [01m[K/home/shiven/ORB_SLAM3/include/FrameDrawer.h:24[m[K,
[2.461s]                  from [01m[K/home/shiven/ORB_SLAM3/include/Viewer.h:23[m[K,
[2.461s]                  from [01m[K/home/shiven/ORB_SLAM3/include/Tracking.h:26[m[K,
[2.461s]                  from [01m[K/home/shiven/ORB_SLAM3/include/System.h:31[m[K,
[2.461s]                  from [01m[K/home/shiven/colcon_ws/src/orbslam3_ros2/src/monocular/monocular-slam-node.hpp:9[m[K,
[2.461s]                  from [01m[K/home/shiven/colcon_ws/src/orbslam3_ros2/src/monocular/monocular-slam-node.cpp:1[m[K:
[2.461s] [01m[K/usr/local/include/eigen3/Eigen/src/Core/util/Constants.h:167:37:[m[K [01;36m[Knote: [m[Kdeclared here
[2.461s]   167 | EIGEN_DEPRECATED const unsigned int [01;36m[KAlignedBit[m[K = 0x80;
[2.461s]       |                                     [01;36m[K^~~~~~~~~~[m[K
[2.503s] In file included from [01m[K/home/shiven/ORB_SLAM3/Thirdparty/g2o/g2o/types/types_six_dof_expmap.h:38[m[K,
[2.503s]                  from [01m[K/home/shiven/ORB_SLAM3/include/Converter.h:26[m[K,
[2.503s]                  from [01m[K/home/shiven/ORB_SLAM3/include/Frame.h:33[m[K,
[2.503s]                  from [01m[K/home/shiven/ORB_SLAM3/include/KeyFrame.h:28[m[K,
[2.503s]                  from [01m[K/home/shiven/ORB_SLAM3/include/MapPoint.h:23[m[K,
[2.503s]                  from [01m[K/home/shiven/ORB_SLAM3/include/FrameDrawer.h:24[m[K,
[2.503s]                  from [01m[K/home/shiven/ORB_SLAM3/include/Viewer.h:23[m[K,
[2.503s]                  from [01m[K/home/shiven/ORB_SLAM3/include/Tracking.h:26[m[K,
[2.504s]                  from [01m[K/home/shiven/ORB_SLAM3/include/System.h:31[m[K,
[2.504s]                  from [01m[K/home/shiven/colcon_ws/src/orbslam3_ros2/src/monocular/monocular-slam-node.hpp:9[m[K,
[2.504s]                  from [01m[K/home/shiven/colcon_ws/src/orbslam3_ros2/src/monocular/monocular-slam-node.cpp:1[m[K:
[2.504s] /home/shiven/ORB_SLAM3/Thirdparty/g2o/g2o/types/../core/base_binary_edge.h: In instantiation of ‘[01m[Kclass g2o::BaseBinaryEdge<3, Eigen::Matrix<double, 3, 1>, g2o::VertexSBAPointXYZ, g2o::VertexSE3Expmap>[m[K’:
[2.504s] [01m[K/home/shiven/ORB_SLAM3/Thirdparty/g2o/g2o/types/types_six_dof_expmap.h:146:41:[m[K   required from here
[2.504s] [01m[K/home/shiven/ORB_SLAM3/Thirdparty/g2o/g2o/types/../core/base_binary_edge.h:59:80:[m[K [01;35m[Kwarning: [m[K‘[01m[KEigen::AlignedBit[m[K’ is deprecated [[01;35m[K-Wdeprecated-declarations[m[K]
[2.504s]    59 |       typedef Eigen::Map<Matrix<double, Di, Dj>, Matrix<double, Di, Dj>::[01;35m[KFlags & AlignedBit[m[K ? Aligned : Unaligned > HessianBlockType;
[2.504s]       |                                                                          [01;35m[K~~~~~~^~~~~~~~~~~~[m[K
[2.504s] In file included from [01m[K/usr/local/include/eigen3/Eigen/Core:161[m[K,
[2.504s]                  from [01m[K/usr/local/include/eigen3/Eigen/LU:11[m[K,
[2.504s]                  from [01m[K/home/shiven/ORB_SLAM3/Thirdparty/Sophus/sophus/so2.hpp:12[m[K,
[2.504s]                  from [01m[K/home/shiven/ORB_SLAM3/Thirdparty/Sophus/sophus/se2.hpp:7[m[K,
[2.504s]                  from [01m[K/home/shiven/ORB_SLAM3/Thirdparty/Sophus/sophus/geometry.hpp:7[m[K,
[2.504s]                  from [01m[K/home/shiven/ORB_SLAM3/include/Frame.h:28[m[K,
[2.504s]                  from [01m[K/home/shiven/ORB_SLAM3/include/KeyFrame.h:28[m[K,
[2.504s]                  from [01m[K/home/shiven/ORB_SLAM3/include/MapPoint.h:23[m[K,
[2.504s]                  from [01m[K/home/shiven/ORB_SLAM3/include/FrameDrawer.h:24[m[K,
[2.504s]                  from [01m[K/home/shiven/ORB_SLAM3/include/Viewer.h:23[m[K,
[2.504s]                  from [01m[K/home/shiven/ORB_SLAM3/include/Tracking.h:26[m[K,
[2.505s]                  from [01m[K/home/shiven/ORB_SLAM3/include/System.h:31[m[K,
[2.505s]                  from [01m[K/home/shiven/colcon_ws/src/orbslam3_ros2/src/monocular/monocular-slam-node.hpp:9[m[K,
[2.505s]                  from [01m[K/home/shiven/colcon_ws/src/orbslam3_ros2/src/monocular/monocular-slam-node.cpp:1[m[K:
[2.505s] [01m[K/usr/local/include/eigen3/Eigen/src/Core/util/Constants.h:167:37:[m[K [01;36m[Knote: [m[Kdeclared here
[2.505s]   167 | EIGEN_DEPRECATED const unsigned int [01;36m[KAlignedBit[m[K = 0x80;
[2.505s]       |                                     [01;36m[K^~~~~~~~~~[m[K
[2.505s] In file included from [01m[K/home/shiven/ORB_SLAM3/Thirdparty/g2o/g2o/types/types_six_dof_expmap.h:38[m[K,
[2.505s]                  from [01m[K/home/shiven/ORB_SLAM3/include/Converter.h:26[m[K,
[2.505s]                  from [01m[K/home/shiven/ORB_SLAM3/include/Frame.h:33[m[K,
[2.505s]                  from [01m[K/home/shiven/ORB_SLAM3/include/KeyFrame.h:28[m[K,
[2.505s]                  from [01m[K/home/shiven/ORB_SLAM3/include/MapPoint.h:23[m[K,
[2.505s]                  from [01m[K/home/shiven/ORB_SLAM3/include/FrameDrawer.h:24[m[K,
[2.505s]                  from [01m[K/home/shiven/ORB_SLAM3/include/Viewer.h:23[m[K,
[2.505s]                  from [01m[K/home/shiven/ORB_SLAM3/include/Tracking.h:26[m[K,
[2.505s]                  from [01m[K/home/shiven/ORB_SLAM3/include/System.h:31[m[K,
[2.505s]                  from [01m[K/home/shiven/colcon_ws/src/orbslam3_ros2/src/monocular/monocular-slam-node.hpp:9[m[K,
[2.505s]                  from [01m[K/home/shiven/colcon_ws/src/orbslam3_ros2/src/monocular/monocular-slam-node.cpp:1[m[K:
[2.505s] [01m[K/home/shiven/ORB_SLAM3/Thirdparty/g2o/g2o/types/../core/base_binary_edge.h:60:80:[m[K [01;35m[Kwarning: [m[K‘[01m[KEigen::AlignedBit[m[K’ is deprecated [[01;35m[K-Wdeprecated-declarations[m[K]
[2.505s]    60 |       typedef Eigen::Map<Matrix<double, Dj, Di>, Matrix<double, Dj, Di>::[01;35m[KFlags & AlignedBit[m[K ? Aligned : Unaligned > HessianBlockTransposedType;
[2.505s]       |                                                                          [01;35m[K~~~~~~^~~~~~~~~~~~[m[K
[2.505s] In file included from [01m[K/usr/local/include/eigen3/Eigen/Core:161[m[K,
[2.506s]                  from [01m[K/usr/local/include/eigen3/Eigen/LU:11[m[K,
[2.506s]                  from [01m[K/home/shiven/ORB_SLAM3/Thirdparty/Sophus/sophus/so2.hpp:12[m[K,
[2.506s]                  from [01m[K/home/shiven/ORB_SLAM3/Thirdparty/Sophus/sophus/se2.hpp:7[m[K,
[2.506s]                  from [01m[K/home/shiven/ORB_SLAM3/Thirdparty/Sophus/sophus/geometry.hpp:7[m[K,
[2.506s]                  from [01m[K/home/shiven/ORB_SLAM3/include/Frame.h:28[m[K,
[2.506s]                  from [01m[K/home/shiven/ORB_SLAM3/include/KeyFrame.h:28[m[K,
[2.506s]                  from [01m[K/home/shiven/ORB_SLAM3/include/MapPoint.h:23[m[K,
[2.506s]                  from [01m[K/home/shiven/ORB_SLAM3/include/FrameDrawer.h:24[m[K,
[2.506s]                  from [01m[K/home/shiven/ORB_SLAM3/include/Viewer.h:23[m[K,
[2.506s]                  from [01m[K/home/shiven/ORB_SLAM3/include/Tracking.h:26[m[K,
[2.506s]                  from [01m[K/home/shiven/ORB_SLAM3/include/System.h:31[m[K,
[2.506s]                  from [01m[K/home/shiven/colcon_ws/src/orbslam3_ros2/src/monocular/monocular-slam-node.hpp:9[m[K,
[2.506s]                  from [01m[K/home/shiven/colcon_ws/src/orbslam3_ros2/src/monocular/monocular-slam-node.cpp:1[m[K:
[2.506s] [01m[K/usr/local/include/eigen3/Eigen/src/Core/util/Constants.h:167:37:[m[K [01;36m[Knote: [m[Kdeclared here
[2.506s]   167 | EIGEN_DEPRECATED const unsigned int [01;36m[KAlignedBit[m[K = 0x80;
[2.506s]       |                                     [01;36m[K^~~~~~~~~~[m[K
[2.594s] In file included from [01m[K/home/shiven/ORB_SLAM3/Thirdparty/g2o/g2o/types/types_six_dof_expmap.h:37[m[K,
[2.594s]                  from [01m[K/home/shiven/ORB_SLAM3/include/Converter.h:26[m[K,
[2.594s]                  from [01m[K/home/shiven/ORB_SLAM3/include/Frame.h:33[m[K,
[2.594s]                  from [01m[K/home/shiven/ORB_SLAM3/include/KeyFrame.h:28[m[K,
[2.594s]                  from [01m[K/home/shiven/ORB_SLAM3/include/MapPoint.h:23[m[K,
[2.594s]                  from [01m[K/home/shiven/ORB_SLAM3/include/FrameDrawer.h:24[m[K,
[2.594s]                  from [01m[K/home/shiven/ORB_SLAM3/include/Viewer.h:23[m[K,
[2.594s]                  from [01m[K/home/shiven/ORB_SLAM3/include/Tracking.h:26[m[K,
[2.594s]                  from [01m[K/home/shiven/ORB_SLAM3/include/System.h:31[m[K,
[2.594s]                  from [01m[K/home/shiven/colcon_ws/src/orbslam3_ros2/src/monocular/monocular-slam-node.hpp:9[m[K,
[2.594s]                  from [01m[K/home/shiven/colcon_ws/src/orbslam3_ros2/src/monocular/monocular-slam-node.cpp:1[m[K:
[2.594s] /home/shiven/ORB_SLAM3/Thirdparty/g2o/g2o/types/../core/base_vertex.h: In instantiation of ‘[01m[Kclass g2o::BaseVertex<7, g2o::Sim3>[m[K’:
[2.594s] [01m[K/home/shiven/ORB_SLAM3/Thirdparty/g2o/g2o/types/types_seven_dof_expmap.h:48:35:[m[K   required from here
[2.594s] [01m[K/home/shiven/ORB_SLAM3/Thirdparty/g2o/g2o/types/../core/base_vertex.h:62:72:[m[K [01;35m[Kwarning: [m[K‘[01m[KEigen::AlignedBit[m[K’ is deprecated [[01;35m[K-Wdeprecated-declarations[m[K]
[2.594s]    62 |     typedef Eigen::Map<Matrix<double, D, D>, Matrix<double,D,D>::[01;35m[KFlags & AlignedBit[m[K ? Aligned : Unaligned >  HessianBlockType;
[2.594s]       |                                                                  [01;35m[K~~~~~~^~~~~~~~~~~~[m[K
[2.595s] In file included from [01m[K/usr/local/include/eigen3/Eigen/Core:161[m[K,
[2.595s]                  from [01m[K/usr/local/include/eigen3/Eigen/LU:11[m[K,
[2.595s]                  from [01m[K/home/shiven/ORB_SLAM3/Thirdparty/Sophus/sophus/so2.hpp:12[m[K,
[2.595s]                  from [01m[K/home/shiven/ORB_SLAM3/Thirdparty/Sophus/sophus/se2.hpp:7[m[K,
[2.595s]                  from [01m[K/home/shiven/ORB_SLAM3/Thirdparty/Sophus/sophus/geometry.hpp:7[m[K,
[2.595s]                  from [01m[K/home/shiven/ORB_SLAM3/include/Frame.h:28[m[K,
[2.595s]                  from [01m[K/home/shiven/ORB_SLAM3/include/KeyFrame.h:28[m[K,
[2.595s]                  from [01m[K/home/shiven/ORB_SLAM3/include/MapPoint.h:23[m[K,
[2.595s]                  from [01m[K/home/shiven/ORB_SLAM3/include/FrameDrawer.h:24[m[K,
[2.595s]                  from [01m[K/home/shiven/ORB_SLAM3/include/Viewer.h:23[m[K,
[2.595s]                  from [01m[K/home/shiven/ORB_SLAM3/include/Tracking.h:26[m[K,
[2.595s]                  from [01m[K/home/shiven/ORB_SLAM3/include/System.h:31[m[K,
[2.595s]                  from [01m[K/home/shiven/colcon_ws/src/orbslam3_ros2/src/monocular/monocular-slam-node.hpp:9[m[K,
[2.595s]                  from [01m[K/home/shiven/colcon_ws/src/orbslam3_ros2/src/monocular/monocular-slam-node.cpp:1[m[K:
[2.595s] [01m[K/usr/local/include/eigen3/Eigen/src/Core/util/Constants.h:167:37:[m[K [01;36m[Knote: [m[Kdeclared here
[2.595s]   167 | EIGEN_DEPRECATED const unsigned int [01;36m[KAlignedBit[m[K = 0x80;
[2.595s]       |                                     [01;36m[K^~~~~~~~~~[m[K
[2.608s] In file included from [01m[K/home/shiven/ORB_SLAM3/Thirdparty/g2o/g2o/types/types_six_dof_expmap.h:38[m[K,
[2.608s]                  from [01m[K/home/shiven/ORB_SLAM3/include/Converter.h:26[m[K,
[2.608s]                  from [01m[K/home/shiven/ORB_SLAM3/include/Frame.h:33[m[K,
[2.608s]                  from [01m[K/home/shiven/ORB_SLAM3/include/KeyFrame.h:28[m[K,
[2.608s]                  from [01m[K/home/shiven/ORB_SLAM3/include/MapPoint.h:23[m[K,
[2.608s]                  from [01m[K/home/shiven/ORB_SLAM3/include/FrameDrawer.h:24[m[K,
[2.608s]                  from [01m[K/home/shiven/ORB_SLAM3/include/Viewer.h:23[m[K,
[2.608s]                  from [01m[K/home/shiven/ORB_SLAM3/include/Tracking.h:26[m[K,
[2.608s]                  from [01m[K/home/shiven/ORB_SLAM3/include/System.h:31[m[K,
[2.608s]                  from [01m[K/home/shiven/colcon_ws/src/orbslam3_ros2/src/monocular/monocular-slam-node.hpp:9[m[K,
[2.608s]                  from [01m[K/home/shiven/colcon_ws/src/orbslam3_ros2/src/monocular/monocular-slam-node.cpp:1[m[K:
[2.608s] /home/shiven/ORB_SLAM3/Thirdparty/g2o/g2o/types/../core/base_binary_edge.h: In instantiation of ‘[01m[Kclass g2o::BaseBinaryEdge<7, g2o::Sim3, g2o::VertexSim3Expmap, g2o::VertexSim3Expmap>[m[K’:
[2.608s] [01m[K/home/shiven/ORB_SLAM3/Thirdparty/g2o/g2o/types/types_seven_dof_expmap.h:99:27:[m[K   required from here
[2.608s] [01m[K/home/shiven/ORB_SLAM3/Thirdparty/g2o/g2o/types/../core/base_binary_edge.h:59:80:[m[K [01;35m[Kwarning: [m[K‘[01m[KEigen::AlignedBit[m[K’ is deprecated [[01;35m[K-Wdeprecated-declarations[m[K]
[2.608s]    59 |       typedef Eigen::Map<Matrix<double, Di, Dj>, Matrix<double, Di, Dj>::[01;35m[KFlags & AlignedBit[m[K ? Aligned : Unaligned > HessianBlockType;
[2.608s]       |                                                                          [01;35m[K~~~~~~^~~~~~~~~~~~[m[K
[2.608s] In file included from [01m[K/usr/local/include/eigen3/Eigen/Core:161[m[K,
[2.608s]                  from [01m[K/usr/local/include/eigen3/Eigen/LU:11[m[K,
[2.608s]                  from [01m[K/home/shiven/ORB_SLAM3/Thirdparty/Sophus/sophus/so2.hpp:12[m[K,
[2.608s]                  from [01m[K/home/shiven/ORB_SLAM3/Thirdparty/Sophus/sophus/se2.hpp:7[m[K,
[2.609s]                  from [01m[K/home/shiven/ORB_SLAM3/Thirdparty/Sophus/sophus/geometry.hpp:7[m[K,
[2.609s]                  from [01m[K/home/shiven/ORB_SLAM3/include/Frame.h:28[m[K,
[2.609s]                  from [01m[K/home/shiven/ORB_SLAM3/include/KeyFrame.h:28[m[K,
[2.609s]                  from [01m[K/home/shiven/ORB_SLAM3/include/MapPoint.h:23[m[K,
[2.609s]                  from [01m[K/home/shiven/ORB_SLAM3/include/FrameDrawer.h:24[m[K,
[2.609s]                  from [01m[K/home/shiven/ORB_SLAM3/include/Viewer.h:23[m[K,
[2.609s]                  from [01m[K/home/shiven/ORB_SLAM3/include/Tracking.h:26[m[K,
[2.609s]                  from [01m[K/home/shiven/ORB_SLAM3/include/System.h:31[m[K,
[2.609s]                  from [01m[K/home/shiven/colcon_ws/src/orbslam3_ros2/src/monocular/monocular-slam-node.hpp:9[m[K,
[2.609s]                  from [01m[K/home/shiven/colcon_ws/src/orbslam3_ros2/src/monocular/monocular-slam-node.cpp:1[m[K:
[2.609s] [01m[K/usr/local/include/eigen3/Eigen/src/Core/util/Constants.h:167:37:[m[K [01;36m[Knote: [m[Kdeclared here
[2.609s]   167 | EIGEN_DEPRECATED const unsigned int [01;36m[KAlignedBit[m[K = 0x80;
[2.609s]       |                                     [01;36m[K^~~~~~~~~~[m[K
[2.609s] In file included from [01m[K/home/shiven/ORB_SLAM3/Thirdparty/g2o/g2o/types/types_six_dof_expmap.h:38[m[K,
[2.609s]                  from [01m[K/home/shiven/ORB_SLAM3/include/Converter.h:26[m[K,
[2.609s]                  from [01m[K/home/shiven/ORB_SLAM3/include/Frame.h:33[m[K,
[2.609s]                  from [01m[K/home/shiven/ORB_SLAM3/include/KeyFrame.h:28[m[K,
[2.609s]                  from [01m[K/home/shiven/ORB_SLAM3/include/MapPoint.h:23[m[K,
[2.609s]                  from [01m[K/home/shiven/ORB_SLAM3/include/FrameDrawer.h:24[m[K,
[2.609s]                  from [01m[K/home/shiven/ORB_SLAM3/include/Viewer.h:23[m[K,
[2.609s]                  from [01m[K/home/shiven/ORB_SLAM3/include/Tracking.h:26[m[K,
[2.610s]                  from [01m[K/home/shiven/ORB_SLAM3/include/System.h:31[m[K,
[2.610s]                  from [01m[K/home/shiven/colcon_ws/src/orbslam3_ros2/src/monocular/monocular-slam-node.hpp:9[m[K,
[2.610s]                  from [01m[K/home/shiven/colcon_ws/src/orbslam3_ros2/src/monocular/monocular-slam-node.cpp:1[m[K:
[2.610s] [01m[K/home/shiven/ORB_SLAM3/Thirdparty/g2o/g2o/types/../core/base_binary_edge.h:60:80:[m[K [01;35m[Kwarning: [m[K‘[01m[KEigen::AlignedBit[m[K’ is deprecated [[01;35m[K-Wdeprecated-declarations[m[K]
[2.610s]    60 |       typedef Eigen::Map<Matrix<double, Dj, Di>, Matrix<double, Dj, Di>::[01;35m[KFlags & AlignedBit[m[K ? Aligned : Unaligned > HessianBlockTransposedType;
[2.610s]       |                                                                          [01;35m[K~~~~~~^~~~~~~~~~~~[m[K
[2.610s] In file included from [01m[K/usr/local/include/eigen3/Eigen/Core:161[m[K,
[2.610s]                  from [01m[K/usr/local/include/eigen3/Eigen/LU:11[m[K,
[2.610s]                  from [01m[K/home/shiven/ORB_SLAM3/Thirdparty/Sophus/sophus/so2.hpp:12[m[K,
[2.610s]                  from [01m[K/home/shiven/ORB_SLAM3/Thirdparty/Sophus/sophus/se2.hpp:7[m[K,
[2.610s]                  from [01m[K/home/shiven/ORB_SLAM3/Thirdparty/Sophus/sophus/geometry.hpp:7[m[K,
[2.610s]                  from [01m[K/home/shiven/ORB_SLAM3/include/Frame.h:28[m[K,
[2.610s]                  from [01m[K/home/shiven/ORB_SLAM3/include/KeyFrame.h:28[m[K,
[2.610s]                  from [01m[K/home/shiven/ORB_SLAM3/include/MapPoint.h:23[m[K,
[2.610s]                  from [01m[K/home/shiven/ORB_SLAM3/include/FrameDrawer.h:24[m[K,
[2.610s]                  from [01m[K/home/shiven/ORB_SLAM3/include/Viewer.h:23[m[K,
[2.610s]                  from [01m[K/home/shiven/ORB_SLAM3/include/Tracking.h:26[m[K,
[2.610s]                  from [01m[K/home/shiven/ORB_SLAM3/include/System.h:31[m[K,
[2.610s]                  from [01m[K/home/shiven/colcon_ws/src/orbslam3_ros2/src/monocular/monocular-slam-node.hpp:9[m[K,
[2.610s]                  from [01m[K/home/shiven/colcon_ws/src/orbslam3_ros2/src/monocular/monocular-slam-node.cpp:1[m[K:
[2.610s] [01m[K/usr/local/include/eigen3/Eigen/src/Core/util/Constants.h:167:37:[m[K [01;36m[Knote: [m[Kdeclared here
[2.610s]   167 | EIGEN_DEPRECATED const unsigned int [01;36m[KAlignedBit[m[K = 0x80;
[2.611s]       |                                     [01;36m[K^~~~~~~~~~[m[K
[2.626s] In file included from [01m[K/home/shiven/ORB_SLAM3/Thirdparty/g2o/g2o/types/types_six_dof_expmap.h:38[m[K,
[2.626s]                  from [01m[K/home/shiven/ORB_SLAM3/include/Converter.h:26[m[K,
[2.626s]                  from [01m[K/home/shiven/ORB_SLAM3/include/Frame.h:33[m[K,
[2.626s]                  from [01m[K/home/shiven/ORB_SLAM3/include/KeyFrame.h:28[m[K,
[2.627s]                  from [01m[K/home/shiven/ORB_SLAM3/include/MapPoint.h:23[m[K,
[2.627s]                  from [01m[K/home/shiven/ORB_SLAM3/include/FrameDrawer.h:24[m[K,
[2.627s]                  from [01m[K/home/shiven/ORB_SLAM3/include/Viewer.h:23[m[K,
[2.627s]                  from [01m[K/home/shiven/ORB_SLAM3/include/Tracking.h:26[m[K,
[2.627s]                  from [01m[K/home/shiven/ORB_SLAM3/include/System.h:31[m[K,
[2.627s]                  from [01m[K/home/shiven/colcon_ws/src/orbslam3_ros2/src/monocular/monocular-slam-node.hpp:9[m[K,
[2.627s]                  from [01m[K/home/shiven/colcon_ws/src/orbslam3_ros2/src/monocular/monocular-slam-node.cpp:1[m[K:
[2.627s] /home/shiven/ORB_SLAM3/Thirdparty/g2o/g2o/types/../core/base_binary_edge.h: In instantiation of ‘[01m[Kclass g2o::BaseBinaryEdge<2, Eigen::Matrix<double, 2, 1>, g2o::VertexSBAPointXYZ, g2o::VertexSim3Expmap>[m[K’:
[2.627s] [01m[K/home/shiven/ORB_SLAM3/Thirdparty/g2o/g2o/types/types_seven_dof_expmap.h:130:36:[m[K   required from here
[2.627s] [01m[K/home/shiven/ORB_SLAM3/Thirdparty/g2o/g2o/types/../core/base_binary_edge.h:59:80:[m[K [01;35m[Kwarning: [m[K‘[01m[KEigen::AlignedBit[m[K’ is deprecated [[01;35m[K-Wdeprecated-declarations[m[K]
[2.627s]    59 |       typedef Eigen::Map<Matrix<double, Di, Dj>, Matrix<double, Di, Dj>::[01;35m[KFlags & AlignedBit[m[K ? Aligned : Unaligned > HessianBlockType;
[2.627s]       |                                                                          [01;35m[K~~~~~~^~~~~~~~~~~~[m[K
[2.627s] In file included from [01m[K/usr/local/include/eigen3/Eigen/Core:161[m[K,
[2.627s]                  from [01m[K/usr/local/include/eigen3/Eigen/LU:11[m[K,
[2.627s]                  from [01m[K/home/shiven/ORB_SLAM3/Thirdparty/Sophus/sophus/so2.hpp:12[m[K,
[2.627s]                  from [01m[K/home/shiven/ORB_SLAM3/Thirdparty/Sophus/sophus/se2.hpp:7[m[K,
[2.627s]                  from [01m[K/home/shiven/ORB_SLAM3/Thirdparty/Sophus/sophus/geometry.hpp:7[m[K,
[2.627s]                  from [01m[K/home/shiven/ORB_SLAM3/include/Frame.h:28[m[K,
[2.627s]                  from [01m[K/home/shiven/ORB_SLAM3/include/KeyFrame.h:28[m[K,
[2.627s]                  from [01m[K/home/shiven/ORB_SLAM3/include/MapPoint.h:23[m[K,
[2.627s]                  from [01m[K/home/shiven/ORB_SLAM3/include/FrameDrawer.h:24[m[K,
[2.628s]                  from [01m[K/home/shiven/ORB_SLAM3/include/Viewer.h:23[m[K,
[2.628s]                  from [01m[K/home/shiven/ORB_SLAM3/include/Tracking.h:26[m[K,
[2.628s]                  from [01m[K/home/shiven/ORB_SLAM3/include/System.h:31[m[K,
[2.628s]                  from [01m[K/home/shiven/colcon_ws/src/orbslam3_ros2/src/monocular/monocular-slam-node.hpp:9[m[K,
[2.628s]                  from [01m[K/home/shiven/colcon_ws/src/orbslam3_ros2/src/monocular/monocular-slam-node.cpp:1[m[K:
[2.628s] [01m[K/usr/local/include/eigen3/Eigen/src/Core/util/Constants.h:167:37:[m[K [01;36m[Knote: [m[Kdeclared here
[2.628s]   167 | EIGEN_DEPRECATED const unsigned int [01;36m[KAlignedBit[m[K = 0x80;
[2.628s]       |                                     [01;36m[K^~~~~~~~~~[m[K
[2.633s] In file included from [01m[K/home/shiven/ORB_SLAM3/Thirdparty/g2o/g2o/types/types_six_dof_expmap.h:38[m[K,
[2.633s]                  from [01m[K/home/shiven/ORB_SLAM3/include/Converter.h:26[m[K,
[2.633s]                  from [01m[K/home/shiven/ORB_SLAM3/include/Frame.h:33[m[K,
[2.633s]                  from [01m[K/home/shiven/ORB_SLAM3/include/KeyFrame.h:28[m[K,
[2.633s]                  from [01m[K/home/shiven/ORB_SLAM3/include/MapPoint.h:23[m[K,
[2.633s]                  from [01m[K/home/shiven/ORB_SLAM3/include/FrameDrawer.h:24[m[K,
[2.633s]                  from [01m[K/home/shiven/ORB_SLAM3/include/Viewer.h:23[m[K,
[2.633s]                  from [01m[K/home/shiven/ORB_SLAM3/include/Tracking.h:26[m[K,
[2.633s]                  from [01m[K/home/shiven/ORB_SLAM3/include/System.h:31[m[K,
[2.633s]                  from [01m[K/home/shiven/colcon_ws/src/orbslam3_ros2/src/monocular/monocular-slam-node.hpp:9[m[K,
[2.633s]                  from [01m[K/home/shiven/colcon_ws/src/orbslam3_ros2/src/monocular/monocular-slam-node.cpp:1[m[K:
[2.633s] [01m[K/home/shiven/ORB_SLAM3/Thirdparty/g2o/g2o/types/../core/base_binary_edge.h:60:80:[m[K [01;35m[Kwarning: [m[K‘[01m[KEigen::AlignedBit[m[K’ is deprecated [[01;35m[K-Wdeprecated-declarations[m[K]
[2.633s]    60 |       typedef Eigen::Map<Matrix<double, Dj, Di>, Matrix<double, Dj, Di>::[01;35m[KFlags & AlignedBit[m[K ? Aligned : Unaligned > HessianBlockTransposedType;
[2.633s]       |                                                                          [01;35m[K~~~~~~^~~~~~~~~~~~[m[K
[2.633s] In file included from [01m[K/usr/local/include/eigen3/Eigen/Core:161[m[K,
[2.633s]                  from [01m[K/usr/local/include/eigen3/Eigen/LU:11[m[K,
[2.633s]                  from [01m[K/home/shiven/ORB_SLAM3/Thirdparty/Sophus/sophus/so2.hpp:12[m[K,
[2.634s]                  from [01m[K/home/shiven/ORB_SLAM3/Thirdparty/Sophus/sophus/se2.hpp:7[m[K,
[2.634s]                  from [01m[K/home/shiven/ORB_SLAM3/Thirdparty/Sophus/sophus/geometry.hpp:7[m[K,
[2.634s]                  from [01m[K/home/shiven/ORB_SLAM3/include/Frame.h:28[m[K,
[2.634s]                  from [01m[K/home/shiven/ORB_SLAM3/include/KeyFrame.h:28[m[K,
[2.634s]                  from [01m[K/home/shiven/ORB_SLAM3/include/MapPoint.h:23[m[K,
[2.634s]                  from [01m[K/home/shiven/ORB_SLAM3/include/FrameDrawer.h:24[m[K,
[2.634s]                  from [01m[K/home/shiven/ORB_SLAM3/include/Viewer.h:23[m[K,
[2.634s]                  from [01m[K/home/shiven/ORB_SLAM3/include/Tracking.h:26[m[K,
[2.634s]                  from [01m[K/home/shiven/ORB_SLAM3/include/System.h:31[m[K,
[2.634s]                  from [01m[K/home/shiven/colcon_ws/src/orbslam3_ros2/src/monocular/monocular-slam-node.hpp:9[m[K,
[2.634s]                  from [01m[K/home/shiven/colcon_ws/src/orbslam3_ros2/src/monocular/monocular-slam-node.cpp:1[m[K:
[2.634s] [01m[K/usr/local/include/eigen3/Eigen/src/Core/util/Constants.h:167:37:[m[K [01;36m[Knote: [m[Kdeclared here
[2.634s]   167 | EIGEN_DEPRECATED const unsigned int [01;36m[KAlignedBit[m[K = 0x80;
[2.634s]       |                                     [01;36m[K^~~~~~~~~~[m[K
[2.666s] In file included from [01m[K/home/shiven/ORB_SLAM3/include/Frame.h:34[m[K,
[2.666s]                  from [01m[K/home/shiven/ORB_SLAM3/include/KeyFrame.h:28[m[K,
[2.666s]                  from [01m[K/home/shiven/ORB_SLAM3/include/MapPoint.h:23[m[K,
[2.666s]                  from [01m[K/home/shiven/ORB_SLAM3/include/FrameDrawer.h:24[m[K,
[2.666s]                  from [01m[K/home/shiven/ORB_SLAM3/include/Viewer.h:23[m[K,
[2.666s]                  from [01m[K/home/shiven/ORB_SLAM3/include/Tracking.h:26[m[K,
[2.666s]                  from [01m[K/home/shiven/ORB_SLAM3/include/System.h:31[m[K,
[2.666s]                  from [01m[K/home/shiven/colcon_ws/src/orbslam3_ros2/src/monocular/monocular-slam-node.hpp:9[m[K,
[2.666s]                  from [01m[K/home/shiven/colcon_ws/src/orbslam3_ros2/src/monocular/monocular-slam-node.cpp:1[m[K:
[2.666s] [01m[K/home/shiven/ORB_SLAM3/include/Settings.h:232:2:[m[K [01;35m[Kwarning: [m[Kextra ‘[01m[K;[m[K’ [[01;35m[K-Wpedantic[m[K]
[2.666s]   232 | }[01;35m[K;[m[K
[2.666s]       |  [01;35m[K^[m[K
[2.929s] In file included from [01m[K/home/shiven/ORB_SLAM3/include/Atlas.h:26[m[K,
[2.929s]                  from [01m[K/home/shiven/ORB_SLAM3/include/FrameDrawer.h:25[m[K,
[2.929s]                  from [01m[K/home/shiven/ORB_SLAM3/include/Viewer.h:23[m[K,
[2.929s]                  from [01m[K/home/shiven/ORB_SLAM3/include/Tracking.h:26[m[K,
[2.929s]                  from [01m[K/home/shiven/ORB_SLAM3/include/System.h:31[m[K,
[2.929s]                  from [01m[K/home/shiven/colcon_ws/src/orbslam3_ros2/src/monocular/monocular-slam-node.hpp:9[m[K,
[2.929s]                  from [01m[K/home/shiven/colcon_ws/src/orbslam3_ros2/src/monocular/monocular-slam-node.cpp:1[m[K:
[2.929s] [01m[K/home/shiven/ORB_SLAM3/include/CameraModels/Pinhole.h:[m[K In member function ‘[01m[Kvirtual bool ORB_SLAM3::Pinhole::matchAndtriangulate(const cv::KeyPoint&, const cv::KeyPoint&, ORB_SLAM3::GeometricCamera*, Sophus::SE3f&, Sophus::SE3f&, float, float, Eigen::Vector3f&)[m[K’:
[2.930s] [01m[K/home/shiven/ORB_SLAM3/include/CameraModels/Pinhole.h:83:54:[m[K [01;35m[Kwarning: [m[Kunused parameter ‘[01m[Kkp1[m[K’ [[01;35m[K-Wunused-parameter[m[K]
[2.930s]    83 |         bool matchAndtriangulate([01;35m[Kconst cv::KeyPoint& kp1[m[K, const cv::KeyPoint& kp2, GeometricCamera* pOther,
[2.930s]       |                                  [01;35m[K~~~~~~~~~~~~~~~~~~~~^~~[m[K
[2.930s] [01m[K/home/shiven/ORB_SLAM3/include/CameraModels/Pinhole.h:83:79:[m[K [01;35m[Kwarning: [m[Kunused parameter ‘[01m[Kkp2[m[K’ [[01;35m[K-Wunused-parameter[m[K]
[2.930s]    83 |         bool matchAndtriangulate(const cv::KeyPoint& kp1, [01;35m[Kconst cv::KeyPoint& kp2[m[K, GeometricCamera* pOther,
[2.930s]       |                                                           [01;35m[K~~~~~~~~~~~~~~~~~~~~^~~[m[K
[2.930s] [01m[K/home/shiven/ORB_SLAM3/include/CameraModels/Pinhole.h:83:101:[m[K [01;35m[Kwarning: [m[Kunused parameter ‘[01m[KpOther[m[K’ [[01;35m[K-Wunused-parameter[m[K]
[2.930s]    83 |         bool matchAndtriangulate(const cv::KeyPoint& kp1, const cv::KeyPoint& kp2, [01;35m[KGeometricCamera* pOther[m[K,
[2.930s]       |                                                                                    [01;35m[K~~~~~~~~~~~~~~~~~^~~~~~[m[K
[2.930s] [01m[K/home/shiven/ORB_SLAM3/include/CameraModels/Pinhole.h:84:48:[m[K [01;35m[Kwarning: [m[Kunused parameter ‘[01m[KTcw1[m[K’ [[01;35m[K-Wunused-parameter[m[K]
[2.930s]    84 |                                  [01;35m[KSophus::SE3f& Tcw1[m[K, Sophus::SE3f& Tcw2,
[2.930s]       |                                  [01;35m[K~~~~~~~~~~~~~~^~~~[m[K
[2.930s] [01m[K/home/shiven/ORB_SLAM3/include/CameraModels/Pinhole.h:84:68:[m[K [01;35m[Kwarning: [m[Kunused parameter ‘[01m[KTcw2[m[K’ [[01;35m[K-Wunused-parameter[m[K]
[2.930s]    84 |                                  Sophus::SE3f& Tcw1, [01;35m[KSophus::SE3f& Tcw2[m[K,
[2.931s]       |                                                      [01;35m[K~~~~~~~~~~~~~~^~~~[m[K
[2.931s] [01m[K/home/shiven/ORB_SLAM3/include/CameraModels/Pinhole.h:85:46:[m[K [01;35m[Kwarning: [m[Kunused parameter ‘[01m[KsigmaLevel1[m[K’ [[01;35m[K-Wunused-parameter[m[K]
[2.931s]    85 |                                  [01;35m[Kconst float sigmaLevel1[m[K, const float sigmaLevel2,
[2.931s]       |                                  [01;35m[K~~~~~~~~~~~~^~~~~~~~~~~[m[K
[2.931s] [01m[K/home/shiven/ORB_SLAM3/include/CameraModels/Pinhole.h:85:71:[m[K [01;35m[Kwarning: [m[Kunused parameter ‘[01m[KsigmaLevel2[m[K’ [[01;35m[K-Wunused-parameter[m[K]
[2.931s]    85 |                                  const float sigmaLevel1, [01;35m[Kconst float sigmaLevel2[m[K,
[2.931s]       |                                                           [01;35m[K~~~~~~~~~~~~^~~~~~~~~~~[m[K
[2.931s] [01m[K/home/shiven/ORB_SLAM3/include/CameraModels/Pinhole.h:86:51:[m[K [01;35m[Kwarning: [m[Kunused parameter ‘[01m[Kx3Dtriangulated[m[K’ [[01;35m[K-Wunused-parameter[m[K]
[2.931s]    86 |                                  [01;35m[KEigen::Vector3f& x3Dtriangulated[m[K) { return false;}
[2.931s]       |                                  [01;35m[K~~~~~~~~~~~~~~~~~^~~~~~~~~~~~~~~[m[K
[2.931s] In file included from [01m[K/home/shiven/ORB_SLAM3/include/Atlas.h:27[m[K,
[2.931s]                  from [01m[K/home/shiven/ORB_SLAM3/include/FrameDrawer.h:25[m[K,
[2.931s]                  from [01m[K/home/shiven/ORB_SLAM3/include/Viewer.h:23[m[K,
[2.931s]                  from [01m[K/home/shiven/ORB_SLAM3/include/Tracking.h:26[m[K,
[2.931s]                  from [01m[K/home/shiven/ORB_SLAM3/include/System.h:31[m[K,
[2.931s]                  from [01m[K/home/shiven/colcon_ws/src/orbslam3_ros2/src/monocular/monocular-slam-node.hpp:9[m[K,
[2.931s]                  from [01m[K/home/shiven/colcon_ws/src/orbslam3_ros2/src/monocular/monocular-slam-node.cpp:1[m[K:
[2.931s] [01m[K/home/shiven/ORB_SLAM3/include/CameraModels/KannalaBrandt8.h:[m[K In constructor ‘[01m[KORB_SLAM3::KannalaBrandt8::KannalaBrandt8(std::vector<float>)[m[K’:
[2.931s] [01m[K/home/shiven/ORB_SLAM3/include/CameraModels/KannalaBrandt8.h:102:21:[m[K [01;35m[Kwarning: [m[K‘[01m[KORB_SLAM3::KannalaBrandt8::precision[m[K’ will be initialized after [[01;35m[K-Wreorder[m[K]
[2.931s]   102 |         const float [01;35m[Kprecision[m[K;
[2.932s]       |                     [01;35m[K^~~~~~~~~[m[K
[2.932s] [01m[K/home/shiven/ORB_SLAM3/include/CameraModels/KannalaBrandt8.h:88:26:[m[K [01;35m[Kwarning: [m[K  ‘[01m[Kstd::vector<int> ORB_SLAM3::KannalaBrandt8::mvLappingArea[m[K’ [[01;35m[K-Wreorder[m[K]
[2.932s]    88 |         std::vector<int> [01;35m[KmvLappingArea[m[K;
[2.932s]       |                          [01;35m[K^~~~~~~~~~~~~[m[K
[2.932s] In file included from [01m[K/home/shiven/ORB_SLAM3/include/Atlas.h:27[m[K,
[2.932s]                  from [01m[K/home/shiven/ORB_SLAM3/include/FrameDrawer.h:25[m[K,
[2.932s]                  from [01m[K/home/shiven/ORB_SLAM3/include/Viewer.h:23[m[K,
[2.932s]                  from [01m[K/home/shiven/ORB_SLAM3/include/Tracking.h:26[m[K,
[2.932s]                  from [01m[K/home/shiven/ORB_SLAM3/include/System.h:31[m[K,
[2.932s]                  from [01m[K/home/shiven/colcon_ws/src/orbslam3_ros2/src/monocular/monocular-slam-node.hpp:9[m[K,
[2.932s]                  from [01m[K/home/shiven/colcon_ws/src/orbslam3_ros2/src/monocular/monocular-slam-node.cpp:1[m[K:
[2.932s] [01m[K/home/shiven/ORB_SLAM3/include/CameraModels/KannalaBrandt8.h:47:9:[m[K [01;35m[Kwarning: [m[K  when initialized here [[01;35m[K-Wreorder[m[K]
[2.932s]    47 |         [01;35m[KKannalaBrandt8[m[K(const std::vector<float> _vParameters) : GeometricCamera(_vParameters), precision(1e-6), mvLappingArea(2,0) ,tvr(nullptr) {
[2.932s]       |         [01;35m[K^~~~~~~~~~~~~~[m[K
[2.932s] In file included from [01m[K/home/shiven/ORB_SLAM3/include/Atlas.h:27[m[K,
[2.932s]                  from [01m[K/home/shiven/ORB_SLAM3/include/FrameDrawer.h:25[m[K,
[2.932s]                  from [01m[K/home/shiven/ORB_SLAM3/include/Viewer.h:23[m[K,
[2.932s]                  from [01m[K/home/shiven/ORB_SLAM3/include/Tracking.h:26[m[K,
[2.933s]                  from [01m[K/home/shiven/ORB_SLAM3/include/System.h:31[m[K,
[2.933s]                  from [01m[K/home/shiven/colcon_ws/src/orbslam3_ros2/src/monocular/monocular-slam-node.hpp:9[m[K,
[2.933s]                  from [01m[K/home/shiven/colcon_ws/src/orbslam3_ros2/src/monocular/monocular-slam-node.cpp:1[m[K:
[2.933s] [01m[K/home/shiven/ORB_SLAM3/include/CameraModels/KannalaBrandt8.h:[m[K In constructor ‘[01m[KORB_SLAM3::KannalaBrandt8::KannalaBrandt8(std::vector<float>, float)[m[K’:
[2.933s] [01m[K/home/shiven/ORB_SLAM3/include/CameraModels/KannalaBrandt8.h:102:21:[m[K [01;35m[Kwarning: [m[K‘[01m[KORB_SLAM3::KannalaBrandt8::precision[m[K’ will be initialized after [[01;35m[K-Wreorder[m[K]
[2.933s]   102 |         const float [01;35m[Kprecision[m[K;
[2.933s]       |                     [01;35m[K^~~~~~~~~[m[K
[2.933s] [01m[K/home/shiven/ORB_SLAM3/include/CameraModels/KannalaBrandt8.h:88:26:[m[K [01;35m[Kwarning: [m[K  ‘[01m[Kstd::vector<int> ORB_SLAM3::KannalaBrandt8::mvLappingArea[m[K’ [[01;35m[K-Wreorder[m[K]
[2.933s]    88 |         std::vector<int> [01;35m[KmvLappingArea[m[K;
[2.933s]       |                          [01;35m[K^~~~~~~~~~~~~[m[K
[2.933s] [01m[K/home/shiven/ORB_SLAM3/include/CameraModels/KannalaBrandt8.h:53:9:[m[K [01;35m[Kwarning: [m[K  when initialized here [[01;35m[K-Wreorder[m[K]
[2.933s]    53 |         [01;35m[KKannalaBrandt8[m[K(const std::vector<float> _vParameters, const float _precision) : GeometricCamera(_vParameters),
[2.933s]       |         [01;35m[K^~~~~~~~~~~~~~[m[K
[2.933s] [01m[K/home/shiven/ORB_SLAM3/include/CameraModels/KannalaBrandt8.h:[m[K In constructor ‘[01m[KORB_SLAM3::KannalaBrandt8::KannalaBrandt8(ORB_SLAM3::KannalaBrandt8*)[m[K’:
[2.933s] [01m[K/home/shiven/ORB_SLAM3/include/CameraModels/KannalaBrandt8.h:102:21:[m[K [01;35m[Kwarning: [m[K‘[01m[KORB_SLAM3::KannalaBrandt8::precision[m[K’ will be initialized after [[01;35m[K-Wreorder[m[K]
[2.933s]   102 |         const float [01;35m[Kprecision[m[K;
[2.933s]       |                     [01;35m[K^~~~~~~~~[m[K
[2.933s] [01m[K/home/shiven/ORB_SLAM3/include/CameraModels/KannalaBrandt8.h:88:26:[m[K [01;35m[Kwarning: [m[K  ‘[01m[Kstd::vector<int> ORB_SLAM3::KannalaBrandt8::mvLappingArea[m[K’ [[01;35m[K-Wreorder[m[K]
[2.933s]    88 |         std::vector<int> [01;35m[KmvLappingArea[m[K;
[2.933s]       |                          [01;35m[K^~~~~~~~~~~~~[m[K
[2.933s] [01m[K/home/shiven/ORB_SLAM3/include/CameraModels/KannalaBrandt8.h:59:9:[m[K [01;35m[Kwarning: [m[K  when initialized here [[01;35m[K-Wreorder[m[K]
[2.933s]    59 |         [01;35m[KKannalaBrandt8[m[K(KannalaBrandt8* pKannala) : GeometricCamera(pKannala->mvParameters), precision(pKannala->precision), mvLappingArea(2,0) ,tvr(nullptr) {
[2.933s]       |         [01;35m[K^~~~~~~~~~~~~~[m[K
[6.901s] [ 91%] [32m[1mLinking CXX executable mono[0m
[7.129s] [100%] Built target mono
[7.139s] Invoked command in '/home/shiven/colcon_ws/build/orbslam3' returned '0': CMAKE_PREFIX_PATH=/opt/ros/foxy /usr/bin/cmake --build /home/shiven/colcon_ws/build/orbslam3 -- -j32 -l32
[7.163s] Invoking command in '/home/shiven/colcon_ws/build/orbslam3': CMAKE_PREFIX_PATH=/opt/ros/foxy /usr/bin/cmake --install /home/shiven/colcon_ws/build/orbslam3
[7.172s] -- Install configuration: ""
[7.172s] -- Execute custom install script
[7.172s] -- Up-to-date symlink: /home/shiven/colcon_ws/install/orbslam3/lib/orbslam3/mono
[7.172s] -- Up-to-date symlink: /home/shiven/colcon_ws/install/orbslam3/lib/orbslam3/rgbd
[7.172s] -- Up-to-date symlink: /home/shiven/colcon_ws/install/orbslam3/lib/orbslam3/stereo
[7.172s] -- Up-to-date symlink: /home/shiven/colcon_ws/install/orbslam3/lib/orbslam3/stereo-inertial
[7.172s] -- Symlinking: /home/shiven/colcon_ws/install/orbslam3/lib/orbslam3/camera_publisher.py
[7.181s] -- Symlinking: /home/shiven/colcon_ws/install/orbslam3/lib/orbslam3/url_camera_publisher.py
[7.188s] -- Up-to-date symlink: /home/shiven/colcon_ws/install/orbslam3/share/ament_index/resource_index/package_run_dependencies/orbslam3
[7.189s] -- Up-to-date symlink: /home/shiven/colcon_ws/install/orbslam3/share/ament_index/resource_index/parent_prefix_path/orbslam3
[7.189s] -- Up-to-date symlink: /home/shiven/colcon_ws/install/orbslam3/share/orbslam3/environment/ament_prefix_path.sh
[7.189s] -- Up-to-date symlink: /home/shiven/colcon_ws/install/orbslam3/share/orbslam3/environment/ament_prefix_path.dsv
[7.189s] -- Up-to-date symlink: /home/shiven/colcon_ws/install/orbslam3/share/orbslam3/environment/path.sh
[7.189s] -- Up-to-date symlink: /home/shiven/colcon_ws/install/orbslam3/share/orbslam3/environment/path.dsv
[7.189s] -- Up-to-date symlink: /home/shiven/colcon_ws/install/orbslam3/share/orbslam3/local_setup.bash
[7.190s] -- Up-to-date symlink: /home/shiven/colcon_ws/install/orbslam3/share/orbslam3/local_setup.sh
[7.190s] -- Up-to-date symlink: /home/shiven/colcon_ws/install/orbslam3/share/orbslam3/local_setup.zsh
[7.190s] -- Up-to-date symlink: /home/shiven/colcon_ws/install/orbslam3/share/orbslam3/local_setup.dsv
[7.190s] -- Symlinking: /home/shiven/colcon_ws/install/orbslam3/share/orbslam3/package.dsv
[7.197s] -- Up-to-date symlink: /home/shiven/colcon_ws/install/orbslam3/share/ament_index/resource_index/packages/orbslam3
[7.197s] -- Up-to-date symlink: /home/shiven/colcon_ws/install/orbslam3/share/orbslam3/cmake/orbslam3Config.cmake
[7.197s] -- Up-to-date symlink: /home/shiven/colcon_ws/install/orbslam3/share/orbslam3/cmake/orbslam3Config-version.cmake
[7.198s] -- Up-to-date symlink: /home/shiven/colcon_ws/install/orbslam3/share/orbslam3/package.xml
[7.201s] Invoked command in '/home/shiven/colcon_ws/build/orbslam3' returned '0': CMAKE_PREFIX_PATH=/opt/ros/foxy /usr/bin/cmake --install /home/shiven/colcon_ws/build/orbslam3
