[0.310s] Invoking command in '/home/shiven/colcon_ws/build/rtabmap_python': PYTHONPATH=/home/shiven/colcon_ws/build/rtabmap_python/prefix_override:/usr/lib/python3/dist-packages/colcon_core/task/python/colcon_distutils_commands:/home/shiven/colcon_ws/install/rtabmap_python/lib/python3.8/site-packages:${PYTHONPATH} /usr/bin/python3 -W ignore:setup.py install is deprecated setup.py develop --editable --build-directory /home/shiven/colcon_ws/build/rtabmap_python/build --no-deps symlink_data
[0.406s] running develop
[0.459s] running egg_info
[0.460s] creating rtabmap_python.egg-info
[0.460s] writing rtabmap_python.egg-info/PKG-INFO
[0.460s] writing dependency_links to rtabmap_python.egg-info/dependency_links.txt
[0.460s] writing entry points to rtabmap_python.egg-info/entry_points.txt
[0.460s] writing requirements to rtabmap_python.egg-info/requires.txt
[0.460s] writing top-level names to rtabmap_python.egg-info/top_level.txt
[0.461s] writing manifest file 'rtabmap_python.egg-info/SOURCES.txt'
[0.475s] reading manifest file 'rtabmap_python.egg-info/SOURCES.txt'
[0.475s] writing manifest file 'rtabmap_python.egg-info/SOURCES.txt'
[0.489s] running build_ext
[0.489s] Creating /home/shiven/colcon_ws/install/rtabmap_python/lib/python3.8/site-packages/site.py
[0.490s] Creating /home/shiven/colcon_ws/install/rtabmap_python/lib/python3.8/site-packages/rtabmap-python.egg-link (link to .)
[0.491s] 
[0.491s] Installed /home/shiven/colcon_ws/build/rtabmap_python
[0.491s] running symlink_data
[0.491s] creating /home/shiven/colcon_ws/install/rtabmap_python/share/ament_index
[0.491s] creating /home/shiven/colcon_ws/install/rtabmap_python/share/ament_index/resource_index
[0.491s] creating /home/shiven/colcon_ws/install/rtabmap_python/share/ament_index/resource_index/packages
[0.491s] symbolically linking /home/shiven/colcon_ws/build/rtabmap_python/resource/rtabmap_python -> /home/shiven/colcon_ws/install/rtabmap_python/share/ament_index/resource_index/packages
[0.491s] symbolically linking /home/shiven/colcon_ws/build/rtabmap_python/package.xml -> /home/shiven/colcon_ws/install/rtabmap_python/share/rtabmap_python
[0.506s] Invoked command in '/home/shiven/colcon_ws/build/rtabmap_python' returned '0': PYTHONPATH=/home/shiven/colcon_ws/build/rtabmap_python/prefix_override:/usr/lib/python3/dist-packages/colcon_core/task/python/colcon_distutils_commands:/home/shiven/colcon_ws/install/rtabmap_python/lib/python3.8/site-packages:${PYTHONPATH} /usr/bin/python3 -W ignore:setup.py install is deprecated setup.py develop --editable --build-directory /home/shiven/colcon_ws/build/rtabmap_python/build --no-deps symlink_data
