[0.005s] Invoking command in '/home/shiven/colcon_ws/build/orbslam3': CMAKE_PREFIX_PATH=${CMAKE_PREFIX_PATH}:/opt/ros/foxy /usr/bin/cmake --build /home/shiven/colcon_ws/build/orbslam3 -- -j32 -l32
[0.038s] [ 75%] Built target stereo
[0.038s] [ 75%] Built target mono
[0.038s] [ 75%] Built target rgbd
[0.038s] [100%] Built target stereo-inertial
[0.042s] Invoked command in '/home/shiven/colcon_ws/build/orbslam3' returned '0': CMAKE_PREFIX_PATH=${CMAKE_PREFIX_PATH}:/opt/ros/foxy /usr/bin/cmake --build /home/shiven/colcon_ws/build/orbslam3 -- -j32 -l32
[0.064s] Invoking command in '/home/shiven/colcon_ws/build/orbslam3': CMAKE_PREFIX_PATH=${CMAKE_PREFIX_PATH}:/opt/ros/foxy /usr/bin/cmake --install /home/shiven/colcon_ws/build/orbslam3
[0.068s] -- Install configuration: ""
[0.068s] -- Execute custom install script
[0.068s] -- Up-to-date symlink: /home/shiven/colcon_ws/install/orbslam3/lib/orbslam3/mono
[0.068s] -- Up-to-date symlink: /home/shiven/colcon_ws/install/orbslam3/lib/orbslam3/rgbd
[0.068s] -- Up-to-date symlink: /home/shiven/colcon_ws/install/orbslam3/lib/orbslam3/stereo
[0.069s] -- Up-to-date symlink: /home/shiven/colcon_ws/install/orbslam3/lib/orbslam3/stereo-inertial
[0.069s] -- Up-to-date symlink: /home/shiven/colcon_ws/install/orbslam3/share/ament_index/resource_index/package_run_dependencies/orbslam3
[0.069s] -- Up-to-date symlink: /home/shiven/colcon_ws/install/orbslam3/share/ament_index/resource_index/parent_prefix_path/orbslam3
[0.069s] -- Up-to-date symlink: /home/shiven/colcon_ws/install/orbslam3/share/orbslam3/environment/ament_prefix_path.sh
[0.069s] -- Up-to-date symlink: /home/shiven/colcon_ws/install/orbslam3/share/orbslam3/environment/ament_prefix_path.dsv
[0.069s] -- Up-to-date symlink: /home/shiven/colcon_ws/install/orbslam3/share/orbslam3/environment/path.sh
[0.069s] -- Up-to-date symlink: /home/shiven/colcon_ws/install/orbslam3/share/orbslam3/environment/path.dsv
[0.069s] -- Up-to-date symlink: /home/shiven/colcon_ws/install/orbslam3/share/orbslam3/local_setup.bash
[0.069s] -- Up-to-date symlink: /home/shiven/colcon_ws/install/orbslam3/share/orbslam3/local_setup.sh
[0.069s] -- Up-to-date symlink: /home/shiven/colcon_ws/install/orbslam3/share/orbslam3/local_setup.zsh
[0.069s] -- Up-to-date symlink: /home/shiven/colcon_ws/install/orbslam3/share/orbslam3/local_setup.dsv
[0.070s] -- Symlinking: /home/shiven/colcon_ws/install/orbslam3/share/orbslam3/package.dsv
[0.073s] -- Up-to-date symlink: /home/shiven/colcon_ws/install/orbslam3/share/ament_index/resource_index/packages/orbslam3
[0.073s] -- Up-to-date symlink: /home/shiven/colcon_ws/install/orbslam3/share/orbslam3/cmake/orbslam3Config.cmake
[0.073s] -- Up-to-date symlink: /home/shiven/colcon_ws/install/orbslam3/share/orbslam3/cmake/orbslam3Config-version.cmake
[0.073s] -- Up-to-date symlink: /home/shiven/colcon_ws/install/orbslam3/share/orbslam3/package.xml
[0.074s] Invoked command in '/home/shiven/colcon_ws/build/orbslam3' returned '0': CMAKE_PREFIX_PATH=${CMAKE_PREFIX_PATH}:/opt/ros/foxy /usr/bin/cmake --install /home/shiven/colcon_ws/build/orbslam3
