[0.011s] Invoking command in '/home/shiven/colcon_ws/build/rtabmap_msgs': CMAKE_PREFIX_PATH=/opt/ros/foxy /usr/bin/cmake --build /home/shiven/colcon_ws/build/rtabmap_msgs
[0.106s] [  0%] Built target rtabmap_msgs__cpp
[0.106s] [ 12%] Built target rtabmap_msgs__rosidl_generator_c
[0.106s] [ 24%] Built target rtabmap_msgs__rosidl_typesupport_cpp
[0.106s] [ 37%] Built target rtabmap_msgs__rosidl_typesupport_introspection_cpp
[0.106s] [ 50%] Built target rtabmap_msgs__rosidl_typesupport_c
[0.106s] [ 62%] Built target rtabmap_msgs__rosidl_typesupport_fastrtps_cpp
[0.106s] [ 75%] Built target rtabmap_msgs__rosidl_typesupport_introspection_c
[0.106s] [ 88%] Built target rtabmap_msgs__rosidl_typesupport_fastrtps_c
[0.106s] [ 88%] Built target rtabmap_msgs
[0.106s] [ 88%] Built target rtabmap_msgs__py
[0.124s] [100%] Built target rtabmap_msgs__python
[0.136s] [100%] Built target rtabmap_msgs__rosidl_typesupport_c__pyext
[0.137s] [100%] Built target rtabmap_msgs__rosidl_typesupport_introspection_c__pyext
[0.139s] [100%] Built target rtabmap_msgs__rosidl_typesupport_fastrtps_c__pyext
[0.145s] Invoked command in '/home/shiven/colcon_ws/build/rtabmap_msgs' returned '0': CMAKE_PREFIX_PATH=/opt/ros/foxy /usr/bin/cmake --build /home/shiven/colcon_ws/build/rtabmap_msgs
[0.335s] Invoking command in '/home/shiven/colcon_ws/build/rtabmap_msgs': CMAKE_PREFIX_PATH=/opt/ros/foxy /usr/bin/cmake --install /home/shiven/colcon_ws/build/rtabmap_msgs
[0.339s] -- Install configuration: "Release"
[0.340s] -- Execute custom install script
[0.340s] -- Up-to-date symlink: /home/shiven/colcon_ws/install/rtabmap_msgs/share/ament_index/resource_index/rosidl_interfaces/rtabmap_msgs
[0.341s] -- Up-to-date symlink: /home/shiven/colcon_ws/install/rtabmap_msgs/include/rtabmap_msgs/msg/camera_model.h
[0.341s] -- Up-to-date symlink: /home/shiven/colcon_ws/install/rtabmap_msgs/include/rtabmap_msgs/msg/camera_models.h
[0.341s] -- Up-to-date symlink: /home/shiven/colcon_ws/install/rtabmap_msgs/include/rtabmap_msgs/msg/detail/camera_model__functions.h
[0.341s] -- Up-to-date symlink: /home/shiven/colcon_ws/install/rtabmap_msgs/include/rtabmap_msgs/msg/detail/camera_model__struct.h
[0.341s] -- Up-to-date symlink: /home/shiven/colcon_ws/install/rtabmap_msgs/include/rtabmap_msgs/msg/detail/camera_model__type_support.h
[0.341s] -- Up-to-date symlink: /home/shiven/colcon_ws/install/rtabmap_msgs/include/rtabmap_msgs/msg/detail/camera_models__functions.h
[0.341s] -- Up-to-date symlink: /home/shiven/colcon_ws/install/rtabmap_msgs/include/rtabmap_msgs/msg/detail/camera_models__struct.h
[0.341s] -- Up-to-date symlink: /home/shiven/colcon_ws/install/rtabmap_msgs/include/rtabmap_msgs/msg/detail/camera_models__type_support.h
[0.341s] -- Up-to-date symlink: /home/shiven/colcon_ws/install/rtabmap_msgs/include/rtabmap_msgs/msg/detail/env_sensor__functions.h
[0.341s] -- Up-to-date symlink: /home/shiven/colcon_ws/install/rtabmap_msgs/include/rtabmap_msgs/msg/detail/env_sensor__struct.h
[0.341s] -- Up-to-date symlink: /home/shiven/colcon_ws/install/rtabmap_msgs/include/rtabmap_msgs/msg/detail/env_sensor__type_support.h
[0.341s] -- Up-to-date symlink: /home/shiven/colcon_ws/install/rtabmap_msgs/include/rtabmap_msgs/msg/detail/global_descriptor__functions.h
[0.341s] -- Up-to-date symlink: /home/shiven/colcon_ws/install/rtabmap_msgs/include/rtabmap_msgs/msg/detail/global_descriptor__struct.h
[0.341s] -- Up-to-date symlink: /home/shiven/colcon_ws/install/rtabmap_msgs/include/rtabmap_msgs/msg/detail/global_descriptor__type_support.h
[0.341s] -- Up-to-date symlink: /home/shiven/colcon_ws/install/rtabmap_msgs/include/rtabmap_msgs/msg/detail/goal__functions.h
[0.341s] -- Up-to-date symlink: /home/shiven/colcon_ws/install/rtabmap_msgs/include/rtabmap_msgs/msg/detail/goal__struct.h
[0.342s] -- Up-to-date symlink: /home/shiven/colcon_ws/install/rtabmap_msgs/include/rtabmap_msgs/msg/detail/goal__type_support.h
[0.342s] -- Up-to-date symlink: /home/shiven/colcon_ws/install/rtabmap_msgs/include/rtabmap_msgs/msg/detail/gps__functions.h
[0.342s] -- Up-to-date symlink: /home/shiven/colcon_ws/install/rtabmap_msgs/include/rtabmap_msgs/msg/detail/gps__struct.h
[0.342s] -- Up-to-date symlink: /home/shiven/colcon_ws/install/rtabmap_msgs/include/rtabmap_msgs/msg/detail/gps__type_support.h
[0.342s] -- Up-to-date symlink: /home/shiven/colcon_ws/install/rtabmap_msgs/include/rtabmap_msgs/msg/detail/info__functions.h
[0.342s] -- Up-to-date symlink: /home/shiven/colcon_ws/install/rtabmap_msgs/include/rtabmap_msgs/msg/detail/info__struct.h
[0.342s] -- Up-to-date symlink: /home/shiven/colcon_ws/install/rtabmap_msgs/include/rtabmap_msgs/msg/detail/info__type_support.h
[0.342s] -- Up-to-date symlink: /home/shiven/colcon_ws/install/rtabmap_msgs/include/rtabmap_msgs/msg/detail/key_point__functions.h
[0.342s] -- Up-to-date symlink: /home/shiven/colcon_ws/install/rtabmap_msgs/include/rtabmap_msgs/msg/detail/key_point__struct.h
[0.342s] -- Up-to-date symlink: /home/shiven/colcon_ws/install/rtabmap_msgs/include/rtabmap_msgs/msg/detail/key_point__type_support.h
[0.342s] -- Up-to-date symlink: /home/shiven/colcon_ws/install/rtabmap_msgs/include/rtabmap_msgs/msg/detail/landmark_detection__functions.h
[0.342s] -- Up-to-date symlink: /home/shiven/colcon_ws/install/rtabmap_msgs/include/rtabmap_msgs/msg/detail/landmark_detection__struct.h
[0.342s] -- Up-to-date symlink: /home/shiven/colcon_ws/install/rtabmap_msgs/include/rtabmap_msgs/msg/detail/landmark_detection__type_support.h
[0.342s] -- Up-to-date symlink: /home/shiven/colcon_ws/install/rtabmap_msgs/include/rtabmap_msgs/msg/detail/landmark_detections__functions.h
[0.342s] -- Up-to-date symlink: /home/shiven/colcon_ws/install/rtabmap_msgs/include/rtabmap_msgs/msg/detail/landmark_detections__struct.h
[0.342s] -- Up-to-date symlink: /home/shiven/colcon_ws/install/rtabmap_msgs/include/rtabmap_msgs/msg/detail/landmark_detections__type_support.h
[0.342s] -- Up-to-date symlink: /home/shiven/colcon_ws/install/rtabmap_msgs/include/rtabmap_msgs/msg/detail/link__functions.h
[0.342s] -- Up-to-date symlink: /home/shiven/colcon_ws/install/rtabmap_msgs/include/rtabmap_msgs/msg/detail/link__struct.h
[0.342s] -- Up-to-date symlink: /home/shiven/colcon_ws/install/rtabmap_msgs/include/rtabmap_msgs/msg/detail/link__type_support.h
[0.343s] -- Up-to-date symlink: /home/shiven/colcon_ws/install/rtabmap_msgs/include/rtabmap_msgs/msg/detail/map_data__functions.h
[0.343s] -- Up-to-date symlink: /home/shiven/colcon_ws/install/rtabmap_msgs/include/rtabmap_msgs/msg/detail/map_data__struct.h
[0.343s] -- Up-to-date symlink: /home/shiven/colcon_ws/install/rtabmap_msgs/include/rtabmap_msgs/msg/detail/map_data__type_support.h
[0.343s] -- Up-to-date symlink: /home/shiven/colcon_ws/install/rtabmap_msgs/include/rtabmap_msgs/msg/detail/map_graph__functions.h
[0.343s] -- Up-to-date symlink: /home/shiven/colcon_ws/install/rtabmap_msgs/include/rtabmap_msgs/msg/detail/map_graph__struct.h
[0.343s] -- Up-to-date symlink: /home/shiven/colcon_ws/install/rtabmap_msgs/include/rtabmap_msgs/msg/detail/map_graph__type_support.h
[0.343s] -- Up-to-date symlink: /home/shiven/colcon_ws/install/rtabmap_msgs/include/rtabmap_msgs/msg/detail/node__functions.h
[0.343s] -- Up-to-date symlink: /home/shiven/colcon_ws/install/rtabmap_msgs/include/rtabmap_msgs/msg/detail/node__struct.h
[0.343s] -- Up-to-date symlink: /home/shiven/colcon_ws/install/rtabmap_msgs/include/rtabmap_msgs/msg/detail/node__type_support.h
[0.343s] -- Up-to-date symlink: /home/shiven/colcon_ws/install/rtabmap_msgs/include/rtabmap_msgs/msg/detail/odom_info__functions.h
[0.343s] -- Up-to-date symlink: /home/shiven/colcon_ws/install/rtabmap_msgs/include/rtabmap_msgs/msg/detail/odom_info__struct.h
[0.343s] -- Up-to-date symlink: /home/shiven/colcon_ws/install/rtabmap_msgs/include/rtabmap_msgs/msg/detail/odom_info__type_support.h
[0.343s] -- Up-to-date symlink: /home/shiven/colcon_ws/install/rtabmap_msgs/include/rtabmap_msgs/msg/detail/path__functions.h
[0.343s] -- Up-to-date symlink: /home/shiven/colcon_ws/install/rtabmap_msgs/include/rtabmap_msgs/msg/detail/path__struct.h
[0.343s] -- Up-to-date symlink: /home/shiven/colcon_ws/install/rtabmap_msgs/include/rtabmap_msgs/msg/detail/path__type_support.h
[0.343s] -- Up-to-date symlink: /home/shiven/colcon_ws/install/rtabmap_msgs/include/rtabmap_msgs/msg/detail/point2f__functions.h
[0.343s] -- Up-to-date symlink: /home/shiven/colcon_ws/install/rtabmap_msgs/include/rtabmap_msgs/msg/detail/point2f__struct.h
[0.343s] -- Up-to-date symlink: /home/shiven/colcon_ws/install/rtabmap_msgs/include/rtabmap_msgs/msg/detail/point2f__type_support.h
[0.343s] -- Up-to-date symlink: /home/shiven/colcon_ws/install/rtabmap_msgs/include/rtabmap_msgs/msg/detail/point3f__functions.h
[0.343s] -- Up-to-date symlink: /home/shiven/colcon_ws/install/rtabmap_msgs/include/rtabmap_msgs/msg/detail/point3f__struct.h
[0.344s] -- Up-to-date symlink: /home/shiven/colcon_ws/install/rtabmap_msgs/include/rtabmap_msgs/msg/detail/point3f__type_support.h
[0.344s] -- Up-to-date symlink: /home/shiven/colcon_ws/install/rtabmap_msgs/include/rtabmap_msgs/msg/detail/rgbd_image__functions.h
[0.344s] -- Up-to-date symlink: /home/shiven/colcon_ws/install/rtabmap_msgs/include/rtabmap_msgs/msg/detail/rgbd_image__struct.h
[0.344s] -- Up-to-date symlink: /home/shiven/colcon_ws/install/rtabmap_msgs/include/rtabmap_msgs/msg/detail/rgbd_image__type_support.h
[0.344s] -- Up-to-date symlink: /home/shiven/colcon_ws/install/rtabmap_msgs/include/rtabmap_msgs/msg/detail/rgbd_images__functions.h
[0.344s] -- Up-to-date symlink: /home/shiven/colcon_ws/install/rtabmap_msgs/include/rtabmap_msgs/msg/detail/rgbd_images__struct.h
[0.344s] -- Up-to-date symlink: /home/shiven/colcon_ws/install/rtabmap_msgs/include/rtabmap_msgs/msg/detail/rgbd_images__type_support.h
[0.344s] -- Up-to-date symlink: /home/shiven/colcon_ws/install/rtabmap_msgs/include/rtabmap_msgs/msg/detail/scan_descriptor__functions.h
[0.344s] -- Up-to-date symlink: /home/shiven/colcon_ws/install/rtabmap_msgs/include/rtabmap_msgs/msg/detail/scan_descriptor__struct.h
[0.344s] -- Up-to-date symlink: /home/shiven/colcon_ws/install/rtabmap_msgs/include/rtabmap_msgs/msg/detail/scan_descriptor__type_support.h
[0.344s] -- Up-to-date symlink: /home/shiven/colcon_ws/install/rtabmap_msgs/include/rtabmap_msgs/msg/detail/sensor_data__functions.h
[0.344s] -- Up-to-date symlink: /home/shiven/colcon_ws/install/rtabmap_msgs/include/rtabmap_msgs/msg/detail/sensor_data__struct.h
[0.344s] -- Up-to-date symlink: /home/shiven/colcon_ws/install/rtabmap_msgs/include/rtabmap_msgs/msg/detail/sensor_data__type_support.h
[0.345s] -- Up-to-date symlink: /home/shiven/colcon_ws/install/rtabmap_msgs/include/rtabmap_msgs/msg/detail/user_data__functions.h
[0.345s] -- Up-to-date symlink: /home/shiven/colcon_ws/install/rtabmap_msgs/include/rtabmap_msgs/msg/detail/user_data__struct.h
[0.345s] -- Up-to-date symlink: /home/shiven/colcon_ws/install/rtabmap_msgs/include/rtabmap_msgs/msg/detail/user_data__type_support.h
[0.345s] -- Up-to-date symlink: /home/shiven/colcon_ws/install/rtabmap_msgs/include/rtabmap_msgs/msg/env_sensor.h
[0.345s] -- Up-to-date symlink: /home/shiven/colcon_ws/install/rtabmap_msgs/include/rtabmap_msgs/msg/global_descriptor.h
[0.345s] -- Up-to-date symlink: /home/shiven/colcon_ws/install/rtabmap_msgs/include/rtabmap_msgs/msg/goal.h
[0.345s] -- Up-to-date symlink: /home/shiven/colcon_ws/install/rtabmap_msgs/include/rtabmap_msgs/msg/gps.h
[0.345s] -- Up-to-date symlink: /home/shiven/colcon_ws/install/rtabmap_msgs/include/rtabmap_msgs/msg/info.h
[0.345s] -- Up-to-date symlink: /home/shiven/colcon_ws/install/rtabmap_msgs/include/rtabmap_msgs/msg/key_point.h
[0.345s] -- Up-to-date symlink: /home/shiven/colcon_ws/install/rtabmap_msgs/include/rtabmap_msgs/msg/landmark_detection.h
[0.345s] -- Up-to-date symlink: /home/shiven/colcon_ws/install/rtabmap_msgs/include/rtabmap_msgs/msg/landmark_detections.h
[0.345s] -- Up-to-date symlink: /home/shiven/colcon_ws/install/rtabmap_msgs/include/rtabmap_msgs/msg/link.h
[0.345s] -- Up-to-date symlink: /home/shiven/colcon_ws/install/rtabmap_msgs/include/rtabmap_msgs/msg/map_data.h
[0.345s] -- Up-to-date symlink: /home/shiven/colcon_ws/install/rtabmap_msgs/include/rtabmap_msgs/msg/map_graph.h
[0.346s] -- Up-to-date symlink: /home/shiven/colcon_ws/install/rtabmap_msgs/include/rtabmap_msgs/msg/node.h
[0.346s] -- Up-to-date symlink: /home/shiven/colcon_ws/install/rtabmap_msgs/include/rtabmap_msgs/msg/odom_info.h
[0.346s] -- Up-to-date symlink: /home/shiven/colcon_ws/install/rtabmap_msgs/include/rtabmap_msgs/msg/path.h
[0.346s] -- Up-to-date symlink: /home/shiven/colcon_ws/install/rtabmap_msgs/include/rtabmap_msgs/msg/point2f.h
[0.346s] -- Up-to-date symlink: /home/shiven/colcon_ws/install/rtabmap_msgs/include/rtabmap_msgs/msg/point3f.h
[0.346s] -- Up-to-date symlink: /home/shiven/colcon_ws/install/rtabmap_msgs/include/rtabmap_msgs/msg/rgbd_image.h
[0.346s] -- Up-to-date symlink: /home/shiven/colcon_ws/install/rtabmap_msgs/include/rtabmap_msgs/msg/rgbd_images.h
[0.346s] -- Up-to-date symlink: /home/shiven/colcon_ws/install/rtabmap_msgs/include/rtabmap_msgs/msg/rosidl_generator_c__visibility_control.h
[0.346s] -- Up-to-date symlink: /home/shiven/colcon_ws/install/rtabmap_msgs/include/rtabmap_msgs/msg/scan_descriptor.h
[0.346s] -- Up-to-date symlink: /home/shiven/colcon_ws/install/rtabmap_msgs/include/rtabmap_msgs/msg/sensor_data.h
[0.346s] -- Up-to-date symlink: /home/shiven/colcon_ws/install/rtabmap_msgs/include/rtabmap_msgs/msg/user_data.h
[0.346s] -- Up-to-date symlink: /home/shiven/colcon_ws/install/rtabmap_msgs/include/rtabmap_msgs/srv/add_link.h
[0.346s] -- Up-to-date symlink: /home/shiven/colcon_ws/install/rtabmap_msgs/include/rtabmap_msgs/srv/cleanup_local_grids.h
[0.346s] -- Up-to-date symlink: /home/shiven/colcon_ws/install/rtabmap_msgs/include/rtabmap_msgs/srv/detail/add_link__functions.h
[0.346s] -- Up-to-date symlink: /home/shiven/colcon_ws/install/rtabmap_msgs/include/rtabmap_msgs/srv/detail/add_link__struct.h
[0.346s] -- Up-to-date symlink: /home/shiven/colcon_ws/install/rtabmap_msgs/include/rtabmap_msgs/srv/detail/add_link__type_support.h
[0.346s] -- Up-to-date symlink: /home/shiven/colcon_ws/install/rtabmap_msgs/include/rtabmap_msgs/srv/detail/cleanup_local_grids__functions.h
[0.346s] -- Up-to-date symlink: /home/shiven/colcon_ws/install/rtabmap_msgs/include/rtabmap_msgs/srv/detail/cleanup_local_grids__struct.h
[0.346s] -- Up-to-date symlink: /home/shiven/colcon_ws/install/rtabmap_msgs/include/rtabmap_msgs/srv/detail/cleanup_local_grids__type_support.h
[0.347s] -- Up-to-date symlink: /home/shiven/colcon_ws/install/rtabmap_msgs/include/rtabmap_msgs/srv/detail/detect_more_loop_closures__functions.h
[0.347s] -- Up-to-date symlink: /home/shiven/colcon_ws/install/rtabmap_msgs/include/rtabmap_msgs/srv/detail/detect_more_loop_closures__struct.h
[0.347s] -- Up-to-date symlink: /home/shiven/colcon_ws/install/rtabmap_msgs/include/rtabmap_msgs/srv/detail/detect_more_loop_closures__type_support.h
[0.347s] -- Up-to-date symlink: /home/shiven/colcon_ws/install/rtabmap_msgs/include/rtabmap_msgs/srv/detail/get_map2__functions.h
[0.347s] -- Up-to-date symlink: /home/shiven/colcon_ws/install/rtabmap_msgs/include/rtabmap_msgs/srv/detail/get_map2__struct.h
[0.347s] -- Up-to-date symlink: /home/shiven/colcon_ws/install/rtabmap_msgs/include/rtabmap_msgs/srv/detail/get_map2__type_support.h
[0.347s] -- Up-to-date symlink: /home/shiven/colcon_ws/install/rtabmap_msgs/include/rtabmap_msgs/srv/detail/get_map__functions.h
[0.347s] -- Up-to-date symlink: /home/shiven/colcon_ws/install/rtabmap_msgs/include/rtabmap_msgs/srv/detail/get_map__struct.h
[0.347s] -- Up-to-date symlink: /home/shiven/colcon_ws/install/rtabmap_msgs/include/rtabmap_msgs/srv/detail/get_map__type_support.h
[0.347s] -- Up-to-date symlink: /home/shiven/colcon_ws/install/rtabmap_msgs/include/rtabmap_msgs/srv/detail/get_node_data__functions.h
[0.347s] -- Up-to-date symlink: /home/shiven/colcon_ws/install/rtabmap_msgs/include/rtabmap_msgs/srv/detail/get_node_data__struct.h
[0.347s] -- Up-to-date symlink: /home/shiven/colcon_ws/install/rtabmap_msgs/include/rtabmap_msgs/srv/detail/get_node_data__type_support.h
[0.347s] -- Up-to-date symlink: /home/shiven/colcon_ws/install/rtabmap_msgs/include/rtabmap_msgs/srv/detail/get_nodes_in_radius__functions.h
[0.347s] -- Up-to-date symlink: /home/shiven/colcon_ws/install/rtabmap_msgs/include/rtabmap_msgs/srv/detail/get_nodes_in_radius__struct.h
[0.347s] -- Up-to-date symlink: /home/shiven/colcon_ws/install/rtabmap_msgs/include/rtabmap_msgs/srv/detail/get_nodes_in_radius__type_support.h
[0.347s] -- Up-to-date symlink: /home/shiven/colcon_ws/install/rtabmap_msgs/include/rtabmap_msgs/srv/detail/get_plan__functions.h
[0.347s] -- Up-to-date symlink: /home/shiven/colcon_ws/install/rtabmap_msgs/include/rtabmap_msgs/srv/detail/get_plan__struct.h
[0.347s] -- Up-to-date symlink: /home/shiven/colcon_ws/install/rtabmap_msgs/include/rtabmap_msgs/srv/detail/get_plan__type_support.h
[0.347s] -- Up-to-date symlink: /home/shiven/colcon_ws/install/rtabmap_msgs/include/rtabmap_msgs/srv/detail/global_bundle_adjustment__functions.h
[0.348s] -- Up-to-date symlink: /home/shiven/colcon_ws/install/rtabmap_msgs/include/rtabmap_msgs/srv/detail/global_bundle_adjustment__struct.h
[0.348s] -- Up-to-date symlink: /home/shiven/colcon_ws/install/rtabmap_msgs/include/rtabmap_msgs/srv/detail/global_bundle_adjustment__type_support.h
[0.348s] -- Up-to-date symlink: /home/shiven/colcon_ws/install/rtabmap_msgs/include/rtabmap_msgs/srv/detail/list_labels__functions.h
[0.348s] -- Up-to-date symlink: /home/shiven/colcon_ws/install/rtabmap_msgs/include/rtabmap_msgs/srv/detail/list_labels__struct.h
[0.348s] -- Up-to-date symlink: /home/shiven/colcon_ws/install/rtabmap_msgs/include/rtabmap_msgs/srv/detail/list_labels__type_support.h
[0.348s] -- Up-to-date symlink: /home/shiven/colcon_ws/install/rtabmap_msgs/include/rtabmap_msgs/srv/detail/load_database__functions.h
[0.348s] -- Up-to-date symlink: /home/shiven/colcon_ws/install/rtabmap_msgs/include/rtabmap_msgs/srv/detail/load_database__struct.h
[0.348s] -- Up-to-date symlink: /home/shiven/colcon_ws/install/rtabmap_msgs/include/rtabmap_msgs/srv/detail/load_database__type_support.h
[0.348s] -- Up-to-date symlink: /home/shiven/colcon_ws/install/rtabmap_msgs/include/rtabmap_msgs/srv/detail/publish_map__functions.h
[0.348s] -- Up-to-date symlink: /home/shiven/colcon_ws/install/rtabmap_msgs/include/rtabmap_msgs/srv/detail/publish_map__struct.h
[0.348s] -- Up-to-date symlink: /home/shiven/colcon_ws/install/rtabmap_msgs/include/rtabmap_msgs/srv/detail/publish_map__type_support.h
[0.348s] -- Up-to-date symlink: /home/shiven/colcon_ws/install/rtabmap_msgs/include/rtabmap_msgs/srv/detail/remove_label__functions.h
[0.348s] -- Up-to-date symlink: /home/shiven/colcon_ws/install/rtabmap_msgs/include/rtabmap_msgs/srv/detail/remove_label__struct.h
[0.348s] -- Up-to-date symlink: /home/shiven/colcon_ws/install/rtabmap_msgs/include/rtabmap_msgs/srv/detail/remove_label__type_support.h
[0.348s] -- Up-to-date symlink: /home/shiven/colcon_ws/install/rtabmap_msgs/include/rtabmap_msgs/srv/detail/reset_pose__functions.h
[0.348s] -- Up-to-date symlink: /home/shiven/colcon_ws/install/rtabmap_msgs/include/rtabmap_msgs/srv/detail/reset_pose__struct.h
[0.348s] -- Up-to-date symlink: /home/shiven/colcon_ws/install/rtabmap_msgs/include/rtabmap_msgs/srv/detail/reset_pose__type_support.h
[0.348s] -- Up-to-date symlink: /home/shiven/colcon_ws/install/rtabmap_msgs/include/rtabmap_msgs/srv/detail/set_goal__functions.h
[0.348s] -- Up-to-date symlink: /home/shiven/colcon_ws/install/rtabmap_msgs/include/rtabmap_msgs/srv/detail/set_goal__struct.h
[0.348s] -- Up-to-date symlink: /home/shiven/colcon_ws/install/rtabmap_msgs/include/rtabmap_msgs/srv/detail/set_goal__type_support.h
[0.349s] -- Up-to-date symlink: /home/shiven/colcon_ws/install/rtabmap_msgs/include/rtabmap_msgs/srv/detail/set_label__functions.h
[0.349s] -- Up-to-date symlink: /home/shiven/colcon_ws/install/rtabmap_msgs/include/rtabmap_msgs/srv/detail/set_label__struct.h
[0.349s] -- Up-to-date symlink: /home/shiven/colcon_ws/install/rtabmap_msgs/include/rtabmap_msgs/srv/detail/set_label__type_support.h
[0.349s] -- Up-to-date symlink: /home/shiven/colcon_ws/install/rtabmap_msgs/include/rtabmap_msgs/srv/detect_more_loop_closures.h
[0.349s] -- Up-to-date symlink: /home/shiven/colcon_ws/install/rtabmap_msgs/include/rtabmap_msgs/srv/get_map.h
[0.349s] -- Up-to-date symlink: /home/shiven/colcon_ws/install/rtabmap_msgs/include/rtabmap_msgs/srv/get_map2.h
[0.349s] -- Up-to-date symlink: /home/shiven/colcon_ws/install/rtabmap_msgs/include/rtabmap_msgs/srv/get_node_data.h
[0.349s] -- Up-to-date symlink: /home/shiven/colcon_ws/install/rtabmap_msgs/include/rtabmap_msgs/srv/get_nodes_in_radius.h
[0.349s] -- Up-to-date symlink: /home/shiven/colcon_ws/install/rtabmap_msgs/include/rtabmap_msgs/srv/get_plan.h
[0.349s] -- Up-to-date symlink: /home/shiven/colcon_ws/install/rtabmap_msgs/include/rtabmap_msgs/srv/global_bundle_adjustment.h
[0.349s] -- Up-to-date symlink: /home/shiven/colcon_ws/install/rtabmap_msgs/include/rtabmap_msgs/srv/list_labels.h
[0.349s] -- Up-to-date symlink: /home/shiven/colcon_ws/install/rtabmap_msgs/include/rtabmap_msgs/srv/load_database.h
[0.349s] -- Up-to-date symlink: /home/shiven/colcon_ws/install/rtabmap_msgs/include/rtabmap_msgs/srv/publish_map.h
[0.349s] -- Up-to-date symlink: /home/shiven/colcon_ws/install/rtabmap_msgs/include/rtabmap_msgs/srv/remove_label.h
[0.349s] -- Up-to-date symlink: /home/shiven/colcon_ws/install/rtabmap_msgs/include/rtabmap_msgs/srv/reset_pose.h
[0.349s] -- Up-to-date symlink: /home/shiven/colcon_ws/install/rtabmap_msgs/include/rtabmap_msgs/srv/set_goal.h
[0.349s] -- Up-to-date symlink: /home/shiven/colcon_ws/install/rtabmap_msgs/include/rtabmap_msgs/srv/set_label.h
[0.349s] -- Up-to-date symlink: /home/shiven/colcon_ws/install/rtabmap_msgs/share/rtabmap_msgs/environment/library_path.sh
[0.350s] -- Up-to-date symlink: /home/shiven/colcon_ws/install/rtabmap_msgs/share/rtabmap_msgs/environment/library_path.dsv
[0.350s] -- Up-to-date symlink: /home/shiven/colcon_ws/install/rtabmap_msgs/include/rtabmap_msgs/msg/detail/camera_model__rosidl_typesupport_fastrtps_c.h
[0.350s] -- Up-to-date symlink: /home/shiven/colcon_ws/install/rtabmap_msgs/include/rtabmap_msgs/msg/detail/camera_models__rosidl_typesupport_fastrtps_c.h
[0.350s] -- Up-to-date symlink: /home/shiven/colcon_ws/install/rtabmap_msgs/include/rtabmap_msgs/msg/detail/env_sensor__rosidl_typesupport_fastrtps_c.h
[0.350s] -- Up-to-date symlink: /home/shiven/colcon_ws/install/rtabmap_msgs/include/rtabmap_msgs/msg/detail/global_descriptor__rosidl_typesupport_fastrtps_c.h
[0.350s] -- Up-to-date symlink: /home/shiven/colcon_ws/install/rtabmap_msgs/include/rtabmap_msgs/msg/detail/goal__rosidl_typesupport_fastrtps_c.h
[0.351s] -- Up-to-date symlink: /home/shiven/colcon_ws/install/rtabmap_msgs/include/rtabmap_msgs/msg/detail/gps__rosidl_typesupport_fastrtps_c.h
[0.351s] -- Up-to-date symlink: /home/shiven/colcon_ws/install/rtabmap_msgs/include/rtabmap_msgs/msg/detail/info__rosidl_typesupport_fastrtps_c.h
[0.351s] -- Up-to-date symlink: /home/shiven/colcon_ws/install/rtabmap_msgs/include/rtabmap_msgs/msg/detail/key_point__rosidl_typesupport_fastrtps_c.h
[0.351s] -- Up-to-date symlink: /home/shiven/colcon_ws/install/rtabmap_msgs/include/rtabmap_msgs/msg/detail/landmark_detection__rosidl_typesupport_fastrtps_c.h
[0.351s] -- Up-to-date symlink: /home/shiven/colcon_ws/install/rtabmap_msgs/include/rtabmap_msgs/msg/detail/landmark_detections__rosidl_typesupport_fastrtps_c.h
[0.351s] -- Up-to-date symlink: /home/shiven/colcon_ws/install/rtabmap_msgs/include/rtabmap_msgs/msg/detail/link__rosidl_typesupport_fastrtps_c.h
[0.351s] -- Up-to-date symlink: /home/shiven/colcon_ws/install/rtabmap_msgs/include/rtabmap_msgs/msg/detail/map_data__rosidl_typesupport_fastrtps_c.h
[0.351s] -- Up-to-date symlink: /home/shiven/colcon_ws/install/rtabmap_msgs/include/rtabmap_msgs/msg/detail/map_graph__rosidl_typesupport_fastrtps_c.h
[0.351s] -- Up-to-date symlink: /home/shiven/colcon_ws/install/rtabmap_msgs/include/rtabmap_msgs/msg/detail/node__rosidl_typesupport_fastrtps_c.h
[0.351s] -- Up-to-date symlink: /home/shiven/colcon_ws/install/rtabmap_msgs/include/rtabmap_msgs/msg/detail/odom_info__rosidl_typesupport_fastrtps_c.h
[0.351s] -- Up-to-date symlink: /home/shiven/colcon_ws/install/rtabmap_msgs/include/rtabmap_msgs/msg/detail/path__rosidl_typesupport_fastrtps_c.h
[0.351s] -- Up-to-date symlink: /home/shiven/colcon_ws/install/rtabmap_msgs/include/rtabmap_msgs/msg/detail/point2f__rosidl_typesupport_fastrtps_c.h
[0.351s] -- Up-to-date symlink: /home/shiven/colcon_ws/install/rtabmap_msgs/include/rtabmap_msgs/msg/detail/point3f__rosidl_typesupport_fastrtps_c.h
[0.351s] -- Up-to-date symlink: /home/shiven/colcon_ws/install/rtabmap_msgs/include/rtabmap_msgs/msg/detail/rgbd_image__rosidl_typesupport_fastrtps_c.h
[0.351s] -- Up-to-date symlink: /home/shiven/colcon_ws/install/rtabmap_msgs/include/rtabmap_msgs/msg/detail/rgbd_images__rosidl_typesupport_fastrtps_c.h
[0.351s] -- Up-to-date symlink: /home/shiven/colcon_ws/install/rtabmap_msgs/include/rtabmap_msgs/msg/detail/scan_descriptor__rosidl_typesupport_fastrtps_c.h
[0.351s] -- Up-to-date symlink: /home/shiven/colcon_ws/install/rtabmap_msgs/include/rtabmap_msgs/msg/detail/sensor_data__rosidl_typesupport_fastrtps_c.h
[0.351s] -- Up-to-date symlink: /home/shiven/colcon_ws/install/rtabmap_msgs/include/rtabmap_msgs/msg/detail/user_data__rosidl_typesupport_fastrtps_c.h
[0.351s] -- Up-to-date symlink: /home/shiven/colcon_ws/install/rtabmap_msgs/include/rtabmap_msgs/msg/rosidl_typesupport_fastrtps_c__visibility_control.h
[0.352s] -- Up-to-date symlink: /home/shiven/colcon_ws/install/rtabmap_msgs/include/rtabmap_msgs/srv/detail/add_link__rosidl_typesupport_fastrtps_c.h
[0.352s] -- Up-to-date symlink: /home/shiven/colcon_ws/install/rtabmap_msgs/include/rtabmap_msgs/srv/detail/cleanup_local_grids__rosidl_typesupport_fastrtps_c.h
[0.352s] -- Up-to-date symlink: /home/shiven/colcon_ws/install/rtabmap_msgs/include/rtabmap_msgs/srv/detail/detect_more_loop_closures__rosidl_typesupport_fastrtps_c.h
[0.352s] -- Up-to-date symlink: /home/shiven/colcon_ws/install/rtabmap_msgs/include/rtabmap_msgs/srv/detail/get_map2__rosidl_typesupport_fastrtps_c.h
[0.352s] -- Up-to-date symlink: /home/shiven/colcon_ws/install/rtabmap_msgs/include/rtabmap_msgs/srv/detail/get_map__rosidl_typesupport_fastrtps_c.h
[0.352s] -- Up-to-date symlink: /home/shiven/colcon_ws/install/rtabmap_msgs/include/rtabmap_msgs/srv/detail/get_node_data__rosidl_typesupport_fastrtps_c.h
[0.352s] -- Up-to-date symlink: /home/shiven/colcon_ws/install/rtabmap_msgs/include/rtabmap_msgs/srv/detail/get_nodes_in_radius__rosidl_typesupport_fastrtps_c.h
[0.352s] -- Up-to-date symlink: /home/shiven/colcon_ws/install/rtabmap_msgs/include/rtabmap_msgs/srv/detail/get_plan__rosidl_typesupport_fastrtps_c.h
[0.352s] -- Up-to-date symlink: /home/shiven/colcon_ws/install/rtabmap_msgs/include/rtabmap_msgs/srv/detail/global_bundle_adjustment__rosidl_typesupport_fastrtps_c.h
[0.352s] -- Up-to-date symlink: /home/shiven/colcon_ws/install/rtabmap_msgs/include/rtabmap_msgs/srv/detail/list_labels__rosidl_typesupport_fastrtps_c.h
[0.352s] -- Up-to-date symlink: /home/shiven/colcon_ws/install/rtabmap_msgs/include/rtabmap_msgs/srv/detail/load_database__rosidl_typesupport_fastrtps_c.h
[0.352s] -- Up-to-date symlink: /home/shiven/colcon_ws/install/rtabmap_msgs/include/rtabmap_msgs/srv/detail/publish_map__rosidl_typesupport_fastrtps_c.h
[0.352s] -- Up-to-date symlink: /home/shiven/colcon_ws/install/rtabmap_msgs/include/rtabmap_msgs/srv/detail/remove_label__rosidl_typesupport_fastrtps_c.h
[0.352s] -- Up-to-date symlink: /home/shiven/colcon_ws/install/rtabmap_msgs/include/rtabmap_msgs/srv/detail/reset_pose__rosidl_typesupport_fastrtps_c.h
[0.352s] -- Up-to-date symlink: /home/shiven/colcon_ws/install/rtabmap_msgs/include/rtabmap_msgs/srv/detail/set_goal__rosidl_typesupport_fastrtps_c.h
[0.352s] -- Up-to-date symlink: /home/shiven/colcon_ws/install/rtabmap_msgs/include/rtabmap_msgs/srv/detail/set_label__rosidl_typesupport_fastrtps_c.h
[0.352s] -- Up-to-date symlink: /home/shiven/colcon_ws/install/rtabmap_msgs/lib/librtabmap_msgs__rosidl_typesupport_fastrtps_c.so
[0.353s] -- Up-to-date symlink: /home/shiven/colcon_ws/install/rtabmap_msgs/include/rtabmap_msgs/msg/detail/camera_model__rosidl_typesupport_fastrtps_cpp.hpp
[0.353s] -- Up-to-date symlink: /home/shiven/colcon_ws/install/rtabmap_msgs/include/rtabmap_msgs/msg/detail/camera_models__rosidl_typesupport_fastrtps_cpp.hpp
[0.353s] -- Up-to-date symlink: /home/shiven/colcon_ws/install/rtabmap_msgs/include/rtabmap_msgs/msg/detail/env_sensor__rosidl_typesupport_fastrtps_cpp.hpp
[0.353s] -- Up-to-date symlink: /home/shiven/colcon_ws/install/rtabmap_msgs/include/rtabmap_msgs/msg/detail/global_descriptor__rosidl_typesupport_fastrtps_cpp.hpp
[0.353s] -- Up-to-date symlink: /home/shiven/colcon_ws/install/rtabmap_msgs/include/rtabmap_msgs/msg/detail/goal__rosidl_typesupport_fastrtps_cpp.hpp
[0.353s] -- Up-to-date symlink: /home/shiven/colcon_ws/install/rtabmap_msgs/include/rtabmap_msgs/msg/detail/gps__rosidl_typesupport_fastrtps_cpp.hpp
[0.354s] -- Up-to-date symlink: /home/shiven/colcon_ws/install/rtabmap_msgs/include/rtabmap_msgs/msg/detail/info__rosidl_typesupport_fastrtps_cpp.hpp
[0.354s] -- Up-to-date symlink: /home/shiven/colcon_ws/install/rtabmap_msgs/include/rtabmap_msgs/msg/detail/key_point__rosidl_typesupport_fastrtps_cpp.hpp
[0.354s] -- Up-to-date symlink: /home/shiven/colcon_ws/install/rtabmap_msgs/include/rtabmap_msgs/msg/detail/landmark_detection__rosidl_typesupport_fastrtps_cpp.hpp
[0.354s] -- Up-to-date symlink: /home/shiven/colcon_ws/install/rtabmap_msgs/include/rtabmap_msgs/msg/detail/landmark_detections__rosidl_typesupport_fastrtps_cpp.hpp
[0.354s] -- Up-to-date symlink: /home/shiven/colcon_ws/install/rtabmap_msgs/include/rtabmap_msgs/msg/detail/link__rosidl_typesupport_fastrtps_cpp.hpp
[0.354s] -- Up-to-date symlink: /home/shiven/colcon_ws/install/rtabmap_msgs/include/rtabmap_msgs/msg/detail/map_data__rosidl_typesupport_fastrtps_cpp.hpp
[0.354s] -- Up-to-date symlink: /home/shiven/colcon_ws/install/rtabmap_msgs/include/rtabmap_msgs/msg/detail/map_graph__rosidl_typesupport_fastrtps_cpp.hpp
[0.354s] -- Up-to-date symlink: /home/shiven/colcon_ws/install/rtabmap_msgs/include/rtabmap_msgs/msg/detail/node__rosidl_typesupport_fastrtps_cpp.hpp
[0.354s] -- Up-to-date symlink: /home/shiven/colcon_ws/install/rtabmap_msgs/include/rtabmap_msgs/msg/detail/odom_info__rosidl_typesupport_fastrtps_cpp.hpp
[0.354s] -- Up-to-date symlink: /home/shiven/colcon_ws/install/rtabmap_msgs/include/rtabmap_msgs/msg/detail/path__rosidl_typesupport_fastrtps_cpp.hpp
[0.354s] -- Up-to-date symlink: /home/shiven/colcon_ws/install/rtabmap_msgs/include/rtabmap_msgs/msg/detail/point2f__rosidl_typesupport_fastrtps_cpp.hpp
[0.354s] -- Up-to-date symlink: /home/shiven/colcon_ws/install/rtabmap_msgs/include/rtabmap_msgs/msg/detail/point3f__rosidl_typesupport_fastrtps_cpp.hpp
[0.354s] -- Up-to-date symlink: /home/shiven/colcon_ws/install/rtabmap_msgs/include/rtabmap_msgs/msg/detail/rgbd_image__rosidl_typesupport_fastrtps_cpp.hpp
[0.354s] -- Up-to-date symlink: /home/shiven/colcon_ws/install/rtabmap_msgs/include/rtabmap_msgs/msg/detail/rgbd_images__rosidl_typesupport_fastrtps_cpp.hpp
[0.354s] -- Up-to-date symlink: /home/shiven/colcon_ws/install/rtabmap_msgs/include/rtabmap_msgs/msg/detail/scan_descriptor__rosidl_typesupport_fastrtps_cpp.hpp
[0.354s] -- Up-to-date symlink: /home/shiven/colcon_ws/install/rtabmap_msgs/include/rtabmap_msgs/msg/detail/sensor_data__rosidl_typesupport_fastrtps_cpp.hpp
[0.354s] -- Up-to-date symlink: /home/shiven/colcon_ws/install/rtabmap_msgs/include/rtabmap_msgs/msg/detail/user_data__rosidl_typesupport_fastrtps_cpp.hpp
[0.354s] -- Up-to-date symlink: /home/shiven/colcon_ws/install/rtabmap_msgs/include/rtabmap_msgs/msg/rosidl_typesupport_fastrtps_cpp__visibility_control.h
[0.354s] -- Up-to-date symlink: /home/shiven/colcon_ws/install/rtabmap_msgs/include/rtabmap_msgs/srv/detail/add_link__rosidl_typesupport_fastrtps_cpp.hpp
[0.355s] -- Up-to-date symlink: /home/shiven/colcon_ws/install/rtabmap_msgs/include/rtabmap_msgs/srv/detail/cleanup_local_grids__rosidl_typesupport_fastrtps_cpp.hpp
[0.355s] -- Up-to-date symlink: /home/shiven/colcon_ws/install/rtabmap_msgs/include/rtabmap_msgs/srv/detail/detect_more_loop_closures__rosidl_typesupport_fastrtps_cpp.hpp
[0.355s] -- Up-to-date symlink: /home/shiven/colcon_ws/install/rtabmap_msgs/include/rtabmap_msgs/srv/detail/get_map2__rosidl_typesupport_fastrtps_cpp.hpp
[0.355s] -- Up-to-date symlink: /home/shiven/colcon_ws/install/rtabmap_msgs/include/rtabmap_msgs/srv/detail/get_map__rosidl_typesupport_fastrtps_cpp.hpp
[0.355s] -- Up-to-date symlink: /home/shiven/colcon_ws/install/rtabmap_msgs/include/rtabmap_msgs/srv/detail/get_node_data__rosidl_typesupport_fastrtps_cpp.hpp
[0.355s] -- Up-to-date symlink: /home/shiven/colcon_ws/install/rtabmap_msgs/include/rtabmap_msgs/srv/detail/get_nodes_in_radius__rosidl_typesupport_fastrtps_cpp.hpp
[0.355s] -- Up-to-date symlink: /home/shiven/colcon_ws/install/rtabmap_msgs/include/rtabmap_msgs/srv/detail/get_plan__rosidl_typesupport_fastrtps_cpp.hpp
[0.355s] -- Up-to-date symlink: /home/shiven/colcon_ws/install/rtabmap_msgs/include/rtabmap_msgs/srv/detail/global_bundle_adjustment__rosidl_typesupport_fastrtps_cpp.hpp
[0.355s] -- Up-to-date symlink: /home/shiven/colcon_ws/install/rtabmap_msgs/include/rtabmap_msgs/srv/detail/list_labels__rosidl_typesupport_fastrtps_cpp.hpp
[0.355s] -- Up-to-date symlink: /home/shiven/colcon_ws/install/rtabmap_msgs/include/rtabmap_msgs/srv/detail/load_database__rosidl_typesupport_fastrtps_cpp.hpp
[0.355s] -- Up-to-date symlink: /home/shiven/colcon_ws/install/rtabmap_msgs/include/rtabmap_msgs/srv/detail/publish_map__rosidl_typesupport_fastrtps_cpp.hpp
[0.355s] -- Up-to-date symlink: /home/shiven/colcon_ws/install/rtabmap_msgs/include/rtabmap_msgs/srv/detail/remove_label__rosidl_typesupport_fastrtps_cpp.hpp
[0.355s] -- Up-to-date symlink: /home/shiven/colcon_ws/install/rtabmap_msgs/include/rtabmap_msgs/srv/detail/reset_pose__rosidl_typesupport_fastrtps_cpp.hpp
[0.355s] -- Up-to-date symlink: /home/shiven/colcon_ws/install/rtabmap_msgs/include/rtabmap_msgs/srv/detail/set_goal__rosidl_typesupport_fastrtps_cpp.hpp
[0.355s] -- Up-to-date symlink: /home/shiven/colcon_ws/install/rtabmap_msgs/include/rtabmap_msgs/srv/detail/set_label__rosidl_typesupport_fastrtps_cpp.hpp
[0.355s] -- Up-to-date symlink: /home/shiven/colcon_ws/install/rtabmap_msgs/lib/librtabmap_msgs__rosidl_typesupport_fastrtps_cpp.so
[0.356s] -- Up-to-date symlink: /home/shiven/colcon_ws/install/rtabmap_msgs/include/rtabmap_msgs/msg/detail/camera_model__rosidl_typesupport_introspection_c.h
[0.356s] -- Up-to-date symlink: /home/shiven/colcon_ws/install/rtabmap_msgs/include/rtabmap_msgs/msg/detail/camera_models__rosidl_typesupport_introspection_c.h
[0.356s] -- Up-to-date symlink: /home/shiven/colcon_ws/install/rtabmap_msgs/include/rtabmap_msgs/msg/detail/env_sensor__rosidl_typesupport_introspection_c.h
[0.356s] -- Up-to-date symlink: /home/shiven/colcon_ws/install/rtabmap_msgs/include/rtabmap_msgs/msg/detail/global_descriptor__rosidl_typesupport_introspection_c.h
[0.356s] -- Up-to-date symlink: /home/shiven/colcon_ws/install/rtabmap_msgs/include/rtabmap_msgs/msg/detail/goal__rosidl_typesupport_introspection_c.h
[0.356s] -- Up-to-date symlink: /home/shiven/colcon_ws/install/rtabmap_msgs/include/rtabmap_msgs/msg/detail/gps__rosidl_typesupport_introspection_c.h
[0.356s] -- Up-to-date symlink: /home/shiven/colcon_ws/install/rtabmap_msgs/include/rtabmap_msgs/msg/detail/info__rosidl_typesupport_introspection_c.h
[0.356s] -- Up-to-date symlink: /home/shiven/colcon_ws/install/rtabmap_msgs/include/rtabmap_msgs/msg/detail/key_point__rosidl_typesupport_introspection_c.h
[0.356s] -- Up-to-date symlink: /home/shiven/colcon_ws/install/rtabmap_msgs/include/rtabmap_msgs/msg/detail/landmark_detection__rosidl_typesupport_introspection_c.h
[0.356s] -- Up-to-date symlink: /home/shiven/colcon_ws/install/rtabmap_msgs/include/rtabmap_msgs/msg/detail/landmark_detections__rosidl_typesupport_introspection_c.h
[0.356s] -- Up-to-date symlink: /home/shiven/colcon_ws/install/rtabmap_msgs/include/rtabmap_msgs/msg/detail/link__rosidl_typesupport_introspection_c.h
[0.356s] -- Up-to-date symlink: /home/shiven/colcon_ws/install/rtabmap_msgs/include/rtabmap_msgs/msg/detail/map_data__rosidl_typesupport_introspection_c.h
[0.356s] -- Up-to-date symlink: /home/shiven/colcon_ws/install/rtabmap_msgs/include/rtabmap_msgs/msg/detail/map_graph__rosidl_typesupport_introspection_c.h
[0.356s] -- Up-to-date symlink: /home/shiven/colcon_ws/install/rtabmap_msgs/include/rtabmap_msgs/msg/detail/node__rosidl_typesupport_introspection_c.h
[0.357s] -- Up-to-date symlink: /home/shiven/colcon_ws/install/rtabmap_msgs/include/rtabmap_msgs/msg/detail/odom_info__rosidl_typesupport_introspection_c.h
[0.357s] -- Up-to-date symlink: /home/shiven/colcon_ws/install/rtabmap_msgs/include/rtabmap_msgs/msg/detail/path__rosidl_typesupport_introspection_c.h
[0.357s] -- Up-to-date symlink: /home/shiven/colcon_ws/install/rtabmap_msgs/include/rtabmap_msgs/msg/detail/point2f__rosidl_typesupport_introspection_c.h
[0.357s] -- Up-to-date symlink: /home/shiven/colcon_ws/install/rtabmap_msgs/include/rtabmap_msgs/msg/detail/point3f__rosidl_typesupport_introspection_c.h
[0.357s] -- Up-to-date symlink: /home/shiven/colcon_ws/install/rtabmap_msgs/include/rtabmap_msgs/msg/detail/rgbd_image__rosidl_typesupport_introspection_c.h
[0.357s] -- Up-to-date symlink: /home/shiven/colcon_ws/install/rtabmap_msgs/include/rtabmap_msgs/msg/detail/rgbd_images__rosidl_typesupport_introspection_c.h
[0.357s] -- Up-to-date symlink: /home/shiven/colcon_ws/install/rtabmap_msgs/include/rtabmap_msgs/msg/detail/scan_descriptor__rosidl_typesupport_introspection_c.h
[0.357s] -- Up-to-date symlink: /home/shiven/colcon_ws/install/rtabmap_msgs/include/rtabmap_msgs/msg/detail/sensor_data__rosidl_typesupport_introspection_c.h
[0.357s] -- Up-to-date symlink: /home/shiven/colcon_ws/install/rtabmap_msgs/include/rtabmap_msgs/msg/detail/user_data__rosidl_typesupport_introspection_c.h
[0.357s] -- Up-to-date symlink: /home/shiven/colcon_ws/install/rtabmap_msgs/include/rtabmap_msgs/msg/rosidl_typesupport_introspection_c__visibility_control.h
[0.357s] -- Up-to-date symlink: /home/shiven/colcon_ws/install/rtabmap_msgs/include/rtabmap_msgs/srv/detail/add_link__rosidl_typesupport_introspection_c.h
[0.358s] -- Up-to-date symlink: /home/shiven/colcon_ws/install/rtabmap_msgs/include/rtabmap_msgs/srv/detail/cleanup_local_grids__rosidl_typesupport_introspection_c.h
[0.358s] -- Up-to-date symlink: /home/shiven/colcon_ws/install/rtabmap_msgs/include/rtabmap_msgs/srv/detail/detect_more_loop_closures__rosidl_typesupport_introspection_c.h
[0.358s] -- Up-to-date symlink: /home/shiven/colcon_ws/install/rtabmap_msgs/include/rtabmap_msgs/srv/detail/get_map2__rosidl_typesupport_introspection_c.h
[0.358s] -- Up-to-date symlink: /home/shiven/colcon_ws/install/rtabmap_msgs/include/rtabmap_msgs/srv/detail/get_map__rosidl_typesupport_introspection_c.h
[0.358s] -- Up-to-date symlink: /home/shiven/colcon_ws/install/rtabmap_msgs/include/rtabmap_msgs/srv/detail/get_node_data__rosidl_typesupport_introspection_c.h
[0.358s] -- Up-to-date symlink: /home/shiven/colcon_ws/install/rtabmap_msgs/include/rtabmap_msgs/srv/detail/get_nodes_in_radius__rosidl_typesupport_introspection_c.h
[0.358s] -- Up-to-date symlink: /home/shiven/colcon_ws/install/rtabmap_msgs/include/rtabmap_msgs/srv/detail/get_plan__rosidl_typesupport_introspection_c.h
[0.358s] -- Up-to-date symlink: /home/shiven/colcon_ws/install/rtabmap_msgs/include/rtabmap_msgs/srv/detail/global_bundle_adjustment__rosidl_typesupport_introspection_c.h
[0.358s] -- Up-to-date symlink: /home/shiven/colcon_ws/install/rtabmap_msgs/include/rtabmap_msgs/srv/detail/list_labels__rosidl_typesupport_introspection_c.h
[0.358s] -- Up-to-date symlink: /home/shiven/colcon_ws/install/rtabmap_msgs/include/rtabmap_msgs/srv/detail/load_database__rosidl_typesupport_introspection_c.h
[0.358s] -- Up-to-date symlink: /home/shiven/colcon_ws/install/rtabmap_msgs/include/rtabmap_msgs/srv/detail/publish_map__rosidl_typesupport_introspection_c.h
[0.358s] -- Up-to-date symlink: /home/shiven/colcon_ws/install/rtabmap_msgs/include/rtabmap_msgs/srv/detail/remove_label__rosidl_typesupport_introspection_c.h
[0.358s] -- Up-to-date symlink: /home/shiven/colcon_ws/install/rtabmap_msgs/include/rtabmap_msgs/srv/detail/reset_pose__rosidl_typesupport_introspection_c.h
[0.358s] -- Up-to-date symlink: /home/shiven/colcon_ws/install/rtabmap_msgs/include/rtabmap_msgs/srv/detail/set_goal__rosidl_typesupport_introspection_c.h
[0.358s] -- Up-to-date symlink: /home/shiven/colcon_ws/install/rtabmap_msgs/include/rtabmap_msgs/srv/detail/set_label__rosidl_typesupport_introspection_c.h
[0.359s] -- Up-to-date symlink: /home/shiven/colcon_ws/install/rtabmap_msgs/include/rtabmap_msgs/msg/camera_model.hpp
[0.359s] -- Up-to-date symlink: /home/shiven/colcon_ws/install/rtabmap_msgs/include/rtabmap_msgs/msg/camera_models.hpp
[0.359s] -- Up-to-date symlink: /home/shiven/colcon_ws/install/rtabmap_msgs/include/rtabmap_msgs/msg/detail/camera_model__builder.hpp
[0.359s] -- Up-to-date symlink: /home/shiven/colcon_ws/install/rtabmap_msgs/include/rtabmap_msgs/msg/detail/camera_model__struct.hpp
[0.359s] -- Up-to-date symlink: /home/shiven/colcon_ws/install/rtabmap_msgs/include/rtabmap_msgs/msg/detail/camera_model__traits.hpp
[0.359s] -- Up-to-date symlink: /home/shiven/colcon_ws/install/rtabmap_msgs/include/rtabmap_msgs/msg/detail/camera_model__type_support.hpp
[0.359s] -- Up-to-date symlink: /home/shiven/colcon_ws/install/rtabmap_msgs/include/rtabmap_msgs/msg/detail/camera_models__builder.hpp
[0.359s] -- Up-to-date symlink: /home/shiven/colcon_ws/install/rtabmap_msgs/include/rtabmap_msgs/msg/detail/camera_models__struct.hpp
[0.359s] -- Up-to-date symlink: /home/shiven/colcon_ws/install/rtabmap_msgs/include/rtabmap_msgs/msg/detail/camera_models__traits.hpp
[0.359s] -- Up-to-date symlink: /home/shiven/colcon_ws/install/rtabmap_msgs/include/rtabmap_msgs/msg/detail/camera_models__type_support.hpp
[0.359s] -- Up-to-date symlink: /home/shiven/colcon_ws/install/rtabmap_msgs/include/rtabmap_msgs/msg/detail/env_sensor__builder.hpp
[0.359s] -- Up-to-date symlink: /home/shiven/colcon_ws/install/rtabmap_msgs/include/rtabmap_msgs/msg/detail/env_sensor__struct.hpp
[0.359s] -- Up-to-date symlink: /home/shiven/colcon_ws/install/rtabmap_msgs/include/rtabmap_msgs/msg/detail/env_sensor__traits.hpp
[0.359s] -- Up-to-date symlink: /home/shiven/colcon_ws/install/rtabmap_msgs/include/rtabmap_msgs/msg/detail/env_sensor__type_support.hpp
[0.359s] -- Up-to-date symlink: /home/shiven/colcon_ws/install/rtabmap_msgs/include/rtabmap_msgs/msg/detail/global_descriptor__builder.hpp
[0.360s] -- Up-to-date symlink: /home/shiven/colcon_ws/install/rtabmap_msgs/include/rtabmap_msgs/msg/detail/global_descriptor__struct.hpp
[0.360s] -- Up-to-date symlink: /home/shiven/colcon_ws/install/rtabmap_msgs/include/rtabmap_msgs/msg/detail/global_descriptor__traits.hpp
[0.360s] -- Up-to-date symlink: /home/shiven/colcon_ws/install/rtabmap_msgs/include/rtabmap_msgs/msg/detail/global_descriptor__type_support.hpp
[0.360s] -- Up-to-date symlink: /home/shiven/colcon_ws/install/rtabmap_msgs/include/rtabmap_msgs/msg/detail/goal__builder.hpp
[0.360s] -- Up-to-date symlink: /home/shiven/colcon_ws/install/rtabmap_msgs/include/rtabmap_msgs/msg/detail/goal__struct.hpp
[0.360s] -- Up-to-date symlink: /home/shiven/colcon_ws/install/rtabmap_msgs/include/rtabmap_msgs/msg/detail/goal__traits.hpp
[0.360s] -- Up-to-date symlink: /home/shiven/colcon_ws/install/rtabmap_msgs/include/rtabmap_msgs/msg/detail/goal__type_support.hpp
[0.360s] -- Up-to-date symlink: /home/shiven/colcon_ws/install/rtabmap_msgs/include/rtabmap_msgs/msg/detail/gps__builder.hpp
[0.360s] -- Up-to-date symlink: /home/shiven/colcon_ws/install/rtabmap_msgs/include/rtabmap_msgs/msg/detail/gps__struct.hpp
[0.360s] -- Up-to-date symlink: /home/shiven/colcon_ws/install/rtabmap_msgs/include/rtabmap_msgs/msg/detail/gps__traits.hpp
[0.360s] -- Up-to-date symlink: /home/shiven/colcon_ws/install/rtabmap_msgs/include/rtabmap_msgs/msg/detail/gps__type_support.hpp
[0.360s] -- Up-to-date symlink: /home/shiven/colcon_ws/install/rtabmap_msgs/include/rtabmap_msgs/msg/detail/info__builder.hpp
[0.360s] -- Up-to-date symlink: /home/shiven/colcon_ws/install/rtabmap_msgs/include/rtabmap_msgs/msg/detail/info__struct.hpp
[0.360s] -- Up-to-date symlink: /home/shiven/colcon_ws/install/rtabmap_msgs/include/rtabmap_msgs/msg/detail/info__traits.hpp
[0.360s] -- Up-to-date symlink: /home/shiven/colcon_ws/install/rtabmap_msgs/include/rtabmap_msgs/msg/detail/info__type_support.hpp
[0.360s] -- Up-to-date symlink: /home/shiven/colcon_ws/install/rtabmap_msgs/include/rtabmap_msgs/msg/detail/key_point__builder.hpp
[0.360s] -- Up-to-date symlink: /home/shiven/colcon_ws/install/rtabmap_msgs/include/rtabmap_msgs/msg/detail/key_point__struct.hpp
[0.360s] -- Up-to-date symlink: /home/shiven/colcon_ws/install/rtabmap_msgs/include/rtabmap_msgs/msg/detail/key_point__traits.hpp
[0.360s] -- Up-to-date symlink: /home/shiven/colcon_ws/install/rtabmap_msgs/include/rtabmap_msgs/msg/detail/key_point__type_support.hpp
[0.361s] -- Up-to-date symlink: /home/shiven/colcon_ws/install/rtabmap_msgs/include/rtabmap_msgs/msg/detail/landmark_detection__builder.hpp
[0.361s] -- Up-to-date symlink: /home/shiven/colcon_ws/install/rtabmap_msgs/include/rtabmap_msgs/msg/detail/landmark_detection__struct.hpp
[0.361s] -- Up-to-date symlink: /home/shiven/colcon_ws/install/rtabmap_msgs/include/rtabmap_msgs/msg/detail/landmark_detection__traits.hpp
[0.361s] -- Up-to-date symlink: /home/shiven/colcon_ws/install/rtabmap_msgs/include/rtabmap_msgs/msg/detail/landmark_detection__type_support.hpp
[0.361s] -- Up-to-date symlink: /home/shiven/colcon_ws/install/rtabmap_msgs/include/rtabmap_msgs/msg/detail/landmark_detections__builder.hpp
[0.361s] -- Up-to-date symlink: /home/shiven/colcon_ws/install/rtabmap_msgs/include/rtabmap_msgs/msg/detail/landmark_detections__struct.hpp
[0.361s] -- Up-to-date symlink: /home/shiven/colcon_ws/install/rtabmap_msgs/include/rtabmap_msgs/msg/detail/landmark_detections__traits.hpp
[0.361s] -- Up-to-date symlink: /home/shiven/colcon_ws/install/rtabmap_msgs/include/rtabmap_msgs/msg/detail/landmark_detections__type_support.hpp
[0.361s] -- Up-to-date symlink: /home/shiven/colcon_ws/install/rtabmap_msgs/include/rtabmap_msgs/msg/detail/link__builder.hpp
[0.361s] -- Up-to-date symlink: /home/shiven/colcon_ws/install/rtabmap_msgs/include/rtabmap_msgs/msg/detail/link__struct.hpp
[0.361s] -- Up-to-date symlink: /home/shiven/colcon_ws/install/rtabmap_msgs/include/rtabmap_msgs/msg/detail/link__traits.hpp
[0.361s] -- Up-to-date symlink: /home/shiven/colcon_ws/install/rtabmap_msgs/include/rtabmap_msgs/msg/detail/link__type_support.hpp
[0.361s] -- Up-to-date symlink: /home/shiven/colcon_ws/install/rtabmap_msgs/include/rtabmap_msgs/msg/detail/map_data__builder.hpp
[0.361s] -- Up-to-date symlink: /home/shiven/colcon_ws/install/rtabmap_msgs/include/rtabmap_msgs/msg/detail/map_data__struct.hpp
[0.361s] -- Up-to-date symlink: /home/shiven/colcon_ws/install/rtabmap_msgs/include/rtabmap_msgs/msg/detail/map_data__traits.hpp
[0.361s] -- Up-to-date symlink: /home/shiven/colcon_ws/install/rtabmap_msgs/include/rtabmap_msgs/msg/detail/map_data__type_support.hpp
[0.361s] -- Up-to-date symlink: /home/shiven/colcon_ws/install/rtabmap_msgs/include/rtabmap_msgs/msg/detail/map_graph__builder.hpp
[0.361s] -- Up-to-date symlink: /home/shiven/colcon_ws/install/rtabmap_msgs/include/rtabmap_msgs/msg/detail/map_graph__struct.hpp
[0.361s] -- Up-to-date symlink: /home/shiven/colcon_ws/install/rtabmap_msgs/include/rtabmap_msgs/msg/detail/map_graph__traits.hpp
[0.362s] -- Up-to-date symlink: /home/shiven/colcon_ws/install/rtabmap_msgs/include/rtabmap_msgs/msg/detail/map_graph__type_support.hpp
[0.362s] -- Up-to-date symlink: /home/shiven/colcon_ws/install/rtabmap_msgs/include/rtabmap_msgs/msg/detail/node__builder.hpp
[0.362s] -- Up-to-date symlink: /home/shiven/colcon_ws/install/rtabmap_msgs/include/rtabmap_msgs/msg/detail/node__struct.hpp
[0.362s] -- Up-to-date symlink: /home/shiven/colcon_ws/install/rtabmap_msgs/include/rtabmap_msgs/msg/detail/node__traits.hpp
[0.362s] -- Up-to-date symlink: /home/shiven/colcon_ws/install/rtabmap_msgs/include/rtabmap_msgs/msg/detail/node__type_support.hpp
[0.362s] -- Up-to-date symlink: /home/shiven/colcon_ws/install/rtabmap_msgs/include/rtabmap_msgs/msg/detail/odom_info__builder.hpp
[0.362s] -- Up-to-date symlink: /home/shiven/colcon_ws/install/rtabmap_msgs/include/rtabmap_msgs/msg/detail/odom_info__struct.hpp
[0.362s] -- Up-to-date symlink: /home/shiven/colcon_ws/install/rtabmap_msgs/include/rtabmap_msgs/msg/detail/odom_info__traits.hpp
[0.362s] -- Up-to-date symlink: /home/shiven/colcon_ws/install/rtabmap_msgs/include/rtabmap_msgs/msg/detail/odom_info__type_support.hpp
[0.362s] -- Up-to-date symlink: /home/shiven/colcon_ws/install/rtabmap_msgs/include/rtabmap_msgs/msg/detail/path__builder.hpp
[0.362s] -- Up-to-date symlink: /home/shiven/colcon_ws/install/rtabmap_msgs/include/rtabmap_msgs/msg/detail/path__struct.hpp
[0.362s] -- Up-to-date symlink: /home/shiven/colcon_ws/install/rtabmap_msgs/include/rtabmap_msgs/msg/detail/path__traits.hpp
[0.362s] -- Up-to-date symlink: /home/shiven/colcon_ws/install/rtabmap_msgs/include/rtabmap_msgs/msg/detail/path__type_support.hpp
[0.362s] -- Up-to-date symlink: /home/shiven/colcon_ws/install/rtabmap_msgs/include/rtabmap_msgs/msg/detail/point2f__builder.hpp
[0.362s] -- Up-to-date symlink: /home/shiven/colcon_ws/install/rtabmap_msgs/include/rtabmap_msgs/msg/detail/point2f__struct.hpp
[0.362s] -- Up-to-date symlink: /home/shiven/colcon_ws/install/rtabmap_msgs/include/rtabmap_msgs/msg/detail/point2f__traits.hpp
[0.362s] -- Up-to-date symlink: /home/shiven/colcon_ws/install/rtabmap_msgs/include/rtabmap_msgs/msg/detail/point2f__type_support.hpp
[0.362s] -- Up-to-date symlink: /home/shiven/colcon_ws/install/rtabmap_msgs/include/rtabmap_msgs/msg/detail/point3f__builder.hpp
[0.362s] -- Up-to-date symlink: /home/shiven/colcon_ws/install/rtabmap_msgs/include/rtabmap_msgs/msg/detail/point3f__struct.hpp
[0.363s] -- Up-to-date symlink: /home/shiven/colcon_ws/install/rtabmap_msgs/include/rtabmap_msgs/msg/detail/point3f__traits.hpp
[0.363s] -- Up-to-date symlink: /home/shiven/colcon_ws/install/rtabmap_msgs/include/rtabmap_msgs/msg/detail/point3f__type_support.hpp
[0.363s] -- Up-to-date symlink: /home/shiven/colcon_ws/install/rtabmap_msgs/include/rtabmap_msgs/msg/detail/rgbd_image__builder.hpp
[0.363s] -- Up-to-date symlink: /home/shiven/colcon_ws/install/rtabmap_msgs/include/rtabmap_msgs/msg/detail/rgbd_image__struct.hpp
[0.363s] -- Up-to-date symlink: /home/shiven/colcon_ws/install/rtabmap_msgs/include/rtabmap_msgs/msg/detail/rgbd_image__traits.hpp
[0.363s] -- Up-to-date symlink: /home/shiven/colcon_ws/install/rtabmap_msgs/include/rtabmap_msgs/msg/detail/rgbd_image__type_support.hpp
[0.363s] -- Up-to-date symlink: /home/shiven/colcon_ws/install/rtabmap_msgs/include/rtabmap_msgs/msg/detail/rgbd_images__builder.hpp
[0.363s] -- Up-to-date symlink: /home/shiven/colcon_ws/install/rtabmap_msgs/include/rtabmap_msgs/msg/detail/rgbd_images__struct.hpp
[0.363s] -- Up-to-date symlink: /home/shiven/colcon_ws/install/rtabmap_msgs/include/rtabmap_msgs/msg/detail/rgbd_images__traits.hpp
[0.363s] -- Up-to-date symlink: /home/shiven/colcon_ws/install/rtabmap_msgs/include/rtabmap_msgs/msg/detail/rgbd_images__type_support.hpp
[0.363s] -- Up-to-date symlink: /home/shiven/colcon_ws/install/rtabmap_msgs/include/rtabmap_msgs/msg/detail/scan_descriptor__builder.hpp
[0.363s] -- Up-to-date symlink: /home/shiven/colcon_ws/install/rtabmap_msgs/include/rtabmap_msgs/msg/detail/scan_descriptor__struct.hpp
[0.363s] -- Up-to-date symlink: /home/shiven/colcon_ws/install/rtabmap_msgs/include/rtabmap_msgs/msg/detail/scan_descriptor__traits.hpp
[0.363s] -- Up-to-date symlink: /home/shiven/colcon_ws/install/rtabmap_msgs/include/rtabmap_msgs/msg/detail/scan_descriptor__type_support.hpp
[0.363s] -- Up-to-date symlink: /home/shiven/colcon_ws/install/rtabmap_msgs/include/rtabmap_msgs/msg/detail/sensor_data__builder.hpp
[0.363s] -- Up-to-date symlink: /home/shiven/colcon_ws/install/rtabmap_msgs/include/rtabmap_msgs/msg/detail/sensor_data__struct.hpp
[0.363s] -- Up-to-date symlink: /home/shiven/colcon_ws/install/rtabmap_msgs/include/rtabmap_msgs/msg/detail/sensor_data__traits.hpp
[0.363s] -- Up-to-date symlink: /home/shiven/colcon_ws/install/rtabmap_msgs/include/rtabmap_msgs/msg/detail/sensor_data__type_support.hpp
[0.363s] -- Up-to-date symlink: /home/shiven/colcon_ws/install/rtabmap_msgs/include/rtabmap_msgs/msg/detail/user_data__builder.hpp
[0.363s] -- Up-to-date symlink: /home/shiven/colcon_ws/install/rtabmap_msgs/include/rtabmap_msgs/msg/detail/user_data__struct.hpp
[0.364s] -- Up-to-date symlink: /home/shiven/colcon_ws/install/rtabmap_msgs/include/rtabmap_msgs/msg/detail/user_data__traits.hpp
[0.364s] -- Up-to-date symlink: /home/shiven/colcon_ws/install/rtabmap_msgs/include/rtabmap_msgs/msg/detail/user_data__type_support.hpp
[0.364s] -- Up-to-date symlink: /home/shiven/colcon_ws/install/rtabmap_msgs/include/rtabmap_msgs/msg/env_sensor.hpp
[0.364s] -- Up-to-date symlink: /home/shiven/colcon_ws/install/rtabmap_msgs/include/rtabmap_msgs/msg/global_descriptor.hpp
[0.364s] -- Up-to-date symlink: /home/shiven/colcon_ws/install/rtabmap_msgs/include/rtabmap_msgs/msg/goal.hpp
[0.364s] -- Up-to-date symlink: /home/shiven/colcon_ws/install/rtabmap_msgs/include/rtabmap_msgs/msg/gps.hpp
[0.364s] -- Up-to-date symlink: /home/shiven/colcon_ws/install/rtabmap_msgs/include/rtabmap_msgs/msg/info.hpp
[0.364s] -- Up-to-date symlink: /home/shiven/colcon_ws/install/rtabmap_msgs/include/rtabmap_msgs/msg/key_point.hpp
[0.364s] -- Up-to-date symlink: /home/shiven/colcon_ws/install/rtabmap_msgs/include/rtabmap_msgs/msg/landmark_detection.hpp
[0.364s] -- Up-to-date symlink: /home/shiven/colcon_ws/install/rtabmap_msgs/include/rtabmap_msgs/msg/landmark_detections.hpp
[0.364s] -- Up-to-date symlink: /home/shiven/colcon_ws/install/rtabmap_msgs/include/rtabmap_msgs/msg/link.hpp
[0.364s] -- Up-to-date symlink: /home/shiven/colcon_ws/install/rtabmap_msgs/include/rtabmap_msgs/msg/map_data.hpp
[0.364s] -- Up-to-date symlink: /home/shiven/colcon_ws/install/rtabmap_msgs/include/rtabmap_msgs/msg/map_graph.hpp
[0.364s] -- Up-to-date symlink: /home/shiven/colcon_ws/install/rtabmap_msgs/include/rtabmap_msgs/msg/node.hpp
[0.364s] -- Up-to-date symlink: /home/shiven/colcon_ws/install/rtabmap_msgs/include/rtabmap_msgs/msg/odom_info.hpp
[0.364s] -- Up-to-date symlink: /home/shiven/colcon_ws/install/rtabmap_msgs/include/rtabmap_msgs/msg/path.hpp
[0.364s] -- Up-to-date symlink: /home/shiven/colcon_ws/install/rtabmap_msgs/include/rtabmap_msgs/msg/point2f.hpp
[0.364s] -- Up-to-date symlink: /home/shiven/colcon_ws/install/rtabmap_msgs/include/rtabmap_msgs/msg/point3f.hpp
[0.364s] -- Up-to-date symlink: /home/shiven/colcon_ws/install/rtabmap_msgs/include/rtabmap_msgs/msg/rgbd_image.hpp
[0.365s] -- Up-to-date symlink: /home/shiven/colcon_ws/install/rtabmap_msgs/include/rtabmap_msgs/msg/rgbd_images.hpp
[0.365s] -- Up-to-date symlink: /home/shiven/colcon_ws/install/rtabmap_msgs/include/rtabmap_msgs/msg/rosidl_generator_cpp__visibility_control.hpp
[0.365s] -- Up-to-date symlink: /home/shiven/colcon_ws/install/rtabmap_msgs/include/rtabmap_msgs/msg/scan_descriptor.hpp
[0.365s] -- Up-to-date symlink: /home/shiven/colcon_ws/install/rtabmap_msgs/include/rtabmap_msgs/msg/sensor_data.hpp
[0.365s] -- Up-to-date symlink: /home/shiven/colcon_ws/install/rtabmap_msgs/include/rtabmap_msgs/msg/user_data.hpp
[0.365s] -- Up-to-date symlink: /home/shiven/colcon_ws/install/rtabmap_msgs/include/rtabmap_msgs/srv/add_link.hpp
[0.365s] -- Up-to-date symlink: /home/shiven/colcon_ws/install/rtabmap_msgs/include/rtabmap_msgs/srv/cleanup_local_grids.hpp
[0.365s] -- Up-to-date symlink: /home/shiven/colcon_ws/install/rtabmap_msgs/include/rtabmap_msgs/srv/detail/add_link__builder.hpp
[0.365s] -- Up-to-date symlink: /home/shiven/colcon_ws/install/rtabmap_msgs/include/rtabmap_msgs/srv/detail/add_link__struct.hpp
[0.365s] -- Up-to-date symlink: /home/shiven/colcon_ws/install/rtabmap_msgs/include/rtabmap_msgs/srv/detail/add_link__traits.hpp
[0.365s] -- Up-to-date symlink: /home/shiven/colcon_ws/install/rtabmap_msgs/include/rtabmap_msgs/srv/detail/add_link__type_support.hpp
[0.365s] -- Up-to-date symlink: /home/shiven/colcon_ws/install/rtabmap_msgs/include/rtabmap_msgs/srv/detail/cleanup_local_grids__builder.hpp
[0.365s] -- Up-to-date symlink: /home/shiven/colcon_ws/install/rtabmap_msgs/include/rtabmap_msgs/srv/detail/cleanup_local_grids__struct.hpp
[0.365s] -- Up-to-date symlink: /home/shiven/colcon_ws/install/rtabmap_msgs/include/rtabmap_msgs/srv/detail/cleanup_local_grids__traits.hpp
[0.365s] -- Up-to-date symlink: /home/shiven/colcon_ws/install/rtabmap_msgs/include/rtabmap_msgs/srv/detail/cleanup_local_grids__type_support.hpp
[0.365s] -- Up-to-date symlink: /home/shiven/colcon_ws/install/rtabmap_msgs/include/rtabmap_msgs/srv/detail/detect_more_loop_closures__builder.hpp
[0.365s] -- Up-to-date symlink: /home/shiven/colcon_ws/install/rtabmap_msgs/include/rtabmap_msgs/srv/detail/detect_more_loop_closures__struct.hpp
[0.365s] -- Up-to-date symlink: /home/shiven/colcon_ws/install/rtabmap_msgs/include/rtabmap_msgs/srv/detail/detect_more_loop_closures__traits.hpp
[0.365s] -- Up-to-date symlink: /home/shiven/colcon_ws/install/rtabmap_msgs/include/rtabmap_msgs/srv/detail/detect_more_loop_closures__type_support.hpp
[0.366s] -- Up-to-date symlink: /home/shiven/colcon_ws/install/rtabmap_msgs/include/rtabmap_msgs/srv/detail/get_map2__builder.hpp
[0.366s] -- Up-to-date symlink: /home/shiven/colcon_ws/install/rtabmap_msgs/include/rtabmap_msgs/srv/detail/get_map2__struct.hpp
[0.366s] -- Up-to-date symlink: /home/shiven/colcon_ws/install/rtabmap_msgs/include/rtabmap_msgs/srv/detail/get_map2__traits.hpp
[0.366s] -- Up-to-date symlink: /home/shiven/colcon_ws/install/rtabmap_msgs/include/rtabmap_msgs/srv/detail/get_map2__type_support.hpp
[0.366s] -- Up-to-date symlink: /home/shiven/colcon_ws/install/rtabmap_msgs/include/rtabmap_msgs/srv/detail/get_map__builder.hpp
[0.366s] -- Up-to-date symlink: /home/shiven/colcon_ws/install/rtabmap_msgs/include/rtabmap_msgs/srv/detail/get_map__struct.hpp
[0.366s] -- Up-to-date symlink: /home/shiven/colcon_ws/install/rtabmap_msgs/include/rtabmap_msgs/srv/detail/get_map__traits.hpp
[0.366s] -- Up-to-date symlink: /home/shiven/colcon_ws/install/rtabmap_msgs/include/rtabmap_msgs/srv/detail/get_map__type_support.hpp
[0.366s] -- Up-to-date symlink: /home/shiven/colcon_ws/install/rtabmap_msgs/include/rtabmap_msgs/srv/detail/get_node_data__builder.hpp
[0.366s] -- Up-to-date symlink: /home/shiven/colcon_ws/install/rtabmap_msgs/include/rtabmap_msgs/srv/detail/get_node_data__struct.hpp
[0.366s] -- Up-to-date symlink: /home/shiven/colcon_ws/install/rtabmap_msgs/include/rtabmap_msgs/srv/detail/get_node_data__traits.hpp
[0.366s] -- Up-to-date symlink: /home/shiven/colcon_ws/install/rtabmap_msgs/include/rtabmap_msgs/srv/detail/get_node_data__type_support.hpp
[0.366s] -- Up-to-date symlink: /home/shiven/colcon_ws/install/rtabmap_msgs/include/rtabmap_msgs/srv/detail/get_nodes_in_radius__builder.hpp
[0.366s] -- Up-to-date symlink: /home/shiven/colcon_ws/install/rtabmap_msgs/include/rtabmap_msgs/srv/detail/get_nodes_in_radius__struct.hpp
[0.366s] -- Up-to-date symlink: /home/shiven/colcon_ws/install/rtabmap_msgs/include/rtabmap_msgs/srv/detail/get_nodes_in_radius__traits.hpp
[0.366s] -- Up-to-date symlink: /home/shiven/colcon_ws/install/rtabmap_msgs/include/rtabmap_msgs/srv/detail/get_nodes_in_radius__type_support.hpp
[0.366s] -- Up-to-date symlink: /home/shiven/colcon_ws/install/rtabmap_msgs/include/rtabmap_msgs/srv/detail/get_plan__builder.hpp
[0.366s] -- Up-to-date symlink: /home/shiven/colcon_ws/install/rtabmap_msgs/include/rtabmap_msgs/srv/detail/get_plan__struct.hpp
[0.366s] -- Up-to-date symlink: /home/shiven/colcon_ws/install/rtabmap_msgs/include/rtabmap_msgs/srv/detail/get_plan__traits.hpp
[0.366s] -- Up-to-date symlink: /home/shiven/colcon_ws/install/rtabmap_msgs/include/rtabmap_msgs/srv/detail/get_plan__type_support.hpp
[0.367s] -- Up-to-date symlink: /home/shiven/colcon_ws/install/rtabmap_msgs/include/rtabmap_msgs/srv/detail/global_bundle_adjustment__builder.hpp
[0.367s] -- Up-to-date symlink: /home/shiven/colcon_ws/install/rtabmap_msgs/include/rtabmap_msgs/srv/detail/global_bundle_adjustment__struct.hpp
[0.367s] -- Up-to-date symlink: /home/shiven/colcon_ws/install/rtabmap_msgs/include/rtabmap_msgs/srv/detail/global_bundle_adjustment__traits.hpp
[0.367s] -- Up-to-date symlink: /home/shiven/colcon_ws/install/rtabmap_msgs/include/rtabmap_msgs/srv/detail/global_bundle_adjustment__type_support.hpp
[0.367s] -- Up-to-date symlink: /home/shiven/colcon_ws/install/rtabmap_msgs/include/rtabmap_msgs/srv/detail/list_labels__builder.hpp
[0.367s] -- Up-to-date symlink: /home/shiven/colcon_ws/install/rtabmap_msgs/include/rtabmap_msgs/srv/detail/list_labels__struct.hpp
[0.367s] -- Up-to-date symlink: /home/shiven/colcon_ws/install/rtabmap_msgs/include/rtabmap_msgs/srv/detail/list_labels__traits.hpp
[0.367s] -- Up-to-date symlink: /home/shiven/colcon_ws/install/rtabmap_msgs/include/rtabmap_msgs/srv/detail/list_labels__type_support.hpp
[0.367s] -- Up-to-date symlink: /home/shiven/colcon_ws/install/rtabmap_msgs/include/rtabmap_msgs/srv/detail/load_database__builder.hpp
[0.367s] -- Up-to-date symlink: /home/shiven/colcon_ws/install/rtabmap_msgs/include/rtabmap_msgs/srv/detail/load_database__struct.hpp
[0.367s] -- Up-to-date symlink: /home/shiven/colcon_ws/install/rtabmap_msgs/include/rtabmap_msgs/srv/detail/load_database__traits.hpp
[0.367s] -- Up-to-date symlink: /home/shiven/colcon_ws/install/rtabmap_msgs/include/rtabmap_msgs/srv/detail/load_database__type_support.hpp
[0.367s] -- Up-to-date symlink: /home/shiven/colcon_ws/install/rtabmap_msgs/include/rtabmap_msgs/srv/detail/publish_map__builder.hpp
[0.367s] -- Up-to-date symlink: /home/shiven/colcon_ws/install/rtabmap_msgs/include/rtabmap_msgs/srv/detail/publish_map__struct.hpp
[0.367s] -- Up-to-date symlink: /home/shiven/colcon_ws/install/rtabmap_msgs/include/rtabmap_msgs/srv/detail/publish_map__traits.hpp
[0.367s] -- Up-to-date symlink: /home/shiven/colcon_ws/install/rtabmap_msgs/include/rtabmap_msgs/srv/detail/publish_map__type_support.hpp
[0.367s] -- Up-to-date symlink: /home/shiven/colcon_ws/install/rtabmap_msgs/include/rtabmap_msgs/srv/detail/remove_label__builder.hpp
[0.367s] -- Up-to-date symlink: /home/shiven/colcon_ws/install/rtabmap_msgs/include/rtabmap_msgs/srv/detail/remove_label__struct.hpp
[0.367s] -- Up-to-date symlink: /home/shiven/colcon_ws/install/rtabmap_msgs/include/rtabmap_msgs/srv/detail/remove_label__traits.hpp
[0.368s] -- Up-to-date symlink: /home/shiven/colcon_ws/install/rtabmap_msgs/include/rtabmap_msgs/srv/detail/remove_label__type_support.hpp
[0.368s] -- Up-to-date symlink: /home/shiven/colcon_ws/install/rtabmap_msgs/include/rtabmap_msgs/srv/detail/reset_pose__builder.hpp
[0.368s] -- Up-to-date symlink: /home/shiven/colcon_ws/install/rtabmap_msgs/include/rtabmap_msgs/srv/detail/reset_pose__struct.hpp
[0.368s] -- Up-to-date symlink: /home/shiven/colcon_ws/install/rtabmap_msgs/include/rtabmap_msgs/srv/detail/reset_pose__traits.hpp
[0.368s] -- Up-to-date symlink: /home/shiven/colcon_ws/install/rtabmap_msgs/include/rtabmap_msgs/srv/detail/reset_pose__type_support.hpp
[0.368s] -- Up-to-date symlink: /home/shiven/colcon_ws/install/rtabmap_msgs/include/rtabmap_msgs/srv/detail/set_goal__builder.hpp
[0.368s] -- Up-to-date symlink: /home/shiven/colcon_ws/install/rtabmap_msgs/include/rtabmap_msgs/srv/detail/set_goal__struct.hpp
[0.368s] -- Up-to-date symlink: /home/shiven/colcon_ws/install/rtabmap_msgs/include/rtabmap_msgs/srv/detail/set_goal__traits.hpp
[0.368s] -- Up-to-date symlink: /home/shiven/colcon_ws/install/rtabmap_msgs/include/rtabmap_msgs/srv/detail/set_goal__type_support.hpp
[0.368s] -- Up-to-date symlink: /home/shiven/colcon_ws/install/rtabmap_msgs/include/rtabmap_msgs/srv/detail/set_label__builder.hpp
[0.368s] -- Up-to-date symlink: /home/shiven/colcon_ws/install/rtabmap_msgs/include/rtabmap_msgs/srv/detail/set_label__struct.hpp
[0.368s] -- Up-to-date symlink: /home/shiven/colcon_ws/install/rtabmap_msgs/include/rtabmap_msgs/srv/detail/set_label__traits.hpp
[0.368s] -- Up-to-date symlink: /home/shiven/colcon_ws/install/rtabmap_msgs/include/rtabmap_msgs/srv/detail/set_label__type_support.hpp
[0.368s] -- Up-to-date symlink: /home/shiven/colcon_ws/install/rtabmap_msgs/include/rtabmap_msgs/srv/detect_more_loop_closures.hpp
[0.368s] -- Up-to-date symlink: /home/shiven/colcon_ws/install/rtabmap_msgs/include/rtabmap_msgs/srv/get_map.hpp
[0.368s] -- Up-to-date symlink: /home/shiven/colcon_ws/install/rtabmap_msgs/include/rtabmap_msgs/srv/get_map2.hpp
[0.368s] -- Up-to-date symlink: /home/shiven/colcon_ws/install/rtabmap_msgs/include/rtabmap_msgs/srv/get_node_data.hpp
[0.368s] -- Up-to-date symlink: /home/shiven/colcon_ws/install/rtabmap_msgs/include/rtabmap_msgs/srv/get_nodes_in_radius.hpp
[0.368s] -- Up-to-date symlink: /home/shiven/colcon_ws/install/rtabmap_msgs/include/rtabmap_msgs/srv/get_plan.hpp
[0.369s] -- Up-to-date symlink: /home/shiven/colcon_ws/install/rtabmap_msgs/include/rtabmap_msgs/srv/global_bundle_adjustment.hpp
[0.369s] -- Up-to-date symlink: /home/shiven/colcon_ws/install/rtabmap_msgs/include/rtabmap_msgs/srv/list_labels.hpp
[0.369s] -- Up-to-date symlink: /home/shiven/colcon_ws/install/rtabmap_msgs/include/rtabmap_msgs/srv/load_database.hpp
[0.369s] -- Up-to-date symlink: /home/shiven/colcon_ws/install/rtabmap_msgs/include/rtabmap_msgs/srv/publish_map.hpp
[0.369s] -- Up-to-date symlink: /home/shiven/colcon_ws/install/rtabmap_msgs/include/rtabmap_msgs/srv/remove_label.hpp
[0.369s] -- Up-to-date symlink: /home/shiven/colcon_ws/install/rtabmap_msgs/include/rtabmap_msgs/srv/reset_pose.hpp
[0.369s] -- Up-to-date symlink: /home/shiven/colcon_ws/install/rtabmap_msgs/include/rtabmap_msgs/srv/set_goal.hpp
[0.369s] -- Up-to-date symlink: /home/shiven/colcon_ws/install/rtabmap_msgs/include/rtabmap_msgs/srv/set_label.hpp
[0.369s] -- Up-to-date symlink: /home/shiven/colcon_ws/install/rtabmap_msgs/include/rtabmap_msgs/msg/detail/camera_model__rosidl_typesupport_introspection_cpp.hpp
[0.369s] -- Up-to-date symlink: /home/shiven/colcon_ws/install/rtabmap_msgs/include/rtabmap_msgs/msg/detail/camera_models__rosidl_typesupport_introspection_cpp.hpp
[0.369s] -- Up-to-date symlink: /home/shiven/colcon_ws/install/rtabmap_msgs/include/rtabmap_msgs/msg/detail/env_sensor__rosidl_typesupport_introspection_cpp.hpp
[0.369s] -- Up-to-date symlink: /home/shiven/colcon_ws/install/rtabmap_msgs/include/rtabmap_msgs/msg/detail/global_descriptor__rosidl_typesupport_introspection_cpp.hpp
[0.370s] -- Up-to-date symlink: /home/shiven/colcon_ws/install/rtabmap_msgs/include/rtabmap_msgs/msg/detail/goal__rosidl_typesupport_introspection_cpp.hpp
[0.370s] -- Up-to-date symlink: /home/shiven/colcon_ws/install/rtabmap_msgs/include/rtabmap_msgs/msg/detail/gps__rosidl_typesupport_introspection_cpp.hpp
[0.370s] -- Up-to-date symlink: /home/shiven/colcon_ws/install/rtabmap_msgs/include/rtabmap_msgs/msg/detail/info__rosidl_typesupport_introspection_cpp.hpp
[0.370s] -- Up-to-date symlink: /home/shiven/colcon_ws/install/rtabmap_msgs/include/rtabmap_msgs/msg/detail/key_point__rosidl_typesupport_introspection_cpp.hpp
[0.370s] -- Up-to-date symlink: /home/shiven/colcon_ws/install/rtabmap_msgs/include/rtabmap_msgs/msg/detail/landmark_detection__rosidl_typesupport_introspection_cpp.hpp
[0.370s] -- Up-to-date symlink: /home/shiven/colcon_ws/install/rtabmap_msgs/include/rtabmap_msgs/msg/detail/landmark_detections__rosidl_typesupport_introspection_cpp.hpp
[0.370s] -- Up-to-date symlink: /home/shiven/colcon_ws/install/rtabmap_msgs/include/rtabmap_msgs/msg/detail/link__rosidl_typesupport_introspection_cpp.hpp
[0.370s] -- Up-to-date symlink: /home/shiven/colcon_ws/install/rtabmap_msgs/include/rtabmap_msgs/msg/detail/map_data__rosidl_typesupport_introspection_cpp.hpp
[0.370s] -- Up-to-date symlink: /home/shiven/colcon_ws/install/rtabmap_msgs/include/rtabmap_msgs/msg/detail/map_graph__rosidl_typesupport_introspection_cpp.hpp
[0.370s] -- Up-to-date symlink: /home/shiven/colcon_ws/install/rtabmap_msgs/include/rtabmap_msgs/msg/detail/node__rosidl_typesupport_introspection_cpp.hpp
[0.370s] -- Up-to-date symlink: /home/shiven/colcon_ws/install/rtabmap_msgs/include/rtabmap_msgs/msg/detail/odom_info__rosidl_typesupport_introspection_cpp.hpp
[0.370s] -- Up-to-date symlink: /home/shiven/colcon_ws/install/rtabmap_msgs/include/rtabmap_msgs/msg/detail/path__rosidl_typesupport_introspection_cpp.hpp
[0.370s] -- Up-to-date symlink: /home/shiven/colcon_ws/install/rtabmap_msgs/include/rtabmap_msgs/msg/detail/point2f__rosidl_typesupport_introspection_cpp.hpp
[0.370s] -- Up-to-date symlink: /home/shiven/colcon_ws/install/rtabmap_msgs/include/rtabmap_msgs/msg/detail/point3f__rosidl_typesupport_introspection_cpp.hpp
[0.370s] -- Up-to-date symlink: /home/shiven/colcon_ws/install/rtabmap_msgs/include/rtabmap_msgs/msg/detail/rgbd_image__rosidl_typesupport_introspection_cpp.hpp
[0.370s] -- Up-to-date symlink: /home/shiven/colcon_ws/install/rtabmap_msgs/include/rtabmap_msgs/msg/detail/rgbd_images__rosidl_typesupport_introspection_cpp.hpp
[0.370s] -- Up-to-date symlink: /home/shiven/colcon_ws/install/rtabmap_msgs/include/rtabmap_msgs/msg/detail/scan_descriptor__rosidl_typesupport_introspection_cpp.hpp
[0.370s] -- Up-to-date symlink: /home/shiven/colcon_ws/install/rtabmap_msgs/include/rtabmap_msgs/msg/detail/sensor_data__rosidl_typesupport_introspection_cpp.hpp
[0.370s] -- Up-to-date symlink: /home/shiven/colcon_ws/install/rtabmap_msgs/include/rtabmap_msgs/msg/detail/user_data__rosidl_typesupport_introspection_cpp.hpp
[0.371s] -- Up-to-date symlink: /home/shiven/colcon_ws/install/rtabmap_msgs/include/rtabmap_msgs/srv/detail/add_link__rosidl_typesupport_introspection_cpp.hpp
[0.371s] -- Up-to-date symlink: /home/shiven/colcon_ws/install/rtabmap_msgs/include/rtabmap_msgs/srv/detail/cleanup_local_grids__rosidl_typesupport_introspection_cpp.hpp
[0.371s] -- Up-to-date symlink: /home/shiven/colcon_ws/install/rtabmap_msgs/include/rtabmap_msgs/srv/detail/detect_more_loop_closures__rosidl_typesupport_introspection_cpp.hpp
[0.371s] -- Up-to-date symlink: /home/shiven/colcon_ws/install/rtabmap_msgs/include/rtabmap_msgs/srv/detail/get_map2__rosidl_typesupport_introspection_cpp.hpp
[0.371s] -- Up-to-date symlink: /home/shiven/colcon_ws/install/rtabmap_msgs/include/rtabmap_msgs/srv/detail/get_map__rosidl_typesupport_introspection_cpp.hpp
[0.371s] -- Up-to-date symlink: /home/shiven/colcon_ws/install/rtabmap_msgs/include/rtabmap_msgs/srv/detail/get_node_data__rosidl_typesupport_introspection_cpp.hpp
[0.371s] -- Up-to-date symlink: /home/shiven/colcon_ws/install/rtabmap_msgs/include/rtabmap_msgs/srv/detail/get_nodes_in_radius__rosidl_typesupport_introspection_cpp.hpp
[0.371s] -- Up-to-date symlink: /home/shiven/colcon_ws/install/rtabmap_msgs/include/rtabmap_msgs/srv/detail/get_plan__rosidl_typesupport_introspection_cpp.hpp
[0.371s] -- Up-to-date symlink: /home/shiven/colcon_ws/install/rtabmap_msgs/include/rtabmap_msgs/srv/detail/global_bundle_adjustment__rosidl_typesupport_introspection_cpp.hpp
[0.371s] -- Up-to-date symlink: /home/shiven/colcon_ws/install/rtabmap_msgs/include/rtabmap_msgs/srv/detail/list_labels__rosidl_typesupport_introspection_cpp.hpp
[0.371s] -- Up-to-date symlink: /home/shiven/colcon_ws/install/rtabmap_msgs/include/rtabmap_msgs/srv/detail/load_database__rosidl_typesupport_introspection_cpp.hpp
[0.371s] -- Up-to-date symlink: /home/shiven/colcon_ws/install/rtabmap_msgs/include/rtabmap_msgs/srv/detail/publish_map__rosidl_typesupport_introspection_cpp.hpp
[0.371s] -- Up-to-date symlink: /home/shiven/colcon_ws/install/rtabmap_msgs/include/rtabmap_msgs/srv/detail/remove_label__rosidl_typesupport_introspection_cpp.hpp
[0.371s] -- Up-to-date symlink: /home/shiven/colcon_ws/install/rtabmap_msgs/include/rtabmap_msgs/srv/detail/reset_pose__rosidl_typesupport_introspection_cpp.hpp
[0.371s] -- Up-to-date symlink: /home/shiven/colcon_ws/install/rtabmap_msgs/include/rtabmap_msgs/srv/detail/set_goal__rosidl_typesupport_introspection_cpp.hpp
[0.371s] -- Up-to-date symlink: /home/shiven/colcon_ws/install/rtabmap_msgs/include/rtabmap_msgs/srv/detail/set_label__rosidl_typesupport_introspection_cpp.hpp
[0.371s] -- Up-to-date symlink: /home/shiven/colcon_ws/install/rtabmap_msgs/share/rtabmap_msgs/environment/pythonpath.sh
[0.372s] -- Up-to-date symlink: /home/shiven/colcon_ws/install/rtabmap_msgs/share/rtabmap_msgs/environment/pythonpath.dsv
[0.372s] -- Up-to-date symlink: /home/shiven/colcon_ws/install/rtabmap_msgs/lib/python3.8/site-packages/rtabmap_msgs/__init__.py
[0.372s] -- Up-to-date symlink: /home/shiven/colcon_ws/install/rtabmap_msgs/lib/python3.8/site-packages/rtabmap_msgs/msg/__init__.py
[0.372s] -- Up-to-date symlink: /home/shiven/colcon_ws/install/rtabmap_msgs/lib/python3.8/site-packages/rtabmap_msgs/msg/_camera_model.py
[0.372s] -- Up-to-date symlink: /home/shiven/colcon_ws/install/rtabmap_msgs/lib/python3.8/site-packages/rtabmap_msgs/msg/_camera_models.py
[0.372s] -- Up-to-date symlink: /home/shiven/colcon_ws/install/rtabmap_msgs/lib/python3.8/site-packages/rtabmap_msgs/msg/_env_sensor.py
[0.372s] -- Up-to-date symlink: /home/shiven/colcon_ws/install/rtabmap_msgs/lib/python3.8/site-packages/rtabmap_msgs/msg/_global_descriptor.py
[0.372s] -- Up-to-date symlink: /home/shiven/colcon_ws/install/rtabmap_msgs/lib/python3.8/site-packages/rtabmap_msgs/msg/_goal.py
[0.372s] -- Up-to-date symlink: /home/shiven/colcon_ws/install/rtabmap_msgs/lib/python3.8/site-packages/rtabmap_msgs/msg/_gps.py
[0.372s] -- Up-to-date symlink: /home/shiven/colcon_ws/install/rtabmap_msgs/lib/python3.8/site-packages/rtabmap_msgs/msg/_info.py
[0.372s] -- Up-to-date symlink: /home/shiven/colcon_ws/install/rtabmap_msgs/lib/python3.8/site-packages/rtabmap_msgs/msg/_key_point.py
[0.372s] -- Up-to-date symlink: /home/shiven/colcon_ws/install/rtabmap_msgs/lib/python3.8/site-packages/rtabmap_msgs/msg/_landmark_detection.py
[0.372s] -- Up-to-date symlink: /home/shiven/colcon_ws/install/rtabmap_msgs/lib/python3.8/site-packages/rtabmap_msgs/msg/_landmark_detections.py
[0.372s] -- Up-to-date symlink: /home/shiven/colcon_ws/install/rtabmap_msgs/lib/python3.8/site-packages/rtabmap_msgs/msg/_link.py
[0.373s] -- Up-to-date symlink: /home/shiven/colcon_ws/install/rtabmap_msgs/lib/python3.8/site-packages/rtabmap_msgs/msg/_map_data.py
[0.373s] -- Up-to-date symlink: /home/shiven/colcon_ws/install/rtabmap_msgs/lib/python3.8/site-packages/rtabmap_msgs/msg/_map_graph.py
[0.373s] -- Up-to-date symlink: /home/shiven/colcon_ws/install/rtabmap_msgs/lib/python3.8/site-packages/rtabmap_msgs/msg/_node.py
[0.373s] -- Up-to-date symlink: /home/shiven/colcon_ws/install/rtabmap_msgs/lib/python3.8/site-packages/rtabmap_msgs/msg/_odom_info.py
[0.373s] -- Up-to-date symlink: /home/shiven/colcon_ws/install/rtabmap_msgs/lib/python3.8/site-packages/rtabmap_msgs/msg/_path.py
[0.373s] -- Up-to-date symlink: /home/shiven/colcon_ws/install/rtabmap_msgs/lib/python3.8/site-packages/rtabmap_msgs/msg/_point2f.py
[0.373s] -- Up-to-date symlink: /home/shiven/colcon_ws/install/rtabmap_msgs/lib/python3.8/site-packages/rtabmap_msgs/msg/_point3f.py
[0.373s] -- Up-to-date symlink: /home/shiven/colcon_ws/install/rtabmap_msgs/lib/python3.8/site-packages/rtabmap_msgs/msg/_rgbd_image.py
[0.373s] -- Up-to-date symlink: /home/shiven/colcon_ws/install/rtabmap_msgs/lib/python3.8/site-packages/rtabmap_msgs/msg/_rgbd_images.py
[0.373s] -- Up-to-date symlink: /home/shiven/colcon_ws/install/rtabmap_msgs/lib/python3.8/site-packages/rtabmap_msgs/msg/_scan_descriptor.py
[0.373s] -- Up-to-date symlink: /home/shiven/colcon_ws/install/rtabmap_msgs/lib/python3.8/site-packages/rtabmap_msgs/msg/_sensor_data.py
[0.373s] -- Up-to-date symlink: /home/shiven/colcon_ws/install/rtabmap_msgs/lib/python3.8/site-packages/rtabmap_msgs/msg/_user_data.py
[0.373s] -- Up-to-date symlink: /home/shiven/colcon_ws/install/rtabmap_msgs/lib/python3.8/site-packages/rtabmap_msgs/srv/__init__.py
[0.373s] -- Up-to-date symlink: /home/shiven/colcon_ws/install/rtabmap_msgs/lib/python3.8/site-packages/rtabmap_msgs/srv/_add_link.py
[0.373s] -- Up-to-date symlink: /home/shiven/colcon_ws/install/rtabmap_msgs/lib/python3.8/site-packages/rtabmap_msgs/srv/_cleanup_local_grids.py
[0.374s] -- Up-to-date symlink: /home/shiven/colcon_ws/install/rtabmap_msgs/lib/python3.8/site-packages/rtabmap_msgs/srv/_detect_more_loop_closures.py
[0.374s] -- Up-to-date symlink: /home/shiven/colcon_ws/install/rtabmap_msgs/lib/python3.8/site-packages/rtabmap_msgs/srv/_get_map.py
[0.374s] -- Up-to-date symlink: /home/shiven/colcon_ws/install/rtabmap_msgs/lib/python3.8/site-packages/rtabmap_msgs/srv/_get_map2.py
[0.374s] -- Up-to-date symlink: /home/shiven/colcon_ws/install/rtabmap_msgs/lib/python3.8/site-packages/rtabmap_msgs/srv/_get_node_data.py
[0.374s] -- Up-to-date symlink: /home/shiven/colcon_ws/install/rtabmap_msgs/lib/python3.8/site-packages/rtabmap_msgs/srv/_get_nodes_in_radius.py
[0.374s] -- Up-to-date symlink: /home/shiven/colcon_ws/install/rtabmap_msgs/lib/python3.8/site-packages/rtabmap_msgs/srv/_get_plan.py
[0.374s] -- Up-to-date symlink: /home/shiven/colcon_ws/install/rtabmap_msgs/lib/python3.8/site-packages/rtabmap_msgs/srv/_global_bundle_adjustment.py
[0.374s] -- Up-to-date symlink: /home/shiven/colcon_ws/install/rtabmap_msgs/lib/python3.8/site-packages/rtabmap_msgs/srv/_list_labels.py
[0.374s] -- Up-to-date symlink: /home/shiven/colcon_ws/install/rtabmap_msgs/lib/python3.8/site-packages/rtabmap_msgs/srv/_load_database.py
[0.374s] -- Up-to-date symlink: /home/shiven/colcon_ws/install/rtabmap_msgs/lib/python3.8/site-packages/rtabmap_msgs/srv/_publish_map.py
[0.374s] -- Up-to-date symlink: /home/shiven/colcon_ws/install/rtabmap_msgs/lib/python3.8/site-packages/rtabmap_msgs/srv/_remove_label.py
[0.374s] -- Up-to-date symlink: /home/shiven/colcon_ws/install/rtabmap_msgs/lib/python3.8/site-packages/rtabmap_msgs/srv/_reset_pose.py
[0.374s] -- Up-to-date symlink: /home/shiven/colcon_ws/install/rtabmap_msgs/lib/python3.8/site-packages/rtabmap_msgs/srv/_set_goal.py
[0.374s] -- Up-to-date symlink: /home/shiven/colcon_ws/install/rtabmap_msgs/lib/python3.8/site-packages/rtabmap_msgs/srv/_set_label.py
[0.374s] -- Up-to-date symlink: /home/shiven/colcon_ws/install/rtabmap_msgs/lib/python3.8/site-packages/rtabmap_msgs/rtabmap_msgs_s__rosidl_typesupport_fastrtps_c.cpython-38-x86_64-linux-gnu.so
[0.375s] -- Up-to-date symlink: /home/shiven/colcon_ws/install/rtabmap_msgs/lib/python3.8/site-packages/rtabmap_msgs/rtabmap_msgs_s__rosidl_typesupport_introspection_c.cpython-38-x86_64-linux-gnu.so
[0.375s] -- Up-to-date symlink: /home/shiven/colcon_ws/install/rtabmap_msgs/lib/python3.8/site-packages/rtabmap_msgs/rtabmap_msgs_s__rosidl_typesupport_c.cpython-38-x86_64-linux-gnu.so
[0.375s] -- Up-to-date symlink: /home/shiven/colcon_ws/install/rtabmap_msgs/lib/librtabmap_msgs__python.so
[0.375s] -- Up-to-date symlink: /home/shiven/colcon_ws/install/rtabmap_msgs/share/rtabmap_msgs/msg/Info.idl
[0.375s] -- Up-to-date symlink: /home/shiven/colcon_ws/install/rtabmap_msgs/share/rtabmap_msgs/msg/KeyPoint.idl
[0.375s] -- Up-to-date symlink: /home/shiven/colcon_ws/install/rtabmap_msgs/share/rtabmap_msgs/msg/GlobalDescriptor.idl
[0.375s] -- Up-to-date symlink: /home/shiven/colcon_ws/install/rtabmap_msgs/share/rtabmap_msgs/msg/ScanDescriptor.idl
[0.375s] -- Up-to-date symlink: /home/shiven/colcon_ws/install/rtabmap_msgs/share/rtabmap_msgs/msg/MapData.idl
[0.375s] -- Up-to-date symlink: /home/shiven/colcon_ws/install/rtabmap_msgs/share/rtabmap_msgs/msg/MapGraph.idl
[0.375s] -- Up-to-date symlink: /home/shiven/colcon_ws/install/rtabmap_msgs/share/rtabmap_msgs/msg/Node.idl
[0.376s] -- Up-to-date symlink: /home/shiven/colcon_ws/install/rtabmap_msgs/share/rtabmap_msgs/msg/SensorData.idl
[0.376s] -- Up-to-date symlink: /home/shiven/colcon_ws/install/rtabmap_msgs/share/rtabmap_msgs/msg/Link.idl
[0.376s] -- Up-to-date symlink: /home/shiven/colcon_ws/install/rtabmap_msgs/share/rtabmap_msgs/msg/LandmarkDetection.idl
[0.376s] -- Up-to-date symlink: /home/shiven/colcon_ws/install/rtabmap_msgs/share/rtabmap_msgs/msg/LandmarkDetections.idl
[0.376s] -- Up-to-date symlink: /home/shiven/colcon_ws/install/rtabmap_msgs/share/rtabmap_msgs/msg/OdomInfo.idl
[0.376s] -- Up-to-date symlink: /home/shiven/colcon_ws/install/rtabmap_msgs/share/rtabmap_msgs/msg/Point2f.idl
[0.376s] -- Up-to-date symlink: /home/shiven/colcon_ws/install/rtabmap_msgs/share/rtabmap_msgs/msg/Point3f.idl
[0.376s] -- Up-to-date symlink: /home/shiven/colcon_ws/install/rtabmap_msgs/share/rtabmap_msgs/msg/Goal.idl
[0.376s] -- Up-to-date symlink: /home/shiven/colcon_ws/install/rtabmap_msgs/share/rtabmap_msgs/msg/RGBDImage.idl
[0.376s] -- Up-to-date symlink: /home/shiven/colcon_ws/install/rtabmap_msgs/share/rtabmap_msgs/msg/RGBDImages.idl
[0.376s] -- Up-to-date symlink: /home/shiven/colcon_ws/install/rtabmap_msgs/share/rtabmap_msgs/msg/UserData.idl
[0.376s] -- Up-to-date symlink: /home/shiven/colcon_ws/install/rtabmap_msgs/share/rtabmap_msgs/msg/GPS.idl
[0.377s] -- Up-to-date symlink: /home/shiven/colcon_ws/install/rtabmap_msgs/share/rtabmap_msgs/msg/Path.idl
[0.377s] -- Up-to-date symlink: /home/shiven/colcon_ws/install/rtabmap_msgs/share/rtabmap_msgs/msg/EnvSensor.idl
[0.377s] -- Up-to-date symlink: /home/shiven/colcon_ws/install/rtabmap_msgs/share/rtabmap_msgs/msg/CameraModel.idl
[0.377s] -- Up-to-date symlink: /home/shiven/colcon_ws/install/rtabmap_msgs/share/rtabmap_msgs/msg/CameraModels.idl
[0.377s] -- Up-to-date symlink: /home/shiven/colcon_ws/install/rtabmap_msgs/share/rtabmap_msgs/srv/GetMap.idl
[0.377s] -- Up-to-date symlink: /home/shiven/colcon_ws/install/rtabmap_msgs/share/rtabmap_msgs/srv/GetMap2.idl
[0.377s] -- Up-to-date symlink: /home/shiven/colcon_ws/install/rtabmap_msgs/share/rtabmap_msgs/srv/ListLabels.idl
[0.377s] -- Up-to-date symlink: /home/shiven/colcon_ws/install/rtabmap_msgs/share/rtabmap_msgs/srv/PublishMap.idl
[0.377s] -- Up-to-date symlink: /home/shiven/colcon_ws/install/rtabmap_msgs/share/rtabmap_msgs/srv/ResetPose.idl
[0.377s] -- Up-to-date symlink: /home/shiven/colcon_ws/install/rtabmap_msgs/share/rtabmap_msgs/srv/SetGoal.idl
[0.377s] -- Up-to-date symlink: /home/shiven/colcon_ws/install/rtabmap_msgs/share/rtabmap_msgs/srv/SetLabel.idl
[0.377s] -- Up-to-date symlink: /home/shiven/colcon_ws/install/rtabmap_msgs/share/rtabmap_msgs/srv/RemoveLabel.idl
[0.378s] -- Up-to-date symlink: /home/shiven/colcon_ws/install/rtabmap_msgs/share/rtabmap_msgs/srv/GetPlan.idl
[0.378s] -- Up-to-date symlink: /home/shiven/colcon_ws/install/rtabmap_msgs/share/rtabmap_msgs/srv/AddLink.idl
[0.378s] -- Up-to-date symlink: /home/shiven/colcon_ws/install/rtabmap_msgs/share/rtabmap_msgs/srv/GetNodeData.idl
[0.378s] -- Up-to-date symlink: /home/shiven/colcon_ws/install/rtabmap_msgs/share/rtabmap_msgs/srv/GetNodesInRadius.idl
[0.378s] -- Up-to-date symlink: /home/shiven/colcon_ws/install/rtabmap_msgs/share/rtabmap_msgs/srv/LoadDatabase.idl
[0.378s] -- Up-to-date symlink: /home/shiven/colcon_ws/install/rtabmap_msgs/share/rtabmap_msgs/srv/DetectMoreLoopClosures.idl
[0.378s] -- Up-to-date symlink: /home/shiven/colcon_ws/install/rtabmap_msgs/share/rtabmap_msgs/srv/GlobalBundleAdjustment.idl
[0.378s] -- Up-to-date symlink: /home/shiven/colcon_ws/install/rtabmap_msgs/share/rtabmap_msgs/srv/CleanupLocalGrids.idl
[0.378s] -- Up-to-date symlink: /home/shiven/colcon_ws/install/rtabmap_msgs/share/rtabmap_msgs/msg/Info.msg
[0.378s] -- Up-to-date symlink: /home/shiven/colcon_ws/install/rtabmap_msgs/share/rtabmap_msgs/msg/KeyPoint.msg
[0.378s] -- Up-to-date symlink: /home/shiven/colcon_ws/install/rtabmap_msgs/share/rtabmap_msgs/msg/GlobalDescriptor.msg
[0.378s] -- Up-to-date symlink: /home/shiven/colcon_ws/install/rtabmap_msgs/share/rtabmap_msgs/msg/ScanDescriptor.msg
[0.379s] -- Up-to-date symlink: /home/shiven/colcon_ws/install/rtabmap_msgs/share/rtabmap_msgs/msg/MapData.msg
[0.379s] -- Up-to-date symlink: /home/shiven/colcon_ws/install/rtabmap_msgs/share/rtabmap_msgs/msg/MapGraph.msg
[0.379s] -- Up-to-date symlink: /home/shiven/colcon_ws/install/rtabmap_msgs/share/rtabmap_msgs/msg/Node.msg
[0.379s] -- Up-to-date symlink: /home/shiven/colcon_ws/install/rtabmap_msgs/share/rtabmap_msgs/msg/SensorData.msg
[0.379s] -- Up-to-date symlink: /home/shiven/colcon_ws/install/rtabmap_msgs/share/rtabmap_msgs/msg/Link.msg
[0.379s] -- Up-to-date symlink: /home/shiven/colcon_ws/install/rtabmap_msgs/share/rtabmap_msgs/msg/LandmarkDetection.msg
[0.379s] -- Up-to-date symlink: /home/shiven/colcon_ws/install/rtabmap_msgs/share/rtabmap_msgs/msg/LandmarkDetections.msg
[0.379s] -- Up-to-date symlink: /home/shiven/colcon_ws/install/rtabmap_msgs/share/rtabmap_msgs/msg/OdomInfo.msg
[0.379s] -- Up-to-date symlink: /home/shiven/colcon_ws/install/rtabmap_msgs/share/rtabmap_msgs/msg/Point2f.msg
[0.379s] -- Up-to-date symlink: /home/shiven/colcon_ws/install/rtabmap_msgs/share/rtabmap_msgs/msg/Point3f.msg
[0.379s] -- Up-to-date symlink: /home/shiven/colcon_ws/install/rtabmap_msgs/share/rtabmap_msgs/msg/Goal.msg
[0.379s] -- Up-to-date symlink: /home/shiven/colcon_ws/install/rtabmap_msgs/share/rtabmap_msgs/msg/RGBDImage.msg
[0.380s] -- Up-to-date symlink: /home/shiven/colcon_ws/install/rtabmap_msgs/share/rtabmap_msgs/msg/RGBDImages.msg
[0.380s] -- Up-to-date symlink: /home/shiven/colcon_ws/install/rtabmap_msgs/share/rtabmap_msgs/msg/UserData.msg
[0.380s] -- Up-to-date symlink: /home/shiven/colcon_ws/install/rtabmap_msgs/share/rtabmap_msgs/msg/GPS.msg
[0.380s] -- Up-to-date symlink: /home/shiven/colcon_ws/install/rtabmap_msgs/share/rtabmap_msgs/msg/Path.msg
[0.380s] -- Up-to-date symlink: /home/shiven/colcon_ws/install/rtabmap_msgs/share/rtabmap_msgs/msg/EnvSensor.msg
[0.380s] -- Up-to-date symlink: /home/shiven/colcon_ws/install/rtabmap_msgs/share/rtabmap_msgs/msg/CameraModel.msg
[0.380s] -- Up-to-date symlink: /home/shiven/colcon_ws/install/rtabmap_msgs/share/rtabmap_msgs/msg/CameraModels.msg
[0.380s] -- Up-to-date symlink: /home/shiven/colcon_ws/install/rtabmap_msgs/share/rtabmap_msgs/srv/GetMap.srv
[0.380s] -- Up-to-date symlink: /home/shiven/colcon_ws/install/rtabmap_msgs/share/rtabmap_msgs/srv/GetMap_Request.msg
[0.380s] -- Up-to-date symlink: /home/shiven/colcon_ws/install/rtabmap_msgs/share/rtabmap_msgs/srv/GetMap_Response.msg
[0.380s] -- Up-to-date symlink: /home/shiven/colcon_ws/install/rtabmap_msgs/share/rtabmap_msgs/srv/GetMap2.srv
[0.380s] -- Up-to-date symlink: /home/shiven/colcon_ws/install/rtabmap_msgs/share/rtabmap_msgs/srv/GetMap2_Request.msg
[0.381s] -- Up-to-date symlink: /home/shiven/colcon_ws/install/rtabmap_msgs/share/rtabmap_msgs/srv/GetMap2_Response.msg
[0.381s] -- Up-to-date symlink: /home/shiven/colcon_ws/install/rtabmap_msgs/share/rtabmap_msgs/srv/ListLabels.srv
[0.381s] -- Up-to-date symlink: /home/shiven/colcon_ws/install/rtabmap_msgs/share/rtabmap_msgs/srv/ListLabels_Request.msg
[0.381s] -- Up-to-date symlink: /home/shiven/colcon_ws/install/rtabmap_msgs/share/rtabmap_msgs/srv/ListLabels_Response.msg
[0.381s] -- Up-to-date symlink: /home/shiven/colcon_ws/install/rtabmap_msgs/share/rtabmap_msgs/srv/PublishMap.srv
[0.381s] -- Up-to-date symlink: /home/shiven/colcon_ws/install/rtabmap_msgs/share/rtabmap_msgs/srv/PublishMap_Request.msg
[0.381s] -- Up-to-date symlink: /home/shiven/colcon_ws/install/rtabmap_msgs/share/rtabmap_msgs/srv/PublishMap_Response.msg
[0.381s] -- Up-to-date symlink: /home/shiven/colcon_ws/install/rtabmap_msgs/share/rtabmap_msgs/srv/ResetPose.srv
[0.381s] -- Up-to-date symlink: /home/shiven/colcon_ws/install/rtabmap_msgs/share/rtabmap_msgs/srv/ResetPose_Request.msg
[0.381s] -- Up-to-date symlink: /home/shiven/colcon_ws/install/rtabmap_msgs/share/rtabmap_msgs/srv/ResetPose_Response.msg
[0.381s] -- Up-to-date symlink: /home/shiven/colcon_ws/install/rtabmap_msgs/share/rtabmap_msgs/srv/SetGoal.srv
[0.381s] -- Up-to-date symlink: /home/shiven/colcon_ws/install/rtabmap_msgs/share/rtabmap_msgs/srv/SetGoal_Request.msg
[0.382s] -- Up-to-date symlink: /home/shiven/colcon_ws/install/rtabmap_msgs/share/rtabmap_msgs/srv/SetGoal_Response.msg
[0.382s] -- Up-to-date symlink: /home/shiven/colcon_ws/install/rtabmap_msgs/share/rtabmap_msgs/srv/SetLabel.srv
[0.382s] -- Up-to-date symlink: /home/shiven/colcon_ws/install/rtabmap_msgs/share/rtabmap_msgs/srv/SetLabel_Request.msg
[0.382s] -- Up-to-date symlink: /home/shiven/colcon_ws/install/rtabmap_msgs/share/rtabmap_msgs/srv/SetLabel_Response.msg
[0.382s] -- Up-to-date symlink: /home/shiven/colcon_ws/install/rtabmap_msgs/share/rtabmap_msgs/srv/RemoveLabel.srv
[0.382s] -- Up-to-date symlink: /home/shiven/colcon_ws/install/rtabmap_msgs/share/rtabmap_msgs/srv/RemoveLabel_Request.msg
[0.382s] -- Up-to-date symlink: /home/shiven/colcon_ws/install/rtabmap_msgs/share/rtabmap_msgs/srv/RemoveLabel_Response.msg
[0.382s] -- Up-to-date symlink: /home/shiven/colcon_ws/install/rtabmap_msgs/share/rtabmap_msgs/srv/GetPlan.srv
[0.382s] -- Up-to-date symlink: /home/shiven/colcon_ws/install/rtabmap_msgs/share/rtabmap_msgs/srv/GetPlan_Request.msg
[0.382s] -- Up-to-date symlink: /home/shiven/colcon_ws/install/rtabmap_msgs/share/rtabmap_msgs/srv/GetPlan_Response.msg
[0.382s] -- Up-to-date symlink: /home/shiven/colcon_ws/install/rtabmap_msgs/share/rtabmap_msgs/srv/AddLink.srv
[0.382s] -- Up-to-date symlink: /home/shiven/colcon_ws/install/rtabmap_msgs/share/rtabmap_msgs/srv/AddLink_Request.msg
[0.382s] -- Up-to-date symlink: /home/shiven/colcon_ws/install/rtabmap_msgs/share/rtabmap_msgs/srv/AddLink_Response.msg
[0.383s] -- Up-to-date symlink: /home/shiven/colcon_ws/install/rtabmap_msgs/share/rtabmap_msgs/srv/GetNodeData.srv
[0.383s] -- Up-to-date symlink: /home/shiven/colcon_ws/install/rtabmap_msgs/share/rtabmap_msgs/srv/GetNodeData_Request.msg
[0.383s] -- Up-to-date symlink: /home/shiven/colcon_ws/install/rtabmap_msgs/share/rtabmap_msgs/srv/GetNodeData_Response.msg
[0.383s] -- Up-to-date symlink: /home/shiven/colcon_ws/install/rtabmap_msgs/share/rtabmap_msgs/srv/GetNodesInRadius.srv
[0.383s] -- Up-to-date symlink: /home/shiven/colcon_ws/install/rtabmap_msgs/share/rtabmap_msgs/srv/GetNodesInRadius_Request.msg
[0.383s] -- Up-to-date symlink: /home/shiven/colcon_ws/install/rtabmap_msgs/share/rtabmap_msgs/srv/GetNodesInRadius_Response.msg
[0.383s] -- Up-to-date symlink: /home/shiven/colcon_ws/install/rtabmap_msgs/share/rtabmap_msgs/srv/LoadDatabase.srv
[0.383s] -- Up-to-date symlink: /home/shiven/colcon_ws/install/rtabmap_msgs/share/rtabmap_msgs/srv/LoadDatabase_Request.msg
[0.383s] -- Up-to-date symlink: /home/shiven/colcon_ws/install/rtabmap_msgs/share/rtabmap_msgs/srv/LoadDatabase_Response.msg
[0.383s] -- Up-to-date symlink: /home/shiven/colcon_ws/install/rtabmap_msgs/share/rtabmap_msgs/srv/DetectMoreLoopClosures.srv
[0.383s] -- Up-to-date symlink: /home/shiven/colcon_ws/install/rtabmap_msgs/share/rtabmap_msgs/srv/DetectMoreLoopClosures_Request.msg
[0.383s] -- Up-to-date symlink: /home/shiven/colcon_ws/install/rtabmap_msgs/share/rtabmap_msgs/srv/DetectMoreLoopClosures_Response.msg
[0.384s] -- Up-to-date symlink: /home/shiven/colcon_ws/install/rtabmap_msgs/share/rtabmap_msgs/srv/GlobalBundleAdjustment.srv
[0.384s] -- Up-to-date symlink: /home/shiven/colcon_ws/install/rtabmap_msgs/share/rtabmap_msgs/srv/GlobalBundleAdjustment_Request.msg
[0.384s] -- Up-to-date symlink: /home/shiven/colcon_ws/install/rtabmap_msgs/share/rtabmap_msgs/srv/GlobalBundleAdjustment_Response.msg
[0.384s] -- Up-to-date symlink: /home/shiven/colcon_ws/install/rtabmap_msgs/share/rtabmap_msgs/srv/CleanupLocalGrids.srv
[0.384s] -- Up-to-date symlink: /home/shiven/colcon_ws/install/rtabmap_msgs/share/rtabmap_msgs/srv/CleanupLocalGrids_Request.msg
[0.384s] -- Up-to-date symlink: /home/shiven/colcon_ws/install/rtabmap_msgs/share/rtabmap_msgs/srv/CleanupLocalGrids_Response.msg
[0.384s] -- Up-to-date symlink: /home/shiven/colcon_ws/install/rtabmap_msgs/share/ament_index/resource_index/package_run_dependencies/rtabmap_msgs
[0.384s] -- Up-to-date symlink: /home/shiven/colcon_ws/install/rtabmap_msgs/share/ament_index/resource_index/parent_prefix_path/rtabmap_msgs
[0.384s] -- Up-to-date symlink: /home/shiven/colcon_ws/install/rtabmap_msgs/share/rtabmap_msgs/environment/ament_prefix_path.sh
[0.384s] -- Up-to-date symlink: /home/shiven/colcon_ws/install/rtabmap_msgs/share/rtabmap_msgs/environment/ament_prefix_path.dsv
[0.384s] -- Up-to-date symlink: /home/shiven/colcon_ws/install/rtabmap_msgs/share/rtabmap_msgs/environment/path.sh
[0.384s] -- Up-to-date symlink: /home/shiven/colcon_ws/install/rtabmap_msgs/share/rtabmap_msgs/environment/path.dsv
[0.385s] -- Up-to-date symlink: /home/shiven/colcon_ws/install/rtabmap_msgs/share/rtabmap_msgs/local_setup.bash
[0.385s] -- Up-to-date symlink: /home/shiven/colcon_ws/install/rtabmap_msgs/share/rtabmap_msgs/local_setup.sh
[0.385s] -- Up-to-date symlink: /home/shiven/colcon_ws/install/rtabmap_msgs/share/rtabmap_msgs/local_setup.zsh
[0.385s] -- Up-to-date symlink: /home/shiven/colcon_ws/install/rtabmap_msgs/share/rtabmap_msgs/local_setup.dsv
[0.385s] -- Symlinking: /home/shiven/colcon_ws/install/rtabmap_msgs/share/rtabmap_msgs/package.dsv
[0.389s] -- Up-to-date symlink: /home/shiven/colcon_ws/install/rtabmap_msgs/share/ament_index/resource_index/packages/rtabmap_msgs
[0.389s] -- Up-to-date symlink: /home/shiven/colcon_ws/install/rtabmap_msgs/share/rtabmap_msgs/cmake/rosidl_cmake-extras.cmake
[0.389s] -- Up-to-date symlink: /home/shiven/colcon_ws/install/rtabmap_msgs/share/rtabmap_msgs/cmake/ament_cmake_export_dependencies-extras.cmake
[0.389s] -- Up-to-date symlink: /home/shiven/colcon_ws/install/rtabmap_msgs/share/rtabmap_msgs/cmake/ament_cmake_export_libraries-extras.cmake
[0.389s] -- Up-to-date symlink: /home/shiven/colcon_ws/install/rtabmap_msgs/share/rtabmap_msgs/cmake/ament_cmake_export_targets-extras.cmake
[0.389s] -- Up-to-date symlink: /home/shiven/colcon_ws/install/rtabmap_msgs/share/rtabmap_msgs/cmake/ament_cmake_export_include_directories-extras.cmake
[0.390s] -- Up-to-date symlink: /home/shiven/colcon_ws/install/rtabmap_msgs/share/rtabmap_msgs/cmake/rosidl_cmake_export_typesupport_libraries-extras.cmake
[0.390s] -- Up-to-date symlink: /home/shiven/colcon_ws/install/rtabmap_msgs/share/rtabmap_msgs/cmake/rosidl_cmake_export_typesupport_targets-extras.cmake
[0.390s] -- Up-to-date symlink: /home/shiven/colcon_ws/install/rtabmap_msgs/share/rtabmap_msgs/cmake/rtabmap_msgsConfig.cmake
[0.390s] -- Up-to-date symlink: /home/shiven/colcon_ws/install/rtabmap_msgs/share/rtabmap_msgs/cmake/rtabmap_msgsConfig-version.cmake
[0.390s] -- Up-to-date symlink: /home/shiven/colcon_ws/install/rtabmap_msgs/share/rtabmap_msgs/package.xml
[0.390s] -- Up-to-date: /home/shiven/colcon_ws/install/rtabmap_msgs/lib/librtabmap_msgs__rosidl_generator_c.so
[0.390s] -- Up-to-date: /home/shiven/colcon_ws/install/rtabmap_msgs/lib/librtabmap_msgs__rosidl_typesupport_introspection_c.so
[0.390s] -- Up-to-date: /home/shiven/colcon_ws/install/rtabmap_msgs/lib/librtabmap_msgs__rosidl_typesupport_c.so
[0.390s] -- Up-to-date: /home/shiven/colcon_ws/install/rtabmap_msgs/lib/librtabmap_msgs__rosidl_typesupport_introspection_cpp.so
[0.391s] -- Up-to-date: /home/shiven/colcon_ws/install/rtabmap_msgs/lib/librtabmap_msgs__rosidl_typesupport_cpp.so
[0.405s] -- Up-to-date: /home/shiven/colcon_ws/install/rtabmap_msgs/share/rtabmap_msgs/cmake/rtabmap_msgs__rosidl_generator_cExport.cmake
[0.405s] -- Up-to-date: /home/shiven/colcon_ws/install/rtabmap_msgs/share/rtabmap_msgs/cmake/rtabmap_msgs__rosidl_generator_cExport-release.cmake
[0.405s] -- Up-to-date: /home/shiven/colcon_ws/install/rtabmap_msgs/share/rtabmap_msgs/cmake/rtabmap_msgs__rosidl_typesupport_introspection_cExport.cmake
[0.405s] -- Up-to-date: /home/shiven/colcon_ws/install/rtabmap_msgs/share/rtabmap_msgs/cmake/rtabmap_msgs__rosidl_typesupport_introspection_cExport-release.cmake
[0.405s] -- Up-to-date: /home/shiven/colcon_ws/install/rtabmap_msgs/share/rtabmap_msgs/cmake/rtabmap_msgs__rosidl_typesupport_cExport.cmake
[0.405s] -- Up-to-date: /home/shiven/colcon_ws/install/rtabmap_msgs/share/rtabmap_msgs/cmake/rtabmap_msgs__rosidl_typesupport_cExport-release.cmake
[0.405s] -- Up-to-date: /home/shiven/colcon_ws/install/rtabmap_msgs/share/rtabmap_msgs/cmake/rtabmap_msgs__rosidl_generator_cppExport.cmake
[0.405s] -- Up-to-date: /home/shiven/colcon_ws/install/rtabmap_msgs/share/rtabmap_msgs/cmake/rtabmap_msgs__rosidl_typesupport_introspection_cppExport.cmake
[0.405s] -- Up-to-date: /home/shiven/colcon_ws/install/rtabmap_msgs/share/rtabmap_msgs/cmake/rtabmap_msgs__rosidl_typesupport_introspection_cppExport-release.cmake
[0.405s] -- Up-to-date: /home/shiven/colcon_ws/install/rtabmap_msgs/share/rtabmap_msgs/cmake/rtabmap_msgs__rosidl_typesupport_cppExport.cmake
[0.405s] -- Up-to-date: /home/shiven/colcon_ws/install/rtabmap_msgs/share/rtabmap_msgs/cmake/rtabmap_msgs__rosidl_typesupport_cppExport-release.cmake
[0.407s] Invoked command in '/home/shiven/colcon_ws/build/rtabmap_msgs' returned '0': CMAKE_PREFIX_PATH=/opt/ros/foxy /usr/bin/cmake --install /home/shiven/colcon_ws/build/rtabmap_msgs
