[0.005s] Invoking command in '/home/shiven/colcon_ws/build/rtabmap_conversions': AMENT_PREFIX_PATH=/home/shiven/colcon_ws/install/rtabmap_msgs:${AMENT_PREFIX_PATH} CMAKE_PREFIX_PATH=/home/shiven/colcon_ws/install/rtabmap_msgs:/home/shiven/colcon_ws/install/rtabmap:/opt/ros/foxy LD_LIBRARY_PATH=/home/shiven/colcon_ws/install/rtabmap_msgs/lib:/home/shiven/colcon_ws/install/rtabmap/lib:${LD_LIBRARY_PATH} PATH=/home/shiven/colcon_ws/install/rtabmap/bin:${PATH} PKG_CONFIG_PATH=/home/shiven/colcon_ws/install/rtabmap/lib/x86_64-linux-gnu/pkgconfig:/home/shiven/colcon_ws/install/rtabmap/lib/pkgconfig PYTHONPATH=/home/shiven/colcon_ws/install/rtabmap_msgs/lib/python3.8/site-packages:${PYTHONPATH} /usr/bin/cmake --build /home/shiven/colcon_ws/build/rtabmap_conversions
[0.025s] [35m[1mScanning dependencies of target rtabmap_conversions[0m
[0.054s] [ 50%] [32mBuilding CXX object CMakeFiles/rtabmap_conversions.dir/src/MsgConversion.cpp.o[0m
[3.701s] [01m[K/home/shiven/colcon_ws/src/rtabmap_ros/rtabmap_conversions/src/MsgConversion.cpp:[m[K In function ‘[01m[Krtabmap::Transform rtabmap_conversions::transformFromTF(const tf2::Transform&)[m[K’:
[3.701s] [01m[K/home/shiven/colcon_ws/src/rtabmap_ros/rtabmap_conversions/src/MsgConversion.cpp:77:57:[m[K [01;31m[Kerror: [m[Kno matching function for call to ‘[01m[KtoMsg(const tf2::Transform&)[m[K’
[3.701s]    77 |  geometry_msgs::msg::Transform gm = tf2::toMsg(transform[01;31m[K)[m[K;
[3.701s]       |                                                         [01;31m[K^[m[K
[3.701s] In file included from [01m[K/opt/ros/foxy/include/tf2_ros/buffer_interface.h:41[m[K,
[3.701s]                  from [01m[K/opt/ros/foxy/include/tf2_ros/buffer.h:40[m[K,
[3.701s]                  from [01m[K/home/shiven/colcon_ws/src/rtabmap_ros/rtabmap_conversions/include/rtabmap_conversions/MsgConversion.h:32[m[K,
[3.701s]                  from [01m[K/home/shiven/colcon_ws/src/rtabmap_ros/rtabmap_conversions/src/MsgConversion.cpp:28[m[K:
[3.701s] [01m[K/opt/ros/foxy/include/tf2/convert.h:117:5:[m[K [01;36m[Knote: [m[Kcandidate: ‘[01m[Ktemplate<class A, class B> B tf2::toMsg(const A&)[m[K’
[3.701s]   117 |   B [01;36m[KtoMsg[m[K(const A& a);
[3.701s]       |     [01;36m[K^~~~~[m[K
[3.701s] [01m[K/opt/ros/foxy/include/tf2/convert.h:117:5:[m[K [01;36m[Knote: [m[K  template argument deduction/substitution failed:
[3.701s] [01m[K/home/shiven/colcon_ws/src/rtabmap_ros/rtabmap_conversions/src/MsgConversion.cpp:77:57:[m[K [01;36m[Knote: [m[K  couldn’t deduce template parameter ‘[01m[KB[m[K’
[3.701s]    77 |  geometry_msgs::msg::Transform gm = tf2::toMsg(transform[01;36m[K)[m[K;
[3.701s]       |                                                         [01;36m[K^[m[K
[3.701s] In file included from [01m[K/home/shiven/colcon_ws/src/rtabmap_ros/rtabmap_conversions/src/MsgConversion.cpp:54[m[K:
[3.701s] [01m[K/opt/ros/foxy/include/tf2_eigen/tf2_eigen.h:130:27:[m[K [01;36m[Knote: [m[Kcandidate: ‘[01m[Kgeometry_msgs::msg::Point tf2::toMsg(const Vector3d&)[m[K’
[3.701s]   130 | geometry_msgs::msg::Point [01;36m[KtoMsg[m[K(const Eigen::Vector3d& in)
[3.701s]       |                           [01;36m[K^~~~~[m[K
[3.701s] [01m[K/opt/ros/foxy/include/tf2_eigen/tf2_eigen.h:130:56:[m[K [01;36m[Knote: [m[K  no known conversion for argument 1 from ‘[01m[Kconst tf2::Transform[m[K’ to ‘[01m[Kconst Vector3d&[m[K’ {aka ‘[01m[Kconst Eigen::Matrix<double, 3, 1>&[m[K’}
[3.701s]   130 | geometry_msgs::msg::Point toMsg([01;36m[Kconst Eigen::Vector3d& in[m[K)
[3.701s]       |                                 [01;36m[K~~~~~~~~~~~~~~~~~~~~~~~^~[m[K
[3.701s] [01m[K/opt/ros/foxy/include/tf2_eigen/tf2_eigen.h:158:30:[m[K [01;36m[Knote: [m[Kcandidate: ‘[01m[Kgeometry_msgs::msg::Vector3& tf2::toMsg(const Vector3d&, geometry_msgs::msg::Vector3&)[m[K’
[3.701s]   158 | geometry_msgs::msg::Vector3& [01;36m[KtoMsg[m[K(const Eigen::Vector3d& in, geometry_msgs::msg::Vector3& out)
[3.701s]       |                              [01;36m[K^~~~~[m[K
[3.701s] [01m[K/opt/ros/foxy/include/tf2_eigen/tf2_eigen.h:158:30:[m[K [01;36m[Knote: [m[K  candidate expects 2 arguments, 1 provided
[3.701s] [01m[K/opt/ros/foxy/include/tf2_eigen/tf2_eigen.h:201:34:[m[K [01;36m[Knote: [m[Kcandidate: ‘[01m[Kgeometry_msgs::msg::PointStamped tf2::toMsg(const tf2::Stamped<Eigen::Matrix<double, 3, 1> >&)[m[K’
[3.702s]   201 | geometry_msgs::msg::PointStamped [01;36m[KtoMsg[m[K(const tf2::Stamped<Eigen::Vector3d>& in)
[3.702s]       |                                  [01;36m[K^~~~~[m[K
[3.702s] [01m[K/opt/ros/foxy/include/tf2_eigen/tf2_eigen.h:201:77:[m[K [01;36m[Knote: [m[K  no known conversion for argument 1 from ‘[01m[Kconst tf2::Transform[m[K’ to ‘[01m[Kconst tf2::Stamped<Eigen::Matrix<double, 3, 1> >&[m[K’
[3.702s]   201 | msg::PointStamped toMsg([01;36m[Kconst tf2::Stamped<Eigen::Vector3d>& in[m[K)
[3.702s]       |                         [01;36m[K~~~~~~~~~~~~~~~~~~~~~~~~~~~~~~~~~~~~~^~[m[K
[3.702s] 
[3.702s] [01m[K/opt/ros/foxy/include/tf2_eigen/tf2_eigen.h:253:32:[m[K [01;36m[Knote: [m[Kcandidate: ‘[01m[Kgeometry_msgs::msg::Quaternion tf2::toMsg(const Quaterniond&)[m[K’
[3.702s]   253 | geometry_msgs::msg::Quaternion [01;36m[KtoMsg[m[K(const Eigen::Quaterniond& in) {
[3.702s]       |                                [01;36m[K^~~~~[m[K
[3.702s] [01m[K/opt/ros/foxy/include/tf2_eigen/tf2_eigen.h:253:64:[m[K [01;36m[Knote: [m[K  no known conversion for argument 1 from ‘[01m[Kconst tf2::Transform[m[K’ to ‘[01m[Kconst Quaterniond&[m[K’ {aka ‘[01m[Kconst Eigen::Quaternion<double>&[m[K’}
[3.702s]   253 | geometry_msgs::msg::Quaternion toMsg([01;36m[Kconst Eigen::Quaterniond& in[m[K) {
[3.702s]       |                                      [01;36m[K~~~~~~~~~~~~~~~~~~~~~~~~~~^~[m[K
[3.702s] [01m[K/opt/ros/foxy/include/tf2_eigen/tf2_eigen.h:297:39:[m[K [01;36m[Knote: [m[Kcandidate: ‘[01m[Kgeometry_msgs::msg::QuaternionStamped tf2::toMsg(const tf2::Stamped<Eigen::Quaternion<double> >&)[m[K’
[3.702s]   297 | geometry_msgs::msg::QuaternionStamped [01;36m[KtoMsg[m[K(const Stamped<Eigen::Quaterniond>& in) {
[3.702s]       |                                       [01;36m[K^~~~~[m[K
[3.702s] [01m[K/opt/ros/foxy/include/tf2_eigen/tf2_eigen.h:297:80:[m[K [01;36m[Knote: [m[K  no known conversion for argument 1 from ‘[01m[Kconst tf2::Transform[m[K’ to ‘[01m[Kconst tf2::Stamped<Eigen::Quaternion<double> >&[m[K’
[3.702s]   297 | ::QuaternionStamped toMsg([01;36m[Kconst Stamped<Eigen::Quaterniond>& in[m[K) {
[3.702s]       |                           [01;36m[K~~~~~~~~~~~~~~~~~~~~~~~~~~~~~~~~~~~^~[m[K
[3.702s] 
[3.702s] [01m[K/opt/ros/foxy/include/tf2_eigen/tf2_eigen.h:339:26:[m[K [01;36m[Knote: [m[Kcandidate: ‘[01m[Kgeometry_msgs::msg::Pose tf2::toMsg(const Affine3d&)[m[K’
[3.702s]   339 | geometry_msgs::msg::Pose [01;36m[KtoMsg[m[K(const Eigen::Affine3d& in) {
[3.702s]       |                          [01;36m[K^~~~~[m[K
[3.702s] [01m[K/opt/ros/foxy/include/tf2_eigen/tf2_eigen.h:339:55:[m[K [01;36m[Knote: [m[K  no known conversion for argument 1 from ‘[01m[Kconst tf2::Transform[m[K’ to ‘[01m[Kconst Affine3d&[m[K’ {aka ‘[01m[Kconst Eigen::Transform<double, 3, 2>&[m[K’}
[3.702s]   339 | geometry_msgs::msg::Pose toMsg([01;36m[Kconst Eigen::Affine3d& in[m[K) {
[3.702s]       |                                [01;36m[K~~~~~~~~~~~~~~~~~~~~~~~^~[m[K
[3.702s] [01m[K/opt/ros/foxy/include/tf2_eigen/tf2_eigen.h:358:26:[m[K [01;36m[Knote: [m[Kcandidate: ‘[01m[Kgeometry_msgs::msg::Pose tf2::toMsg(const Isometry3d&)[m[K’
[3.702s]   358 | geometry_msgs::msg::Pose [01;36m[KtoMsg[m[K(const Eigen::Isometry3d& in) {
[3.702s]       |                          [01;36m[K^~~~~[m[K
[3.702s] [01m[K/opt/ros/foxy/include/tf2_eigen/tf2_eigen.h:358:57:[m[K [01;36m[Knote: [m[K  no known conversion for argument 1 from ‘[01m[Kconst tf2::Transform[m[K’ to ‘[01m[Kconst Isometry3d&[m[K’ {aka ‘[01m[Kconst Eigen::Transform<double, 3, 1>&[m[K’}
[3.702s]   358 | geometry_msgs::msg::Pose toMsg([01;36m[Kconst Eigen::Isometry3d& in[m[K) {
[3.702s]       |                                [01;36m[K~~~~~~~~~~~~~~~~~~~~~~~~~^~[m[K
[3.702s] [01m[K/opt/ros/foxy/include/tf2_eigen/tf2_eigen.h:423:27:[m[K [01;36m[Knote: [m[Kcandidate: ‘[01m[Kgeometry_msgs::msg::Twist tf2::toMsg(const Eigen::Matrix<double, 6, 1>&)[m[K’
[3.702s]   423 | geometry_msgs::msg::Twist [01;36m[KtoMsg[m[K(const Eigen::Matrix<double,6,1>& in) {
[3.702s]       |                           [01;36m[K^~~~~[m[K
[3.702s] [01m[K/opt/ros/foxy/include/tf2_eigen/tf2_eigen.h:423:66:[m[K [01;36m[Knote: [m[K  no known conversion for argument 1 from ‘[01m[Kconst tf2::Transform[m[K’ to ‘[01m[Kconst Eigen::Matrix<double, 6, 1>&[m[K’
[3.702s]   423 | geometry_msgs::msg::Twist toMsg([01;36m[Kconst Eigen::Matrix<double,6,1>& in[m[K) {
[3.702s]       |                                 [01;36m[K~~~~~~~~~~~~~~~~~~~~~~~~~~~~~~~~~^~[m[K
[3.702s] In file included from [01m[K/home/shiven/colcon_ws/src/rtabmap_ros/rtabmap_conversions/src/MsgConversion.cpp:54[m[K:
[3.702s] [01m[K/opt/ros/foxy/include/tf2_eigen/tf2_eigen.h:489:33:[m[K [01;36m[Knote: [m[Kcandidate: ‘[01m[Kgeometry_msgs::msg::PoseStamped tf2::toMsg(const tf2::Stamped<Eigen::Transform<double, 3, 2> >&)[m[K’
[3.702s]   489 | geometry_msgs::msg::PoseStamped [01;36m[KtoMsg[m[K(const tf2::Stamped<Eigen::Affine3d>& in)
[3.702s]       |                                 [01;36m[K^~~~~[m[K
[3.702s] [01m[K/opt/ros/foxy/include/tf2_eigen/tf2_eigen.h:489:76:[m[K [01;36m[Knote: [m[K  no known conversion for argument 1 from ‘[01m[Kconst tf2::Transform[m[K’ to ‘[01m[Kconst tf2::Stamped<Eigen::Transform<double, 3, 2> >&[m[K’
[3.702s]   489 | geometry_msgs::msg::PoseStamped toMsg([01;36m[Kconst tf2::Stamped<Eigen::Affine3d>& in[m[K)
[3.702s]       |                                       [01;36m[K~~~~~~~~~~~~~~~~~~~~~~~~~~~~~~~~~~~~~^~[m[K
[3.702s] [01m[K/opt/ros/foxy/include/tf2_eigen/tf2_eigen.h:499:33:[m[K [01;36m[Knote: [m[Kcandidate: ‘[01m[Kgeometry_msgs::msg::PoseStamped tf2::toMsg(const tf2::Stamped<Eigen::Transform<double, 3, 1> >&)[m[K’
[3.702s]   499 | geometry_msgs::msg::PoseStamped [01;36m[KtoMsg[m[K(const tf2::Stamped<Eigen::Isometry3d>& in)
[3.702s]       |                                 [01;36m[K^~~~~[m[K
[3.702s] [01m[K/opt/ros/foxy/include/tf2_eigen/tf2_eigen.h:499:78:[m[K [01;36m[Knote: [m[K  no known conversion for argument 1 from ‘[01m[Kconst tf2::Transform[m[K’ to ‘[01m[Kconst tf2::Stamped<Eigen::Transform<double, 3, 1> >&[m[K’
[3.702s]   499 | sg::PoseStamped toMsg([01;36m[Kconst tf2::Stamped<Eigen::Isometry3d>& in[m[K)
[3.702s]       |                       [01;36m[K~~~~~~~~~~~~~~~~~~~~~~~~~~~~~~~~~~~~~~~^~[m[K
[3.703s] 
[5.155s] make[2]: *** [CMakeFiles/rtabmap_conversions.dir/build.make:63: CMakeFiles/rtabmap_conversions.dir/src/MsgConversion.cpp.o] Error 1
[5.155s] make[1]: *** [CMakeFiles/Makefile2:105: CMakeFiles/rtabmap_conversions.dir/all] Error 2
[5.155s] make: *** [Makefile:141: all] Error 2
[5.156s] Invoked command in '/home/shiven/colcon_ws/build/rtabmap_conversions' returned '2': AMENT_PREFIX_PATH=/home/shiven/colcon_ws/install/rtabmap_msgs:${AMENT_PREFIX_PATH} CMAKE_PREFIX_PATH=/home/shiven/colcon_ws/install/rtabmap_msgs:/home/shiven/colcon_ws/install/rtabmap:/opt/ros/foxy LD_LIBRARY_PATH=/home/shiven/colcon_ws/install/rtabmap_msgs/lib:/home/shiven/colcon_ws/install/rtabmap/lib:${LD_LIBRARY_PATH} PATH=/home/shiven/colcon_ws/install/rtabmap/bin:${PATH} PKG_CONFIG_PATH=/home/shiven/colcon_ws/install/rtabmap/lib/x86_64-linux-gnu/pkgconfig:/home/shiven/colcon_ws/install/rtabmap/lib/pkgconfig PYTHONPATH=/home/shiven/colcon_ws/install/rtabmap_msgs/lib/python3.8/site-packages:${PYTHONPATH} /usr/bin/cmake --build /home/shiven/colcon_ws/build/rtabmap_conversions
